<?xml version="1.0" encoding="UTF-8" ?>
<testsuite tests="31" failures="0" name="org.zencoinj.crypto.MnemonicCodeVectorsTest" time="0.695" errors="0" skipped="0">
  <properties>
    <property name="java.runtime.name" value="Java(TM) SE Runtime Environment"/>
    <property name="sun.boot.library.path" value="/Library/Java/JavaVirtualMachines/jdk1.8.0_171.jdk/Contents/Home/jre/lib"/>
    <property name="java.vm.version" value="25.171-b11"/>
    <property name="gopherProxySet" value="false"/>
    <property name="java.vm.vendor" value="Oracle Corporation"/>
    <property name="maven.multiModuleProjectDirectory" value="/Users/anguorui/myjar/zencoinj"/>
    <property name="java.vendor.url" value="http://java.oracle.com/"/>
    <property name="path.separator" value=":"/>
    <property name="guice.disable.misplaced.annotation.check" value="true"/>
    <property name="java.vm.name" value="Java HotSpot(TM) 64-Bit Server VM"/>
    <property name="file.encoding.pkg" value="sun.io"/>
    <property name="user.country" value="CN"/>
    <property name="sun.java.launcher" value="SUN_STANDARD"/>
    <property name="sun.os.patch.level" value="unknown"/>
    <property name="java.vm.specification.name" value="Java Virtual Machine Specification"/>
    <property name="user.dir" value="/Users/anguorui/myjar/zencoinj"/>
    <property name="java.runtime.version" value="1.8.0_171-b11"/>
    <property name="java.awt.graphicsenv" value="sun.awt.CGraphicsEnvironment"/>
    <property name="java.endorsed.dirs" value="/Library/Java/JavaVirtualMachines/jdk1.8.0_171.jdk/Contents/Home/jre/lib/endorsed"/>
    <property name="os.arch" value="x86_64"/>
    <property name="java.io.tmpdir" value="/var/folders/9w/nl_9s9j91_jfxc0vmsz24vb40000gn/T/"/>
    <property name="line.separator" value="
"/>
    <property name="java.vm.specification.vendor" value="Oracle Corporation"/>
    <property name="os.name" value="Mac OS X"/>
    <property name="classworlds.conf" value="/Users/anguorui/myapp/apache-maven-3.5.3/bin/m2.conf"/>
    <property name="sun.jnu.encoding" value="UTF-8"/>
    <property name="java.library.path" value="/Users/anguorui/Library/Java/Extensions:/Library/Java/Extensions:/Network/Library/Java/Extensions:/System/Library/Java/Extensions:/usr/lib/java:."/>
    <property name="maven.conf" value="/Users/anguorui/myapp/apache-maven-3.5.3/conf"/>
    <property name="java.specification.name" value="Java Platform API Specification"/>
    <property name="java.class.version" value="52.0"/>
    <property name="sun.management.compiler" value="HotSpot 64-Bit Tiered Compilers"/>
    <property name="os.version" value="10.13.3"/>
    <property name="library.jansi.path" value="/Users/anguorui/myapp/apache-maven-3.5.3/lib/jansi-native"/>
    <property name="user.home" value="/Users/anguorui"/>
    <property name="user.timezone" value="Asia/Shanghai"/>
    <property name="java.awt.printerjob" value="sun.lwawt.macosx.CPrinterJob"/>
    <property name="java.specification.version" value="1.8"/>
    <property name="file.encoding" value="UTF-8"/>
    <property name="user.name" value="anguorui"/>
    <property name="java.class.path" value="/Users/anguorui/myapp/apache-maven-3.5.3/boot/plexus-classworlds-2.5.2.jar"/>
    <property name="java.vm.specification.version" value="1.8"/>
    <property name="sun.arch.data.model" value="64"/>
    <property name="java.home" value="/Library/Java/JavaVirtualMachines/jdk1.8.0_171.jdk/Contents/Home/jre"/>
    <property name="sun.java.command" value="org.codehaus.plexus.classworlds.launcher.Launcher install"/>
    <property name="java.specification.vendor" value="Oracle Corporation"/>
    <property name="user.language" value="zh"/>
    <property name="awt.toolkit" value="sun.lwawt.macosx.LWCToolkit"/>
    <property name="java.vm.info" value="mixed mode"/>
    <property name="java.version" value="1.8.0_171"/>
    <property name="java.ext.dirs" value="/Users/anguorui/Library/Java/Extensions:/Library/Java/JavaVirtualMachines/jdk1.8.0_171.jdk/Contents/Home/jre/lib/ext:/Library/Java/Extensions:/Network/Library/Java/Extensions:/System/Library/Java/Extensions:/usr/lib/java"/>
    <property name="sun.boot.class.path" value="/Library/Java/JavaVirtualMachines/jdk1.8.0_171.jdk/Contents/Home/jre/lib/resources.jar:/Library/Java/JavaVirtualMachines/jdk1.8.0_171.jdk/Contents/Home/jre/lib/rt.jar:/Library/Java/JavaVirtualMachines/jdk1.8.0_171.jdk/Contents/Home/jre/lib/sunrsasign.jar:/Library/Java/JavaVirtualMachines/jdk1.8.0_171.jdk/Contents/Home/jre/lib/jsse.jar:/Library/Java/JavaVirtualMachines/jdk1.8.0_171.jdk/Contents/Home/jre/lib/jce.jar:/Library/Java/JavaVirtualMachines/jdk1.8.0_171.jdk/Contents/Home/jre/lib/charsets.jar:/Library/Java/JavaVirtualMachines/jdk1.8.0_171.jdk/Contents/Home/jre/lib/jfr.jar:/Library/Java/JavaVirtualMachines/jdk1.8.0_171.jdk/Contents/Home/jre/classes"/>
    <property name="java.vendor" value="Oracle Corporation"/>
    <property name="maven.home" value="/Users/anguorui/myapp/apache-maven-3.5.3"/>
    <property name="file.separator" value="/"/>
    <property name="java.vendor.url.bug" value="http://bugreport.sun.com/bugreport/"/>
    <property name="sun.cpu.endian" value="little"/>
    <property name="sun.io.unicode.encoding" value="UnicodeBig"/>
    <property name="sun.cpu.isalist" value=""/>
  </properties>
  <testcase classname="org.zencoinj.crypto.MnemonicCodeVectorsTest" name="testMnemonicCode[Vector set 0 (entropy=00000000000000000000000000000000, passphrase=TREZOR)]" time="0.026"/>
  <testcase classname="org.zencoinj.crypto.MnemonicCodeVectorsTest" name="testMnemonicCode[Vector set 1 (entropy=7f7f7f7f7f7f7f7f7f7f7f7f7f7f7f7f, passphrase=TREZOR)]" time="0.038"/>
  <testcase classname="org.zencoinj.crypto.MnemonicCodeVectorsTest" name="testMnemonicCode[Vector set 2 (entropy=80808080808080808080808080808080, passphrase=TREZOR)]" time="0.028"/>
  <testcase classname="org.zencoinj.crypto.MnemonicCodeVectorsTest" name="testMnemonicCode[Vector set 3 (entropy=ffffffffffffffffffffffffffffffff, passphrase=TREZOR)]" time="0.019"/>
  <testcase classname="org.zencoinj.crypto.MnemonicCodeVectorsTest" name="testMnemonicCode[Vector set 4 (entropy=000000000000000000000000000000000000000000000000, passphrase=TREZOR)]" time="0.025"/>
  <testcase classname="org.zencoinj.crypto.MnemonicCodeVectorsTest" name="testMnemonicCode[Vector set 5 (entropy=7f7f7f7f7f7f7f7f7f7f7f7f7f7f7f7f7f7f7f7f7f7f7f7f, passphrase=TREZOR)]" time="0.02"/>
  <testcase classname="org.zencoinj.crypto.MnemonicCodeVectorsTest" name="testMnemonicCode[Vector set 6 (entropy=808080808080808080808080808080808080808080808080, passphrase=TREZOR)]" time="0.021"/>
  <testcase classname="org.zencoinj.crypto.MnemonicCodeVectorsTest" name="testMnemonicCode[Vector set 7 (entropy=ffffffffffffffffffffffffffffffffffffffffffffffff, passphrase=TREZOR)]" time="0.022"/>
  <testcase classname="org.zencoinj.crypto.MnemonicCodeVectorsTest" name="testMnemonicCode[Vector set 8 (entropy=0000000000000000000000000000000000000000000000000000000000000000, passphrase=TREZOR)]" time="0.022"/>
  <testcase classname="org.zencoinj.crypto.MnemonicCodeVectorsTest" name="testMnemonicCode[Vector set 9 (entropy=7f7f7f7f7f7f7f7f7f7f7f7f7f7f7f7f7f7f7f7f7f7f7f7f7f7f7f7f7f7f7f7f, passphrase=TREZOR)]" time="0.021"/>
  <testcase classname="org.zencoinj.crypto.MnemonicCodeVectorsTest" name="testMnemonicCode[Vector set 10 (entropy=8080808080808080808080808080808080808080808080808080808080808080, passphrase=TREZOR)]" time="0.029"/>
  <testcase classname="org.zencoinj.crypto.MnemonicCodeVectorsTest" name="testMnemonicCode[Vector set 11 (entropy=ffffffffffffffffffffffffffffffffffffffffffffffffffffffffffffffff, passphrase=TREZOR)]" time="0.021"/>
  <testcase classname="org.zencoinj.crypto.MnemonicCodeVectorsTest" name="testMnemonicCode[Vector set 12 (entropy=9e885d952ad362caeb4efe34a8e91bd2, passphrase=TREZOR)]" time="0.02"/>
  <testcase classname="org.zencoinj.crypto.MnemonicCodeVectorsTest" name="testMnemonicCode[Vector set 13 (entropy=6610b25967cdcca9d59875f5cb50b0ea75433311869e930b, passphrase=TREZOR)]" time="0.021"/>
  <testcase classname="org.zencoinj.crypto.MnemonicCodeVectorsTest" name="testMnemonicCode[Vector set 14 (entropy=68a79eaca2324873eacc50cb9c6eca8cc68ea5d936f98787c60c7ebc74e6ce7c, passphrase=TREZOR)]" time="0.018"/>
  <testcase classname="org.zencoinj.crypto.MnemonicCodeVectorsTest" name="testMnemonicCode[Vector set 15 (entropy=c0ba5a8e914111210f2bd131f3d5e08d, passphrase=TREZOR)]" time="0.023"/>
  <testcase classname="org.zencoinj.crypto.MnemonicCodeVectorsTest" name="testMnemonicCode[Vector set 16 (entropy=6d9be1ee6ebd27a258115aad99b7317b9c8d28b6d76431c3, passphrase=TREZOR)]" time="0.023"/>
  <testcase classname="org.zencoinj.crypto.MnemonicCodeVectorsTest" name="testMnemonicCode[Vector set 17 (entropy=9f6a2878b2520799a44ef18bc7df394e7061a224d2c33cd015b157d746869863, passphrase=TREZOR)]" time="0.023"/>
  <testcase classname="org.zencoinj.crypto.MnemonicCodeVectorsTest" name="testMnemonicCode[Vector set 18 (entropy=23db8160a31d3e0dca3688ed941adbf3, passphrase=TREZOR)]" time="0.022"/>
  <testcase classname="org.zencoinj.crypto.MnemonicCodeVectorsTest" name="testMnemonicCode[Vector set 19 (entropy=8197a4a47f0425faeaa69deebc05ca29c0a5b5cc76ceacc0, passphrase=TREZOR)]" time="0.019"/>
  <testcase classname="org.zencoinj.crypto.MnemonicCodeVectorsTest" name="testMnemonicCode[Vector set 20 (entropy=066dca1a2bb7e8a1db2832148ce9933eea0f3ac9548d793112d9a95c9407efad, passphrase=TREZOR)]" time="0.029"/>
  <testcase classname="org.zencoinj.crypto.MnemonicCodeVectorsTest" name="testMnemonicCode[Vector set 21 (entropy=f30f8c1da665478f49b001d94c5fc452, passphrase=TREZOR)]" time="0.019"/>
  <testcase classname="org.zencoinj.crypto.MnemonicCodeVectorsTest" name="testMnemonicCode[Vector set 22 (entropy=c10ec20dc3cd9f652c7fac2f1230f7a3c828389a14392f05, passphrase=TREZOR)]" time="0.024"/>
  <testcase classname="org.zencoinj.crypto.MnemonicCodeVectorsTest" name="testMnemonicCode[Vector set 23 (entropy=f585c11aec520db57dd353c69554b21a89b20fb0650966fa0a9d6f74fd989d8f, passphrase=TREZOR)]" time="0.019"/>
  <testcase classname="org.zencoinj.crypto.MnemonicCodeVectorsTest" name="testMnemonicCode[Vector set 24 (entropy=00000000000000000000000000000000, passphrase=)]" time="0.024"/>
  <testcase classname="org.zencoinj.crypto.MnemonicCodeVectorsTest" name="testMnemonicCode[Vector set 25 (entropy=7f7f7f7f7f7f7f7f7f7f7f7f7f7f7f7f, passphrase=)]" time="0.018"/>
  <testcase classname="org.zencoinj.crypto.MnemonicCodeVectorsTest" name="testMnemonicCode[Vector set 26 (entropy=80808080808080808080808080808080, passphrase=)]" time="0.02"/>
  <testcase classname="org.zencoinj.crypto.MnemonicCodeVectorsTest" name="testMnemonicCode[Vector set 27 (entropy=ffffffffffffffffffffffffffffffff, passphrase=)]" time="0.024"/>
  <testcase classname="org.zencoinj.crypto.MnemonicCodeVectorsTest" name="testMnemonicCode[Vector set 28 (entropy=f30f8c1da665478f49b001d94c5fc452, passphrase=)]" time="0.019"/>
  <testcase classname="org.zencoinj.crypto.MnemonicCodeVectorsTest" name="testMnemonicCode[Vector set 29 (entropy=c10ec20dc3cd9f652c7fac2f1230f7a3c828389a14392f05, passphrase=)]" time="0.02"/>
  <testcase classname="org.zencoinj.crypto.MnemonicCodeVectorsTest" name="testMnemonicCode[Vector set 30 (entropy=f585c11aec520db57dd353c69554b21a89b20fb0650966fa0a9d6f74fd989d8f, passphrase=)]" time="0.018"/>
</testsuite>