<?xml version="1.0" encoding="UTF-8" ?>
<testsuite tests="4480" failures="0" name="org.zencoinj.utils.BtcFormatTest" time="2.952" errors="0" skipped="0">
  <properties>
    <property name="java.runtime.name" value="Java(TM) SE Runtime Environment"/>
    <property name="sun.boot.library.path" value="/Library/Java/JavaVirtualMachines/jdk1.8.0_171.jdk/Contents/Home/jre/lib"/>
    <property name="java.vm.version" value="25.171-b11"/>
    <property name="gopherProxySet" value="false"/>
    <property name="java.vm.vendor" value="Oracle Corporation"/>
    <property name="maven.multiModuleProjectDirectory" value="/Users/anguorui/myjar/zencoinj"/>
    <property name="java.vendor.url" value="http://java.oracle.com/"/>
    <property name="path.separator" value=":"/>
    <property name="guice.disable.misplaced.annotation.check" value="true"/>
    <property name="java.vm.name" value="Java HotSpot(TM) 64-Bit Server VM"/>
    <property name="file.encoding.pkg" value="sun.io"/>
    <property name="user.country" value="CN"/>
    <property name="sun.java.launcher" value="SUN_STANDARD"/>
    <property name="sun.os.patch.level" value="unknown"/>
    <property name="java.vm.specification.name" value="Java Virtual Machine Specification"/>
    <property name="user.dir" value="/Users/anguorui/myjar/zencoinj"/>
    <property name="java.runtime.version" value="1.8.0_171-b11"/>
    <property name="java.awt.graphicsenv" value="sun.awt.CGraphicsEnvironment"/>
    <property name="java.endorsed.dirs" value="/Library/Java/JavaVirtualMachines/jdk1.8.0_171.jdk/Contents/Home/jre/lib/endorsed"/>
    <property name="os.arch" value="x86_64"/>
    <property name="java.io.tmpdir" value="/var/folders/9w/nl_9s9j91_jfxc0vmsz24vb40000gn/T/"/>
    <property name="line.separator" value="
"/>
    <property name="java.vm.specification.vendor" value="Oracle Corporation"/>
    <property name="os.name" value="Mac OS X"/>
    <property name="classworlds.conf" value="/Users/anguorui/myapp/apache-maven-3.5.3/bin/m2.conf"/>
    <property name="sun.jnu.encoding" value="UTF-8"/>
    <property name="java.library.path" value="/Users/anguorui/Library/Java/Extensions:/Library/Java/Extensions:/Network/Library/Java/Extensions:/System/Library/Java/Extensions:/usr/lib/java:."/>
    <property name="maven.conf" value="/Users/anguorui/myapp/apache-maven-3.5.3/conf"/>
    <property name="java.specification.name" value="Java Platform API Specification"/>
    <property name="java.class.version" value="52.0"/>
    <property name="sun.management.compiler" value="HotSpot 64-Bit Tiered Compilers"/>
    <property name="os.version" value="10.13.3"/>
    <property name="library.jansi.path" value="/Users/anguorui/myapp/apache-maven-3.5.3/lib/jansi-native"/>
    <property name="user.home" value="/Users/anguorui"/>
    <property name="user.timezone" value="Asia/Shanghai"/>
    <property name="java.awt.printerjob" value="sun.lwawt.macosx.CPrinterJob"/>
    <property name="java.specification.version" value="1.8"/>
    <property name="file.encoding" value="UTF-8"/>
    <property name="user.name" value="anguorui"/>
    <property name="java.class.path" value="/Users/anguorui/myapp/apache-maven-3.5.3/boot/plexus-classworlds-2.5.2.jar"/>
    <property name="java.vm.specification.version" value="1.8"/>
    <property name="sun.arch.data.model" value="64"/>
    <property name="java.home" value="/Library/Java/JavaVirtualMachines/jdk1.8.0_171.jdk/Contents/Home/jre"/>
    <property name="sun.java.command" value="org.codehaus.plexus.classworlds.launcher.Launcher install"/>
    <property name="java.specification.vendor" value="Oracle Corporation"/>
    <property name="user.language" value="zh"/>
    <property name="awt.toolkit" value="sun.lwawt.macosx.LWCToolkit"/>
    <property name="java.vm.info" value="mixed mode"/>
    <property name="java.version" value="1.8.0_171"/>
    <property name="java.ext.dirs" value="/Users/anguorui/Library/Java/Extensions:/Library/Java/JavaVirtualMachines/jdk1.8.0_171.jdk/Contents/Home/jre/lib/ext:/Library/Java/Extensions:/Network/Library/Java/Extensions:/System/Library/Java/Extensions:/usr/lib/java"/>
    <property name="sun.boot.class.path" value="/Library/Java/JavaVirtualMachines/jdk1.8.0_171.jdk/Contents/Home/jre/lib/resources.jar:/Library/Java/JavaVirtualMachines/jdk1.8.0_171.jdk/Contents/Home/jre/lib/rt.jar:/Library/Java/JavaVirtualMachines/jdk1.8.0_171.jdk/Contents/Home/jre/lib/sunrsasign.jar:/Library/Java/JavaVirtualMachines/jdk1.8.0_171.jdk/Contents/Home/jre/lib/jsse.jar:/Library/Java/JavaVirtualMachines/jdk1.8.0_171.jdk/Contents/Home/jre/lib/jce.jar:/Library/Java/JavaVirtualMachines/jdk1.8.0_171.jdk/Contents/Home/jre/lib/charsets.jar:/Library/Java/JavaVirtualMachines/jdk1.8.0_171.jdk/Contents/Home/jre/lib/jfr.jar:/Library/Java/JavaVirtualMachines/jdk1.8.0_171.jdk/Contents/Home/jre/classes"/>
    <property name="java.vendor" value="Oracle Corporation"/>
    <property name="maven.home" value="/Users/anguorui/myapp/apache-maven-3.5.3"/>
    <property name="file.separator" value="/"/>
    <property name="java.vendor.url.bug" value="http://bugreport.sun.com/bugreport/"/>
    <property name="sun.cpu.endian" value="little"/>
    <property name="sun.io.unicode.encoding" value="UnicodeBig"/>
    <property name="sun.cpu.isalist" value=""/>
  </properties>
  <testcase classname="org.zencoinj.utils.BtcFormatTest" name="factoryArgumentsTest[0]" time="0.019"/>
  <testcase classname="org.zencoinj.utils.BtcFormatTest" name="parseTest[0]" time="0.012"/>
  <testcase classname="org.zencoinj.utils.BtcFormatTest" name="microcoinScaleTest[0]" time="0"/>
  <testcase classname="org.zencoinj.utils.BtcFormatTest" name="parseMetricTest[0]" time="0.005"/>
  <testcase classname="org.zencoinj.utils.BtcFormatTest" name="coinScaleTest[0]" time="0"/>
  <testcase classname="org.zencoinj.utils.BtcFormatTest" name="builderTest[0]" time="0.008"/>
  <testcase classname="org.zencoinj.utils.BtcFormatTest" name="attributeTest[0]" time="0.004"/>
  <testcase classname="org.zencoinj.utils.BtcFormatTest" name="prefixTest[0]" time="0.001"/>
  <testcase classname="org.zencoinj.utils.BtcFormatTest" name="suffixTest[0]" time="0.001"/>
  <testcase classname="org.zencoinj.utils.BtcFormatTest" name="autoDecimalTest[0]" time="0.007"/>
  <testcase classname="org.zencoinj.utils.BtcFormatTest" name="symbolCollisionTest[0]" time="0.115"/>
  <testcase classname="org.zencoinj.utils.BtcFormatTest" name="equalityTest[0]" time="0.008"/>
  <testcase classname="org.zencoinj.utils.BtcFormatTest" name="columnAlignmentTest[0]" time="0.001"/>
  <testcase classname="org.zencoinj.utils.BtcFormatTest" name="factoryTest[0]" time="0"/>
  <testcase classname="org.zencoinj.utils.BtcFormatTest" name="parse[0]" time="0.001"/>
  <testcase classname="org.zencoinj.utils.BtcFormatTest" name="btcRounding[0]" time="0.004"/>
  <testcase classname="org.zencoinj.utils.BtcFormatTest" name="negativeTest[0]" time="0.001"/>
  <testcase classname="org.zencoinj.utils.BtcFormatTest" name="millicoinScaleTest[0]" time="0"/>
  <testcase classname="org.zencoinj.utils.BtcFormatTest" name="toStringTest[0]" time="0.002"/>
  <testcase classname="org.zencoinj.utils.BtcFormatTest" name="testGrouping[0]" time="0"/>
  <testcase classname="org.zencoinj.utils.BtcFormatTest" name="symbolsCodesTest[0]" time="0.001"/>
  <testcase classname="org.zencoinj.utils.BtcFormatTest" name="defaultLocaleTest[0]" time="0.001"/>
  <testcase classname="org.zencoinj.utils.BtcFormatTest" name="parsePositionTest[0]" time="0.001"/>
  <testcase classname="org.zencoinj.utils.BtcFormatTest" name="argumentTypeTest[0]" time="0.002"/>
  <testcase classname="org.zencoinj.utils.BtcFormatTest" name="characterIteratorTest[0]" time="0.008"/>
  <testcase classname="org.zencoinj.utils.BtcFormatTest" name="repeatingPlaceTest[0]" time="0.001"/>
  <testcase classname="org.zencoinj.utils.BtcFormatTest" name="currencyCodeTest[0]" time="0"/>
  <testcase classname="org.zencoinj.utils.BtcFormatTest" name="patternDecimalPlaces[0]" time="0.001"/>
  <testcase classname="org.zencoinj.utils.BtcFormatTest" name="factoryArgumentsTest[1]" time="0.001"/>
  <testcase classname="org.zencoinj.utils.BtcFormatTest" name="parseTest[1]" time="0.005"/>
  <testcase classname="org.zencoinj.utils.BtcFormatTest" name="microcoinScaleTest[1]" time="0"/>
  <testcase classname="org.zencoinj.utils.BtcFormatTest" name="parseMetricTest[1]" time="0.002"/>
  <testcase classname="org.zencoinj.utils.BtcFormatTest" name="coinScaleTest[1]" time="0"/>
  <testcase classname="org.zencoinj.utils.BtcFormatTest" name="builderTest[1]" time="0.003"/>
  <testcase classname="org.zencoinj.utils.BtcFormatTest" name="attributeTest[1]" time="0"/>
  <testcase classname="org.zencoinj.utils.BtcFormatTest" name="prefixTest[1]" time="0.001"/>
  <testcase classname="org.zencoinj.utils.BtcFormatTest" name="suffixTest[1]" time="0"/>
  <testcase classname="org.zencoinj.utils.BtcFormatTest" name="autoDecimalTest[1]" time="0.005"/>
  <testcase classname="org.zencoinj.utils.BtcFormatTest" name="symbolCollisionTest[1]" time="0.001"/>
  <testcase classname="org.zencoinj.utils.BtcFormatTest" name="equalityTest[1]" time="0.004"/>
  <testcase classname="org.zencoinj.utils.BtcFormatTest" name="columnAlignmentTest[1]" time="0.001"/>
  <testcase classname="org.zencoinj.utils.BtcFormatTest" name="factoryTest[1]" time="0"/>
  <testcase classname="org.zencoinj.utils.BtcFormatTest" name="parse[1]" time="0.001"/>
  <testcase classname="org.zencoinj.utils.BtcFormatTest" name="btcRounding[1]" time="0.002"/>
  <testcase classname="org.zencoinj.utils.BtcFormatTest" name="negativeTest[1]" time="0.001"/>
  <testcase classname="org.zencoinj.utils.BtcFormatTest" name="millicoinScaleTest[1]" time="0"/>
  <testcase classname="org.zencoinj.utils.BtcFormatTest" name="toStringTest[1]" time="0.002"/>
  <testcase classname="org.zencoinj.utils.BtcFormatTest" name="testGrouping[1]" time="0.001"/>
  <testcase classname="org.zencoinj.utils.BtcFormatTest" name="symbolsCodesTest[1]" time="0.001"/>
  <testcase classname="org.zencoinj.utils.BtcFormatTest" name="defaultLocaleTest[1]" time="0"/>
  <testcase classname="org.zencoinj.utils.BtcFormatTest" name="parsePositionTest[1]" time="0.001"/>
  <testcase classname="org.zencoinj.utils.BtcFormatTest" name="argumentTypeTest[1]" time="0.001"/>
  <testcase classname="org.zencoinj.utils.BtcFormatTest" name="characterIteratorTest[1]" time="0.001"/>
  <testcase classname="org.zencoinj.utils.BtcFormatTest" name="repeatingPlaceTest[1]" time="0"/>
  <testcase classname="org.zencoinj.utils.BtcFormatTest" name="currencyCodeTest[1]" time="0.001"/>
  <testcase classname="org.zencoinj.utils.BtcFormatTest" name="patternDecimalPlaces[1]" time="0.002"/>
  <testcase classname="org.zencoinj.utils.BtcFormatTest" name="factoryArgumentsTest[2]" time="0.002"/>
  <testcase classname="org.zencoinj.utils.BtcFormatTest" name="parseTest[2]" time="0.003"/>
  <testcase classname="org.zencoinj.utils.BtcFormatTest" name="microcoinScaleTest[2]" time="0"/>
  <testcase classname="org.zencoinj.utils.BtcFormatTest" name="parseMetricTest[2]" time="0.003"/>
  <testcase classname="org.zencoinj.utils.BtcFormatTest" name="coinScaleTest[2]" time="0"/>
  <testcase classname="org.zencoinj.utils.BtcFormatTest" name="builderTest[2]" time="0.004"/>
  <testcase classname="org.zencoinj.utils.BtcFormatTest" name="attributeTest[2]" time="0"/>
  <testcase classname="org.zencoinj.utils.BtcFormatTest" name="prefixTest[2]" time="0.003"/>
  <testcase classname="org.zencoinj.utils.BtcFormatTest" name="suffixTest[2]" time="0"/>
  <testcase classname="org.zencoinj.utils.BtcFormatTest" name="autoDecimalTest[2]" time="0.003"/>
  <testcase classname="org.zencoinj.utils.BtcFormatTest" name="symbolCollisionTest[2]" time="0.002"/>
  <testcase classname="org.zencoinj.utils.BtcFormatTest" name="equalityTest[2]" time="0.006"/>
  <testcase classname="org.zencoinj.utils.BtcFormatTest" name="columnAlignmentTest[2]" time="0.001"/>
  <testcase classname="org.zencoinj.utils.BtcFormatTest" name="factoryTest[2]" time="0"/>
  <testcase classname="org.zencoinj.utils.BtcFormatTest" name="parse[2]" time="0"/>
  <testcase classname="org.zencoinj.utils.BtcFormatTest" name="btcRounding[2]" time="0.005"/>
  <testcase classname="org.zencoinj.utils.BtcFormatTest" name="negativeTest[2]" time="0.001"/>
  <testcase classname="org.zencoinj.utils.BtcFormatTest" name="millicoinScaleTest[2]" time="0"/>
  <testcase classname="org.zencoinj.utils.BtcFormatTest" name="toStringTest[2]" time="0.001"/>
  <testcase classname="org.zencoinj.utils.BtcFormatTest" name="testGrouping[2]" time="0"/>
  <testcase classname="org.zencoinj.utils.BtcFormatTest" name="symbolsCodesTest[2]" time="0.001"/>
  <testcase classname="org.zencoinj.utils.BtcFormatTest" name="defaultLocaleTest[2]" time="0"/>
  <testcase classname="org.zencoinj.utils.BtcFormatTest" name="parsePositionTest[2]" time="0.003"/>
  <testcase classname="org.zencoinj.utils.BtcFormatTest" name="argumentTypeTest[2]" time="0.001"/>
  <testcase classname="org.zencoinj.utils.BtcFormatTest" name="characterIteratorTest[2]" time="0.001"/>
  <testcase classname="org.zencoinj.utils.BtcFormatTest" name="repeatingPlaceTest[2]" time="0.001"/>
  <testcase classname="org.zencoinj.utils.BtcFormatTest" name="currencyCodeTest[2]" time="0"/>
  <testcase classname="org.zencoinj.utils.BtcFormatTest" name="patternDecimalPlaces[2]" time="0"/>
  <testcase classname="org.zencoinj.utils.BtcFormatTest" name="factoryArgumentsTest[3]" time="0.002"/>
  <testcase classname="org.zencoinj.utils.BtcFormatTest" name="parseTest[3]" time="0.004"/>
  <testcase classname="org.zencoinj.utils.BtcFormatTest" name="microcoinScaleTest[3]" time="0"/>
  <testcase classname="org.zencoinj.utils.BtcFormatTest" name="parseMetricTest[3]" time="0.002"/>
  <testcase classname="org.zencoinj.utils.BtcFormatTest" name="coinScaleTest[3]" time="0"/>
  <testcase classname="org.zencoinj.utils.BtcFormatTest" name="builderTest[3]" time="0.003"/>
  <testcase classname="org.zencoinj.utils.BtcFormatTest" name="attributeTest[3]" time="0"/>
  <testcase classname="org.zencoinj.utils.BtcFormatTest" name="prefixTest[3]" time="0.001"/>
  <testcase classname="org.zencoinj.utils.BtcFormatTest" name="suffixTest[3]" time="0.001"/>
  <testcase classname="org.zencoinj.utils.BtcFormatTest" name="autoDecimalTest[3]" time="0.001"/>
  <testcase classname="org.zencoinj.utils.BtcFormatTest" name="symbolCollisionTest[3]" time="0.002"/>
  <testcase classname="org.zencoinj.utils.BtcFormatTest" name="equalityTest[3]" time="0.004"/>
  <testcase classname="org.zencoinj.utils.BtcFormatTest" name="columnAlignmentTest[3]" time="0"/>
  <testcase classname="org.zencoinj.utils.BtcFormatTest" name="factoryTest[3]" time="0.001"/>
  <testcase classname="org.zencoinj.utils.BtcFormatTest" name="parse[3]" time="0"/>
  <testcase classname="org.zencoinj.utils.BtcFormatTest" name="btcRounding[3]" time="0.002"/>
  <testcase classname="org.zencoinj.utils.BtcFormatTest" name="negativeTest[3]" time="0.001"/>
  <testcase classname="org.zencoinj.utils.BtcFormatTest" name="millicoinScaleTest[3]" time="0"/>
  <testcase classname="org.zencoinj.utils.BtcFormatTest" name="toStringTest[3]" time="0.001"/>
  <testcase classname="org.zencoinj.utils.BtcFormatTest" name="testGrouping[3]" time="0"/>
  <testcase classname="org.zencoinj.utils.BtcFormatTest" name="symbolsCodesTest[3]" time="0.001"/>
  <testcase classname="org.zencoinj.utils.BtcFormatTest" name="defaultLocaleTest[3]" time="0"/>
  <testcase classname="org.zencoinj.utils.BtcFormatTest" name="parsePositionTest[3]" time="0.001"/>
  <testcase classname="org.zencoinj.utils.BtcFormatTest" name="argumentTypeTest[3]" time="0"/>
  <testcase classname="org.zencoinj.utils.BtcFormatTest" name="characterIteratorTest[3]" time="0.001"/>
  <testcase classname="org.zencoinj.utils.BtcFormatTest" name="repeatingPlaceTest[3]" time="0.001"/>
  <testcase classname="org.zencoinj.utils.BtcFormatTest" name="currencyCodeTest[3]" time="0"/>
  <testcase classname="org.zencoinj.utils.BtcFormatTest" name="patternDecimalPlaces[3]" time="0"/>
  <testcase classname="org.zencoinj.utils.BtcFormatTest" name="factoryArgumentsTest[4]" time="0.002"/>
  <testcase classname="org.zencoinj.utils.BtcFormatTest" name="parseTest[4]" time="0.003"/>
  <testcase classname="org.zencoinj.utils.BtcFormatTest" name="microcoinScaleTest[4]" time="0"/>
  <testcase classname="org.zencoinj.utils.BtcFormatTest" name="parseMetricTest[4]" time="0.002"/>
  <testcase classname="org.zencoinj.utils.BtcFormatTest" name="coinScaleTest[4]" time="0"/>
  <testcase classname="org.zencoinj.utils.BtcFormatTest" name="builderTest[4]" time="0.003"/>
  <testcase classname="org.zencoinj.utils.BtcFormatTest" name="attributeTest[4]" time="0"/>
  <testcase classname="org.zencoinj.utils.BtcFormatTest" name="prefixTest[4]" time="0.001"/>
  <testcase classname="org.zencoinj.utils.BtcFormatTest" name="suffixTest[4]" time="0"/>
  <testcase classname="org.zencoinj.utils.BtcFormatTest" name="autoDecimalTest[4]" time="0.001"/>
  <testcase classname="org.zencoinj.utils.BtcFormatTest" name="symbolCollisionTest[4]" time="0.002"/>
  <testcase classname="org.zencoinj.utils.BtcFormatTest" name="equalityTest[4]" time="0.003"/>
  <testcase classname="org.zencoinj.utils.BtcFormatTest" name="columnAlignmentTest[4]" time="0"/>
  <testcase classname="org.zencoinj.utils.BtcFormatTest" name="factoryTest[4]" time="0"/>
  <testcase classname="org.zencoinj.utils.BtcFormatTest" name="parse[4]" time="0.001"/>
  <testcase classname="org.zencoinj.utils.BtcFormatTest" name="btcRounding[4]" time="0.001"/>
  <testcase classname="org.zencoinj.utils.BtcFormatTest" name="negativeTest[4]" time="0"/>
  <testcase classname="org.zencoinj.utils.BtcFormatTest" name="millicoinScaleTest[4]" time="0"/>
  <testcase classname="org.zencoinj.utils.BtcFormatTest" name="toStringTest[4]" time="0.001"/>
  <testcase classname="org.zencoinj.utils.BtcFormatTest" name="testGrouping[4]" time="0"/>
  <testcase classname="org.zencoinj.utils.BtcFormatTest" name="symbolsCodesTest[4]" time="0.001"/>
  <testcase classname="org.zencoinj.utils.BtcFormatTest" name="defaultLocaleTest[4]" time="0.001"/>
  <testcase classname="org.zencoinj.utils.BtcFormatTest" name="parsePositionTest[4]" time="0"/>
  <testcase classname="org.zencoinj.utils.BtcFormatTest" name="argumentTypeTest[4]" time="0.001"/>
  <testcase classname="org.zencoinj.utils.BtcFormatTest" name="characterIteratorTest[4]" time="0.002"/>
  <testcase classname="org.zencoinj.utils.BtcFormatTest" name="repeatingPlaceTest[4]" time="0.001"/>
  <testcase classname="org.zencoinj.utils.BtcFormatTest" name="currencyCodeTest[4]" time="0"/>
  <testcase classname="org.zencoinj.utils.BtcFormatTest" name="patternDecimalPlaces[4]" time="0"/>
  <testcase classname="org.zencoinj.utils.BtcFormatTest" name="factoryArgumentsTest[5]" time="0.001"/>
  <testcase classname="org.zencoinj.utils.BtcFormatTest" name="parseTest[5]" time="0.003"/>
  <testcase classname="org.zencoinj.utils.BtcFormatTest" name="microcoinScaleTest[5]" time="0"/>
  <testcase classname="org.zencoinj.utils.BtcFormatTest" name="parseMetricTest[5]" time="0.001"/>
  <testcase classname="org.zencoinj.utils.BtcFormatTest" name="coinScaleTest[5]" time="0"/>
  <testcase classname="org.zencoinj.utils.BtcFormatTest" name="builderTest[5]" time="0.003"/>
  <testcase classname="org.zencoinj.utils.BtcFormatTest" name="attributeTest[5]" time="0"/>
  <testcase classname="org.zencoinj.utils.BtcFormatTest" name="prefixTest[5]" time="0.001"/>
  <testcase classname="org.zencoinj.utils.BtcFormatTest" name="suffixTest[5]" time="0"/>
  <testcase classname="org.zencoinj.utils.BtcFormatTest" name="autoDecimalTest[5]" time="0.001"/>
  <testcase classname="org.zencoinj.utils.BtcFormatTest" name="symbolCollisionTest[5]" time="0.002"/>
  <testcase classname="org.zencoinj.utils.BtcFormatTest" name="equalityTest[5]" time="0.003"/>
  <testcase classname="org.zencoinj.utils.BtcFormatTest" name="columnAlignmentTest[5]" time="0"/>
  <testcase classname="org.zencoinj.utils.BtcFormatTest" name="factoryTest[5]" time="0"/>
  <testcase classname="org.zencoinj.utils.BtcFormatTest" name="parse[5]" time="0.001"/>
  <testcase classname="org.zencoinj.utils.BtcFormatTest" name="btcRounding[5]" time="0.001"/>
  <testcase classname="org.zencoinj.utils.BtcFormatTest" name="negativeTest[5]" time="0"/>
  <testcase classname="org.zencoinj.utils.BtcFormatTest" name="millicoinScaleTest[5]" time="0"/>
  <testcase classname="org.zencoinj.utils.BtcFormatTest" name="toStringTest[5]" time="0.002"/>
  <testcase classname="org.zencoinj.utils.BtcFormatTest" name="testGrouping[5]" time="0"/>
  <testcase classname="org.zencoinj.utils.BtcFormatTest" name="symbolsCodesTest[5]" time="0.001"/>
  <testcase classname="org.zencoinj.utils.BtcFormatTest" name="defaultLocaleTest[5]" time="0"/>
  <testcase classname="org.zencoinj.utils.BtcFormatTest" name="parsePositionTest[5]" time="0"/>
  <testcase classname="org.zencoinj.utils.BtcFormatTest" name="argumentTypeTest[5]" time="0.001"/>
  <testcase classname="org.zencoinj.utils.BtcFormatTest" name="characterIteratorTest[5]" time="0.001"/>
  <testcase classname="org.zencoinj.utils.BtcFormatTest" name="repeatingPlaceTest[5]" time="0"/>
  <testcase classname="org.zencoinj.utils.BtcFormatTest" name="currencyCodeTest[5]" time="0.001"/>
  <testcase classname="org.zencoinj.utils.BtcFormatTest" name="patternDecimalPlaces[5]" time="0"/>
  <testcase classname="org.zencoinj.utils.BtcFormatTest" name="factoryArgumentsTest[6]" time="0.001"/>
  <testcase classname="org.zencoinj.utils.BtcFormatTest" name="parseTest[6]" time="0.004"/>
  <testcase classname="org.zencoinj.utils.BtcFormatTest" name="microcoinScaleTest[6]" time="0"/>
  <testcase classname="org.zencoinj.utils.BtcFormatTest" name="parseMetricTest[6]" time="0.001"/>
  <testcase classname="org.zencoinj.utils.BtcFormatTest" name="coinScaleTest[6]" time="0"/>
  <testcase classname="org.zencoinj.utils.BtcFormatTest" name="builderTest[6]" time="0.003"/>
  <testcase classname="org.zencoinj.utils.BtcFormatTest" name="attributeTest[6]" time="0.001"/>
  <testcase classname="org.zencoinj.utils.BtcFormatTest" name="prefixTest[6]" time="0"/>
  <testcase classname="org.zencoinj.utils.BtcFormatTest" name="suffixTest[6]" time="0"/>
  <testcase classname="org.zencoinj.utils.BtcFormatTest" name="autoDecimalTest[6]" time="0.002"/>
  <testcase classname="org.zencoinj.utils.BtcFormatTest" name="symbolCollisionTest[6]" time="0.002"/>
  <testcase classname="org.zencoinj.utils.BtcFormatTest" name="equalityTest[6]" time="0.004"/>
  <testcase classname="org.zencoinj.utils.BtcFormatTest" name="columnAlignmentTest[6]" time="0"/>
  <testcase classname="org.zencoinj.utils.BtcFormatTest" name="factoryTest[6]" time="0.002"/>
  <testcase classname="org.zencoinj.utils.BtcFormatTest" name="parse[6]" time="0"/>
  <testcase classname="org.zencoinj.utils.BtcFormatTest" name="btcRounding[6]" time="0.002"/>
  <testcase classname="org.zencoinj.utils.BtcFormatTest" name="negativeTest[6]" time="0"/>
  <testcase classname="org.zencoinj.utils.BtcFormatTest" name="millicoinScaleTest[6]" time="0"/>
  <testcase classname="org.zencoinj.utils.BtcFormatTest" name="toStringTest[6]" time="0.002"/>
  <testcase classname="org.zencoinj.utils.BtcFormatTest" name="testGrouping[6]" time="0"/>
  <testcase classname="org.zencoinj.utils.BtcFormatTest" name="symbolsCodesTest[6]" time="0.001"/>
  <testcase classname="org.zencoinj.utils.BtcFormatTest" name="defaultLocaleTest[6]" time="0"/>
  <testcase classname="org.zencoinj.utils.BtcFormatTest" name="parsePositionTest[6]" time="0"/>
  <testcase classname="org.zencoinj.utils.BtcFormatTest" name="argumentTypeTest[6]" time="0.001"/>
  <testcase classname="org.zencoinj.utils.BtcFormatTest" name="characterIteratorTest[6]" time="0.002"/>
  <testcase classname="org.zencoinj.utils.BtcFormatTest" name="repeatingPlaceTest[6]" time="0"/>
  <testcase classname="org.zencoinj.utils.BtcFormatTest" name="currencyCodeTest[6]" time="0"/>
  <testcase classname="org.zencoinj.utils.BtcFormatTest" name="patternDecimalPlaces[6]" time="0.001"/>
  <testcase classname="org.zencoinj.utils.BtcFormatTest" name="factoryArgumentsTest[7]" time="0.001"/>
  <testcase classname="org.zencoinj.utils.BtcFormatTest" name="parseTest[7]" time="0.003"/>
  <testcase classname="org.zencoinj.utils.BtcFormatTest" name="microcoinScaleTest[7]" time="0"/>
  <testcase classname="org.zencoinj.utils.BtcFormatTest" name="parseMetricTest[7]" time="0.003"/>
  <testcase classname="org.zencoinj.utils.BtcFormatTest" name="coinScaleTest[7]" time="0"/>
  <testcase classname="org.zencoinj.utils.BtcFormatTest" name="builderTest[7]" time="0.003"/>
  <testcase classname="org.zencoinj.utils.BtcFormatTest" name="attributeTest[7]" time="0"/>
  <testcase classname="org.zencoinj.utils.BtcFormatTest" name="prefixTest[7]" time="0"/>
  <testcase classname="org.zencoinj.utils.BtcFormatTest" name="suffixTest[7]" time="0.001"/>
  <testcase classname="org.zencoinj.utils.BtcFormatTest" name="autoDecimalTest[7]" time="0.001"/>
  <testcase classname="org.zencoinj.utils.BtcFormatTest" name="symbolCollisionTest[7]" time="0.001"/>
  <testcase classname="org.zencoinj.utils.BtcFormatTest" name="equalityTest[7]" time="0.003"/>
  <testcase classname="org.zencoinj.utils.BtcFormatTest" name="columnAlignmentTest[7]" time="0.001"/>
  <testcase classname="org.zencoinj.utils.BtcFormatTest" name="factoryTest[7]" time="0"/>
  <testcase classname="org.zencoinj.utils.BtcFormatTest" name="parse[7]" time="0"/>
  <testcase classname="org.zencoinj.utils.BtcFormatTest" name="btcRounding[7]" time="0.002"/>
  <testcase classname="org.zencoinj.utils.BtcFormatTest" name="negativeTest[7]" time="0.001"/>
  <testcase classname="org.zencoinj.utils.BtcFormatTest" name="millicoinScaleTest[7]" time="0"/>
  <testcase classname="org.zencoinj.utils.BtcFormatTest" name="toStringTest[7]" time="0.001"/>
  <testcase classname="org.zencoinj.utils.BtcFormatTest" name="testGrouping[7]" time="0"/>
  <testcase classname="org.zencoinj.utils.BtcFormatTest" name="symbolsCodesTest[7]" time="0.001"/>
  <testcase classname="org.zencoinj.utils.BtcFormatTest" name="defaultLocaleTest[7]" time="0.001"/>
  <testcase classname="org.zencoinj.utils.BtcFormatTest" name="parsePositionTest[7]" time="0"/>
  <testcase classname="org.zencoinj.utils.BtcFormatTest" name="argumentTypeTest[7]" time="0.001"/>
  <testcase classname="org.zencoinj.utils.BtcFormatTest" name="characterIteratorTest[7]" time="0"/>
  <testcase classname="org.zencoinj.utils.BtcFormatTest" name="repeatingPlaceTest[7]" time="0"/>
  <testcase classname="org.zencoinj.utils.BtcFormatTest" name="currencyCodeTest[7]" time="0"/>
  <testcase classname="org.zencoinj.utils.BtcFormatTest" name="patternDecimalPlaces[7]" time="0"/>
  <testcase classname="org.zencoinj.utils.BtcFormatTest" name="factoryArgumentsTest[8]" time="0.002"/>
  <testcase classname="org.zencoinj.utils.BtcFormatTest" name="parseTest[8]" time="0.003"/>
  <testcase classname="org.zencoinj.utils.BtcFormatTest" name="microcoinScaleTest[8]" time="0"/>
  <testcase classname="org.zencoinj.utils.BtcFormatTest" name="parseMetricTest[8]" time="0.002"/>
  <testcase classname="org.zencoinj.utils.BtcFormatTest" name="coinScaleTest[8]" time="0"/>
  <testcase classname="org.zencoinj.utils.BtcFormatTest" name="builderTest[8]" time="0.003"/>
  <testcase classname="org.zencoinj.utils.BtcFormatTest" name="attributeTest[8]" time="0"/>
  <testcase classname="org.zencoinj.utils.BtcFormatTest" name="prefixTest[8]" time="0.001"/>
  <testcase classname="org.zencoinj.utils.BtcFormatTest" name="suffixTest[8]" time="0"/>
  <testcase classname="org.zencoinj.utils.BtcFormatTest" name="autoDecimalTest[8]" time="0.001"/>
  <testcase classname="org.zencoinj.utils.BtcFormatTest" name="symbolCollisionTest[8]" time="0.002"/>
  <testcase classname="org.zencoinj.utils.BtcFormatTest" name="equalityTest[8]" time="0.003"/>
  <testcase classname="org.zencoinj.utils.BtcFormatTest" name="columnAlignmentTest[8]" time="0"/>
  <testcase classname="org.zencoinj.utils.BtcFormatTest" name="factoryTest[8]" time="0.001"/>
  <testcase classname="org.zencoinj.utils.BtcFormatTest" name="parse[8]" time="0"/>
  <testcase classname="org.zencoinj.utils.BtcFormatTest" name="btcRounding[8]" time="0.002"/>
  <testcase classname="org.zencoinj.utils.BtcFormatTest" name="negativeTest[8]" time="0.001"/>
  <testcase classname="org.zencoinj.utils.BtcFormatTest" name="millicoinScaleTest[8]" time="0"/>
  <testcase classname="org.zencoinj.utils.BtcFormatTest" name="toStringTest[8]" time="0.001"/>
  <testcase classname="org.zencoinj.utils.BtcFormatTest" name="testGrouping[8]" time="0"/>
  <testcase classname="org.zencoinj.utils.BtcFormatTest" name="symbolsCodesTest[8]" time="0.001"/>
  <testcase classname="org.zencoinj.utils.BtcFormatTest" name="defaultLocaleTest[8]" time="0"/>
  <testcase classname="org.zencoinj.utils.BtcFormatTest" name="parsePositionTest[8]" time="0.001"/>
  <testcase classname="org.zencoinj.utils.BtcFormatTest" name="argumentTypeTest[8]" time="0"/>
  <testcase classname="org.zencoinj.utils.BtcFormatTest" name="characterIteratorTest[8]" time="0.001"/>
  <testcase classname="org.zencoinj.utils.BtcFormatTest" name="repeatingPlaceTest[8]" time="0.001"/>
  <testcase classname="org.zencoinj.utils.BtcFormatTest" name="currencyCodeTest[8]" time="0"/>
  <testcase classname="org.zencoinj.utils.BtcFormatTest" name="patternDecimalPlaces[8]" time="0"/>
  <testcase classname="org.zencoinj.utils.BtcFormatTest" name="factoryArgumentsTest[9]" time="0.002"/>
  <testcase classname="org.zencoinj.utils.BtcFormatTest" name="parseTest[9]" time="0.004"/>
  <testcase classname="org.zencoinj.utils.BtcFormatTest" name="microcoinScaleTest[9]" time="0.001"/>
  <testcase classname="org.zencoinj.utils.BtcFormatTest" name="parseMetricTest[9]" time="0.002"/>
  <testcase classname="org.zencoinj.utils.BtcFormatTest" name="coinScaleTest[9]" time="0"/>
  <testcase classname="org.zencoinj.utils.BtcFormatTest" name="builderTest[9]" time="0.003"/>
  <testcase classname="org.zencoinj.utils.BtcFormatTest" name="attributeTest[9]" time="0"/>
  <testcase classname="org.zencoinj.utils.BtcFormatTest" name="prefixTest[9]" time="0"/>
  <testcase classname="org.zencoinj.utils.BtcFormatTest" name="suffixTest[9]" time="0"/>
  <testcase classname="org.zencoinj.utils.BtcFormatTest" name="autoDecimalTest[9]" time="0.001"/>
  <testcase classname="org.zencoinj.utils.BtcFormatTest" name="symbolCollisionTest[9]" time="0.002"/>
  <testcase classname="org.zencoinj.utils.BtcFormatTest" name="equalityTest[9]" time="0.004"/>
  <testcase classname="org.zencoinj.utils.BtcFormatTest" name="columnAlignmentTest[9]" time="0.001"/>
  <testcase classname="org.zencoinj.utils.BtcFormatTest" name="factoryTest[9]" time="0"/>
  <testcase classname="org.zencoinj.utils.BtcFormatTest" name="parse[9]" time="0"/>
  <testcase classname="org.zencoinj.utils.BtcFormatTest" name="btcRounding[9]" time="0.002"/>
  <testcase classname="org.zencoinj.utils.BtcFormatTest" name="negativeTest[9]" time="0.001"/>
  <testcase classname="org.zencoinj.utils.BtcFormatTest" name="millicoinScaleTest[9]" time="0"/>
  <testcase classname="org.zencoinj.utils.BtcFormatTest" name="toStringTest[9]" time="0.001"/>
  <testcase classname="org.zencoinj.utils.BtcFormatTest" name="testGrouping[9]" time="0.001"/>
  <testcase classname="org.zencoinj.utils.BtcFormatTest" name="symbolsCodesTest[9]" time="0"/>
  <testcase classname="org.zencoinj.utils.BtcFormatTest" name="defaultLocaleTest[9]" time="0.001"/>
  <testcase classname="org.zencoinj.utils.BtcFormatTest" name="parsePositionTest[9]" time="0"/>
  <testcase classname="org.zencoinj.utils.BtcFormatTest" name="argumentTypeTest[9]" time="0.001"/>
  <testcase classname="org.zencoinj.utils.BtcFormatTest" name="characterIteratorTest[9]" time="0.001"/>
  <testcase classname="org.zencoinj.utils.BtcFormatTest" name="repeatingPlaceTest[9]" time="0"/>
  <testcase classname="org.zencoinj.utils.BtcFormatTest" name="currencyCodeTest[9]" time="0.001"/>
  <testcase classname="org.zencoinj.utils.BtcFormatTest" name="patternDecimalPlaces[9]" time="0"/>
  <testcase classname="org.zencoinj.utils.BtcFormatTest" name="factoryArgumentsTest[10]" time="0.001"/>
  <testcase classname="org.zencoinj.utils.BtcFormatTest" name="parseTest[10]" time="0.004"/>
  <testcase classname="org.zencoinj.utils.BtcFormatTest" name="microcoinScaleTest[10]" time="0"/>
  <testcase classname="org.zencoinj.utils.BtcFormatTest" name="parseMetricTest[10]" time="0.002"/>
  <testcase classname="org.zencoinj.utils.BtcFormatTest" name="coinScaleTest[10]" time="0"/>
  <testcase classname="org.zencoinj.utils.BtcFormatTest" name="builderTest[10]" time="0.003"/>
  <testcase classname="org.zencoinj.utils.BtcFormatTest" name="attributeTest[10]" time="0"/>
  <testcase classname="org.zencoinj.utils.BtcFormatTest" name="prefixTest[10]" time="0"/>
  <testcase classname="org.zencoinj.utils.BtcFormatTest" name="suffixTest[10]" time="0.001"/>
  <testcase classname="org.zencoinj.utils.BtcFormatTest" name="autoDecimalTest[10]" time="0.001"/>
  <testcase classname="org.zencoinj.utils.BtcFormatTest" name="symbolCollisionTest[10]" time="0.001"/>
  <testcase classname="org.zencoinj.utils.BtcFormatTest" name="equalityTest[10]" time="0.003"/>
  <testcase classname="org.zencoinj.utils.BtcFormatTest" name="columnAlignmentTest[10]" time="0"/>
  <testcase classname="org.zencoinj.utils.BtcFormatTest" name="factoryTest[10]" time="0"/>
  <testcase classname="org.zencoinj.utils.BtcFormatTest" name="parse[10]" time="0"/>
  <testcase classname="org.zencoinj.utils.BtcFormatTest" name="btcRounding[10]" time="0.002"/>
  <testcase classname="org.zencoinj.utils.BtcFormatTest" name="negativeTest[10]" time="0.001"/>
  <testcase classname="org.zencoinj.utils.BtcFormatTest" name="millicoinScaleTest[10]" time="0"/>
  <testcase classname="org.zencoinj.utils.BtcFormatTest" name="toStringTest[10]" time="0.001"/>
  <testcase classname="org.zencoinj.utils.BtcFormatTest" name="testGrouping[10]" time="0"/>
  <testcase classname="org.zencoinj.utils.BtcFormatTest" name="symbolsCodesTest[10]" time="0.001"/>
  <testcase classname="org.zencoinj.utils.BtcFormatTest" name="defaultLocaleTest[10]" time="0.001"/>
  <testcase classname="org.zencoinj.utils.BtcFormatTest" name="parsePositionTest[10]" time="0"/>
  <testcase classname="org.zencoinj.utils.BtcFormatTest" name="argumentTypeTest[10]" time="0.001"/>
  <testcase classname="org.zencoinj.utils.BtcFormatTest" name="characterIteratorTest[10]" time="0.001"/>
  <testcase classname="org.zencoinj.utils.BtcFormatTest" name="repeatingPlaceTest[10]" time="0"/>
  <testcase classname="org.zencoinj.utils.BtcFormatTest" name="currencyCodeTest[10]" time="0"/>
  <testcase classname="org.zencoinj.utils.BtcFormatTest" name="patternDecimalPlaces[10]" time="0"/>
  <testcase classname="org.zencoinj.utils.BtcFormatTest" name="factoryArgumentsTest[11]" time="0.001"/>
  <testcase classname="org.zencoinj.utils.BtcFormatTest" name="parseTest[11]" time="0.004"/>
  <testcase classname="org.zencoinj.utils.BtcFormatTest" name="microcoinScaleTest[11]" time="0"/>
  <testcase classname="org.zencoinj.utils.BtcFormatTest" name="parseMetricTest[11]" time="0.002"/>
  <testcase classname="org.zencoinj.utils.BtcFormatTest" name="coinScaleTest[11]" time="0"/>
  <testcase classname="org.zencoinj.utils.BtcFormatTest" name="builderTest[11]" time="0.002"/>
  <testcase classname="org.zencoinj.utils.BtcFormatTest" name="attributeTest[11]" time="0.001"/>
  <testcase classname="org.zencoinj.utils.BtcFormatTest" name="prefixTest[11]" time="0"/>
  <testcase classname="org.zencoinj.utils.BtcFormatTest" name="suffixTest[11]" time="0"/>
  <testcase classname="org.zencoinj.utils.BtcFormatTest" name="autoDecimalTest[11]" time="0.001"/>
  <testcase classname="org.zencoinj.utils.BtcFormatTest" name="symbolCollisionTest[11]" time="0.001"/>
  <testcase classname="org.zencoinj.utils.BtcFormatTest" name="equalityTest[11]" time="0.002"/>
  <testcase classname="org.zencoinj.utils.BtcFormatTest" name="columnAlignmentTest[11]" time="0"/>
  <testcase classname="org.zencoinj.utils.BtcFormatTest" name="factoryTest[11]" time="0.001"/>
  <testcase classname="org.zencoinj.utils.BtcFormatTest" name="parse[11]" time="0"/>
  <testcase classname="org.zencoinj.utils.BtcFormatTest" name="btcRounding[11]" time="0.002"/>
  <testcase classname="org.zencoinj.utils.BtcFormatTest" name="negativeTest[11]" time="0"/>
  <testcase classname="org.zencoinj.utils.BtcFormatTest" name="millicoinScaleTest[11]" time="0"/>
  <testcase classname="org.zencoinj.utils.BtcFormatTest" name="toStringTest[11]" time="0.001"/>
  <testcase classname="org.zencoinj.utils.BtcFormatTest" name="testGrouping[11]" time="0"/>
  <testcase classname="org.zencoinj.utils.BtcFormatTest" name="symbolsCodesTest[11]" time="0.001"/>
  <testcase classname="org.zencoinj.utils.BtcFormatTest" name="defaultLocaleTest[11]" time="0"/>
  <testcase classname="org.zencoinj.utils.BtcFormatTest" name="parsePositionTest[11]" time="0"/>
  <testcase classname="org.zencoinj.utils.BtcFormatTest" name="argumentTypeTest[11]" time="0.001"/>
  <testcase classname="org.zencoinj.utils.BtcFormatTest" name="characterIteratorTest[11]" time="0.001"/>
  <testcase classname="org.zencoinj.utils.BtcFormatTest" name="repeatingPlaceTest[11]" time="0"/>
  <testcase classname="org.zencoinj.utils.BtcFormatTest" name="currencyCodeTest[11]" time="0"/>
  <testcase classname="org.zencoinj.utils.BtcFormatTest" name="patternDecimalPlaces[11]" time="0.001"/>
  <testcase classname="org.zencoinj.utils.BtcFormatTest" name="factoryArgumentsTest[12]" time="0.001"/>
  <testcase classname="org.zencoinj.utils.BtcFormatTest" name="parseTest[12]" time="0.003"/>
  <testcase classname="org.zencoinj.utils.BtcFormatTest" name="microcoinScaleTest[12]" time="0.001"/>
  <testcase classname="org.zencoinj.utils.BtcFormatTest" name="parseMetricTest[12]" time="0.001"/>
  <testcase classname="org.zencoinj.utils.BtcFormatTest" name="coinScaleTest[12]" time="0"/>
  <testcase classname="org.zencoinj.utils.BtcFormatTest" name="builderTest[12]" time="0.003"/>
  <testcase classname="org.zencoinj.utils.BtcFormatTest" name="attributeTest[12]" time="0"/>
  <testcase classname="org.zencoinj.utils.BtcFormatTest" name="prefixTest[12]" time="0"/>
  <testcase classname="org.zencoinj.utils.BtcFormatTest" name="suffixTest[12]" time="0"/>
  <testcase classname="org.zencoinj.utils.BtcFormatTest" name="autoDecimalTest[12]" time="0.003"/>
  <testcase classname="org.zencoinj.utils.BtcFormatTest" name="symbolCollisionTest[12]" time="0.001"/>
  <testcase classname="org.zencoinj.utils.BtcFormatTest" name="equalityTest[12]" time="0.002"/>
  <testcase classname="org.zencoinj.utils.BtcFormatTest" name="columnAlignmentTest[12]" time="0"/>
  <testcase classname="org.zencoinj.utils.BtcFormatTest" name="factoryTest[12]" time="0.001"/>
  <testcase classname="org.zencoinj.utils.BtcFormatTest" name="parse[12]" time="0"/>
  <testcase classname="org.zencoinj.utils.BtcFormatTest" name="btcRounding[12]" time="0.001"/>
  <testcase classname="org.zencoinj.utils.BtcFormatTest" name="negativeTest[12]" time="0.001"/>
  <testcase classname="org.zencoinj.utils.BtcFormatTest" name="millicoinScaleTest[12]" time="0"/>
  <testcase classname="org.zencoinj.utils.BtcFormatTest" name="toStringTest[12]" time="0.001"/>
  <testcase classname="org.zencoinj.utils.BtcFormatTest" name="testGrouping[12]" time="0"/>
  <testcase classname="org.zencoinj.utils.BtcFormatTest" name="symbolsCodesTest[12]" time="0.001"/>
  <testcase classname="org.zencoinj.utils.BtcFormatTest" name="defaultLocaleTest[12]" time="0"/>
  <testcase classname="org.zencoinj.utils.BtcFormatTest" name="parsePositionTest[12]" time="0.001"/>
  <testcase classname="org.zencoinj.utils.BtcFormatTest" name="argumentTypeTest[12]" time="0"/>
  <testcase classname="org.zencoinj.utils.BtcFormatTest" name="characterIteratorTest[12]" time="0"/>
  <testcase classname="org.zencoinj.utils.BtcFormatTest" name="repeatingPlaceTest[12]" time="0.001"/>
  <testcase classname="org.zencoinj.utils.BtcFormatTest" name="currencyCodeTest[12]" time="0"/>
  <testcase classname="org.zencoinj.utils.BtcFormatTest" name="patternDecimalPlaces[12]" time="0"/>
  <testcase classname="org.zencoinj.utils.BtcFormatTest" name="factoryArgumentsTest[13]" time="0.003"/>
  <testcase classname="org.zencoinj.utils.BtcFormatTest" name="parseTest[13]" time="0.003"/>
  <testcase classname="org.zencoinj.utils.BtcFormatTest" name="microcoinScaleTest[13]" time="0"/>
  <testcase classname="org.zencoinj.utils.BtcFormatTest" name="parseMetricTest[13]" time="0.002"/>
  <testcase classname="org.zencoinj.utils.BtcFormatTest" name="coinScaleTest[13]" time="0.001"/>
  <testcase classname="org.zencoinj.utils.BtcFormatTest" name="builderTest[13]" time="0.003"/>
  <testcase classname="org.zencoinj.utils.BtcFormatTest" name="attributeTest[13]" time="0"/>
  <testcase classname="org.zencoinj.utils.BtcFormatTest" name="prefixTest[13]" time="0"/>
  <testcase classname="org.zencoinj.utils.BtcFormatTest" name="suffixTest[13]" time="0.001"/>
  <testcase classname="org.zencoinj.utils.BtcFormatTest" name="autoDecimalTest[13]" time="0.003"/>
  <testcase classname="org.zencoinj.utils.BtcFormatTest" name="symbolCollisionTest[13]" time="0.002"/>
  <testcase classname="org.zencoinj.utils.BtcFormatTest" name="equalityTest[13]" time="0.004"/>
  <testcase classname="org.zencoinj.utils.BtcFormatTest" name="columnAlignmentTest[13]" time="0"/>
  <testcase classname="org.zencoinj.utils.BtcFormatTest" name="factoryTest[13]" time="0.001"/>
  <testcase classname="org.zencoinj.utils.BtcFormatTest" name="parse[13]" time="0"/>
  <testcase classname="org.zencoinj.utils.BtcFormatTest" name="btcRounding[13]" time="0.002"/>
  <testcase classname="org.zencoinj.utils.BtcFormatTest" name="negativeTest[13]" time="0.001"/>
  <testcase classname="org.zencoinj.utils.BtcFormatTest" name="millicoinScaleTest[13]" time="0"/>
  <testcase classname="org.zencoinj.utils.BtcFormatTest" name="toStringTest[13]" time="0.006"/>
  <testcase classname="org.zencoinj.utils.BtcFormatTest" name="testGrouping[13]" time="0"/>
  <testcase classname="org.zencoinj.utils.BtcFormatTest" name="symbolsCodesTest[13]" time="0.007"/>
  <testcase classname="org.zencoinj.utils.BtcFormatTest" name="defaultLocaleTest[13]" time="0.001"/>
  <testcase classname="org.zencoinj.utils.BtcFormatTest" name="parsePositionTest[13]" time="0.002"/>
  <testcase classname="org.zencoinj.utils.BtcFormatTest" name="argumentTypeTest[13]" time="0.001"/>
  <testcase classname="org.zencoinj.utils.BtcFormatTest" name="characterIteratorTest[13]" time="0.002"/>
  <testcase classname="org.zencoinj.utils.BtcFormatTest" name="repeatingPlaceTest[13]" time="0.001"/>
  <testcase classname="org.zencoinj.utils.BtcFormatTest" name="currencyCodeTest[13]" time="0.001"/>
  <testcase classname="org.zencoinj.utils.BtcFormatTest" name="patternDecimalPlaces[13]" time="0"/>
  <testcase classname="org.zencoinj.utils.BtcFormatTest" name="factoryArgumentsTest[14]" time="0.001"/>
  <testcase classname="org.zencoinj.utils.BtcFormatTest" name="parseTest[14]" time="0.002"/>
  <testcase classname="org.zencoinj.utils.BtcFormatTest" name="microcoinScaleTest[14]" time="0.001"/>
  <testcase classname="org.zencoinj.utils.BtcFormatTest" name="parseMetricTest[14]" time="0.001"/>
  <testcase classname="org.zencoinj.utils.BtcFormatTest" name="coinScaleTest[14]" time="0"/>
  <testcase classname="org.zencoinj.utils.BtcFormatTest" name="builderTest[14]" time="0.004"/>
  <testcase classname="org.zencoinj.utils.BtcFormatTest" name="attributeTest[14]" time="0"/>
  <testcase classname="org.zencoinj.utils.BtcFormatTest" name="prefixTest[14]" time="0"/>
  <testcase classname="org.zencoinj.utils.BtcFormatTest" name="suffixTest[14]" time="0"/>
  <testcase classname="org.zencoinj.utils.BtcFormatTest" name="autoDecimalTest[14]" time="0.002"/>
  <testcase classname="org.zencoinj.utils.BtcFormatTest" name="symbolCollisionTest[14]" time="0.001"/>
  <testcase classname="org.zencoinj.utils.BtcFormatTest" name="equalityTest[14]" time="0.003"/>
  <testcase classname="org.zencoinj.utils.BtcFormatTest" name="columnAlignmentTest[14]" time="0"/>
  <testcase classname="org.zencoinj.utils.BtcFormatTest" name="factoryTest[14]" time="0"/>
  <testcase classname="org.zencoinj.utils.BtcFormatTest" name="parse[14]" time="0"/>
  <testcase classname="org.zencoinj.utils.BtcFormatTest" name="btcRounding[14]" time="0.002"/>
  <testcase classname="org.zencoinj.utils.BtcFormatTest" name="negativeTest[14]" time="0"/>
  <testcase classname="org.zencoinj.utils.BtcFormatTest" name="millicoinScaleTest[14]" time="0"/>
  <testcase classname="org.zencoinj.utils.BtcFormatTest" name="toStringTest[14]" time="0.001"/>
  <testcase classname="org.zencoinj.utils.BtcFormatTest" name="testGrouping[14]" time="0.001"/>
  <testcase classname="org.zencoinj.utils.BtcFormatTest" name="symbolsCodesTest[14]" time="0"/>
  <testcase classname="org.zencoinj.utils.BtcFormatTest" name="defaultLocaleTest[14]" time="0.001"/>
  <testcase classname="org.zencoinj.utils.BtcFormatTest" name="parsePositionTest[14]" time="0"/>
  <testcase classname="org.zencoinj.utils.BtcFormatTest" name="argumentTypeTest[14]" time="0.001"/>
  <testcase classname="org.zencoinj.utils.BtcFormatTest" name="characterIteratorTest[14]" time="0"/>
  <testcase classname="org.zencoinj.utils.BtcFormatTest" name="repeatingPlaceTest[14]" time="0"/>
  <testcase classname="org.zencoinj.utils.BtcFormatTest" name="currencyCodeTest[14]" time="0"/>
  <testcase classname="org.zencoinj.utils.BtcFormatTest" name="patternDecimalPlaces[14]" time="0"/>
  <testcase classname="org.zencoinj.utils.BtcFormatTest" name="factoryArgumentsTest[15]" time="0.002"/>
  <testcase classname="org.zencoinj.utils.BtcFormatTest" name="parseTest[15]" time="0.003"/>
  <testcase classname="org.zencoinj.utils.BtcFormatTest" name="microcoinScaleTest[15]" time="0"/>
  <testcase classname="org.zencoinj.utils.BtcFormatTest" name="parseMetricTest[15]" time="0.002"/>
  <testcase classname="org.zencoinj.utils.BtcFormatTest" name="coinScaleTest[15]" time="0"/>
  <testcase classname="org.zencoinj.utils.BtcFormatTest" name="builderTest[15]" time="0.002"/>
  <testcase classname="org.zencoinj.utils.BtcFormatTest" name="attributeTest[15]" time="0"/>
  <testcase classname="org.zencoinj.utils.BtcFormatTest" name="prefixTest[15]" time="0.001"/>
  <testcase classname="org.zencoinj.utils.BtcFormatTest" name="suffixTest[15]" time="0"/>
  <testcase classname="org.zencoinj.utils.BtcFormatTest" name="autoDecimalTest[15]" time="0.002"/>
  <testcase classname="org.zencoinj.utils.BtcFormatTest" name="symbolCollisionTest[15]" time="0.001"/>
  <testcase classname="org.zencoinj.utils.BtcFormatTest" name="equalityTest[15]" time="0.003"/>
  <testcase classname="org.zencoinj.utils.BtcFormatTest" name="columnAlignmentTest[15]" time="0.001"/>
  <testcase classname="org.zencoinj.utils.BtcFormatTest" name="factoryTest[15]" time="0"/>
  <testcase classname="org.zencoinj.utils.BtcFormatTest" name="parse[15]" time="0"/>
  <testcase classname="org.zencoinj.utils.BtcFormatTest" name="btcRounding[15]" time="0.002"/>
  <testcase classname="org.zencoinj.utils.BtcFormatTest" name="negativeTest[15]" time="0.001"/>
  <testcase classname="org.zencoinj.utils.BtcFormatTest" name="millicoinScaleTest[15]" time="0"/>
  <testcase classname="org.zencoinj.utils.BtcFormatTest" name="toStringTest[15]" time="0.001"/>
  <testcase classname="org.zencoinj.utils.BtcFormatTest" name="testGrouping[15]" time="0"/>
  <testcase classname="org.zencoinj.utils.BtcFormatTest" name="symbolsCodesTest[15]" time="0.001"/>
  <testcase classname="org.zencoinj.utils.BtcFormatTest" name="defaultLocaleTest[15]" time="0.001"/>
  <testcase classname="org.zencoinj.utils.BtcFormatTest" name="parsePositionTest[15]" time="0"/>
  <testcase classname="org.zencoinj.utils.BtcFormatTest" name="argumentTypeTest[15]" time="0.001"/>
  <testcase classname="org.zencoinj.utils.BtcFormatTest" name="characterIteratorTest[15]" time="0.001"/>
  <testcase classname="org.zencoinj.utils.BtcFormatTest" name="repeatingPlaceTest[15]" time="0.001"/>
  <testcase classname="org.zencoinj.utils.BtcFormatTest" name="currencyCodeTest[15]" time="0"/>
  <testcase classname="org.zencoinj.utils.BtcFormatTest" name="patternDecimalPlaces[15]" time="0.001"/>
  <testcase classname="org.zencoinj.utils.BtcFormatTest" name="factoryArgumentsTest[16]" time="0.001"/>
  <testcase classname="org.zencoinj.utils.BtcFormatTest" name="parseTest[16]" time="0.003"/>
  <testcase classname="org.zencoinj.utils.BtcFormatTest" name="microcoinScaleTest[16]" time="0"/>
  <testcase classname="org.zencoinj.utils.BtcFormatTest" name="parseMetricTest[16]" time="0.002"/>
  <testcase classname="org.zencoinj.utils.BtcFormatTest" name="coinScaleTest[16]" time="0"/>
  <testcase classname="org.zencoinj.utils.BtcFormatTest" name="builderTest[16]" time="0.002"/>
  <testcase classname="org.zencoinj.utils.BtcFormatTest" name="attributeTest[16]" time="0.001"/>
  <testcase classname="org.zencoinj.utils.BtcFormatTest" name="prefixTest[16]" time="0"/>
  <testcase classname="org.zencoinj.utils.BtcFormatTest" name="suffixTest[16]" time="0"/>
  <testcase classname="org.zencoinj.utils.BtcFormatTest" name="autoDecimalTest[16]" time="0.001"/>
  <testcase classname="org.zencoinj.utils.BtcFormatTest" name="symbolCollisionTest[16]" time="0.001"/>
  <testcase classname="org.zencoinj.utils.BtcFormatTest" name="equalityTest[16]" time="0.002"/>
  <testcase classname="org.zencoinj.utils.BtcFormatTest" name="columnAlignmentTest[16]" time="0.001"/>
  <testcase classname="org.zencoinj.utils.BtcFormatTest" name="factoryTest[16]" time="0"/>
  <testcase classname="org.zencoinj.utils.BtcFormatTest" name="parse[16]" time="0"/>
  <testcase classname="org.zencoinj.utils.BtcFormatTest" name="btcRounding[16]" time="0.002"/>
  <testcase classname="org.zencoinj.utils.BtcFormatTest" name="negativeTest[16]" time="0"/>
  <testcase classname="org.zencoinj.utils.BtcFormatTest" name="millicoinScaleTest[16]" time="0"/>
  <testcase classname="org.zencoinj.utils.BtcFormatTest" name="toStringTest[16]" time="0.001"/>
  <testcase classname="org.zencoinj.utils.BtcFormatTest" name="testGrouping[16]" time="0.001"/>
  <testcase classname="org.zencoinj.utils.BtcFormatTest" name="symbolsCodesTest[16]" time="0.001"/>
  <testcase classname="org.zencoinj.utils.BtcFormatTest" name="defaultLocaleTest[16]" time="0"/>
  <testcase classname="org.zencoinj.utils.BtcFormatTest" name="parsePositionTest[16]" time="0.001"/>
  <testcase classname="org.zencoinj.utils.BtcFormatTest" name="argumentTypeTest[16]" time="0"/>
  <testcase classname="org.zencoinj.utils.BtcFormatTest" name="characterIteratorTest[16]" time="0.001"/>
  <testcase classname="org.zencoinj.utils.BtcFormatTest" name="repeatingPlaceTest[16]" time="0"/>
  <testcase classname="org.zencoinj.utils.BtcFormatTest" name="currencyCodeTest[16]" time="0.001"/>
  <testcase classname="org.zencoinj.utils.BtcFormatTest" name="patternDecimalPlaces[16]" time="0"/>
  <testcase classname="org.zencoinj.utils.BtcFormatTest" name="factoryArgumentsTest[17]" time="0.002"/>
  <testcase classname="org.zencoinj.utils.BtcFormatTest" name="parseTest[17]" time="0.002"/>
  <testcase classname="org.zencoinj.utils.BtcFormatTest" name="microcoinScaleTest[17]" time="0"/>
  <testcase classname="org.zencoinj.utils.BtcFormatTest" name="parseMetricTest[17]" time="0.002"/>
  <testcase classname="org.zencoinj.utils.BtcFormatTest" name="coinScaleTest[17]" time="0"/>
  <testcase classname="org.zencoinj.utils.BtcFormatTest" name="builderTest[17]" time="0.003"/>
  <testcase classname="org.zencoinj.utils.BtcFormatTest" name="attributeTest[17]" time="0"/>
  <testcase classname="org.zencoinj.utils.BtcFormatTest" name="prefixTest[17]" time="0"/>
  <testcase classname="org.zencoinj.utils.BtcFormatTest" name="suffixTest[17]" time="0"/>
  <testcase classname="org.zencoinj.utils.BtcFormatTest" name="autoDecimalTest[17]" time="0.002"/>
  <testcase classname="org.zencoinj.utils.BtcFormatTest" name="symbolCollisionTest[17]" time="0.001"/>
  <testcase classname="org.zencoinj.utils.BtcFormatTest" name="equalityTest[17]" time="0.002"/>
  <testcase classname="org.zencoinj.utils.BtcFormatTest" name="columnAlignmentTest[17]" time="0.001"/>
  <testcase classname="org.zencoinj.utils.BtcFormatTest" name="factoryTest[17]" time="0"/>
  <testcase classname="org.zencoinj.utils.BtcFormatTest" name="parse[17]" time="0"/>
  <testcase classname="org.zencoinj.utils.BtcFormatTest" name="btcRounding[17]" time="0.002"/>
  <testcase classname="org.zencoinj.utils.BtcFormatTest" name="negativeTest[17]" time="0.001"/>
  <testcase classname="org.zencoinj.utils.BtcFormatTest" name="millicoinScaleTest[17]" time="0"/>
  <testcase classname="org.zencoinj.utils.BtcFormatTest" name="toStringTest[17]" time="0.001"/>
  <testcase classname="org.zencoinj.utils.BtcFormatTest" name="testGrouping[17]" time="0"/>
  <testcase classname="org.zencoinj.utils.BtcFormatTest" name="symbolsCodesTest[17]" time="0.001"/>
  <testcase classname="org.zencoinj.utils.BtcFormatTest" name="defaultLocaleTest[17]" time="0"/>
  <testcase classname="org.zencoinj.utils.BtcFormatTest" name="parsePositionTest[17]" time="0"/>
  <testcase classname="org.zencoinj.utils.BtcFormatTest" name="argumentTypeTest[17]" time="0.001"/>
  <testcase classname="org.zencoinj.utils.BtcFormatTest" name="characterIteratorTest[17]" time="0.002"/>
  <testcase classname="org.zencoinj.utils.BtcFormatTest" name="repeatingPlaceTest[17]" time="0"/>
  <testcase classname="org.zencoinj.utils.BtcFormatTest" name="currencyCodeTest[17]" time="0"/>
  <testcase classname="org.zencoinj.utils.BtcFormatTest" name="patternDecimalPlaces[17]" time="0"/>
  <testcase classname="org.zencoinj.utils.BtcFormatTest" name="factoryArgumentsTest[18]" time="0.001"/>
  <testcase classname="org.zencoinj.utils.BtcFormatTest" name="parseTest[18]" time="0.002"/>
  <testcase classname="org.zencoinj.utils.BtcFormatTest" name="microcoinScaleTest[18]" time="0"/>
  <testcase classname="org.zencoinj.utils.BtcFormatTest" name="parseMetricTest[18]" time="0.001"/>
  <testcase classname="org.zencoinj.utils.BtcFormatTest" name="coinScaleTest[18]" time="0"/>
  <testcase classname="org.zencoinj.utils.BtcFormatTest" name="builderTest[18]" time="0.003"/>
  <testcase classname="org.zencoinj.utils.BtcFormatTest" name="attributeTest[18]" time="0"/>
  <testcase classname="org.zencoinj.utils.BtcFormatTest" name="prefixTest[18]" time="0"/>
  <testcase classname="org.zencoinj.utils.BtcFormatTest" name="suffixTest[18]" time="0"/>
  <testcase classname="org.zencoinj.utils.BtcFormatTest" name="autoDecimalTest[18]" time="0.001"/>
  <testcase classname="org.zencoinj.utils.BtcFormatTest" name="symbolCollisionTest[18]" time="0.001"/>
  <testcase classname="org.zencoinj.utils.BtcFormatTest" name="equalityTest[18]" time="0.003"/>
  <testcase classname="org.zencoinj.utils.BtcFormatTest" name="columnAlignmentTest[18]" time="0"/>
  <testcase classname="org.zencoinj.utils.BtcFormatTest" name="factoryTest[18]" time="0"/>
  <testcase classname="org.zencoinj.utils.BtcFormatTest" name="parse[18]" time="0"/>
  <testcase classname="org.zencoinj.utils.BtcFormatTest" name="btcRounding[18]" time="0.002"/>
  <testcase classname="org.zencoinj.utils.BtcFormatTest" name="negativeTest[18]" time="0"/>
  <testcase classname="org.zencoinj.utils.BtcFormatTest" name="millicoinScaleTest[18]" time="0"/>
  <testcase classname="org.zencoinj.utils.BtcFormatTest" name="toStringTest[18]" time="0.001"/>
  <testcase classname="org.zencoinj.utils.BtcFormatTest" name="testGrouping[18]" time="0"/>
  <testcase classname="org.zencoinj.utils.BtcFormatTest" name="symbolsCodesTest[18]" time="0.001"/>
  <testcase classname="org.zencoinj.utils.BtcFormatTest" name="defaultLocaleTest[18]" time="0"/>
  <testcase classname="org.zencoinj.utils.BtcFormatTest" name="parsePositionTest[18]" time="0"/>
  <testcase classname="org.zencoinj.utils.BtcFormatTest" name="argumentTypeTest[18]" time="0.001"/>
  <testcase classname="org.zencoinj.utils.BtcFormatTest" name="characterIteratorTest[18]" time="0"/>
  <testcase classname="org.zencoinj.utils.BtcFormatTest" name="repeatingPlaceTest[18]" time="0"/>
  <testcase classname="org.zencoinj.utils.BtcFormatTest" name="currencyCodeTest[18]" time="0.001"/>
  <testcase classname="org.zencoinj.utils.BtcFormatTest" name="patternDecimalPlaces[18]" time="0"/>
  <testcase classname="org.zencoinj.utils.BtcFormatTest" name="factoryArgumentsTest[19]" time="0.001"/>
  <testcase classname="org.zencoinj.utils.BtcFormatTest" name="parseTest[19]" time="0.003"/>
  <testcase classname="org.zencoinj.utils.BtcFormatTest" name="microcoinScaleTest[19]" time="0"/>
  <testcase classname="org.zencoinj.utils.BtcFormatTest" name="parseMetricTest[19]" time="0.001"/>
  <testcase classname="org.zencoinj.utils.BtcFormatTest" name="coinScaleTest[19]" time="0"/>
  <testcase classname="org.zencoinj.utils.BtcFormatTest" name="builderTest[19]" time="0.002"/>
  <testcase classname="org.zencoinj.utils.BtcFormatTest" name="attributeTest[19]" time="0"/>
  <testcase classname="org.zencoinj.utils.BtcFormatTest" name="prefixTest[19]" time="0.001"/>
  <testcase classname="org.zencoinj.utils.BtcFormatTest" name="suffixTest[19]" time="0"/>
  <testcase classname="org.zencoinj.utils.BtcFormatTest" name="autoDecimalTest[19]" time="0.001"/>
  <testcase classname="org.zencoinj.utils.BtcFormatTest" name="symbolCollisionTest[19]" time="0.002"/>
  <testcase classname="org.zencoinj.utils.BtcFormatTest" name="equalityTest[19]" time="0.002"/>
  <testcase classname="org.zencoinj.utils.BtcFormatTest" name="columnAlignmentTest[19]" time="0"/>
  <testcase classname="org.zencoinj.utils.BtcFormatTest" name="factoryTest[19]" time="0.001"/>
  <testcase classname="org.zencoinj.utils.BtcFormatTest" name="parse[19]" time="0"/>
  <testcase classname="org.zencoinj.utils.BtcFormatTest" name="btcRounding[19]" time="0.001"/>
  <testcase classname="org.zencoinj.utils.BtcFormatTest" name="negativeTest[19]" time="0"/>
  <testcase classname="org.zencoinj.utils.BtcFormatTest" name="millicoinScaleTest[19]" time="0.001"/>
  <testcase classname="org.zencoinj.utils.BtcFormatTest" name="toStringTest[19]" time="0"/>
  <testcase classname="org.zencoinj.utils.BtcFormatTest" name="testGrouping[19]" time="0"/>
  <testcase classname="org.zencoinj.utils.BtcFormatTest" name="symbolsCodesTest[19]" time="0.001"/>
  <testcase classname="org.zencoinj.utils.BtcFormatTest" name="defaultLocaleTest[19]" time="0"/>
  <testcase classname="org.zencoinj.utils.BtcFormatTest" name="parsePositionTest[19]" time="0"/>
  <testcase classname="org.zencoinj.utils.BtcFormatTest" name="argumentTypeTest[19]" time="0.001"/>
  <testcase classname="org.zencoinj.utils.BtcFormatTest" name="characterIteratorTest[19]" time="0"/>
  <testcase classname="org.zencoinj.utils.BtcFormatTest" name="repeatingPlaceTest[19]" time="0.001"/>
  <testcase classname="org.zencoinj.utils.BtcFormatTest" name="currencyCodeTest[19]" time="0"/>
  <testcase classname="org.zencoinj.utils.BtcFormatTest" name="patternDecimalPlaces[19]" time="0"/>
  <testcase classname="org.zencoinj.utils.BtcFormatTest" name="factoryArgumentsTest[20]" time="0.001"/>
  <testcase classname="org.zencoinj.utils.BtcFormatTest" name="parseTest[20]" time="0.002"/>
  <testcase classname="org.zencoinj.utils.BtcFormatTest" name="microcoinScaleTest[20]" time="0"/>
  <testcase classname="org.zencoinj.utils.BtcFormatTest" name="parseMetricTest[20]" time="0.001"/>
  <testcase classname="org.zencoinj.utils.BtcFormatTest" name="coinScaleTest[20]" time="0.001"/>
  <testcase classname="org.zencoinj.utils.BtcFormatTest" name="builderTest[20]" time="0.001"/>
  <testcase classname="org.zencoinj.utils.BtcFormatTest" name="attributeTest[20]" time="0"/>
  <testcase classname="org.zencoinj.utils.BtcFormatTest" name="prefixTest[20]" time="0.001"/>
  <testcase classname="org.zencoinj.utils.BtcFormatTest" name="suffixTest[20]" time="0"/>
  <testcase classname="org.zencoinj.utils.BtcFormatTest" name="autoDecimalTest[20]" time="0"/>
  <testcase classname="org.zencoinj.utils.BtcFormatTest" name="symbolCollisionTest[20]" time="0.002"/>
  <testcase classname="org.zencoinj.utils.BtcFormatTest" name="equalityTest[20]" time="0.002"/>
  <testcase classname="org.zencoinj.utils.BtcFormatTest" name="columnAlignmentTest[20]" time="0"/>
  <testcase classname="org.zencoinj.utils.BtcFormatTest" name="factoryTest[20]" time="0"/>
  <testcase classname="org.zencoinj.utils.BtcFormatTest" name="parse[20]" time="0.001"/>
  <testcase classname="org.zencoinj.utils.BtcFormatTest" name="btcRounding[20]" time="0.001"/>
  <testcase classname="org.zencoinj.utils.BtcFormatTest" name="negativeTest[20]" time="0.001"/>
  <testcase classname="org.zencoinj.utils.BtcFormatTest" name="millicoinScaleTest[20]" time="0"/>
  <testcase classname="org.zencoinj.utils.BtcFormatTest" name="toStringTest[20]" time="0.001"/>
  <testcase classname="org.zencoinj.utils.BtcFormatTest" name="testGrouping[20]" time="0"/>
  <testcase classname="org.zencoinj.utils.BtcFormatTest" name="symbolsCodesTest[20]" time="0"/>
  <testcase classname="org.zencoinj.utils.BtcFormatTest" name="defaultLocaleTest[20]" time="0"/>
  <testcase classname="org.zencoinj.utils.BtcFormatTest" name="parsePositionTest[20]" time="0"/>
  <testcase classname="org.zencoinj.utils.BtcFormatTest" name="argumentTypeTest[20]" time="0.001"/>
  <testcase classname="org.zencoinj.utils.BtcFormatTest" name="characterIteratorTest[20]" time="0"/>
  <testcase classname="org.zencoinj.utils.BtcFormatTest" name="repeatingPlaceTest[20]" time="0.001"/>
  <testcase classname="org.zencoinj.utils.BtcFormatTest" name="currencyCodeTest[20]" time="0"/>
  <testcase classname="org.zencoinj.utils.BtcFormatTest" name="patternDecimalPlaces[20]" time="0"/>
  <testcase classname="org.zencoinj.utils.BtcFormatTest" name="factoryArgumentsTest[21]" time="0.001"/>
  <testcase classname="org.zencoinj.utils.BtcFormatTest" name="parseTest[21]" time="0.002"/>
  <testcase classname="org.zencoinj.utils.BtcFormatTest" name="microcoinScaleTest[21]" time="0"/>
  <testcase classname="org.zencoinj.utils.BtcFormatTest" name="parseMetricTest[21]" time="0.008"/>
  <testcase classname="org.zencoinj.utils.BtcFormatTest" name="coinScaleTest[21]" time="0"/>
  <testcase classname="org.zencoinj.utils.BtcFormatTest" name="builderTest[21]" time="0.003"/>
  <testcase classname="org.zencoinj.utils.BtcFormatTest" name="attributeTest[21]" time="0"/>
  <testcase classname="org.zencoinj.utils.BtcFormatTest" name="prefixTest[21]" time="0"/>
  <testcase classname="org.zencoinj.utils.BtcFormatTest" name="suffixTest[21]" time="0.001"/>
  <testcase classname="org.zencoinj.utils.BtcFormatTest" name="autoDecimalTest[21]" time="0.001"/>
  <testcase classname="org.zencoinj.utils.BtcFormatTest" name="symbolCollisionTest[21]" time="0.001"/>
  <testcase classname="org.zencoinj.utils.BtcFormatTest" name="equalityTest[21]" time="0.003"/>
  <testcase classname="org.zencoinj.utils.BtcFormatTest" name="columnAlignmentTest[21]" time="0"/>
  <testcase classname="org.zencoinj.utils.BtcFormatTest" name="factoryTest[21]" time="0"/>
  <testcase classname="org.zencoinj.utils.BtcFormatTest" name="parse[21]" time="0"/>
  <testcase classname="org.zencoinj.utils.BtcFormatTest" name="btcRounding[21]" time="0.002"/>
  <testcase classname="org.zencoinj.utils.BtcFormatTest" name="negativeTest[21]" time="0"/>
  <testcase classname="org.zencoinj.utils.BtcFormatTest" name="millicoinScaleTest[21]" time="0"/>
  <testcase classname="org.zencoinj.utils.BtcFormatTest" name="toStringTest[21]" time="0.001"/>
  <testcase classname="org.zencoinj.utils.BtcFormatTest" name="testGrouping[21]" time="0"/>
  <testcase classname="org.zencoinj.utils.BtcFormatTest" name="symbolsCodesTest[21]" time="0.001"/>
  <testcase classname="org.zencoinj.utils.BtcFormatTest" name="defaultLocaleTest[21]" time="0"/>
  <testcase classname="org.zencoinj.utils.BtcFormatTest" name="parsePositionTest[21]" time="0.001"/>
  <testcase classname="org.zencoinj.utils.BtcFormatTest" name="argumentTypeTest[21]" time="0"/>
  <testcase classname="org.zencoinj.utils.BtcFormatTest" name="characterIteratorTest[21]" time="0.001"/>
  <testcase classname="org.zencoinj.utils.BtcFormatTest" name="repeatingPlaceTest[21]" time="0"/>
  <testcase classname="org.zencoinj.utils.BtcFormatTest" name="currencyCodeTest[21]" time="0"/>
  <testcase classname="org.zencoinj.utils.BtcFormatTest" name="patternDecimalPlaces[21]" time="0"/>
  <testcase classname="org.zencoinj.utils.BtcFormatTest" name="factoryArgumentsTest[22]" time="0.001"/>
  <testcase classname="org.zencoinj.utils.BtcFormatTest" name="parseTest[22]" time="0.003"/>
  <testcase classname="org.zencoinj.utils.BtcFormatTest" name="microcoinScaleTest[22]" time="0"/>
  <testcase classname="org.zencoinj.utils.BtcFormatTest" name="parseMetricTest[22]" time="0.001"/>
  <testcase classname="org.zencoinj.utils.BtcFormatTest" name="coinScaleTest[22]" time="0"/>
  <testcase classname="org.zencoinj.utils.BtcFormatTest" name="builderTest[22]" time="0.001"/>
  <testcase classname="org.zencoinj.utils.BtcFormatTest" name="attributeTest[22]" time="0"/>
  <testcase classname="org.zencoinj.utils.BtcFormatTest" name="prefixTest[22]" time="0.001"/>
  <testcase classname="org.zencoinj.utils.BtcFormatTest" name="suffixTest[22]" time="0"/>
  <testcase classname="org.zencoinj.utils.BtcFormatTest" name="autoDecimalTest[22]" time="0.001"/>
  <testcase classname="org.zencoinj.utils.BtcFormatTest" name="symbolCollisionTest[22]" time="0.001"/>
  <testcase classname="org.zencoinj.utils.BtcFormatTest" name="equalityTest[22]" time="0.003"/>
  <testcase classname="org.zencoinj.utils.BtcFormatTest" name="columnAlignmentTest[22]" time="0"/>
  <testcase classname="org.zencoinj.utils.BtcFormatTest" name="factoryTest[22]" time="0"/>
  <testcase classname="org.zencoinj.utils.BtcFormatTest" name="parse[22]" time="0"/>
  <testcase classname="org.zencoinj.utils.BtcFormatTest" name="btcRounding[22]" time="0.002"/>
  <testcase classname="org.zencoinj.utils.BtcFormatTest" name="negativeTest[22]" time="0"/>
  <testcase classname="org.zencoinj.utils.BtcFormatTest" name="millicoinScaleTest[22]" time="0.001"/>
  <testcase classname="org.zencoinj.utils.BtcFormatTest" name="toStringTest[22]" time="0"/>
  <testcase classname="org.zencoinj.utils.BtcFormatTest" name="testGrouping[22]" time="0"/>
  <testcase classname="org.zencoinj.utils.BtcFormatTest" name="symbolsCodesTest[22]" time="0.001"/>
  <testcase classname="org.zencoinj.utils.BtcFormatTest" name="defaultLocaleTest[22]" time="0"/>
  <testcase classname="org.zencoinj.utils.BtcFormatTest" name="parsePositionTest[22]" time="0"/>
  <testcase classname="org.zencoinj.utils.BtcFormatTest" name="argumentTypeTest[22]" time="0.001"/>
  <testcase classname="org.zencoinj.utils.BtcFormatTest" name="characterIteratorTest[22]" time="0"/>
  <testcase classname="org.zencoinj.utils.BtcFormatTest" name="repeatingPlaceTest[22]" time="0"/>
  <testcase classname="org.zencoinj.utils.BtcFormatTest" name="currencyCodeTest[22]" time="0"/>
  <testcase classname="org.zencoinj.utils.BtcFormatTest" name="patternDecimalPlaces[22]" time="0"/>
  <testcase classname="org.zencoinj.utils.BtcFormatTest" name="factoryArgumentsTest[23]" time="0.002"/>
  <testcase classname="org.zencoinj.utils.BtcFormatTest" name="parseTest[23]" time="0.002"/>
  <testcase classname="org.zencoinj.utils.BtcFormatTest" name="microcoinScaleTest[23]" time="0"/>
  <testcase classname="org.zencoinj.utils.BtcFormatTest" name="parseMetricTest[23]" time="0.001"/>
  <testcase classname="org.zencoinj.utils.BtcFormatTest" name="coinScaleTest[23]" time="0"/>
  <testcase classname="org.zencoinj.utils.BtcFormatTest" name="builderTest[23]" time="0.002"/>
  <testcase classname="org.zencoinj.utils.BtcFormatTest" name="attributeTest[23]" time="0"/>
  <testcase classname="org.zencoinj.utils.BtcFormatTest" name="prefixTest[23]" time="0"/>
  <testcase classname="org.zencoinj.utils.BtcFormatTest" name="suffixTest[23]" time="0"/>
  <testcase classname="org.zencoinj.utils.BtcFormatTest" name="autoDecimalTest[23]" time="0.002"/>
  <testcase classname="org.zencoinj.utils.BtcFormatTest" name="symbolCollisionTest[23]" time="0.001"/>
  <testcase classname="org.zencoinj.utils.BtcFormatTest" name="equalityTest[23]" time="0.002"/>
  <testcase classname="org.zencoinj.utils.BtcFormatTest" name="columnAlignmentTest[23]" time="0"/>
  <testcase classname="org.zencoinj.utils.BtcFormatTest" name="factoryTest[23]" time="0"/>
  <testcase classname="org.zencoinj.utils.BtcFormatTest" name="parse[23]" time="0"/>
  <testcase classname="org.zencoinj.utils.BtcFormatTest" name="btcRounding[23]" time="0.002"/>
  <testcase classname="org.zencoinj.utils.BtcFormatTest" name="negativeTest[23]" time="0"/>
  <testcase classname="org.zencoinj.utils.BtcFormatTest" name="millicoinScaleTest[23]" time="0"/>
  <testcase classname="org.zencoinj.utils.BtcFormatTest" name="toStringTest[23]" time="0.001"/>
  <testcase classname="org.zencoinj.utils.BtcFormatTest" name="testGrouping[23]" time="0"/>
  <testcase classname="org.zencoinj.utils.BtcFormatTest" name="symbolsCodesTest[23]" time="0.001"/>
  <testcase classname="org.zencoinj.utils.BtcFormatTest" name="defaultLocaleTest[23]" time="0"/>
  <testcase classname="org.zencoinj.utils.BtcFormatTest" name="parsePositionTest[23]" time="0"/>
  <testcase classname="org.zencoinj.utils.BtcFormatTest" name="argumentTypeTest[23]" time="0.001"/>
  <testcase classname="org.zencoinj.utils.BtcFormatTest" name="characterIteratorTest[23]" time="0"/>
  <testcase classname="org.zencoinj.utils.BtcFormatTest" name="repeatingPlaceTest[23]" time="0.001"/>
  <testcase classname="org.zencoinj.utils.BtcFormatTest" name="currencyCodeTest[23]" time="0"/>
  <testcase classname="org.zencoinj.utils.BtcFormatTest" name="patternDecimalPlaces[23]" time="0"/>
  <testcase classname="org.zencoinj.utils.BtcFormatTest" name="factoryArgumentsTest[24]" time="0.002"/>
  <testcase classname="org.zencoinj.utils.BtcFormatTest" name="parseTest[24]" time="0.002"/>
  <testcase classname="org.zencoinj.utils.BtcFormatTest" name="microcoinScaleTest[24]" time="0"/>
  <testcase classname="org.zencoinj.utils.BtcFormatTest" name="parseMetricTest[24]" time="0.001"/>
  <testcase classname="org.zencoinj.utils.BtcFormatTest" name="coinScaleTest[24]" time="0"/>
  <testcase classname="org.zencoinj.utils.BtcFormatTest" name="builderTest[24]" time="0.002"/>
  <testcase classname="org.zencoinj.utils.BtcFormatTest" name="attributeTest[24]" time="0.001"/>
  <testcase classname="org.zencoinj.utils.BtcFormatTest" name="prefixTest[24]" time="0"/>
  <testcase classname="org.zencoinj.utils.BtcFormatTest" name="suffixTest[24]" time="0"/>
  <testcase classname="org.zencoinj.utils.BtcFormatTest" name="autoDecimalTest[24]" time="0.001"/>
  <testcase classname="org.zencoinj.utils.BtcFormatTest" name="symbolCollisionTest[24]" time="0.001"/>
  <testcase classname="org.zencoinj.utils.BtcFormatTest" name="equalityTest[24]" time="0.003"/>
  <testcase classname="org.zencoinj.utils.BtcFormatTest" name="columnAlignmentTest[24]" time="0"/>
  <testcase classname="org.zencoinj.utils.BtcFormatTest" name="factoryTest[24]" time="0"/>
  <testcase classname="org.zencoinj.utils.BtcFormatTest" name="parse[24]" time="0.001"/>
  <testcase classname="org.zencoinj.utils.BtcFormatTest" name="btcRounding[24]" time="0.001"/>
  <testcase classname="org.zencoinj.utils.BtcFormatTest" name="negativeTest[24]" time="0"/>
  <testcase classname="org.zencoinj.utils.BtcFormatTest" name="millicoinScaleTest[24]" time="0"/>
  <testcase classname="org.zencoinj.utils.BtcFormatTest" name="toStringTest[24]" time="0.001"/>
  <testcase classname="org.zencoinj.utils.BtcFormatTest" name="testGrouping[24]" time="0.001"/>
  <testcase classname="org.zencoinj.utils.BtcFormatTest" name="symbolsCodesTest[24]" time="0"/>
  <testcase classname="org.zencoinj.utils.BtcFormatTest" name="defaultLocaleTest[24]" time="0"/>
  <testcase classname="org.zencoinj.utils.BtcFormatTest" name="parsePositionTest[24]" time="0"/>
  <testcase classname="org.zencoinj.utils.BtcFormatTest" name="argumentTypeTest[24]" time="0"/>
  <testcase classname="org.zencoinj.utils.BtcFormatTest" name="characterIteratorTest[24]" time="0.001"/>
  <testcase classname="org.zencoinj.utils.BtcFormatTest" name="repeatingPlaceTest[24]" time="0"/>
  <testcase classname="org.zencoinj.utils.BtcFormatTest" name="currencyCodeTest[24]" time="0"/>
  <testcase classname="org.zencoinj.utils.BtcFormatTest" name="patternDecimalPlaces[24]" time="0"/>
  <testcase classname="org.zencoinj.utils.BtcFormatTest" name="factoryArgumentsTest[25]" time="0.002"/>
  <testcase classname="org.zencoinj.utils.BtcFormatTest" name="parseTest[25]" time="0.002"/>
  <testcase classname="org.zencoinj.utils.BtcFormatTest" name="microcoinScaleTest[25]" time="0"/>
  <testcase classname="org.zencoinj.utils.BtcFormatTest" name="parseMetricTest[25]" time="0.002"/>
  <testcase classname="org.zencoinj.utils.BtcFormatTest" name="coinScaleTest[25]" time="0.001"/>
  <testcase classname="org.zencoinj.utils.BtcFormatTest" name="builderTest[25]" time="0.002"/>
  <testcase classname="org.zencoinj.utils.BtcFormatTest" name="attributeTest[25]" time="0"/>
  <testcase classname="org.zencoinj.utils.BtcFormatTest" name="prefixTest[25]" time="0"/>
  <testcase classname="org.zencoinj.utils.BtcFormatTest" name="suffixTest[25]" time="0"/>
  <testcase classname="org.zencoinj.utils.BtcFormatTest" name="autoDecimalTest[25]" time="0.001"/>
  <testcase classname="org.zencoinj.utils.BtcFormatTest" name="symbolCollisionTest[25]" time="0.001"/>
  <testcase classname="org.zencoinj.utils.BtcFormatTest" name="equalityTest[25]" time="0.003"/>
  <testcase classname="org.zencoinj.utils.BtcFormatTest" name="columnAlignmentTest[25]" time="0.001"/>
  <testcase classname="org.zencoinj.utils.BtcFormatTest" name="factoryTest[25]" time="0"/>
  <testcase classname="org.zencoinj.utils.BtcFormatTest" name="parse[25]" time="0"/>
  <testcase classname="org.zencoinj.utils.BtcFormatTest" name="btcRounding[25]" time="0.002"/>
  <testcase classname="org.zencoinj.utils.BtcFormatTest" name="negativeTest[25]" time="0"/>
  <testcase classname="org.zencoinj.utils.BtcFormatTest" name="millicoinScaleTest[25]" time="0.001"/>
  <testcase classname="org.zencoinj.utils.BtcFormatTest" name="toStringTest[25]" time="0.001"/>
  <testcase classname="org.zencoinj.utils.BtcFormatTest" name="testGrouping[25]" time="0.001"/>
  <testcase classname="org.zencoinj.utils.BtcFormatTest" name="symbolsCodesTest[25]" time="0"/>
  <testcase classname="org.zencoinj.utils.BtcFormatTest" name="defaultLocaleTest[25]" time="0.001"/>
  <testcase classname="org.zencoinj.utils.BtcFormatTest" name="parsePositionTest[25]" time="0"/>
  <testcase classname="org.zencoinj.utils.BtcFormatTest" name="argumentTypeTest[25]" time="0.001"/>
  <testcase classname="org.zencoinj.utils.BtcFormatTest" name="characterIteratorTest[25]" time="0"/>
  <testcase classname="org.zencoinj.utils.BtcFormatTest" name="repeatingPlaceTest[25]" time="0.001"/>
  <testcase classname="org.zencoinj.utils.BtcFormatTest" name="currencyCodeTest[25]" time="0"/>
  <testcase classname="org.zencoinj.utils.BtcFormatTest" name="patternDecimalPlaces[25]" time="0"/>
  <testcase classname="org.zencoinj.utils.BtcFormatTest" name="factoryArgumentsTest[26]" time="0.001"/>
  <testcase classname="org.zencoinj.utils.BtcFormatTest" name="parseTest[26]" time="0.002"/>
  <testcase classname="org.zencoinj.utils.BtcFormatTest" name="microcoinScaleTest[26]" time="0"/>
  <testcase classname="org.zencoinj.utils.BtcFormatTest" name="parseMetricTest[26]" time="0.001"/>
  <testcase classname="org.zencoinj.utils.BtcFormatTest" name="coinScaleTest[26]" time="0.001"/>
  <testcase classname="org.zencoinj.utils.BtcFormatTest" name="builderTest[26]" time="0.002"/>
  <testcase classname="org.zencoinj.utils.BtcFormatTest" name="attributeTest[26]" time="0.001"/>
  <testcase classname="org.zencoinj.utils.BtcFormatTest" name="prefixTest[26]" time="0"/>
  <testcase classname="org.zencoinj.utils.BtcFormatTest" name="suffixTest[26]" time="0"/>
  <testcase classname="org.zencoinj.utils.BtcFormatTest" name="autoDecimalTest[26]" time="0.002"/>
  <testcase classname="org.zencoinj.utils.BtcFormatTest" name="symbolCollisionTest[26]" time="0.002"/>
  <testcase classname="org.zencoinj.utils.BtcFormatTest" name="equalityTest[26]" time="0.003"/>
  <testcase classname="org.zencoinj.utils.BtcFormatTest" name="columnAlignmentTest[26]" time="0.001"/>
  <testcase classname="org.zencoinj.utils.BtcFormatTest" name="factoryTest[26]" time="0"/>
  <testcase classname="org.zencoinj.utils.BtcFormatTest" name="parse[26]" time="0"/>
  <testcase classname="org.zencoinj.utils.BtcFormatTest" name="btcRounding[26]" time="0.002"/>
  <testcase classname="org.zencoinj.utils.BtcFormatTest" name="negativeTest[26]" time="0.001"/>
  <testcase classname="org.zencoinj.utils.BtcFormatTest" name="millicoinScaleTest[26]" time="0"/>
  <testcase classname="org.zencoinj.utils.BtcFormatTest" name="toStringTest[26]" time="0.001"/>
  <testcase classname="org.zencoinj.utils.BtcFormatTest" name="testGrouping[26]" time="0"/>
  <testcase classname="org.zencoinj.utils.BtcFormatTest" name="symbolsCodesTest[26]" time="0"/>
  <testcase classname="org.zencoinj.utils.BtcFormatTest" name="defaultLocaleTest[26]" time="0"/>
  <testcase classname="org.zencoinj.utils.BtcFormatTest" name="parsePositionTest[26]" time="0.001"/>
  <testcase classname="org.zencoinj.utils.BtcFormatTest" name="argumentTypeTest[26]" time="0"/>
  <testcase classname="org.zencoinj.utils.BtcFormatTest" name="characterIteratorTest[26]" time="0"/>
  <testcase classname="org.zencoinj.utils.BtcFormatTest" name="repeatingPlaceTest[26]" time="0"/>
  <testcase classname="org.zencoinj.utils.BtcFormatTest" name="currencyCodeTest[26]" time="0"/>
  <testcase classname="org.zencoinj.utils.BtcFormatTest" name="patternDecimalPlaces[26]" time="0"/>
  <testcase classname="org.zencoinj.utils.BtcFormatTest" name="factoryArgumentsTest[27]" time="0.001"/>
  <testcase classname="org.zencoinj.utils.BtcFormatTest" name="parseTest[27]" time="0.002"/>
  <testcase classname="org.zencoinj.utils.BtcFormatTest" name="microcoinScaleTest[27]" time="0"/>
  <testcase classname="org.zencoinj.utils.BtcFormatTest" name="parseMetricTest[27]" time="0.001"/>
  <testcase classname="org.zencoinj.utils.BtcFormatTest" name="coinScaleTest[27]" time="0"/>
  <testcase classname="org.zencoinj.utils.BtcFormatTest" name="builderTest[27]" time="0.003"/>
  <testcase classname="org.zencoinj.utils.BtcFormatTest" name="attributeTest[27]" time="0.001"/>
  <testcase classname="org.zencoinj.utils.BtcFormatTest" name="prefixTest[27]" time="0"/>
  <testcase classname="org.zencoinj.utils.BtcFormatTest" name="suffixTest[27]" time="0"/>
  <testcase classname="org.zencoinj.utils.BtcFormatTest" name="autoDecimalTest[27]" time="0.002"/>
  <testcase classname="org.zencoinj.utils.BtcFormatTest" name="symbolCollisionTest[27]" time="0.002"/>
  <testcase classname="org.zencoinj.utils.BtcFormatTest" name="equalityTest[27]" time="0.002"/>
  <testcase classname="org.zencoinj.utils.BtcFormatTest" name="columnAlignmentTest[27]" time="0"/>
  <testcase classname="org.zencoinj.utils.BtcFormatTest" name="factoryTest[27]" time="0"/>
  <testcase classname="org.zencoinj.utils.BtcFormatTest" name="parse[27]" time="0"/>
  <testcase classname="org.zencoinj.utils.BtcFormatTest" name="btcRounding[27]" time="0.002"/>
  <testcase classname="org.zencoinj.utils.BtcFormatTest" name="negativeTest[27]" time="0.001"/>
  <testcase classname="org.zencoinj.utils.BtcFormatTest" name="millicoinScaleTest[27]" time="0"/>
  <testcase classname="org.zencoinj.utils.BtcFormatTest" name="toStringTest[27]" time="0.001"/>
  <testcase classname="org.zencoinj.utils.BtcFormatTest" name="testGrouping[27]" time="0"/>
  <testcase classname="org.zencoinj.utils.BtcFormatTest" name="symbolsCodesTest[27]" time="0.001"/>
  <testcase classname="org.zencoinj.utils.BtcFormatTest" name="defaultLocaleTest[27]" time="0"/>
  <testcase classname="org.zencoinj.utils.BtcFormatTest" name="parsePositionTest[27]" time="0.001"/>
  <testcase classname="org.zencoinj.utils.BtcFormatTest" name="argumentTypeTest[27]" time="0"/>
  <testcase classname="org.zencoinj.utils.BtcFormatTest" name="characterIteratorTest[27]" time="0.001"/>
  <testcase classname="org.zencoinj.utils.BtcFormatTest" name="repeatingPlaceTest[27]" time="0"/>
  <testcase classname="org.zencoinj.utils.BtcFormatTest" name="currencyCodeTest[27]" time="0.001"/>
  <testcase classname="org.zencoinj.utils.BtcFormatTest" name="patternDecimalPlaces[27]" time="0"/>
  <testcase classname="org.zencoinj.utils.BtcFormatTest" name="factoryArgumentsTest[28]" time="0.001"/>
  <testcase classname="org.zencoinj.utils.BtcFormatTest" name="parseTest[28]" time="0.003"/>
  <testcase classname="org.zencoinj.utils.BtcFormatTest" name="microcoinScaleTest[28]" time="0"/>
  <testcase classname="org.zencoinj.utils.BtcFormatTest" name="parseMetricTest[28]" time="0.003"/>
  <testcase classname="org.zencoinj.utils.BtcFormatTest" name="coinScaleTest[28]" time="0"/>
  <testcase classname="org.zencoinj.utils.BtcFormatTest" name="builderTest[28]" time="0.005"/>
  <testcase classname="org.zencoinj.utils.BtcFormatTest" name="attributeTest[28]" time="0"/>
  <testcase classname="org.zencoinj.utils.BtcFormatTest" name="prefixTest[28]" time="0.001"/>
  <testcase classname="org.zencoinj.utils.BtcFormatTest" name="suffixTest[28]" time="0"/>
  <testcase classname="org.zencoinj.utils.BtcFormatTest" name="autoDecimalTest[28]" time="0.002"/>
  <testcase classname="org.zencoinj.utils.BtcFormatTest" name="symbolCollisionTest[28]" time="0.001"/>
  <testcase classname="org.zencoinj.utils.BtcFormatTest" name="equalityTest[28]" time="0.004"/>
  <testcase classname="org.zencoinj.utils.BtcFormatTest" name="columnAlignmentTest[28]" time="0.001"/>
  <testcase classname="org.zencoinj.utils.BtcFormatTest" name="factoryTest[28]" time="0"/>
  <testcase classname="org.zencoinj.utils.BtcFormatTest" name="parse[28]" time="0"/>
  <testcase classname="org.zencoinj.utils.BtcFormatTest" name="btcRounding[28]" time="0.002"/>
  <testcase classname="org.zencoinj.utils.BtcFormatTest" name="negativeTest[28]" time="0"/>
  <testcase classname="org.zencoinj.utils.BtcFormatTest" name="millicoinScaleTest[28]" time="0"/>
  <testcase classname="org.zencoinj.utils.BtcFormatTest" name="toStringTest[28]" time="0.001"/>
  <testcase classname="org.zencoinj.utils.BtcFormatTest" name="testGrouping[28]" time="0"/>
  <testcase classname="org.zencoinj.utils.BtcFormatTest" name="symbolsCodesTest[28]" time="0.001"/>
  <testcase classname="org.zencoinj.utils.BtcFormatTest" name="defaultLocaleTest[28]" time="0.001"/>
  <testcase classname="org.zencoinj.utils.BtcFormatTest" name="parsePositionTest[28]" time="0.001"/>
  <testcase classname="org.zencoinj.utils.BtcFormatTest" name="argumentTypeTest[28]" time="0"/>
  <testcase classname="org.zencoinj.utils.BtcFormatTest" name="characterIteratorTest[28]" time="0.001"/>
  <testcase classname="org.zencoinj.utils.BtcFormatTest" name="repeatingPlaceTest[28]" time="0"/>
  <testcase classname="org.zencoinj.utils.BtcFormatTest" name="currencyCodeTest[28]" time="0"/>
  <testcase classname="org.zencoinj.utils.BtcFormatTest" name="patternDecimalPlaces[28]" time="0"/>
  <testcase classname="org.zencoinj.utils.BtcFormatTest" name="factoryArgumentsTest[29]" time="0.002"/>
  <testcase classname="org.zencoinj.utils.BtcFormatTest" name="parseTest[29]" time="0.003"/>
  <testcase classname="org.zencoinj.utils.BtcFormatTest" name="microcoinScaleTest[29]" time="0"/>
  <testcase classname="org.zencoinj.utils.BtcFormatTest" name="parseMetricTest[29]" time="0.001"/>
  <testcase classname="org.zencoinj.utils.BtcFormatTest" name="coinScaleTest[29]" time="0"/>
  <testcase classname="org.zencoinj.utils.BtcFormatTest" name="builderTest[29]" time="0.003"/>
  <testcase classname="org.zencoinj.utils.BtcFormatTest" name="attributeTest[29]" time="0"/>
  <testcase classname="org.zencoinj.utils.BtcFormatTest" name="prefixTest[29]" time="0"/>
  <testcase classname="org.zencoinj.utils.BtcFormatTest" name="suffixTest[29]" time="0.001"/>
  <testcase classname="org.zencoinj.utils.BtcFormatTest" name="autoDecimalTest[29]" time="0.001"/>
  <testcase classname="org.zencoinj.utils.BtcFormatTest" name="symbolCollisionTest[29]" time="0.002"/>
  <testcase classname="org.zencoinj.utils.BtcFormatTest" name="equalityTest[29]" time="0.003"/>
  <testcase classname="org.zencoinj.utils.BtcFormatTest" name="columnAlignmentTest[29]" time="0"/>
  <testcase classname="org.zencoinj.utils.BtcFormatTest" name="factoryTest[29]" time="0.001"/>
  <testcase classname="org.zencoinj.utils.BtcFormatTest" name="parse[29]" time="0"/>
  <testcase classname="org.zencoinj.utils.BtcFormatTest" name="btcRounding[29]" time="0.001"/>
  <testcase classname="org.zencoinj.utils.BtcFormatTest" name="negativeTest[29]" time="0.001"/>
  <testcase classname="org.zencoinj.utils.BtcFormatTest" name="millicoinScaleTest[29]" time="0"/>
  <testcase classname="org.zencoinj.utils.BtcFormatTest" name="toStringTest[29]" time="0.001"/>
  <testcase classname="org.zencoinj.utils.BtcFormatTest" name="testGrouping[29]" time="0"/>
  <testcase classname="org.zencoinj.utils.BtcFormatTest" name="symbolsCodesTest[29]" time="0.001"/>
  <testcase classname="org.zencoinj.utils.BtcFormatTest" name="defaultLocaleTest[29]" time="0"/>
  <testcase classname="org.zencoinj.utils.BtcFormatTest" name="parsePositionTest[29]" time="0.002"/>
  <testcase classname="org.zencoinj.utils.BtcFormatTest" name="argumentTypeTest[29]" time="0"/>
  <testcase classname="org.zencoinj.utils.BtcFormatTest" name="characterIteratorTest[29]" time="0.001"/>
  <testcase classname="org.zencoinj.utils.BtcFormatTest" name="repeatingPlaceTest[29]" time="0"/>
  <testcase classname="org.zencoinj.utils.BtcFormatTest" name="currencyCodeTest[29]" time="0.001"/>
  <testcase classname="org.zencoinj.utils.BtcFormatTest" name="patternDecimalPlaces[29]" time="0"/>
  <testcase classname="org.zencoinj.utils.BtcFormatTest" name="factoryArgumentsTest[30]" time="0.002"/>
  <testcase classname="org.zencoinj.utils.BtcFormatTest" name="parseTest[30]" time="0.003"/>
  <testcase classname="org.zencoinj.utils.BtcFormatTest" name="microcoinScaleTest[30]" time="0"/>
  <testcase classname="org.zencoinj.utils.BtcFormatTest" name="parseMetricTest[30]" time="0.002"/>
  <testcase classname="org.zencoinj.utils.BtcFormatTest" name="coinScaleTest[30]" time="0"/>
  <testcase classname="org.zencoinj.utils.BtcFormatTest" name="builderTest[30]" time="0.003"/>
  <testcase classname="org.zencoinj.utils.BtcFormatTest" name="attributeTest[30]" time="0.001"/>
  <testcase classname="org.zencoinj.utils.BtcFormatTest" name="prefixTest[30]" time="0"/>
  <testcase classname="org.zencoinj.utils.BtcFormatTest" name="suffixTest[30]" time="0"/>
  <testcase classname="org.zencoinj.utils.BtcFormatTest" name="autoDecimalTest[30]" time="0.001"/>
  <testcase classname="org.zencoinj.utils.BtcFormatTest" name="symbolCollisionTest[30]" time="0.002"/>
  <testcase classname="org.zencoinj.utils.BtcFormatTest" name="equalityTest[30]" time="0.003"/>
  <testcase classname="org.zencoinj.utils.BtcFormatTest" name="columnAlignmentTest[30]" time="0"/>
  <testcase classname="org.zencoinj.utils.BtcFormatTest" name="factoryTest[30]" time="0"/>
  <testcase classname="org.zencoinj.utils.BtcFormatTest" name="parse[30]" time="0.001"/>
  <testcase classname="org.zencoinj.utils.BtcFormatTest" name="btcRounding[30]" time="0.001"/>
  <testcase classname="org.zencoinj.utils.BtcFormatTest" name="negativeTest[30]" time="0.001"/>
  <testcase classname="org.zencoinj.utils.BtcFormatTest" name="millicoinScaleTest[30]" time="0"/>
  <testcase classname="org.zencoinj.utils.BtcFormatTest" name="toStringTest[30]" time="0.001"/>
  <testcase classname="org.zencoinj.utils.BtcFormatTest" name="testGrouping[30]" time="0"/>
  <testcase classname="org.zencoinj.utils.BtcFormatTest" name="symbolsCodesTest[30]" time="0.001"/>
  <testcase classname="org.zencoinj.utils.BtcFormatTest" name="defaultLocaleTest[30]" time="0"/>
  <testcase classname="org.zencoinj.utils.BtcFormatTest" name="parsePositionTest[30]" time="0.001"/>
  <testcase classname="org.zencoinj.utils.BtcFormatTest" name="argumentTypeTest[30]" time="0"/>
  <testcase classname="org.zencoinj.utils.BtcFormatTest" name="characterIteratorTest[30]" time="0.001"/>
  <testcase classname="org.zencoinj.utils.BtcFormatTest" name="repeatingPlaceTest[30]" time="0"/>
  <testcase classname="org.zencoinj.utils.BtcFormatTest" name="currencyCodeTest[30]" time="0"/>
  <testcase classname="org.zencoinj.utils.BtcFormatTest" name="patternDecimalPlaces[30]" time="0"/>
  <testcase classname="org.zencoinj.utils.BtcFormatTest" name="factoryArgumentsTest[31]" time="0.002"/>
  <testcase classname="org.zencoinj.utils.BtcFormatTest" name="parseTest[31]" time="0.003"/>
  <testcase classname="org.zencoinj.utils.BtcFormatTest" name="microcoinScaleTest[31]" time="0"/>
  <testcase classname="org.zencoinj.utils.BtcFormatTest" name="parseMetricTest[31]" time="0.001"/>
  <testcase classname="org.zencoinj.utils.BtcFormatTest" name="coinScaleTest[31]" time="0"/>
  <testcase classname="org.zencoinj.utils.BtcFormatTest" name="builderTest[31]" time="0.001"/>
  <testcase classname="org.zencoinj.utils.BtcFormatTest" name="attributeTest[31]" time="0.001"/>
  <testcase classname="org.zencoinj.utils.BtcFormatTest" name="prefixTest[31]" time="0"/>
  <testcase classname="org.zencoinj.utils.BtcFormatTest" name="suffixTest[31]" time="0"/>
  <testcase classname="org.zencoinj.utils.BtcFormatTest" name="autoDecimalTest[31]" time="0.001"/>
  <testcase classname="org.zencoinj.utils.BtcFormatTest" name="symbolCollisionTest[31]" time="0.002"/>
  <testcase classname="org.zencoinj.utils.BtcFormatTest" name="equalityTest[31]" time="0.003"/>
  <testcase classname="org.zencoinj.utils.BtcFormatTest" name="columnAlignmentTest[31]" time="0"/>
  <testcase classname="org.zencoinj.utils.BtcFormatTest" name="factoryTest[31]" time="0"/>
  <testcase classname="org.zencoinj.utils.BtcFormatTest" name="parse[31]" time="0"/>
  <testcase classname="org.zencoinj.utils.BtcFormatTest" name="btcRounding[31]" time="0.002"/>
  <testcase classname="org.zencoinj.utils.BtcFormatTest" name="negativeTest[31]" time="0"/>
  <testcase classname="org.zencoinj.utils.BtcFormatTest" name="millicoinScaleTest[31]" time="0"/>
  <testcase classname="org.zencoinj.utils.BtcFormatTest" name="toStringTest[31]" time="0.001"/>
  <testcase classname="org.zencoinj.utils.BtcFormatTest" name="testGrouping[31]" time="0"/>
  <testcase classname="org.zencoinj.utils.BtcFormatTest" name="symbolsCodesTest[31]" time="0.001"/>
  <testcase classname="org.zencoinj.utils.BtcFormatTest" name="defaultLocaleTest[31]" time="0"/>
  <testcase classname="org.zencoinj.utils.BtcFormatTest" name="parsePositionTest[31]" time="0"/>
  <testcase classname="org.zencoinj.utils.BtcFormatTest" name="argumentTypeTest[31]" time="0.001"/>
  <testcase classname="org.zencoinj.utils.BtcFormatTest" name="characterIteratorTest[31]" time="0"/>
  <testcase classname="org.zencoinj.utils.BtcFormatTest" name="repeatingPlaceTest[31]" time="0.001"/>
  <testcase classname="org.zencoinj.utils.BtcFormatTest" name="currencyCodeTest[31]" time="0"/>
  <testcase classname="org.zencoinj.utils.BtcFormatTest" name="patternDecimalPlaces[31]" time="0"/>
  <testcase classname="org.zencoinj.utils.BtcFormatTest" name="factoryArgumentsTest[32]" time="0.002"/>
  <testcase classname="org.zencoinj.utils.BtcFormatTest" name="parseTest[32]" time="0.006"/>
  <testcase classname="org.zencoinj.utils.BtcFormatTest" name="microcoinScaleTest[32]" time="0"/>
  <testcase classname="org.zencoinj.utils.BtcFormatTest" name="parseMetricTest[32]" time="0.002"/>
  <testcase classname="org.zencoinj.utils.BtcFormatTest" name="coinScaleTest[32]" time="0"/>
  <testcase classname="org.zencoinj.utils.BtcFormatTest" name="builderTest[32]" time="0.003"/>
  <testcase classname="org.zencoinj.utils.BtcFormatTest" name="attributeTest[32]" time="0"/>
  <testcase classname="org.zencoinj.utils.BtcFormatTest" name="prefixTest[32]" time="0.001"/>
  <testcase classname="org.zencoinj.utils.BtcFormatTest" name="suffixTest[32]" time="0"/>
  <testcase classname="org.zencoinj.utils.BtcFormatTest" name="autoDecimalTest[32]" time="0.001"/>
  <testcase classname="org.zencoinj.utils.BtcFormatTest" name="symbolCollisionTest[32]" time="0.002"/>
  <testcase classname="org.zencoinj.utils.BtcFormatTest" name="equalityTest[32]" time="0.004"/>
  <testcase classname="org.zencoinj.utils.BtcFormatTest" name="columnAlignmentTest[32]" time="0"/>
  <testcase classname="org.zencoinj.utils.BtcFormatTest" name="factoryTest[32]" time="0.001"/>
  <testcase classname="org.zencoinj.utils.BtcFormatTest" name="parse[32]" time="0"/>
  <testcase classname="org.zencoinj.utils.BtcFormatTest" name="btcRounding[32]" time="0.002"/>
  <testcase classname="org.zencoinj.utils.BtcFormatTest" name="negativeTest[32]" time="0"/>
  <testcase classname="org.zencoinj.utils.BtcFormatTest" name="millicoinScaleTest[32]" time="0.001"/>
  <testcase classname="org.zencoinj.utils.BtcFormatTest" name="toStringTest[32]" time="0.001"/>
  <testcase classname="org.zencoinj.utils.BtcFormatTest" name="testGrouping[32]" time="0"/>
  <testcase classname="org.zencoinj.utils.BtcFormatTest" name="symbolsCodesTest[32]" time="0"/>
  <testcase classname="org.zencoinj.utils.BtcFormatTest" name="defaultLocaleTest[32]" time="0"/>
  <testcase classname="org.zencoinj.utils.BtcFormatTest" name="parsePositionTest[32]" time="0"/>
  <testcase classname="org.zencoinj.utils.BtcFormatTest" name="argumentTypeTest[32]" time="0.001"/>
  <testcase classname="org.zencoinj.utils.BtcFormatTest" name="characterIteratorTest[32]" time="0"/>
  <testcase classname="org.zencoinj.utils.BtcFormatTest" name="repeatingPlaceTest[32]" time="0.001"/>
  <testcase classname="org.zencoinj.utils.BtcFormatTest" name="currencyCodeTest[32]" time="0"/>
  <testcase classname="org.zencoinj.utils.BtcFormatTest" name="patternDecimalPlaces[32]" time="0"/>
  <testcase classname="org.zencoinj.utils.BtcFormatTest" name="factoryArgumentsTest[33]" time="0.001"/>
  <testcase classname="org.zencoinj.utils.BtcFormatTest" name="parseTest[33]" time="0.002"/>
  <testcase classname="org.zencoinj.utils.BtcFormatTest" name="microcoinScaleTest[33]" time="0"/>
  <testcase classname="org.zencoinj.utils.BtcFormatTest" name="parseMetricTest[33]" time="0.001"/>
  <testcase classname="org.zencoinj.utils.BtcFormatTest" name="coinScaleTest[33]" time="0.001"/>
  <testcase classname="org.zencoinj.utils.BtcFormatTest" name="builderTest[33]" time="0.002"/>
  <testcase classname="org.zencoinj.utils.BtcFormatTest" name="attributeTest[33]" time="0"/>
  <testcase classname="org.zencoinj.utils.BtcFormatTest" name="prefixTest[33]" time="0.001"/>
  <testcase classname="org.zencoinj.utils.BtcFormatTest" name="suffixTest[33]" time="0"/>
  <testcase classname="org.zencoinj.utils.BtcFormatTest" name="autoDecimalTest[33]" time="0.001"/>
  <testcase classname="org.zencoinj.utils.BtcFormatTest" name="symbolCollisionTest[33]" time="0.001"/>
  <testcase classname="org.zencoinj.utils.BtcFormatTest" name="equalityTest[33]" time="0.002"/>
  <testcase classname="org.zencoinj.utils.BtcFormatTest" name="columnAlignmentTest[33]" time="0"/>
  <testcase classname="org.zencoinj.utils.BtcFormatTest" name="factoryTest[33]" time="0"/>
  <testcase classname="org.zencoinj.utils.BtcFormatTest" name="parse[33]" time="0"/>
  <testcase classname="org.zencoinj.utils.BtcFormatTest" name="btcRounding[33]" time="0.002"/>
  <testcase classname="org.zencoinj.utils.BtcFormatTest" name="negativeTest[33]" time="0.001"/>
  <testcase classname="org.zencoinj.utils.BtcFormatTest" name="millicoinScaleTest[33]" time="0"/>
  <testcase classname="org.zencoinj.utils.BtcFormatTest" name="toStringTest[33]" time="0.001"/>
  <testcase classname="org.zencoinj.utils.BtcFormatTest" name="testGrouping[33]" time="0"/>
  <testcase classname="org.zencoinj.utils.BtcFormatTest" name="symbolsCodesTest[33]" time="0"/>
  <testcase classname="org.zencoinj.utils.BtcFormatTest" name="defaultLocaleTest[33]" time="0.001"/>
  <testcase classname="org.zencoinj.utils.BtcFormatTest" name="parsePositionTest[33]" time="0"/>
  <testcase classname="org.zencoinj.utils.BtcFormatTest" name="argumentTypeTest[33]" time="0.001"/>
  <testcase classname="org.zencoinj.utils.BtcFormatTest" name="characterIteratorTest[33]" time="0.001"/>
  <testcase classname="org.zencoinj.utils.BtcFormatTest" name="repeatingPlaceTest[33]" time="0.001"/>
  <testcase classname="org.zencoinj.utils.BtcFormatTest" name="currencyCodeTest[33]" time="0"/>
  <testcase classname="org.zencoinj.utils.BtcFormatTest" name="patternDecimalPlaces[33]" time="0"/>
  <testcase classname="org.zencoinj.utils.BtcFormatTest" name="factoryArgumentsTest[34]" time="0.002"/>
  <testcase classname="org.zencoinj.utils.BtcFormatTest" name="parseTest[34]" time="0.002"/>
  <testcase classname="org.zencoinj.utils.BtcFormatTest" name="microcoinScaleTest[34]" time="0"/>
  <testcase classname="org.zencoinj.utils.BtcFormatTest" name="parseMetricTest[34]" time="0.001"/>
  <testcase classname="org.zencoinj.utils.BtcFormatTest" name="coinScaleTest[34]" time="0"/>
  <testcase classname="org.zencoinj.utils.BtcFormatTest" name="builderTest[34]" time="0.003"/>
  <testcase classname="org.zencoinj.utils.BtcFormatTest" name="attributeTest[34]" time="0"/>
  <testcase classname="org.zencoinj.utils.BtcFormatTest" name="prefixTest[34]" time="0"/>
  <testcase classname="org.zencoinj.utils.BtcFormatTest" name="suffixTest[34]" time="0.001"/>
  <testcase classname="org.zencoinj.utils.BtcFormatTest" name="autoDecimalTest[34]" time="0.001"/>
  <testcase classname="org.zencoinj.utils.BtcFormatTest" name="symbolCollisionTest[34]" time="0.001"/>
  <testcase classname="org.zencoinj.utils.BtcFormatTest" name="equalityTest[34]" time="0.003"/>
  <testcase classname="org.zencoinj.utils.BtcFormatTest" name="columnAlignmentTest[34]" time="0"/>
  <testcase classname="org.zencoinj.utils.BtcFormatTest" name="factoryTest[34]" time="0"/>
  <testcase classname="org.zencoinj.utils.BtcFormatTest" name="parse[34]" time="0"/>
  <testcase classname="org.zencoinj.utils.BtcFormatTest" name="btcRounding[34]" time="0.001"/>
  <testcase classname="org.zencoinj.utils.BtcFormatTest" name="negativeTest[34]" time="0.001"/>
  <testcase classname="org.zencoinj.utils.BtcFormatTest" name="millicoinScaleTest[34]" time="0"/>
  <testcase classname="org.zencoinj.utils.BtcFormatTest" name="toStringTest[34]" time="0.001"/>
  <testcase classname="org.zencoinj.utils.BtcFormatTest" name="testGrouping[34]" time="0"/>
  <testcase classname="org.zencoinj.utils.BtcFormatTest" name="symbolsCodesTest[34]" time="0.001"/>
  <testcase classname="org.zencoinj.utils.BtcFormatTest" name="defaultLocaleTest[34]" time="0"/>
  <testcase classname="org.zencoinj.utils.BtcFormatTest" name="parsePositionTest[34]" time="0.001"/>
  <testcase classname="org.zencoinj.utils.BtcFormatTest" name="argumentTypeTest[34]" time="0"/>
  <testcase classname="org.zencoinj.utils.BtcFormatTest" name="characterIteratorTest[34]" time="0.001"/>
  <testcase classname="org.zencoinj.utils.BtcFormatTest" name="repeatingPlaceTest[34]" time="0"/>
  <testcase classname="org.zencoinj.utils.BtcFormatTest" name="currencyCodeTest[34]" time="0"/>
  <testcase classname="org.zencoinj.utils.BtcFormatTest" name="patternDecimalPlaces[34]" time="0"/>
  <testcase classname="org.zencoinj.utils.BtcFormatTest" name="factoryArgumentsTest[35]" time="0.002"/>
  <testcase classname="org.zencoinj.utils.BtcFormatTest" name="parseTest[35]" time="0.002"/>
  <testcase classname="org.zencoinj.utils.BtcFormatTest" name="microcoinScaleTest[35]" time="0"/>
  <testcase classname="org.zencoinj.utils.BtcFormatTest" name="parseMetricTest[35]" time="0.002"/>
  <testcase classname="org.zencoinj.utils.BtcFormatTest" name="coinScaleTest[35]" time="0"/>
  <testcase classname="org.zencoinj.utils.BtcFormatTest" name="builderTest[35]" time="0.002"/>
  <testcase classname="org.zencoinj.utils.BtcFormatTest" name="attributeTest[35]" time="0"/>
  <testcase classname="org.zencoinj.utils.BtcFormatTest" name="prefixTest[35]" time="0"/>
  <testcase classname="org.zencoinj.utils.BtcFormatTest" name="suffixTest[35]" time="0.001"/>
  <testcase classname="org.zencoinj.utils.BtcFormatTest" name="autoDecimalTest[35]" time="0"/>
  <testcase classname="org.zencoinj.utils.BtcFormatTest" name="symbolCollisionTest[35]" time="0.001"/>
  <testcase classname="org.zencoinj.utils.BtcFormatTest" name="equalityTest[35]" time="0.001"/>
  <testcase classname="org.zencoinj.utils.BtcFormatTest" name="columnAlignmentTest[35]" time="0.001"/>
  <testcase classname="org.zencoinj.utils.BtcFormatTest" name="factoryTest[35]" time="0"/>
  <testcase classname="org.zencoinj.utils.BtcFormatTest" name="parse[35]" time="0"/>
  <testcase classname="org.zencoinj.utils.BtcFormatTest" name="btcRounding[35]" time="0.002"/>
  <testcase classname="org.zencoinj.utils.BtcFormatTest" name="negativeTest[35]" time="0"/>
  <testcase classname="org.zencoinj.utils.BtcFormatTest" name="millicoinScaleTest[35]" time="0"/>
  <testcase classname="org.zencoinj.utils.BtcFormatTest" name="toStringTest[35]" time="0.001"/>
  <testcase classname="org.zencoinj.utils.BtcFormatTest" name="testGrouping[35]" time="0"/>
  <testcase classname="org.zencoinj.utils.BtcFormatTest" name="symbolsCodesTest[35]" time="0"/>
  <testcase classname="org.zencoinj.utils.BtcFormatTest" name="defaultLocaleTest[35]" time="0"/>
  <testcase classname="org.zencoinj.utils.BtcFormatTest" name="parsePositionTest[35]" time="0"/>
  <testcase classname="org.zencoinj.utils.BtcFormatTest" name="argumentTypeTest[35]" time="0"/>
  <testcase classname="org.zencoinj.utils.BtcFormatTest" name="characterIteratorTest[35]" time="0"/>
  <testcase classname="org.zencoinj.utils.BtcFormatTest" name="repeatingPlaceTest[35]" time="0.001"/>
  <testcase classname="org.zencoinj.utils.BtcFormatTest" name="currencyCodeTest[35]" time="0"/>
  <testcase classname="org.zencoinj.utils.BtcFormatTest" name="patternDecimalPlaces[35]" time="0"/>
  <testcase classname="org.zencoinj.utils.BtcFormatTest" name="factoryArgumentsTest[36]" time="0.001"/>
  <testcase classname="org.zencoinj.utils.BtcFormatTest" name="parseTest[36]" time="0.001"/>
  <testcase classname="org.zencoinj.utils.BtcFormatTest" name="microcoinScaleTest[36]" time="0"/>
  <testcase classname="org.zencoinj.utils.BtcFormatTest" name="parseMetricTest[36]" time="0"/>
  <testcase classname="org.zencoinj.utils.BtcFormatTest" name="coinScaleTest[36]" time="0.001"/>
  <testcase classname="org.zencoinj.utils.BtcFormatTest" name="builderTest[36]" time="0.003"/>
  <testcase classname="org.zencoinj.utils.BtcFormatTest" name="attributeTest[36]" time="0"/>
  <testcase classname="org.zencoinj.utils.BtcFormatTest" name="prefixTest[36]" time="0.001"/>
  <testcase classname="org.zencoinj.utils.BtcFormatTest" name="suffixTest[36]" time="0"/>
  <testcase classname="org.zencoinj.utils.BtcFormatTest" name="autoDecimalTest[36]" time="0.001"/>
  <testcase classname="org.zencoinj.utils.BtcFormatTest" name="symbolCollisionTest[36]" time="0"/>
  <testcase classname="org.zencoinj.utils.BtcFormatTest" name="equalityTest[36]" time="0.002"/>
  <testcase classname="org.zencoinj.utils.BtcFormatTest" name="columnAlignmentTest[36]" time="0"/>
  <testcase classname="org.zencoinj.utils.BtcFormatTest" name="factoryTest[36]" time="0.001"/>
  <testcase classname="org.zencoinj.utils.BtcFormatTest" name="parse[36]" time="0"/>
  <testcase classname="org.zencoinj.utils.BtcFormatTest" name="btcRounding[36]" time="0.001"/>
  <testcase classname="org.zencoinj.utils.BtcFormatTest" name="negativeTest[36]" time="0.001"/>
  <testcase classname="org.zencoinj.utils.BtcFormatTest" name="millicoinScaleTest[36]" time="0"/>
  <testcase classname="org.zencoinj.utils.BtcFormatTest" name="toStringTest[36]" time="0.001"/>
  <testcase classname="org.zencoinj.utils.BtcFormatTest" name="testGrouping[36]" time="0"/>
  <testcase classname="org.zencoinj.utils.BtcFormatTest" name="symbolsCodesTest[36]" time="0.001"/>
  <testcase classname="org.zencoinj.utils.BtcFormatTest" name="defaultLocaleTest[36]" time="0"/>
  <testcase classname="org.zencoinj.utils.BtcFormatTest" name="parsePositionTest[36]" time="0"/>
  <testcase classname="org.zencoinj.utils.BtcFormatTest" name="argumentTypeTest[36]" time="0.001"/>
  <testcase classname="org.zencoinj.utils.BtcFormatTest" name="characterIteratorTest[36]" time="0"/>
  <testcase classname="org.zencoinj.utils.BtcFormatTest" name="repeatingPlaceTest[36]" time="0"/>
  <testcase classname="org.zencoinj.utils.BtcFormatTest" name="currencyCodeTest[36]" time="0"/>
  <testcase classname="org.zencoinj.utils.BtcFormatTest" name="patternDecimalPlaces[36]" time="0"/>
  <testcase classname="org.zencoinj.utils.BtcFormatTest" name="factoryArgumentsTest[37]" time="0.001"/>
  <testcase classname="org.zencoinj.utils.BtcFormatTest" name="parseTest[37]" time="0.003"/>
  <testcase classname="org.zencoinj.utils.BtcFormatTest" name="microcoinScaleTest[37]" time="0"/>
  <testcase classname="org.zencoinj.utils.BtcFormatTest" name="parseMetricTest[37]" time="0.001"/>
  <testcase classname="org.zencoinj.utils.BtcFormatTest" name="coinScaleTest[37]" time="0"/>
  <testcase classname="org.zencoinj.utils.BtcFormatTest" name="builderTest[37]" time="0.002"/>
  <testcase classname="org.zencoinj.utils.BtcFormatTest" name="attributeTest[37]" time="0.001"/>
  <testcase classname="org.zencoinj.utils.BtcFormatTest" name="prefixTest[37]" time="0"/>
  <testcase classname="org.zencoinj.utils.BtcFormatTest" name="suffixTest[37]" time="0"/>
  <testcase classname="org.zencoinj.utils.BtcFormatTest" name="autoDecimalTest[37]" time="0.001"/>
  <testcase classname="org.zencoinj.utils.BtcFormatTest" name="symbolCollisionTest[37]" time="0.001"/>
  <testcase classname="org.zencoinj.utils.BtcFormatTest" name="equalityTest[37]" time="0.002"/>
  <testcase classname="org.zencoinj.utils.BtcFormatTest" name="columnAlignmentTest[37]" time="0"/>
  <testcase classname="org.zencoinj.utils.BtcFormatTest" name="factoryTest[37]" time="0.001"/>
  <testcase classname="org.zencoinj.utils.BtcFormatTest" name="parse[37]" time="0"/>
  <testcase classname="org.zencoinj.utils.BtcFormatTest" name="btcRounding[37]" time="0.001"/>
  <testcase classname="org.zencoinj.utils.BtcFormatTest" name="negativeTest[37]" time="0.001"/>
  <testcase classname="org.zencoinj.utils.BtcFormatTest" name="millicoinScaleTest[37]" time="0"/>
  <testcase classname="org.zencoinj.utils.BtcFormatTest" name="toStringTest[37]" time="0.001"/>
  <testcase classname="org.zencoinj.utils.BtcFormatTest" name="testGrouping[37]" time="0"/>
  <testcase classname="org.zencoinj.utils.BtcFormatTest" name="symbolsCodesTest[37]" time="0"/>
  <testcase classname="org.zencoinj.utils.BtcFormatTest" name="defaultLocaleTest[37]" time="0"/>
  <testcase classname="org.zencoinj.utils.BtcFormatTest" name="parsePositionTest[37]" time="0.001"/>
  <testcase classname="org.zencoinj.utils.BtcFormatTest" name="argumentTypeTest[37]" time="0"/>
  <testcase classname="org.zencoinj.utils.BtcFormatTest" name="characterIteratorTest[37]" time="0.001"/>
  <testcase classname="org.zencoinj.utils.BtcFormatTest" name="repeatingPlaceTest[37]" time="0"/>
  <testcase classname="org.zencoinj.utils.BtcFormatTest" name="currencyCodeTest[37]" time="0"/>
  <testcase classname="org.zencoinj.utils.BtcFormatTest" name="patternDecimalPlaces[37]" time="0"/>
  <testcase classname="org.zencoinj.utils.BtcFormatTest" name="factoryArgumentsTest[38]" time="0.001"/>
  <testcase classname="org.zencoinj.utils.BtcFormatTest" name="parseTest[38]" time="0.001"/>
  <testcase classname="org.zencoinj.utils.BtcFormatTest" name="microcoinScaleTest[38]" time="0"/>
  <testcase classname="org.zencoinj.utils.BtcFormatTest" name="parseMetricTest[38]" time="0.001"/>
  <testcase classname="org.zencoinj.utils.BtcFormatTest" name="coinScaleTest[38]" time="0"/>
  <testcase classname="org.zencoinj.utils.BtcFormatTest" name="builderTest[38]" time="0.001"/>
  <testcase classname="org.zencoinj.utils.BtcFormatTest" name="attributeTest[38]" time="0.001"/>
  <testcase classname="org.zencoinj.utils.BtcFormatTest" name="prefixTest[38]" time="0"/>
  <testcase classname="org.zencoinj.utils.BtcFormatTest" name="suffixTest[38]" time="0"/>
  <testcase classname="org.zencoinj.utils.BtcFormatTest" name="autoDecimalTest[38]" time="0.001"/>
  <testcase classname="org.zencoinj.utils.BtcFormatTest" name="symbolCollisionTest[38]" time="0"/>
  <testcase classname="org.zencoinj.utils.BtcFormatTest" name="equalityTest[38]" time="0.002"/>
  <testcase classname="org.zencoinj.utils.BtcFormatTest" name="columnAlignmentTest[38]" time="0"/>
  <testcase classname="org.zencoinj.utils.BtcFormatTest" name="factoryTest[38]" time="0.001"/>
  <testcase classname="org.zencoinj.utils.BtcFormatTest" name="parse[38]" time="0"/>
  <testcase classname="org.zencoinj.utils.BtcFormatTest" name="btcRounding[38]" time="0.001"/>
  <testcase classname="org.zencoinj.utils.BtcFormatTest" name="negativeTest[38]" time="0.001"/>
  <testcase classname="org.zencoinj.utils.BtcFormatTest" name="millicoinScaleTest[38]" time="0"/>
  <testcase classname="org.zencoinj.utils.BtcFormatTest" name="toStringTest[38]" time="0.005"/>
  <testcase classname="org.zencoinj.utils.BtcFormatTest" name="testGrouping[38]" time="0"/>
  <testcase classname="org.zencoinj.utils.BtcFormatTest" name="symbolsCodesTest[38]" time="0.001"/>
  <testcase classname="org.zencoinj.utils.BtcFormatTest" name="defaultLocaleTest[38]" time="0"/>
  <testcase classname="org.zencoinj.utils.BtcFormatTest" name="parsePositionTest[38]" time="0.001"/>
  <testcase classname="org.zencoinj.utils.BtcFormatTest" name="argumentTypeTest[38]" time="0"/>
  <testcase classname="org.zencoinj.utils.BtcFormatTest" name="characterIteratorTest[38]" time="0"/>
  <testcase classname="org.zencoinj.utils.BtcFormatTest" name="repeatingPlaceTest[38]" time="0"/>
  <testcase classname="org.zencoinj.utils.BtcFormatTest" name="currencyCodeTest[38]" time="0"/>
  <testcase classname="org.zencoinj.utils.BtcFormatTest" name="patternDecimalPlaces[38]" time="0"/>
  <testcase classname="org.zencoinj.utils.BtcFormatTest" name="factoryArgumentsTest[39]" time="0"/>
  <testcase classname="org.zencoinj.utils.BtcFormatTest" name="parseTest[39]" time="0.002"/>
  <testcase classname="org.zencoinj.utils.BtcFormatTest" name="microcoinScaleTest[39]" time="0"/>
  <testcase classname="org.zencoinj.utils.BtcFormatTest" name="parseMetricTest[39]" time="0.001"/>
  <testcase classname="org.zencoinj.utils.BtcFormatTest" name="coinScaleTest[39]" time="0"/>
  <testcase classname="org.zencoinj.utils.BtcFormatTest" name="builderTest[39]" time="0.002"/>
  <testcase classname="org.zencoinj.utils.BtcFormatTest" name="attributeTest[39]" time="0.001"/>
  <testcase classname="org.zencoinj.utils.BtcFormatTest" name="prefixTest[39]" time="0"/>
  <testcase classname="org.zencoinj.utils.BtcFormatTest" name="suffixTest[39]" time="0"/>
  <testcase classname="org.zencoinj.utils.BtcFormatTest" name="autoDecimalTest[39]" time="0.001"/>
  <testcase classname="org.zencoinj.utils.BtcFormatTest" name="symbolCollisionTest[39]" time="0"/>
  <testcase classname="org.zencoinj.utils.BtcFormatTest" name="equalityTest[39]" time="0.002"/>
  <testcase classname="org.zencoinj.utils.BtcFormatTest" name="columnAlignmentTest[39]" time="0"/>
  <testcase classname="org.zencoinj.utils.BtcFormatTest" name="factoryTest[39]" time="0"/>
  <testcase classname="org.zencoinj.utils.BtcFormatTest" name="parse[39]" time="0"/>
  <testcase classname="org.zencoinj.utils.BtcFormatTest" name="btcRounding[39]" time="0.002"/>
  <testcase classname="org.zencoinj.utils.BtcFormatTest" name="negativeTest[39]" time="0"/>
  <testcase classname="org.zencoinj.utils.BtcFormatTest" name="millicoinScaleTest[39]" time="0"/>
  <testcase classname="org.zencoinj.utils.BtcFormatTest" name="toStringTest[39]" time="0.001"/>
  <testcase classname="org.zencoinj.utils.BtcFormatTest" name="testGrouping[39]" time="0"/>
  <testcase classname="org.zencoinj.utils.BtcFormatTest" name="symbolsCodesTest[39]" time="0.001"/>
  <testcase classname="org.zencoinj.utils.BtcFormatTest" name="defaultLocaleTest[39]" time="0"/>
  <testcase classname="org.zencoinj.utils.BtcFormatTest" name="parsePositionTest[39]" time="0"/>
  <testcase classname="org.zencoinj.utils.BtcFormatTest" name="argumentTypeTest[39]" time="0.001"/>
  <testcase classname="org.zencoinj.utils.BtcFormatTest" name="characterIteratorTest[39]" time="0"/>
  <testcase classname="org.zencoinj.utils.BtcFormatTest" name="repeatingPlaceTest[39]" time="0"/>
  <testcase classname="org.zencoinj.utils.BtcFormatTest" name="currencyCodeTest[39]" time="0.001"/>
  <testcase classname="org.zencoinj.utils.BtcFormatTest" name="patternDecimalPlaces[39]" time="0"/>
  <testcase classname="org.zencoinj.utils.BtcFormatTest" name="factoryArgumentsTest[40]" time="0.001"/>
  <testcase classname="org.zencoinj.utils.BtcFormatTest" name="parseTest[40]" time="0.002"/>
  <testcase classname="org.zencoinj.utils.BtcFormatTest" name="microcoinScaleTest[40]" time="0"/>
  <testcase classname="org.zencoinj.utils.BtcFormatTest" name="parseMetricTest[40]" time="0.002"/>
  <testcase classname="org.zencoinj.utils.BtcFormatTest" name="coinScaleTest[40]" time="0"/>
  <testcase classname="org.zencoinj.utils.BtcFormatTest" name="builderTest[40]" time="0.002"/>
  <testcase classname="org.zencoinj.utils.BtcFormatTest" name="attributeTest[40]" time="0"/>
  <testcase classname="org.zencoinj.utils.BtcFormatTest" name="prefixTest[40]" time="0"/>
  <testcase classname="org.zencoinj.utils.BtcFormatTest" name="suffixTest[40]" time="0.001"/>
  <testcase classname="org.zencoinj.utils.BtcFormatTest" name="autoDecimalTest[40]" time="0.001"/>
  <testcase classname="org.zencoinj.utils.BtcFormatTest" name="symbolCollisionTest[40]" time="0.001"/>
  <testcase classname="org.zencoinj.utils.BtcFormatTest" name="equalityTest[40]" time="0.002"/>
  <testcase classname="org.zencoinj.utils.BtcFormatTest" name="columnAlignmentTest[40]" time="0"/>
  <testcase classname="org.zencoinj.utils.BtcFormatTest" name="factoryTest[40]" time="0"/>
  <testcase classname="org.zencoinj.utils.BtcFormatTest" name="parse[40]" time="0"/>
  <testcase classname="org.zencoinj.utils.BtcFormatTest" name="btcRounding[40]" time="0.002"/>
  <testcase classname="org.zencoinj.utils.BtcFormatTest" name="negativeTest[40]" time="0"/>
  <testcase classname="org.zencoinj.utils.BtcFormatTest" name="millicoinScaleTest[40]" time="0"/>
  <testcase classname="org.zencoinj.utils.BtcFormatTest" name="toStringTest[40]" time="0.001"/>
  <testcase classname="org.zencoinj.utils.BtcFormatTest" name="testGrouping[40]" time="0"/>
  <testcase classname="org.zencoinj.utils.BtcFormatTest" name="symbolsCodesTest[40]" time="0.001"/>
  <testcase classname="org.zencoinj.utils.BtcFormatTest" name="defaultLocaleTest[40]" time="0"/>
  <testcase classname="org.zencoinj.utils.BtcFormatTest" name="parsePositionTest[40]" time="0"/>
  <testcase classname="org.zencoinj.utils.BtcFormatTest" name="argumentTypeTest[40]" time="0"/>
  <testcase classname="org.zencoinj.utils.BtcFormatTest" name="characterIteratorTest[40]" time="0.002"/>
  <testcase classname="org.zencoinj.utils.BtcFormatTest" name="repeatingPlaceTest[40]" time="0"/>
  <testcase classname="org.zencoinj.utils.BtcFormatTest" name="currencyCodeTest[40]" time="0"/>
  <testcase classname="org.zencoinj.utils.BtcFormatTest" name="patternDecimalPlaces[40]" time="0"/>
  <testcase classname="org.zencoinj.utils.BtcFormatTest" name="factoryArgumentsTest[41]" time="0.001"/>
  <testcase classname="org.zencoinj.utils.BtcFormatTest" name="parseTest[41]" time="0.002"/>
  <testcase classname="org.zencoinj.utils.BtcFormatTest" name="microcoinScaleTest[41]" time="0"/>
  <testcase classname="org.zencoinj.utils.BtcFormatTest" name="parseMetricTest[41]" time="0.001"/>
  <testcase classname="org.zencoinj.utils.BtcFormatTest" name="coinScaleTest[41]" time="0"/>
  <testcase classname="org.zencoinj.utils.BtcFormatTest" name="builderTest[41]" time="0.001"/>
  <testcase classname="org.zencoinj.utils.BtcFormatTest" name="attributeTest[41]" time="0.001"/>
  <testcase classname="org.zencoinj.utils.BtcFormatTest" name="prefixTest[41]" time="0"/>
  <testcase classname="org.zencoinj.utils.BtcFormatTest" name="suffixTest[41]" time="0"/>
  <testcase classname="org.zencoinj.utils.BtcFormatTest" name="autoDecimalTest[41]" time="0.001"/>
  <testcase classname="org.zencoinj.utils.BtcFormatTest" name="symbolCollisionTest[41]" time="0.001"/>
  <testcase classname="org.zencoinj.utils.BtcFormatTest" name="equalityTest[41]" time="0.007"/>
  <testcase classname="org.zencoinj.utils.BtcFormatTest" name="columnAlignmentTest[41]" time="0"/>
  <testcase classname="org.zencoinj.utils.BtcFormatTest" name="factoryTest[41]" time="0"/>
  <testcase classname="org.zencoinj.utils.BtcFormatTest" name="parse[41]" time="0"/>
  <testcase classname="org.zencoinj.utils.BtcFormatTest" name="btcRounding[41]" time="0.002"/>
  <testcase classname="org.zencoinj.utils.BtcFormatTest" name="negativeTest[41]" time="0.003"/>
  <testcase classname="org.zencoinj.utils.BtcFormatTest" name="millicoinScaleTest[41]" time="0"/>
  <testcase classname="org.zencoinj.utils.BtcFormatTest" name="toStringTest[41]" time="0.001"/>
  <testcase classname="org.zencoinj.utils.BtcFormatTest" name="testGrouping[41]" time="0"/>
  <testcase classname="org.zencoinj.utils.BtcFormatTest" name="symbolsCodesTest[41]" time="0"/>
  <testcase classname="org.zencoinj.utils.BtcFormatTest" name="defaultLocaleTest[41]" time="0.001"/>
  <testcase classname="org.zencoinj.utils.BtcFormatTest" name="parsePositionTest[41]" time="0"/>
  <testcase classname="org.zencoinj.utils.BtcFormatTest" name="argumentTypeTest[41]" time="0"/>
  <testcase classname="org.zencoinj.utils.BtcFormatTest" name="characterIteratorTest[41]" time="0.001"/>
  <testcase classname="org.zencoinj.utils.BtcFormatTest" name="repeatingPlaceTest[41]" time="0"/>
  <testcase classname="org.zencoinj.utils.BtcFormatTest" name="currencyCodeTest[41]" time="0"/>
  <testcase classname="org.zencoinj.utils.BtcFormatTest" name="patternDecimalPlaces[41]" time="0"/>
  <testcase classname="org.zencoinj.utils.BtcFormatTest" name="factoryArgumentsTest[42]" time="0.002"/>
  <testcase classname="org.zencoinj.utils.BtcFormatTest" name="parseTest[42]" time="0.001"/>
  <testcase classname="org.zencoinj.utils.BtcFormatTest" name="microcoinScaleTest[42]" time="0"/>
  <testcase classname="org.zencoinj.utils.BtcFormatTest" name="parseMetricTest[42]" time="0.001"/>
  <testcase classname="org.zencoinj.utils.BtcFormatTest" name="coinScaleTest[42]" time="0"/>
  <testcase classname="org.zencoinj.utils.BtcFormatTest" name="builderTest[42]" time="0.001"/>
  <testcase classname="org.zencoinj.utils.BtcFormatTest" name="attributeTest[42]" time="0.001"/>
  <testcase classname="org.zencoinj.utils.BtcFormatTest" name="prefixTest[42]" time="0"/>
  <testcase classname="org.zencoinj.utils.BtcFormatTest" name="suffixTest[42]" time="0"/>
  <testcase classname="org.zencoinj.utils.BtcFormatTest" name="autoDecimalTest[42]" time="0.001"/>
  <testcase classname="org.zencoinj.utils.BtcFormatTest" name="symbolCollisionTest[42]" time="0.001"/>
  <testcase classname="org.zencoinj.utils.BtcFormatTest" name="equalityTest[42]" time="0.002"/>
  <testcase classname="org.zencoinj.utils.BtcFormatTest" name="columnAlignmentTest[42]" time="0"/>
  <testcase classname="org.zencoinj.utils.BtcFormatTest" name="factoryTest[42]" time="0.001"/>
  <testcase classname="org.zencoinj.utils.BtcFormatTest" name="parse[42]" time="0"/>
  <testcase classname="org.zencoinj.utils.BtcFormatTest" name="btcRounding[42]" time="0.001"/>
  <testcase classname="org.zencoinj.utils.BtcFormatTest" name="negativeTest[42]" time="0.001"/>
  <testcase classname="org.zencoinj.utils.BtcFormatTest" name="millicoinScaleTest[42]" time="0"/>
  <testcase classname="org.zencoinj.utils.BtcFormatTest" name="toStringTest[42]" time="0.001"/>
  <testcase classname="org.zencoinj.utils.BtcFormatTest" name="testGrouping[42]" time="0"/>
  <testcase classname="org.zencoinj.utils.BtcFormatTest" name="symbolsCodesTest[42]" time="0"/>
  <testcase classname="org.zencoinj.utils.BtcFormatTest" name="defaultLocaleTest[42]" time="0.001"/>
  <testcase classname="org.zencoinj.utils.BtcFormatTest" name="parsePositionTest[42]" time="0"/>
  <testcase classname="org.zencoinj.utils.BtcFormatTest" name="argumentTypeTest[42]" time="0"/>
  <testcase classname="org.zencoinj.utils.BtcFormatTest" name="characterIteratorTest[42]" time="0.001"/>
  <testcase classname="org.zencoinj.utils.BtcFormatTest" name="repeatingPlaceTest[42]" time="0"/>
  <testcase classname="org.zencoinj.utils.BtcFormatTest" name="currencyCodeTest[42]" time="0"/>
  <testcase classname="org.zencoinj.utils.BtcFormatTest" name="patternDecimalPlaces[42]" time="0.001"/>
  <testcase classname="org.zencoinj.utils.BtcFormatTest" name="factoryArgumentsTest[43]" time="0.001"/>
  <testcase classname="org.zencoinj.utils.BtcFormatTest" name="parseTest[43]" time="0.002"/>
  <testcase classname="org.zencoinj.utils.BtcFormatTest" name="microcoinScaleTest[43]" time="0"/>
  <testcase classname="org.zencoinj.utils.BtcFormatTest" name="parseMetricTest[43]" time="0.001"/>
  <testcase classname="org.zencoinj.utils.BtcFormatTest" name="coinScaleTest[43]" time="0"/>
  <testcase classname="org.zencoinj.utils.BtcFormatTest" name="builderTest[43]" time="0.002"/>
  <testcase classname="org.zencoinj.utils.BtcFormatTest" name="attributeTest[43]" time="0.001"/>
  <testcase classname="org.zencoinj.utils.BtcFormatTest" name="prefixTest[43]" time="0"/>
  <testcase classname="org.zencoinj.utils.BtcFormatTest" name="suffixTest[43]" time="0"/>
  <testcase classname="org.zencoinj.utils.BtcFormatTest" name="autoDecimalTest[43]" time="0.001"/>
  <testcase classname="org.zencoinj.utils.BtcFormatTest" name="symbolCollisionTest[43]" time="0.001"/>
  <testcase classname="org.zencoinj.utils.BtcFormatTest" name="equalityTest[43]" time="0.001"/>
  <testcase classname="org.zencoinj.utils.BtcFormatTest" name="columnAlignmentTest[43]" time="0"/>
  <testcase classname="org.zencoinj.utils.BtcFormatTest" name="factoryTest[43]" time="0.001"/>
  <testcase classname="org.zencoinj.utils.BtcFormatTest" name="parse[43]" time="0"/>
  <testcase classname="org.zencoinj.utils.BtcFormatTest" name="btcRounding[43]" time="0.001"/>
  <testcase classname="org.zencoinj.utils.BtcFormatTest" name="negativeTest[43]" time="0"/>
  <testcase classname="org.zencoinj.utils.BtcFormatTest" name="millicoinScaleTest[43]" time="0"/>
  <testcase classname="org.zencoinj.utils.BtcFormatTest" name="toStringTest[43]" time="0.001"/>
  <testcase classname="org.zencoinj.utils.BtcFormatTest" name="testGrouping[43]" time="0"/>
  <testcase classname="org.zencoinj.utils.BtcFormatTest" name="symbolsCodesTest[43]" time="0"/>
  <testcase classname="org.zencoinj.utils.BtcFormatTest" name="defaultLocaleTest[43]" time="0.001"/>
  <testcase classname="org.zencoinj.utils.BtcFormatTest" name="parsePositionTest[43]" time="0"/>
  <testcase classname="org.zencoinj.utils.BtcFormatTest" name="argumentTypeTest[43]" time="0"/>
  <testcase classname="org.zencoinj.utils.BtcFormatTest" name="characterIteratorTest[43]" time="0.001"/>
  <testcase classname="org.zencoinj.utils.BtcFormatTest" name="repeatingPlaceTest[43]" time="0"/>
  <testcase classname="org.zencoinj.utils.BtcFormatTest" name="currencyCodeTest[43]" time="0"/>
  <testcase classname="org.zencoinj.utils.BtcFormatTest" name="patternDecimalPlaces[43]" time="0"/>
  <testcase classname="org.zencoinj.utils.BtcFormatTest" name="factoryArgumentsTest[44]" time="0.001"/>
  <testcase classname="org.zencoinj.utils.BtcFormatTest" name="parseTest[44]" time="0.003"/>
  <testcase classname="org.zencoinj.utils.BtcFormatTest" name="microcoinScaleTest[44]" time="0"/>
  <testcase classname="org.zencoinj.utils.BtcFormatTest" name="parseMetricTest[44]" time="0.001"/>
  <testcase classname="org.zencoinj.utils.BtcFormatTest" name="coinScaleTest[44]" time="0"/>
  <testcase classname="org.zencoinj.utils.BtcFormatTest" name="builderTest[44]" time="0.002"/>
  <testcase classname="org.zencoinj.utils.BtcFormatTest" name="attributeTest[44]" time="0"/>
  <testcase classname="org.zencoinj.utils.BtcFormatTest" name="prefixTest[44]" time="0"/>
  <testcase classname="org.zencoinj.utils.BtcFormatTest" name="suffixTest[44]" time="0"/>
  <testcase classname="org.zencoinj.utils.BtcFormatTest" name="autoDecimalTest[44]" time="0.001"/>
  <testcase classname="org.zencoinj.utils.BtcFormatTest" name="symbolCollisionTest[44]" time="0.001"/>
  <testcase classname="org.zencoinj.utils.BtcFormatTest" name="equalityTest[44]" time="0.001"/>
  <testcase classname="org.zencoinj.utils.BtcFormatTest" name="columnAlignmentTest[44]" time="0.001"/>
  <testcase classname="org.zencoinj.utils.BtcFormatTest" name="factoryTest[44]" time="0"/>
  <testcase classname="org.zencoinj.utils.BtcFormatTest" name="parse[44]" time="0"/>
  <testcase classname="org.zencoinj.utils.BtcFormatTest" name="btcRounding[44]" time="0.001"/>
  <testcase classname="org.zencoinj.utils.BtcFormatTest" name="negativeTest[44]" time="0"/>
  <testcase classname="org.zencoinj.utils.BtcFormatTest" name="millicoinScaleTest[44]" time="0"/>
  <testcase classname="org.zencoinj.utils.BtcFormatTest" name="toStringTest[44]" time="0.001"/>
  <testcase classname="org.zencoinj.utils.BtcFormatTest" name="testGrouping[44]" time="0"/>
  <testcase classname="org.zencoinj.utils.BtcFormatTest" name="symbolsCodesTest[44]" time="0.001"/>
  <testcase classname="org.zencoinj.utils.BtcFormatTest" name="defaultLocaleTest[44]" time="0"/>
  <testcase classname="org.zencoinj.utils.BtcFormatTest" name="parsePositionTest[44]" time="0"/>
  <testcase classname="org.zencoinj.utils.BtcFormatTest" name="argumentTypeTest[44]" time="0.001"/>
  <testcase classname="org.zencoinj.utils.BtcFormatTest" name="characterIteratorTest[44]" time="0"/>
  <testcase classname="org.zencoinj.utils.BtcFormatTest" name="repeatingPlaceTest[44]" time="0.001"/>
  <testcase classname="org.zencoinj.utils.BtcFormatTest" name="currencyCodeTest[44]" time="0"/>
  <testcase classname="org.zencoinj.utils.BtcFormatTest" name="patternDecimalPlaces[44]" time="0"/>
  <testcase classname="org.zencoinj.utils.BtcFormatTest" name="factoryArgumentsTest[45]" time="0.001"/>
  <testcase classname="org.zencoinj.utils.BtcFormatTest" name="parseTest[45]" time="0.001"/>
  <testcase classname="org.zencoinj.utils.BtcFormatTest" name="microcoinScaleTest[45]" time="0"/>
  <testcase classname="org.zencoinj.utils.BtcFormatTest" name="parseMetricTest[45]" time="0.001"/>
  <testcase classname="org.zencoinj.utils.BtcFormatTest" name="coinScaleTest[45]" time="0.001"/>
  <testcase classname="org.zencoinj.utils.BtcFormatTest" name="builderTest[45]" time="0.002"/>
  <testcase classname="org.zencoinj.utils.BtcFormatTest" name="attributeTest[45]" time="0"/>
  <testcase classname="org.zencoinj.utils.BtcFormatTest" name="prefixTest[45]" time="0"/>
  <testcase classname="org.zencoinj.utils.BtcFormatTest" name="suffixTest[45]" time="0"/>
  <testcase classname="org.zencoinj.utils.BtcFormatTest" name="autoDecimalTest[45]" time="0.001"/>
  <testcase classname="org.zencoinj.utils.BtcFormatTest" name="symbolCollisionTest[45]" time="0.001"/>
  <testcase classname="org.zencoinj.utils.BtcFormatTest" name="equalityTest[45]" time="0.002"/>
  <testcase classname="org.zencoinj.utils.BtcFormatTest" name="columnAlignmentTest[45]" time="0.001"/>
  <testcase classname="org.zencoinj.utils.BtcFormatTest" name="factoryTest[45]" time="0"/>
  <testcase classname="org.zencoinj.utils.BtcFormatTest" name="parse[45]" time="0"/>
  <testcase classname="org.zencoinj.utils.BtcFormatTest" name="btcRounding[45]" time="0.002"/>
  <testcase classname="org.zencoinj.utils.BtcFormatTest" name="negativeTest[45]" time="0"/>
  <testcase classname="org.zencoinj.utils.BtcFormatTest" name="millicoinScaleTest[45]" time="0"/>
  <testcase classname="org.zencoinj.utils.BtcFormatTest" name="toStringTest[45]" time="0.001"/>
  <testcase classname="org.zencoinj.utils.BtcFormatTest" name="testGrouping[45]" time="0"/>
  <testcase classname="org.zencoinj.utils.BtcFormatTest" name="symbolsCodesTest[45]" time="0.001"/>
  <testcase classname="org.zencoinj.utils.BtcFormatTest" name="defaultLocaleTest[45]" time="0"/>
  <testcase classname="org.zencoinj.utils.BtcFormatTest" name="parsePositionTest[45]" time="0"/>
  <testcase classname="org.zencoinj.utils.BtcFormatTest" name="argumentTypeTest[45]" time="0.001"/>
  <testcase classname="org.zencoinj.utils.BtcFormatTest" name="characterIteratorTest[45]" time="0"/>
  <testcase classname="org.zencoinj.utils.BtcFormatTest" name="repeatingPlaceTest[45]" time="0"/>
  <testcase classname="org.zencoinj.utils.BtcFormatTest" name="currencyCodeTest[45]" time="0.001"/>
  <testcase classname="org.zencoinj.utils.BtcFormatTest" name="patternDecimalPlaces[45]" time="0"/>
  <testcase classname="org.zencoinj.utils.BtcFormatTest" name="factoryArgumentsTest[46]" time="0.001"/>
  <testcase classname="org.zencoinj.utils.BtcFormatTest" name="parseTest[46]" time="0.002"/>
  <testcase classname="org.zencoinj.utils.BtcFormatTest" name="microcoinScaleTest[46]" time="0"/>
  <testcase classname="org.zencoinj.utils.BtcFormatTest" name="parseMetricTest[46]" time="0.002"/>
  <testcase classname="org.zencoinj.utils.BtcFormatTest" name="coinScaleTest[46]" time="0"/>
  <testcase classname="org.zencoinj.utils.BtcFormatTest" name="builderTest[46]" time="0.002"/>
  <testcase classname="org.zencoinj.utils.BtcFormatTest" name="attributeTest[46]" time="0"/>
  <testcase classname="org.zencoinj.utils.BtcFormatTest" name="prefixTest[46]" time="0"/>
  <testcase classname="org.zencoinj.utils.BtcFormatTest" name="suffixTest[46]" time="0"/>
  <testcase classname="org.zencoinj.utils.BtcFormatTest" name="autoDecimalTest[46]" time="0.001"/>
  <testcase classname="org.zencoinj.utils.BtcFormatTest" name="symbolCollisionTest[46]" time="0.001"/>
  <testcase classname="org.zencoinj.utils.BtcFormatTest" name="equalityTest[46]" time="0.001"/>
  <testcase classname="org.zencoinj.utils.BtcFormatTest" name="columnAlignmentTest[46]" time="0"/>
  <testcase classname="org.zencoinj.utils.BtcFormatTest" name="factoryTest[46]" time="0.001"/>
  <testcase classname="org.zencoinj.utils.BtcFormatTest" name="parse[46]" time="0"/>
  <testcase classname="org.zencoinj.utils.BtcFormatTest" name="btcRounding[46]" time="0.001"/>
  <testcase classname="org.zencoinj.utils.BtcFormatTest" name="negativeTest[46]" time="0"/>
  <testcase classname="org.zencoinj.utils.BtcFormatTest" name="millicoinScaleTest[46]" time="0"/>
  <testcase classname="org.zencoinj.utils.BtcFormatTest" name="toStringTest[46]" time="0.001"/>
  <testcase classname="org.zencoinj.utils.BtcFormatTest" name="testGrouping[46]" time="0"/>
  <testcase classname="org.zencoinj.utils.BtcFormatTest" name="symbolsCodesTest[46]" time="0.001"/>
  <testcase classname="org.zencoinj.utils.BtcFormatTest" name="defaultLocaleTest[46]" time="0"/>
  <testcase classname="org.zencoinj.utils.BtcFormatTest" name="parsePositionTest[46]" time="0"/>
  <testcase classname="org.zencoinj.utils.BtcFormatTest" name="argumentTypeTest[46]" time="0.001"/>
  <testcase classname="org.zencoinj.utils.BtcFormatTest" name="characterIteratorTest[46]" time="0"/>
  <testcase classname="org.zencoinj.utils.BtcFormatTest" name="repeatingPlaceTest[46]" time="0"/>
  <testcase classname="org.zencoinj.utils.BtcFormatTest" name="currencyCodeTest[46]" time="0.001"/>
  <testcase classname="org.zencoinj.utils.BtcFormatTest" name="patternDecimalPlaces[46]" time="0"/>
  <testcase classname="org.zencoinj.utils.BtcFormatTest" name="factoryArgumentsTest[47]" time="0.001"/>
  <testcase classname="org.zencoinj.utils.BtcFormatTest" name="parseTest[47]" time="0.001"/>
  <testcase classname="org.zencoinj.utils.BtcFormatTest" name="microcoinScaleTest[47]" time="0"/>
  <testcase classname="org.zencoinj.utils.BtcFormatTest" name="parseMetricTest[47]" time="0.002"/>
  <testcase classname="org.zencoinj.utils.BtcFormatTest" name="coinScaleTest[47]" time="0"/>
  <testcase classname="org.zencoinj.utils.BtcFormatTest" name="builderTest[47]" time="0.002"/>
  <testcase classname="org.zencoinj.utils.BtcFormatTest" name="attributeTest[47]" time="0"/>
  <testcase classname="org.zencoinj.utils.BtcFormatTest" name="prefixTest[47]" time="0"/>
  <testcase classname="org.zencoinj.utils.BtcFormatTest" name="suffixTest[47]" time="0"/>
  <testcase classname="org.zencoinj.utils.BtcFormatTest" name="autoDecimalTest[47]" time="0.002"/>
  <testcase classname="org.zencoinj.utils.BtcFormatTest" name="symbolCollisionTest[47]" time="0"/>
  <testcase classname="org.zencoinj.utils.BtcFormatTest" name="equalityTest[47]" time="0.002"/>
  <testcase classname="org.zencoinj.utils.BtcFormatTest" name="columnAlignmentTest[47]" time="0"/>
  <testcase classname="org.zencoinj.utils.BtcFormatTest" name="factoryTest[47]" time="0"/>
  <testcase classname="org.zencoinj.utils.BtcFormatTest" name="parse[47]" time="0"/>
  <testcase classname="org.zencoinj.utils.BtcFormatTest" name="btcRounding[47]" time="0.002"/>
  <testcase classname="org.zencoinj.utils.BtcFormatTest" name="negativeTest[47]" time="0.001"/>
  <testcase classname="org.zencoinj.utils.BtcFormatTest" name="millicoinScaleTest[47]" time="0"/>
  <testcase classname="org.zencoinj.utils.BtcFormatTest" name="toStringTest[47]" time="0"/>
  <testcase classname="org.zencoinj.utils.BtcFormatTest" name="testGrouping[47]" time="0.001"/>
  <testcase classname="org.zencoinj.utils.BtcFormatTest" name="symbolsCodesTest[47]" time="0"/>
  <testcase classname="org.zencoinj.utils.BtcFormatTest" name="defaultLocaleTest[47]" time="0"/>
  <testcase classname="org.zencoinj.utils.BtcFormatTest" name="parsePositionTest[47]" time="0.001"/>
  <testcase classname="org.zencoinj.utils.BtcFormatTest" name="argumentTypeTest[47]" time="0"/>
  <testcase classname="org.zencoinj.utils.BtcFormatTest" name="characterIteratorTest[47]" time="0"/>
  <testcase classname="org.zencoinj.utils.BtcFormatTest" name="repeatingPlaceTest[47]" time="0.001"/>
  <testcase classname="org.zencoinj.utils.BtcFormatTest" name="currencyCodeTest[47]" time="0"/>
  <testcase classname="org.zencoinj.utils.BtcFormatTest" name="patternDecimalPlaces[47]" time="0"/>
  <testcase classname="org.zencoinj.utils.BtcFormatTest" name="factoryArgumentsTest[48]" time="0.001"/>
  <testcase classname="org.zencoinj.utils.BtcFormatTest" name="parseTest[48]" time="0.001"/>
  <testcase classname="org.zencoinj.utils.BtcFormatTest" name="microcoinScaleTest[48]" time="0.001"/>
  <testcase classname="org.zencoinj.utils.BtcFormatTest" name="parseMetricTest[48]" time="0"/>
  <testcase classname="org.zencoinj.utils.BtcFormatTest" name="coinScaleTest[48]" time="0"/>
  <testcase classname="org.zencoinj.utils.BtcFormatTest" name="builderTest[48]" time="0.002"/>
  <testcase classname="org.zencoinj.utils.BtcFormatTest" name="attributeTest[48]" time="0"/>
  <testcase classname="org.zencoinj.utils.BtcFormatTest" name="prefixTest[48]" time="0.001"/>
  <testcase classname="org.zencoinj.utils.BtcFormatTest" name="suffixTest[48]" time="0"/>
  <testcase classname="org.zencoinj.utils.BtcFormatTest" name="autoDecimalTest[48]" time="0.001"/>
  <testcase classname="org.zencoinj.utils.BtcFormatTest" name="symbolCollisionTest[48]" time="0.001"/>
  <testcase classname="org.zencoinj.utils.BtcFormatTest" name="equalityTest[48]" time="0.002"/>
  <testcase classname="org.zencoinj.utils.BtcFormatTest" name="columnAlignmentTest[48]" time="0"/>
  <testcase classname="org.zencoinj.utils.BtcFormatTest" name="factoryTest[48]" time="0"/>
  <testcase classname="org.zencoinj.utils.BtcFormatTest" name="parse[48]" time="0"/>
  <testcase classname="org.zencoinj.utils.BtcFormatTest" name="btcRounding[48]" time="0.002"/>
  <testcase classname="org.zencoinj.utils.BtcFormatTest" name="negativeTest[48]" time="0.001"/>
  <testcase classname="org.zencoinj.utils.BtcFormatTest" name="millicoinScaleTest[48]" time="0"/>
  <testcase classname="org.zencoinj.utils.BtcFormatTest" name="toStringTest[48]" time="0"/>
  <testcase classname="org.zencoinj.utils.BtcFormatTest" name="testGrouping[48]" time="0"/>
  <testcase classname="org.zencoinj.utils.BtcFormatTest" name="symbolsCodesTest[48]" time="0"/>
  <testcase classname="org.zencoinj.utils.BtcFormatTest" name="defaultLocaleTest[48]" time="0.001"/>
  <testcase classname="org.zencoinj.utils.BtcFormatTest" name="parsePositionTest[48]" time="0"/>
  <testcase classname="org.zencoinj.utils.BtcFormatTest" name="argumentTypeTest[48]" time="0.001"/>
  <testcase classname="org.zencoinj.utils.BtcFormatTest" name="characterIteratorTest[48]" time="0"/>
  <testcase classname="org.zencoinj.utils.BtcFormatTest" name="repeatingPlaceTest[48]" time="0"/>
  <testcase classname="org.zencoinj.utils.BtcFormatTest" name="currencyCodeTest[48]" time="0.001"/>
  <testcase classname="org.zencoinj.utils.BtcFormatTest" name="patternDecimalPlaces[48]" time="0"/>
  <testcase classname="org.zencoinj.utils.BtcFormatTest" name="factoryArgumentsTest[49]" time="0.001"/>
  <testcase classname="org.zencoinj.utils.BtcFormatTest" name="parseTest[49]" time="0.002"/>
  <testcase classname="org.zencoinj.utils.BtcFormatTest" name="microcoinScaleTest[49]" time="0"/>
  <testcase classname="org.zencoinj.utils.BtcFormatTest" name="parseMetricTest[49]" time="0.002"/>
  <testcase classname="org.zencoinj.utils.BtcFormatTest" name="coinScaleTest[49]" time="0"/>
  <testcase classname="org.zencoinj.utils.BtcFormatTest" name="builderTest[49]" time="0.002"/>
  <testcase classname="org.zencoinj.utils.BtcFormatTest" name="attributeTest[49]" time="0"/>
  <testcase classname="org.zencoinj.utils.BtcFormatTest" name="prefixTest[49]" time="0"/>
  <testcase classname="org.zencoinj.utils.BtcFormatTest" name="suffixTest[49]" time="0"/>
  <testcase classname="org.zencoinj.utils.BtcFormatTest" name="autoDecimalTest[49]" time="0.001"/>
  <testcase classname="org.zencoinj.utils.BtcFormatTest" name="symbolCollisionTest[49]" time="0.001"/>
  <testcase classname="org.zencoinj.utils.BtcFormatTest" name="equalityTest[49]" time="0.002"/>
  <testcase classname="org.zencoinj.utils.BtcFormatTest" name="columnAlignmentTest[49]" time="0"/>
  <testcase classname="org.zencoinj.utils.BtcFormatTest" name="factoryTest[49]" time="0"/>
  <testcase classname="org.zencoinj.utils.BtcFormatTest" name="parse[49]" time="0.001"/>
  <testcase classname="org.zencoinj.utils.BtcFormatTest" name="btcRounding[49]" time="0.001"/>
  <testcase classname="org.zencoinj.utils.BtcFormatTest" name="negativeTest[49]" time="0"/>
  <testcase classname="org.zencoinj.utils.BtcFormatTest" name="millicoinScaleTest[49]" time="0"/>
  <testcase classname="org.zencoinj.utils.BtcFormatTest" name="toStringTest[49]" time="0.001"/>
  <testcase classname="org.zencoinj.utils.BtcFormatTest" name="testGrouping[49]" time="0"/>
  <testcase classname="org.zencoinj.utils.BtcFormatTest" name="symbolsCodesTest[49]" time="0.001"/>
  <testcase classname="org.zencoinj.utils.BtcFormatTest" name="defaultLocaleTest[49]" time="0"/>
  <testcase classname="org.zencoinj.utils.BtcFormatTest" name="parsePositionTest[49]" time="0"/>
  <testcase classname="org.zencoinj.utils.BtcFormatTest" name="argumentTypeTest[49]" time="0"/>
  <testcase classname="org.zencoinj.utils.BtcFormatTest" name="characterIteratorTest[49]" time="0.001"/>
  <testcase classname="org.zencoinj.utils.BtcFormatTest" name="repeatingPlaceTest[49]" time="0"/>
  <testcase classname="org.zencoinj.utils.BtcFormatTest" name="currencyCodeTest[49]" time="0"/>
  <testcase classname="org.zencoinj.utils.BtcFormatTest" name="patternDecimalPlaces[49]" time="0"/>
  <testcase classname="org.zencoinj.utils.BtcFormatTest" name="factoryArgumentsTest[50]" time="0.002"/>
  <testcase classname="org.zencoinj.utils.BtcFormatTest" name="parseTest[50]" time="0.001"/>
  <testcase classname="org.zencoinj.utils.BtcFormatTest" name="microcoinScaleTest[50]" time="0"/>
  <testcase classname="org.zencoinj.utils.BtcFormatTest" name="parseMetricTest[50]" time="0.001"/>
  <testcase classname="org.zencoinj.utils.BtcFormatTest" name="coinScaleTest[50]" time="0"/>
  <testcase classname="org.zencoinj.utils.BtcFormatTest" name="builderTest[50]" time="0.002"/>
  <testcase classname="org.zencoinj.utils.BtcFormatTest" name="attributeTest[50]" time="0.001"/>
  <testcase classname="org.zencoinj.utils.BtcFormatTest" name="prefixTest[50]" time="0"/>
  <testcase classname="org.zencoinj.utils.BtcFormatTest" name="suffixTest[50]" time="0"/>
  <testcase classname="org.zencoinj.utils.BtcFormatTest" name="autoDecimalTest[50]" time="0.001"/>
  <testcase classname="org.zencoinj.utils.BtcFormatTest" name="symbolCollisionTest[50]" time="0.001"/>
  <testcase classname="org.zencoinj.utils.BtcFormatTest" name="equalityTest[50]" time="0.002"/>
  <testcase classname="org.zencoinj.utils.BtcFormatTest" name="columnAlignmentTest[50]" time="0.001"/>
  <testcase classname="org.zencoinj.utils.BtcFormatTest" name="factoryTest[50]" time="0"/>
  <testcase classname="org.zencoinj.utils.BtcFormatTest" name="parse[50]" time="0"/>
  <testcase classname="org.zencoinj.utils.BtcFormatTest" name="btcRounding[50]" time="0.002"/>
  <testcase classname="org.zencoinj.utils.BtcFormatTest" name="negativeTest[50]" time="0"/>
  <testcase classname="org.zencoinj.utils.BtcFormatTest" name="millicoinScaleTest[50]" time="0"/>
  <testcase classname="org.zencoinj.utils.BtcFormatTest" name="toStringTest[50]" time="0.001"/>
  <testcase classname="org.zencoinj.utils.BtcFormatTest" name="testGrouping[50]" time="0"/>
  <testcase classname="org.zencoinj.utils.BtcFormatTest" name="symbolsCodesTest[50]" time="0.001"/>
  <testcase classname="org.zencoinj.utils.BtcFormatTest" name="defaultLocaleTest[50]" time="0"/>
  <testcase classname="org.zencoinj.utils.BtcFormatTest" name="parsePositionTest[50]" time="0"/>
  <testcase classname="org.zencoinj.utils.BtcFormatTest" name="argumentTypeTest[50]" time="0.001"/>
  <testcase classname="org.zencoinj.utils.BtcFormatTest" name="characterIteratorTest[50]" time="0"/>
  <testcase classname="org.zencoinj.utils.BtcFormatTest" name="repeatingPlaceTest[50]" time="0"/>
  <testcase classname="org.zencoinj.utils.BtcFormatTest" name="currencyCodeTest[50]" time="0.001"/>
  <testcase classname="org.zencoinj.utils.BtcFormatTest" name="patternDecimalPlaces[50]" time="0"/>
  <testcase classname="org.zencoinj.utils.BtcFormatTest" name="factoryArgumentsTest[51]" time="0.001"/>
  <testcase classname="org.zencoinj.utils.BtcFormatTest" name="parseTest[51]" time="0.002"/>
  <testcase classname="org.zencoinj.utils.BtcFormatTest" name="microcoinScaleTest[51]" time="0"/>
  <testcase classname="org.zencoinj.utils.BtcFormatTest" name="parseMetricTest[51]" time="0.002"/>
  <testcase classname="org.zencoinj.utils.BtcFormatTest" name="coinScaleTest[51]" time="0"/>
  <testcase classname="org.zencoinj.utils.BtcFormatTest" name="builderTest[51]" time="0.002"/>
  <testcase classname="org.zencoinj.utils.BtcFormatTest" name="attributeTest[51]" time="0"/>
  <testcase classname="org.zencoinj.utils.BtcFormatTest" name="prefixTest[51]" time="0"/>
  <testcase classname="org.zencoinj.utils.BtcFormatTest" name="suffixTest[51]" time="0.001"/>
  <testcase classname="org.zencoinj.utils.BtcFormatTest" name="autoDecimalTest[51]" time="0.001"/>
  <testcase classname="org.zencoinj.utils.BtcFormatTest" name="symbolCollisionTest[51]" time="0.002"/>
  <testcase classname="org.zencoinj.utils.BtcFormatTest" name="equalityTest[51]" time="0.001"/>
  <testcase classname="org.zencoinj.utils.BtcFormatTest" name="columnAlignmentTest[51]" time="0.001"/>
  <testcase classname="org.zencoinj.utils.BtcFormatTest" name="factoryTest[51]" time="0"/>
  <testcase classname="org.zencoinj.utils.BtcFormatTest" name="parse[51]" time="0"/>
  <testcase classname="org.zencoinj.utils.BtcFormatTest" name="btcRounding[51]" time="0.002"/>
  <testcase classname="org.zencoinj.utils.BtcFormatTest" name="negativeTest[51]" time="0"/>
  <testcase classname="org.zencoinj.utils.BtcFormatTest" name="millicoinScaleTest[51]" time="0"/>
  <testcase classname="org.zencoinj.utils.BtcFormatTest" name="toStringTest[51]" time="0.001"/>
  <testcase classname="org.zencoinj.utils.BtcFormatTest" name="testGrouping[51]" time="0"/>
  <testcase classname="org.zencoinj.utils.BtcFormatTest" name="symbolsCodesTest[51]" time="0.001"/>
  <testcase classname="org.zencoinj.utils.BtcFormatTest" name="defaultLocaleTest[51]" time="0"/>
  <testcase classname="org.zencoinj.utils.BtcFormatTest" name="parsePositionTest[51]" time="0"/>
  <testcase classname="org.zencoinj.utils.BtcFormatTest" name="argumentTypeTest[51]" time="0"/>
  <testcase classname="org.zencoinj.utils.BtcFormatTest" name="characterIteratorTest[51]" time="0.001"/>
  <testcase classname="org.zencoinj.utils.BtcFormatTest" name="repeatingPlaceTest[51]" time="0"/>
  <testcase classname="org.zencoinj.utils.BtcFormatTest" name="currencyCodeTest[51]" time="0"/>
  <testcase classname="org.zencoinj.utils.BtcFormatTest" name="patternDecimalPlaces[51]" time="0"/>
  <testcase classname="org.zencoinj.utils.BtcFormatTest" name="factoryArgumentsTest[52]" time="0.002"/>
  <testcase classname="org.zencoinj.utils.BtcFormatTest" name="parseTest[52]" time="0.002"/>
  <testcase classname="org.zencoinj.utils.BtcFormatTest" name="microcoinScaleTest[52]" time="0"/>
  <testcase classname="org.zencoinj.utils.BtcFormatTest" name="parseMetricTest[52]" time="0.001"/>
  <testcase classname="org.zencoinj.utils.BtcFormatTest" name="coinScaleTest[52]" time="0"/>
  <testcase classname="org.zencoinj.utils.BtcFormatTest" name="builderTest[52]" time="0.001"/>
  <testcase classname="org.zencoinj.utils.BtcFormatTest" name="attributeTest[52]" time="0.001"/>
  <testcase classname="org.zencoinj.utils.BtcFormatTest" name="prefixTest[52]" time="0"/>
  <testcase classname="org.zencoinj.utils.BtcFormatTest" name="suffixTest[52]" time="0"/>
  <testcase classname="org.zencoinj.utils.BtcFormatTest" name="autoDecimalTest[52]" time="0.001"/>
  <testcase classname="org.zencoinj.utils.BtcFormatTest" name="symbolCollisionTest[52]" time="0.001"/>
  <testcase classname="org.zencoinj.utils.BtcFormatTest" name="equalityTest[52]" time="0.002"/>
  <testcase classname="org.zencoinj.utils.BtcFormatTest" name="columnAlignmentTest[52]" time="0"/>
  <testcase classname="org.zencoinj.utils.BtcFormatTest" name="factoryTest[52]" time="0"/>
  <testcase classname="org.zencoinj.utils.BtcFormatTest" name="parse[52]" time="0"/>
  <testcase classname="org.zencoinj.utils.BtcFormatTest" name="btcRounding[52]" time="0.001"/>
  <testcase classname="org.zencoinj.utils.BtcFormatTest" name="negativeTest[52]" time="0.001"/>
  <testcase classname="org.zencoinj.utils.BtcFormatTest" name="millicoinScaleTest[52]" time="0"/>
  <testcase classname="org.zencoinj.utils.BtcFormatTest" name="toStringTest[52]" time="0"/>
  <testcase classname="org.zencoinj.utils.BtcFormatTest" name="testGrouping[52]" time="0.001"/>
  <testcase classname="org.zencoinj.utils.BtcFormatTest" name="symbolsCodesTest[52]" time="0"/>
  <testcase classname="org.zencoinj.utils.BtcFormatTest" name="defaultLocaleTest[52]" time="0"/>
  <testcase classname="org.zencoinj.utils.BtcFormatTest" name="parsePositionTest[52]" time="0"/>
  <testcase classname="org.zencoinj.utils.BtcFormatTest" name="argumentTypeTest[52]" time="0.001"/>
  <testcase classname="org.zencoinj.utils.BtcFormatTest" name="characterIteratorTest[52]" time="0.001"/>
  <testcase classname="org.zencoinj.utils.BtcFormatTest" name="repeatingPlaceTest[52]" time="0"/>
  <testcase classname="org.zencoinj.utils.BtcFormatTest" name="currencyCodeTest[52]" time="0"/>
  <testcase classname="org.zencoinj.utils.BtcFormatTest" name="patternDecimalPlaces[52]" time="0"/>
  <testcase classname="org.zencoinj.utils.BtcFormatTest" name="factoryArgumentsTest[53]" time="0.001"/>
  <testcase classname="org.zencoinj.utils.BtcFormatTest" name="parseTest[53]" time="0.001"/>
  <testcase classname="org.zencoinj.utils.BtcFormatTest" name="microcoinScaleTest[53]" time="0"/>
  <testcase classname="org.zencoinj.utils.BtcFormatTest" name="parseMetricTest[53]" time="0.001"/>
  <testcase classname="org.zencoinj.utils.BtcFormatTest" name="coinScaleTest[53]" time="0"/>
  <testcase classname="org.zencoinj.utils.BtcFormatTest" name="builderTest[53]" time="0.003"/>
  <testcase classname="org.zencoinj.utils.BtcFormatTest" name="attributeTest[53]" time="0"/>
  <testcase classname="org.zencoinj.utils.BtcFormatTest" name="prefixTest[53]" time="0"/>
  <testcase classname="org.zencoinj.utils.BtcFormatTest" name="suffixTest[53]" time="0.001"/>
  <testcase classname="org.zencoinj.utils.BtcFormatTest" name="autoDecimalTest[53]" time="0.001"/>
  <testcase classname="org.zencoinj.utils.BtcFormatTest" name="symbolCollisionTest[53]" time="0.001"/>
  <testcase classname="org.zencoinj.utils.BtcFormatTest" name="equalityTest[53]" time="0.002"/>
  <testcase classname="org.zencoinj.utils.BtcFormatTest" name="columnAlignmentTest[53]" time="0"/>
  <testcase classname="org.zencoinj.utils.BtcFormatTest" name="factoryTest[53]" time="0.001"/>
  <testcase classname="org.zencoinj.utils.BtcFormatTest" name="parse[53]" time="0.001"/>
  <testcase classname="org.zencoinj.utils.BtcFormatTest" name="btcRounding[53]" time="0.001"/>
  <testcase classname="org.zencoinj.utils.BtcFormatTest" name="negativeTest[53]" time="0"/>
  <testcase classname="org.zencoinj.utils.BtcFormatTest" name="millicoinScaleTest[53]" time="0.001"/>
  <testcase classname="org.zencoinj.utils.BtcFormatTest" name="toStringTest[53]" time="0"/>
  <testcase classname="org.zencoinj.utils.BtcFormatTest" name="testGrouping[53]" time="0.001"/>
  <testcase classname="org.zencoinj.utils.BtcFormatTest" name="symbolsCodesTest[53]" time="0"/>
  <testcase classname="org.zencoinj.utils.BtcFormatTest" name="defaultLocaleTest[53]" time="0"/>
  <testcase classname="org.zencoinj.utils.BtcFormatTest" name="parsePositionTest[53]" time="0.001"/>
  <testcase classname="org.zencoinj.utils.BtcFormatTest" name="argumentTypeTest[53]" time="0"/>
  <testcase classname="org.zencoinj.utils.BtcFormatTest" name="characterIteratorTest[53]" time="0"/>
  <testcase classname="org.zencoinj.utils.BtcFormatTest" name="repeatingPlaceTest[53]" time="0.001"/>
  <testcase classname="org.zencoinj.utils.BtcFormatTest" name="currencyCodeTest[53]" time="0"/>
  <testcase classname="org.zencoinj.utils.BtcFormatTest" name="patternDecimalPlaces[53]" time="0"/>
  <testcase classname="org.zencoinj.utils.BtcFormatTest" name="factoryArgumentsTest[54]" time="0.002"/>
  <testcase classname="org.zencoinj.utils.BtcFormatTest" name="parseTest[54]" time="0.002"/>
  <testcase classname="org.zencoinj.utils.BtcFormatTest" name="microcoinScaleTest[54]" time="0"/>
  <testcase classname="org.zencoinj.utils.BtcFormatTest" name="parseMetricTest[54]" time="0.001"/>
  <testcase classname="org.zencoinj.utils.BtcFormatTest" name="coinScaleTest[54]" time="0"/>
  <testcase classname="org.zencoinj.utils.BtcFormatTest" name="builderTest[54]" time="0.002"/>
  <testcase classname="org.zencoinj.utils.BtcFormatTest" name="attributeTest[54]" time="0"/>
  <testcase classname="org.zencoinj.utils.BtcFormatTest" name="prefixTest[54]" time="0.001"/>
  <testcase classname="org.zencoinj.utils.BtcFormatTest" name="suffixTest[54]" time="0"/>
  <testcase classname="org.zencoinj.utils.BtcFormatTest" name="autoDecimalTest[54]" time="0.001"/>
  <testcase classname="org.zencoinj.utils.BtcFormatTest" name="symbolCollisionTest[54]" time="0.001"/>
  <testcase classname="org.zencoinj.utils.BtcFormatTest" name="equalityTest[54]" time="0.002"/>
  <testcase classname="org.zencoinj.utils.BtcFormatTest" name="columnAlignmentTest[54]" time="0.001"/>
  <testcase classname="org.zencoinj.utils.BtcFormatTest" name="factoryTest[54]" time="0"/>
  <testcase classname="org.zencoinj.utils.BtcFormatTest" name="parse[54]" time="0"/>
  <testcase classname="org.zencoinj.utils.BtcFormatTest" name="btcRounding[54]" time="0.002"/>
  <testcase classname="org.zencoinj.utils.BtcFormatTest" name="negativeTest[54]" time="0"/>
  <testcase classname="org.zencoinj.utils.BtcFormatTest" name="millicoinScaleTest[54]" time="0"/>
  <testcase classname="org.zencoinj.utils.BtcFormatTest" name="toStringTest[54]" time="0.001"/>
  <testcase classname="org.zencoinj.utils.BtcFormatTest" name="testGrouping[54]" time="0"/>
  <testcase classname="org.zencoinj.utils.BtcFormatTest" name="symbolsCodesTest[54]" time="0.001"/>
  <testcase classname="org.zencoinj.utils.BtcFormatTest" name="defaultLocaleTest[54]" time="0"/>
  <testcase classname="org.zencoinj.utils.BtcFormatTest" name="parsePositionTest[54]" time="0.001"/>
  <testcase classname="org.zencoinj.utils.BtcFormatTest" name="argumentTypeTest[54]" time="0"/>
  <testcase classname="org.zencoinj.utils.BtcFormatTest" name="characterIteratorTest[54]" time="0.001"/>
  <testcase classname="org.zencoinj.utils.BtcFormatTest" name="repeatingPlaceTest[54]" time="0"/>
  <testcase classname="org.zencoinj.utils.BtcFormatTest" name="currencyCodeTest[54]" time="0"/>
  <testcase classname="org.zencoinj.utils.BtcFormatTest" name="patternDecimalPlaces[54]" time="0"/>
  <testcase classname="org.zencoinj.utils.BtcFormatTest" name="factoryArgumentsTest[55]" time="0.002"/>
  <testcase classname="org.zencoinj.utils.BtcFormatTest" name="parseTest[55]" time="0.002"/>
  <testcase classname="org.zencoinj.utils.BtcFormatTest" name="microcoinScaleTest[55]" time="0"/>
  <testcase classname="org.zencoinj.utils.BtcFormatTest" name="parseMetricTest[55]" time="0.001"/>
  <testcase classname="org.zencoinj.utils.BtcFormatTest" name="coinScaleTest[55]" time="0.001"/>
  <testcase classname="org.zencoinj.utils.BtcFormatTest" name="builderTest[55]" time="0.002"/>
  <testcase classname="org.zencoinj.utils.BtcFormatTest" name="attributeTest[55]" time="0"/>
  <testcase classname="org.zencoinj.utils.BtcFormatTest" name="prefixTest[55]" time="0"/>
  <testcase classname="org.zencoinj.utils.BtcFormatTest" name="suffixTest[55]" time="0"/>
  <testcase classname="org.zencoinj.utils.BtcFormatTest" name="autoDecimalTest[55]" time="0.002"/>
  <testcase classname="org.zencoinj.utils.BtcFormatTest" name="symbolCollisionTest[55]" time="0.001"/>
  <testcase classname="org.zencoinj.utils.BtcFormatTest" name="equalityTest[55]" time="0.002"/>
  <testcase classname="org.zencoinj.utils.BtcFormatTest" name="columnAlignmentTest[55]" time="0"/>
  <testcase classname="org.zencoinj.utils.BtcFormatTest" name="factoryTest[55]" time="0.001"/>
  <testcase classname="org.zencoinj.utils.BtcFormatTest" name="parse[55]" time="0"/>
  <testcase classname="org.zencoinj.utils.BtcFormatTest" name="btcRounding[55]" time="0.003"/>
  <testcase classname="org.zencoinj.utils.BtcFormatTest" name="negativeTest[55]" time="0"/>
  <testcase classname="org.zencoinj.utils.BtcFormatTest" name="millicoinScaleTest[55]" time="0"/>
  <testcase classname="org.zencoinj.utils.BtcFormatTest" name="toStringTest[55]" time="0.001"/>
  <testcase classname="org.zencoinj.utils.BtcFormatTest" name="testGrouping[55]" time="0.001"/>
  <testcase classname="org.zencoinj.utils.BtcFormatTest" name="symbolsCodesTest[55]" time="0.001"/>
  <testcase classname="org.zencoinj.utils.BtcFormatTest" name="defaultLocaleTest[55]" time="0"/>
  <testcase classname="org.zencoinj.utils.BtcFormatTest" name="parsePositionTest[55]" time="0"/>
  <testcase classname="org.zencoinj.utils.BtcFormatTest" name="argumentTypeTest[55]" time="0.001"/>
  <testcase classname="org.zencoinj.utils.BtcFormatTest" name="characterIteratorTest[55]" time="0"/>
  <testcase classname="org.zencoinj.utils.BtcFormatTest" name="repeatingPlaceTest[55]" time="0.001"/>
  <testcase classname="org.zencoinj.utils.BtcFormatTest" name="currencyCodeTest[55]" time="0"/>
  <testcase classname="org.zencoinj.utils.BtcFormatTest" name="patternDecimalPlaces[55]" time="0"/>
  <testcase classname="org.zencoinj.utils.BtcFormatTest" name="factoryArgumentsTest[56]" time="0.001"/>
  <testcase classname="org.zencoinj.utils.BtcFormatTest" name="parseTest[56]" time="0.001"/>
  <testcase classname="org.zencoinj.utils.BtcFormatTest" name="microcoinScaleTest[56]" time="0"/>
  <testcase classname="org.zencoinj.utils.BtcFormatTest" name="parseMetricTest[56]" time="0.002"/>
  <testcase classname="org.zencoinj.utils.BtcFormatTest" name="coinScaleTest[56]" time="0"/>
  <testcase classname="org.zencoinj.utils.BtcFormatTest" name="builderTest[56]" time="0.003"/>
  <testcase classname="org.zencoinj.utils.BtcFormatTest" name="attributeTest[56]" time="0"/>
  <testcase classname="org.zencoinj.utils.BtcFormatTest" name="prefixTest[56]" time="0.001"/>
  <testcase classname="org.zencoinj.utils.BtcFormatTest" name="suffixTest[56]" time="0"/>
  <testcase classname="org.zencoinj.utils.BtcFormatTest" name="autoDecimalTest[56]" time="0.001"/>
  <testcase classname="org.zencoinj.utils.BtcFormatTest" name="symbolCollisionTest[56]" time="0.001"/>
  <testcase classname="org.zencoinj.utils.BtcFormatTest" name="equalityTest[56]" time="0.002"/>
  <testcase classname="org.zencoinj.utils.BtcFormatTest" name="columnAlignmentTest[56]" time="0"/>
  <testcase classname="org.zencoinj.utils.BtcFormatTest" name="factoryTest[56]" time="0"/>
  <testcase classname="org.zencoinj.utils.BtcFormatTest" name="parse[56]" time="0.001"/>
  <testcase classname="org.zencoinj.utils.BtcFormatTest" name="btcRounding[56]" time="0.001"/>
  <testcase classname="org.zencoinj.utils.BtcFormatTest" name="negativeTest[56]" time="0.001"/>
  <testcase classname="org.zencoinj.utils.BtcFormatTest" name="millicoinScaleTest[56]" time="0"/>
  <testcase classname="org.zencoinj.utils.BtcFormatTest" name="toStringTest[56]" time="0.001"/>
  <testcase classname="org.zencoinj.utils.BtcFormatTest" name="testGrouping[56]" time="0"/>
  <testcase classname="org.zencoinj.utils.BtcFormatTest" name="symbolsCodesTest[56]" time="0.001"/>
  <testcase classname="org.zencoinj.utils.BtcFormatTest" name="defaultLocaleTest[56]" time="0"/>
  <testcase classname="org.zencoinj.utils.BtcFormatTest" name="parsePositionTest[56]" time="0"/>
  <testcase classname="org.zencoinj.utils.BtcFormatTest" name="argumentTypeTest[56]" time="0.001"/>
  <testcase classname="org.zencoinj.utils.BtcFormatTest" name="characterIteratorTest[56]" time="0"/>
  <testcase classname="org.zencoinj.utils.BtcFormatTest" name="repeatingPlaceTest[56]" time="0.001"/>
  <testcase classname="org.zencoinj.utils.BtcFormatTest" name="currencyCodeTest[56]" time="0"/>
  <testcase classname="org.zencoinj.utils.BtcFormatTest" name="patternDecimalPlaces[56]" time="0"/>
  <testcase classname="org.zencoinj.utils.BtcFormatTest" name="factoryArgumentsTest[57]" time="0.002"/>
  <testcase classname="org.zencoinj.utils.BtcFormatTest" name="parseTest[57]" time="0.003"/>
  <testcase classname="org.zencoinj.utils.BtcFormatTest" name="microcoinScaleTest[57]" time="0"/>
  <testcase classname="org.zencoinj.utils.BtcFormatTest" name="parseMetricTest[57]" time="0.001"/>
  <testcase classname="org.zencoinj.utils.BtcFormatTest" name="coinScaleTest[57]" time="0"/>
  <testcase classname="org.zencoinj.utils.BtcFormatTest" name="builderTest[57]" time="0.002"/>
  <testcase classname="org.zencoinj.utils.BtcFormatTest" name="attributeTest[57]" time="0"/>
  <testcase classname="org.zencoinj.utils.BtcFormatTest" name="prefixTest[57]" time="0"/>
  <testcase classname="org.zencoinj.utils.BtcFormatTest" name="suffixTest[57]" time="0.001"/>
  <testcase classname="org.zencoinj.utils.BtcFormatTest" name="autoDecimalTest[57]" time="0.001"/>
  <testcase classname="org.zencoinj.utils.BtcFormatTest" name="symbolCollisionTest[57]" time="0.001"/>
  <testcase classname="org.zencoinj.utils.BtcFormatTest" name="equalityTest[57]" time="0.003"/>
  <testcase classname="org.zencoinj.utils.BtcFormatTest" name="columnAlignmentTest[57]" time="0"/>
  <testcase classname="org.zencoinj.utils.BtcFormatTest" name="factoryTest[57]" time="0.001"/>
  <testcase classname="org.zencoinj.utils.BtcFormatTest" name="parse[57]" time="0"/>
  <testcase classname="org.zencoinj.utils.BtcFormatTest" name="btcRounding[57]" time="0.002"/>
  <testcase classname="org.zencoinj.utils.BtcFormatTest" name="negativeTest[57]" time="0"/>
  <testcase classname="org.zencoinj.utils.BtcFormatTest" name="millicoinScaleTest[57]" time="0.001"/>
  <testcase classname="org.zencoinj.utils.BtcFormatTest" name="toStringTest[57]" time="0.001"/>
  <testcase classname="org.zencoinj.utils.BtcFormatTest" name="testGrouping[57]" time="0"/>
  <testcase classname="org.zencoinj.utils.BtcFormatTest" name="symbolsCodesTest[57]" time="0.001"/>
  <testcase classname="org.zencoinj.utils.BtcFormatTest" name="defaultLocaleTest[57]" time="0"/>
  <testcase classname="org.zencoinj.utils.BtcFormatTest" name="parsePositionTest[57]" time="0.001"/>
  <testcase classname="org.zencoinj.utils.BtcFormatTest" name="argumentTypeTest[57]" time="0"/>
  <testcase classname="org.zencoinj.utils.BtcFormatTest" name="characterIteratorTest[57]" time="0.001"/>
  <testcase classname="org.zencoinj.utils.BtcFormatTest" name="repeatingPlaceTest[57]" time="0"/>
  <testcase classname="org.zencoinj.utils.BtcFormatTest" name="currencyCodeTest[57]" time="0"/>
  <testcase classname="org.zencoinj.utils.BtcFormatTest" name="patternDecimalPlaces[57]" time="0"/>
  <testcase classname="org.zencoinj.utils.BtcFormatTest" name="factoryArgumentsTest[58]" time="0.002"/>
  <testcase classname="org.zencoinj.utils.BtcFormatTest" name="parseTest[58]" time="0.001"/>
  <testcase classname="org.zencoinj.utils.BtcFormatTest" name="microcoinScaleTest[58]" time="0.001"/>
  <testcase classname="org.zencoinj.utils.BtcFormatTest" name="parseMetricTest[58]" time="0.001"/>
  <testcase classname="org.zencoinj.utils.BtcFormatTest" name="coinScaleTest[58]" time="0"/>
  <testcase classname="org.zencoinj.utils.BtcFormatTest" name="builderTest[58]" time="0.002"/>
  <testcase classname="org.zencoinj.utils.BtcFormatTest" name="attributeTest[58]" time="0"/>
  <testcase classname="org.zencoinj.utils.BtcFormatTest" name="prefixTest[58]" time="0"/>
  <testcase classname="org.zencoinj.utils.BtcFormatTest" name="suffixTest[58]" time="0"/>
  <testcase classname="org.zencoinj.utils.BtcFormatTest" name="autoDecimalTest[58]" time="0.002"/>
  <testcase classname="org.zencoinj.utils.BtcFormatTest" name="symbolCollisionTest[58]" time="0"/>
  <testcase classname="org.zencoinj.utils.BtcFormatTest" name="equalityTest[58]" time="0.003"/>
  <testcase classname="org.zencoinj.utils.BtcFormatTest" name="columnAlignmentTest[58]" time="0"/>
  <testcase classname="org.zencoinj.utils.BtcFormatTest" name="factoryTest[58]" time="0.001"/>
  <testcase classname="org.zencoinj.utils.BtcFormatTest" name="parse[58]" time="0"/>
  <testcase classname="org.zencoinj.utils.BtcFormatTest" name="btcRounding[58]" time="0.002"/>
  <testcase classname="org.zencoinj.utils.BtcFormatTest" name="negativeTest[58]" time="0"/>
  <testcase classname="org.zencoinj.utils.BtcFormatTest" name="millicoinScaleTest[58]" time="0"/>
  <testcase classname="org.zencoinj.utils.BtcFormatTest" name="toStringTest[58]" time="0.001"/>
  <testcase classname="org.zencoinj.utils.BtcFormatTest" name="testGrouping[58]" time="0"/>
  <testcase classname="org.zencoinj.utils.BtcFormatTest" name="symbolsCodesTest[58]" time="0.001"/>
  <testcase classname="org.zencoinj.utils.BtcFormatTest" name="defaultLocaleTest[58]" time="0"/>
  <testcase classname="org.zencoinj.utils.BtcFormatTest" name="parsePositionTest[58]" time="0.001"/>
  <testcase classname="org.zencoinj.utils.BtcFormatTest" name="argumentTypeTest[58]" time="0"/>
  <testcase classname="org.zencoinj.utils.BtcFormatTest" name="characterIteratorTest[58]" time="0.001"/>
  <testcase classname="org.zencoinj.utils.BtcFormatTest" name="repeatingPlaceTest[58]" time="0"/>
  <testcase classname="org.zencoinj.utils.BtcFormatTest" name="currencyCodeTest[58]" time="0"/>
  <testcase classname="org.zencoinj.utils.BtcFormatTest" name="patternDecimalPlaces[58]" time="0"/>
  <testcase classname="org.zencoinj.utils.BtcFormatTest" name="factoryArgumentsTest[59]" time="0.002"/>
  <testcase classname="org.zencoinj.utils.BtcFormatTest" name="parseTest[59]" time="0.002"/>
  <testcase classname="org.zencoinj.utils.BtcFormatTest" name="microcoinScaleTest[59]" time="0"/>
  <testcase classname="org.zencoinj.utils.BtcFormatTest" name="parseMetricTest[59]" time="0.001"/>
  <testcase classname="org.zencoinj.utils.BtcFormatTest" name="coinScaleTest[59]" time="0"/>
  <testcase classname="org.zencoinj.utils.BtcFormatTest" name="builderTest[59]" time="0.003"/>
  <testcase classname="org.zencoinj.utils.BtcFormatTest" name="attributeTest[59]" time="0"/>
  <testcase classname="org.zencoinj.utils.BtcFormatTest" name="prefixTest[59]" time="0.001"/>
  <testcase classname="org.zencoinj.utils.BtcFormatTest" name="suffixTest[59]" time="0"/>
  <testcase classname="org.zencoinj.utils.BtcFormatTest" name="autoDecimalTest[59]" time="0.001"/>
  <testcase classname="org.zencoinj.utils.BtcFormatTest" name="symbolCollisionTest[59]" time="0.001"/>
  <testcase classname="org.zencoinj.utils.BtcFormatTest" name="equalityTest[59]" time="0.003"/>
  <testcase classname="org.zencoinj.utils.BtcFormatTest" name="columnAlignmentTest[59]" time="0"/>
  <testcase classname="org.zencoinj.utils.BtcFormatTest" name="factoryTest[59]" time="0.001"/>
  <testcase classname="org.zencoinj.utils.BtcFormatTest" name="parse[59]" time="0"/>
  <testcase classname="org.zencoinj.utils.BtcFormatTest" name="btcRounding[59]" time="0.002"/>
  <testcase classname="org.zencoinj.utils.BtcFormatTest" name="negativeTest[59]" time="0"/>
  <testcase classname="org.zencoinj.utils.BtcFormatTest" name="millicoinScaleTest[59]" time="0"/>
  <testcase classname="org.zencoinj.utils.BtcFormatTest" name="toStringTest[59]" time="0.001"/>
  <testcase classname="org.zencoinj.utils.BtcFormatTest" name="testGrouping[59]" time="0.001"/>
  <testcase classname="org.zencoinj.utils.BtcFormatTest" name="symbolsCodesTest[59]" time="0"/>
  <testcase classname="org.zencoinj.utils.BtcFormatTest" name="defaultLocaleTest[59]" time="0"/>
  <testcase classname="org.zencoinj.utils.BtcFormatTest" name="parsePositionTest[59]" time="0"/>
  <testcase classname="org.zencoinj.utils.BtcFormatTest" name="argumentTypeTest[59]" time="0.001"/>
  <testcase classname="org.zencoinj.utils.BtcFormatTest" name="characterIteratorTest[59]" time="0"/>
  <testcase classname="org.zencoinj.utils.BtcFormatTest" name="repeatingPlaceTest[59]" time="0"/>
  <testcase classname="org.zencoinj.utils.BtcFormatTest" name="currencyCodeTest[59]" time="0.001"/>
  <testcase classname="org.zencoinj.utils.BtcFormatTest" name="patternDecimalPlaces[59]" time="0"/>
  <testcase classname="org.zencoinj.utils.BtcFormatTest" name="factoryArgumentsTest[60]" time="0.001"/>
  <testcase classname="org.zencoinj.utils.BtcFormatTest" name="parseTest[60]" time="0.002"/>
  <testcase classname="org.zencoinj.utils.BtcFormatTest" name="microcoinScaleTest[60]" time="0"/>
  <testcase classname="org.zencoinj.utils.BtcFormatTest" name="parseMetricTest[60]" time="0.001"/>
  <testcase classname="org.zencoinj.utils.BtcFormatTest" name="coinScaleTest[60]" time="0"/>
  <testcase classname="org.zencoinj.utils.BtcFormatTest" name="builderTest[60]" time="0.001"/>
  <testcase classname="org.zencoinj.utils.BtcFormatTest" name="attributeTest[60]" time="0"/>
  <testcase classname="org.zencoinj.utils.BtcFormatTest" name="prefixTest[60]" time="0"/>
  <testcase classname="org.zencoinj.utils.BtcFormatTest" name="suffixTest[60]" time="0.001"/>
  <testcase classname="org.zencoinj.utils.BtcFormatTest" name="autoDecimalTest[60]" time="0"/>
  <testcase classname="org.zencoinj.utils.BtcFormatTest" name="symbolCollisionTest[60]" time="0.001"/>
  <testcase classname="org.zencoinj.utils.BtcFormatTest" name="equalityTest[60]" time="0.002"/>
  <testcase classname="org.zencoinj.utils.BtcFormatTest" name="columnAlignmentTest[60]" time="0"/>
  <testcase classname="org.zencoinj.utils.BtcFormatTest" name="factoryTest[60]" time="0.001"/>
  <testcase classname="org.zencoinj.utils.BtcFormatTest" name="parse[60]" time="0"/>
  <testcase classname="org.zencoinj.utils.BtcFormatTest" name="btcRounding[60]" time="0.001"/>
  <testcase classname="org.zencoinj.utils.BtcFormatTest" name="negativeTest[60]" time="0.001"/>
  <testcase classname="org.zencoinj.utils.BtcFormatTest" name="millicoinScaleTest[60]" time="0"/>
  <testcase classname="org.zencoinj.utils.BtcFormatTest" name="toStringTest[60]" time="0.001"/>
  <testcase classname="org.zencoinj.utils.BtcFormatTest" name="testGrouping[60]" time="0"/>
  <testcase classname="org.zencoinj.utils.BtcFormatTest" name="symbolsCodesTest[60]" time="0"/>
  <testcase classname="org.zencoinj.utils.BtcFormatTest" name="defaultLocaleTest[60]" time="0"/>
  <testcase classname="org.zencoinj.utils.BtcFormatTest" name="parsePositionTest[60]" time="0"/>
  <testcase classname="org.zencoinj.utils.BtcFormatTest" name="argumentTypeTest[60]" time="0.001"/>
  <testcase classname="org.zencoinj.utils.BtcFormatTest" name="characterIteratorTest[60]" time="0.001"/>
  <testcase classname="org.zencoinj.utils.BtcFormatTest" name="repeatingPlaceTest[60]" time="0"/>
  <testcase classname="org.zencoinj.utils.BtcFormatTest" name="currencyCodeTest[60]" time="0"/>
  <testcase classname="org.zencoinj.utils.BtcFormatTest" name="patternDecimalPlaces[60]" time="0"/>
  <testcase classname="org.zencoinj.utils.BtcFormatTest" name="factoryArgumentsTest[61]" time="0.001"/>
  <testcase classname="org.zencoinj.utils.BtcFormatTest" name="parseTest[61]" time="0.002"/>
  <testcase classname="org.zencoinj.utils.BtcFormatTest" name="microcoinScaleTest[61]" time="0"/>
  <testcase classname="org.zencoinj.utils.BtcFormatTest" name="parseMetricTest[61]" time="0.001"/>
  <testcase classname="org.zencoinj.utils.BtcFormatTest" name="coinScaleTest[61]" time="0"/>
  <testcase classname="org.zencoinj.utils.BtcFormatTest" name="builderTest[61]" time="0.002"/>
  <testcase classname="org.zencoinj.utils.BtcFormatTest" name="attributeTest[61]" time="0.001"/>
  <testcase classname="org.zencoinj.utils.BtcFormatTest" name="prefixTest[61]" time="0"/>
  <testcase classname="org.zencoinj.utils.BtcFormatTest" name="suffixTest[61]" time="0"/>
  <testcase classname="org.zencoinj.utils.BtcFormatTest" name="autoDecimalTest[61]" time="0.001"/>
  <testcase classname="org.zencoinj.utils.BtcFormatTest" name="symbolCollisionTest[61]" time="0.001"/>
  <testcase classname="org.zencoinj.utils.BtcFormatTest" name="equalityTest[61]" time="0.003"/>
  <testcase classname="org.zencoinj.utils.BtcFormatTest" name="columnAlignmentTest[61]" time="0"/>
  <testcase classname="org.zencoinj.utils.BtcFormatTest" name="factoryTest[61]" time="0"/>
  <testcase classname="org.zencoinj.utils.BtcFormatTest" name="parse[61]" time="0"/>
  <testcase classname="org.zencoinj.utils.BtcFormatTest" name="btcRounding[61]" time="0.002"/>
  <testcase classname="org.zencoinj.utils.BtcFormatTest" name="negativeTest[61]" time="0"/>
  <testcase classname="org.zencoinj.utils.BtcFormatTest" name="millicoinScaleTest[61]" time="0.001"/>
  <testcase classname="org.zencoinj.utils.BtcFormatTest" name="toStringTest[61]" time="0"/>
  <testcase classname="org.zencoinj.utils.BtcFormatTest" name="testGrouping[61]" time="0.001"/>
  <testcase classname="org.zencoinj.utils.BtcFormatTest" name="symbolsCodesTest[61]" time="0"/>
  <testcase classname="org.zencoinj.utils.BtcFormatTest" name="defaultLocaleTest[61]" time="0"/>
  <testcase classname="org.zencoinj.utils.BtcFormatTest" name="parsePositionTest[61]" time="0.001"/>
  <testcase classname="org.zencoinj.utils.BtcFormatTest" name="argumentTypeTest[61]" time="0"/>
  <testcase classname="org.zencoinj.utils.BtcFormatTest" name="characterIteratorTest[61]" time="0.001"/>
  <testcase classname="org.zencoinj.utils.BtcFormatTest" name="repeatingPlaceTest[61]" time="0"/>
  <testcase classname="org.zencoinj.utils.BtcFormatTest" name="currencyCodeTest[61]" time="0"/>
  <testcase classname="org.zencoinj.utils.BtcFormatTest" name="patternDecimalPlaces[61]" time="0"/>
  <testcase classname="org.zencoinj.utils.BtcFormatTest" name="factoryArgumentsTest[62]" time="0.002"/>
  <testcase classname="org.zencoinj.utils.BtcFormatTest" name="parseTest[62]" time="0.002"/>
  <testcase classname="org.zencoinj.utils.BtcFormatTest" name="microcoinScaleTest[62]" time="0"/>
  <testcase classname="org.zencoinj.utils.BtcFormatTest" name="parseMetricTest[62]" time="0.001"/>
  <testcase classname="org.zencoinj.utils.BtcFormatTest" name="coinScaleTest[62]" time="0.001"/>
  <testcase classname="org.zencoinj.utils.BtcFormatTest" name="builderTest[62]" time="0.001"/>
  <testcase classname="org.zencoinj.utils.BtcFormatTest" name="attributeTest[62]" time="0"/>
  <testcase classname="org.zencoinj.utils.BtcFormatTest" name="prefixTest[62]" time="0"/>
  <testcase classname="org.zencoinj.utils.BtcFormatTest" name="suffixTest[62]" time="0"/>
  <testcase classname="org.zencoinj.utils.BtcFormatTest" name="autoDecimalTest[62]" time="0.001"/>
  <testcase classname="org.zencoinj.utils.BtcFormatTest" name="symbolCollisionTest[62]" time="0.001"/>
  <testcase classname="org.zencoinj.utils.BtcFormatTest" name="equalityTest[62]" time="0.001"/>
  <testcase classname="org.zencoinj.utils.BtcFormatTest" name="columnAlignmentTest[62]" time="0"/>
  <testcase classname="org.zencoinj.utils.BtcFormatTest" name="factoryTest[62]" time="0.001"/>
  <testcase classname="org.zencoinj.utils.BtcFormatTest" name="parse[62]" time="0"/>
  <testcase classname="org.zencoinj.utils.BtcFormatTest" name="btcRounding[62]" time="0.001"/>
  <testcase classname="org.zencoinj.utils.BtcFormatTest" name="negativeTest[62]" time="0"/>
  <testcase classname="org.zencoinj.utils.BtcFormatTest" name="millicoinScaleTest[62]" time="0"/>
  <testcase classname="org.zencoinj.utils.BtcFormatTest" name="toStringTest[62]" time="0.001"/>
  <testcase classname="org.zencoinj.utils.BtcFormatTest" name="testGrouping[62]" time="0"/>
  <testcase classname="org.zencoinj.utils.BtcFormatTest" name="symbolsCodesTest[62]" time="0"/>
  <testcase classname="org.zencoinj.utils.BtcFormatTest" name="defaultLocaleTest[62]" time="0.001"/>
  <testcase classname="org.zencoinj.utils.BtcFormatTest" name="parsePositionTest[62]" time="0"/>
  <testcase classname="org.zencoinj.utils.BtcFormatTest" name="argumentTypeTest[62]" time="0"/>
  <testcase classname="org.zencoinj.utils.BtcFormatTest" name="characterIteratorTest[62]" time="0.001"/>
  <testcase classname="org.zencoinj.utils.BtcFormatTest" name="repeatingPlaceTest[62]" time="0"/>
  <testcase classname="org.zencoinj.utils.BtcFormatTest" name="currencyCodeTest[62]" time="0"/>
  <testcase classname="org.zencoinj.utils.BtcFormatTest" name="patternDecimalPlaces[62]" time="0"/>
  <testcase classname="org.zencoinj.utils.BtcFormatTest" name="factoryArgumentsTest[63]" time="0.001"/>
  <testcase classname="org.zencoinj.utils.BtcFormatTest" name="parseTest[63]" time="0.005"/>
  <testcase classname="org.zencoinj.utils.BtcFormatTest" name="microcoinScaleTest[63]" time="0.001"/>
  <testcase classname="org.zencoinj.utils.BtcFormatTest" name="parseMetricTest[63]" time="0.001"/>
  <testcase classname="org.zencoinj.utils.BtcFormatTest" name="coinScaleTest[63]" time="0"/>
  <testcase classname="org.zencoinj.utils.BtcFormatTest" name="builderTest[63]" time="0.002"/>
  <testcase classname="org.zencoinj.utils.BtcFormatTest" name="attributeTest[63]" time="0"/>
  <testcase classname="org.zencoinj.utils.BtcFormatTest" name="prefixTest[63]" time="0.001"/>
  <testcase classname="org.zencoinj.utils.BtcFormatTest" name="suffixTest[63]" time="0"/>
  <testcase classname="org.zencoinj.utils.BtcFormatTest" name="autoDecimalTest[63]" time="0.001"/>
  <testcase classname="org.zencoinj.utils.BtcFormatTest" name="symbolCollisionTest[63]" time="0.001"/>
  <testcase classname="org.zencoinj.utils.BtcFormatTest" name="equalityTest[63]" time="0.004"/>
  <testcase classname="org.zencoinj.utils.BtcFormatTest" name="columnAlignmentTest[63]" time="0"/>
  <testcase classname="org.zencoinj.utils.BtcFormatTest" name="factoryTest[63]" time="0"/>
  <testcase classname="org.zencoinj.utils.BtcFormatTest" name="parse[63]" time="0"/>
  <testcase classname="org.zencoinj.utils.BtcFormatTest" name="btcRounding[63]" time="0.002"/>
  <testcase classname="org.zencoinj.utils.BtcFormatTest" name="negativeTest[63]" time="0.001"/>
  <testcase classname="org.zencoinj.utils.BtcFormatTest" name="millicoinScaleTest[63]" time="0"/>
  <testcase classname="org.zencoinj.utils.BtcFormatTest" name="toStringTest[63]" time="0"/>
  <testcase classname="org.zencoinj.utils.BtcFormatTest" name="testGrouping[63]" time="0.001"/>
  <testcase classname="org.zencoinj.utils.BtcFormatTest" name="symbolsCodesTest[63]" time="0.001"/>
  <testcase classname="org.zencoinj.utils.BtcFormatTest" name="defaultLocaleTest[63]" time="0"/>
  <testcase classname="org.zencoinj.utils.BtcFormatTest" name="parsePositionTest[63]" time="0"/>
  <testcase classname="org.zencoinj.utils.BtcFormatTest" name="argumentTypeTest[63]" time="0.001"/>
  <testcase classname="org.zencoinj.utils.BtcFormatTest" name="characterIteratorTest[63]" time="0"/>
  <testcase classname="org.zencoinj.utils.BtcFormatTest" name="repeatingPlaceTest[63]" time="0.001"/>
  <testcase classname="org.zencoinj.utils.BtcFormatTest" name="currencyCodeTest[63]" time="0"/>
  <testcase classname="org.zencoinj.utils.BtcFormatTest" name="patternDecimalPlaces[63]" time="0"/>
  <testcase classname="org.zencoinj.utils.BtcFormatTest" name="factoryArgumentsTest[64]" time="0.002"/>
  <testcase classname="org.zencoinj.utils.BtcFormatTest" name="parseTest[64]" time="0.002"/>
  <testcase classname="org.zencoinj.utils.BtcFormatTest" name="microcoinScaleTest[64]" time="0"/>
  <testcase classname="org.zencoinj.utils.BtcFormatTest" name="parseMetricTest[64]" time="0.002"/>
  <testcase classname="org.zencoinj.utils.BtcFormatTest" name="coinScaleTest[64]" time="0"/>
  <testcase classname="org.zencoinj.utils.BtcFormatTest" name="builderTest[64]" time="0.002"/>
  <testcase classname="org.zencoinj.utils.BtcFormatTest" name="attributeTest[64]" time="0"/>
  <testcase classname="org.zencoinj.utils.BtcFormatTest" name="prefixTest[64]" time="0.001"/>
  <testcase classname="org.zencoinj.utils.BtcFormatTest" name="suffixTest[64]" time="0"/>
  <testcase classname="org.zencoinj.utils.BtcFormatTest" name="autoDecimalTest[64]" time="0.001"/>
  <testcase classname="org.zencoinj.utils.BtcFormatTest" name="symbolCollisionTest[64]" time="0.001"/>
  <testcase classname="org.zencoinj.utils.BtcFormatTest" name="equalityTest[64]" time="0.002"/>
  <testcase classname="org.zencoinj.utils.BtcFormatTest" name="columnAlignmentTest[64]" time="0"/>
  <testcase classname="org.zencoinj.utils.BtcFormatTest" name="factoryTest[64]" time="0.001"/>
  <testcase classname="org.zencoinj.utils.BtcFormatTest" name="parse[64]" time="0"/>
  <testcase classname="org.zencoinj.utils.BtcFormatTest" name="btcRounding[64]" time="0.002"/>
  <testcase classname="org.zencoinj.utils.BtcFormatTest" name="negativeTest[64]" time="0"/>
  <testcase classname="org.zencoinj.utils.BtcFormatTest" name="millicoinScaleTest[64]" time="0.001"/>
  <testcase classname="org.zencoinj.utils.BtcFormatTest" name="toStringTest[64]" time="0"/>
  <testcase classname="org.zencoinj.utils.BtcFormatTest" name="testGrouping[64]" time="0.001"/>
  <testcase classname="org.zencoinj.utils.BtcFormatTest" name="symbolsCodesTest[64]" time="0"/>
  <testcase classname="org.zencoinj.utils.BtcFormatTest" name="defaultLocaleTest[64]" time="0"/>
  <testcase classname="org.zencoinj.utils.BtcFormatTest" name="parsePositionTest[64]" time="0"/>
  <testcase classname="org.zencoinj.utils.BtcFormatTest" name="argumentTypeTest[64]" time="0"/>
  <testcase classname="org.zencoinj.utils.BtcFormatTest" name="characterIteratorTest[64]" time="0.001"/>
  <testcase classname="org.zencoinj.utils.BtcFormatTest" name="repeatingPlaceTest[64]" time="0"/>
  <testcase classname="org.zencoinj.utils.BtcFormatTest" name="currencyCodeTest[64]" time="0.001"/>
  <testcase classname="org.zencoinj.utils.BtcFormatTest" name="patternDecimalPlaces[64]" time="0"/>
  <testcase classname="org.zencoinj.utils.BtcFormatTest" name="factoryArgumentsTest[65]" time="0.001"/>
  <testcase classname="org.zencoinj.utils.BtcFormatTest" name="parseTest[65]" time="0.002"/>
  <testcase classname="org.zencoinj.utils.BtcFormatTest" name="microcoinScaleTest[65]" time="0.001"/>
  <testcase classname="org.zencoinj.utils.BtcFormatTest" name="parseMetricTest[65]" time="0.001"/>
  <testcase classname="org.zencoinj.utils.BtcFormatTest" name="coinScaleTest[65]" time="0"/>
  <testcase classname="org.zencoinj.utils.BtcFormatTest" name="builderTest[65]" time="0.002"/>
  <testcase classname="org.zencoinj.utils.BtcFormatTest" name="attributeTest[65]" time="0"/>
  <testcase classname="org.zencoinj.utils.BtcFormatTest" name="prefixTest[65]" time="0.001"/>
  <testcase classname="org.zencoinj.utils.BtcFormatTest" name="suffixTest[65]" time="0"/>
  <testcase classname="org.zencoinj.utils.BtcFormatTest" name="autoDecimalTest[65]" time="0.001"/>
  <testcase classname="org.zencoinj.utils.BtcFormatTest" name="symbolCollisionTest[65]" time="0.001"/>
  <testcase classname="org.zencoinj.utils.BtcFormatTest" name="equalityTest[65]" time="0.002"/>
  <testcase classname="org.zencoinj.utils.BtcFormatTest" name="columnAlignmentTest[65]" time="0"/>
  <testcase classname="org.zencoinj.utils.BtcFormatTest" name="factoryTest[65]" time="0"/>
  <testcase classname="org.zencoinj.utils.BtcFormatTest" name="parse[65]" time="0"/>
  <testcase classname="org.zencoinj.utils.BtcFormatTest" name="btcRounding[65]" time="0.001"/>
  <testcase classname="org.zencoinj.utils.BtcFormatTest" name="negativeTest[65]" time="0"/>
  <testcase classname="org.zencoinj.utils.BtcFormatTest" name="millicoinScaleTest[65]" time="0"/>
  <testcase classname="org.zencoinj.utils.BtcFormatTest" name="toStringTest[65]" time="0"/>
  <testcase classname="org.zencoinj.utils.BtcFormatTest" name="testGrouping[65]" time="0.001"/>
  <testcase classname="org.zencoinj.utils.BtcFormatTest" name="symbolsCodesTest[65]" time="0"/>
  <testcase classname="org.zencoinj.utils.BtcFormatTest" name="defaultLocaleTest[65]" time="0"/>
  <testcase classname="org.zencoinj.utils.BtcFormatTest" name="parsePositionTest[65]" time="0.001"/>
  <testcase classname="org.zencoinj.utils.BtcFormatTest" name="argumentTypeTest[65]" time="0"/>
  <testcase classname="org.zencoinj.utils.BtcFormatTest" name="characterIteratorTest[65]" time="0"/>
  <testcase classname="org.zencoinj.utils.BtcFormatTest" name="repeatingPlaceTest[65]" time="0"/>
  <testcase classname="org.zencoinj.utils.BtcFormatTest" name="currencyCodeTest[65]" time="0"/>
  <testcase classname="org.zencoinj.utils.BtcFormatTest" name="patternDecimalPlaces[65]" time="0"/>
  <testcase classname="org.zencoinj.utils.BtcFormatTest" name="factoryArgumentsTest[66]" time="0.001"/>
  <testcase classname="org.zencoinj.utils.BtcFormatTest" name="parseTest[66]" time="0.001"/>
  <testcase classname="org.zencoinj.utils.BtcFormatTest" name="microcoinScaleTest[66]" time="0"/>
  <testcase classname="org.zencoinj.utils.BtcFormatTest" name="parseMetricTest[66]" time="0.001"/>
  <testcase classname="org.zencoinj.utils.BtcFormatTest" name="coinScaleTest[66]" time="0"/>
  <testcase classname="org.zencoinj.utils.BtcFormatTest" name="builderTest[66]" time="0.001"/>
  <testcase classname="org.zencoinj.utils.BtcFormatTest" name="attributeTest[66]" time="0"/>
  <testcase classname="org.zencoinj.utils.BtcFormatTest" name="prefixTest[66]" time="0"/>
  <testcase classname="org.zencoinj.utils.BtcFormatTest" name="suffixTest[66]" time="0"/>
  <testcase classname="org.zencoinj.utils.BtcFormatTest" name="autoDecimalTest[66]" time="0.001"/>
  <testcase classname="org.zencoinj.utils.BtcFormatTest" name="symbolCollisionTest[66]" time="0.001"/>
  <testcase classname="org.zencoinj.utils.BtcFormatTest" name="equalityTest[66]" time="0.002"/>
  <testcase classname="org.zencoinj.utils.BtcFormatTest" name="columnAlignmentTest[66]" time="0"/>
  <testcase classname="org.zencoinj.utils.BtcFormatTest" name="factoryTest[66]" time="0.001"/>
  <testcase classname="org.zencoinj.utils.BtcFormatTest" name="parse[66]" time="0"/>
  <testcase classname="org.zencoinj.utils.BtcFormatTest" name="btcRounding[66]" time="0.002"/>
  <testcase classname="org.zencoinj.utils.BtcFormatTest" name="negativeTest[66]" time="0"/>
  <testcase classname="org.zencoinj.utils.BtcFormatTest" name="millicoinScaleTest[66]" time="0"/>
  <testcase classname="org.zencoinj.utils.BtcFormatTest" name="toStringTest[66]" time="0.001"/>
  <testcase classname="org.zencoinj.utils.BtcFormatTest" name="testGrouping[66]" time="0"/>
  <testcase classname="org.zencoinj.utils.BtcFormatTest" name="symbolsCodesTest[66]" time="0.001"/>
  <testcase classname="org.zencoinj.utils.BtcFormatTest" name="defaultLocaleTest[66]" time="0"/>
  <testcase classname="org.zencoinj.utils.BtcFormatTest" name="parsePositionTest[66]" time="0"/>
  <testcase classname="org.zencoinj.utils.BtcFormatTest" name="argumentTypeTest[66]" time="0.001"/>
  <testcase classname="org.zencoinj.utils.BtcFormatTest" name="characterIteratorTest[66]" time="0"/>
  <testcase classname="org.zencoinj.utils.BtcFormatTest" name="repeatingPlaceTest[66]" time="0.001"/>
  <testcase classname="org.zencoinj.utils.BtcFormatTest" name="currencyCodeTest[66]" time="0"/>
  <testcase classname="org.zencoinj.utils.BtcFormatTest" name="patternDecimalPlaces[66]" time="0"/>
  <testcase classname="org.zencoinj.utils.BtcFormatTest" name="factoryArgumentsTest[67]" time="0.001"/>
  <testcase classname="org.zencoinj.utils.BtcFormatTest" name="parseTest[67]" time="0.002"/>
  <testcase classname="org.zencoinj.utils.BtcFormatTest" name="microcoinScaleTest[67]" time="0.001"/>
  <testcase classname="org.zencoinj.utils.BtcFormatTest" name="parseMetricTest[67]" time="0.001"/>
  <testcase classname="org.zencoinj.utils.BtcFormatTest" name="coinScaleTest[67]" time="0"/>
  <testcase classname="org.zencoinj.utils.BtcFormatTest" name="builderTest[67]" time="0.002"/>
  <testcase classname="org.zencoinj.utils.BtcFormatTest" name="attributeTest[67]" time="0"/>
  <testcase classname="org.zencoinj.utils.BtcFormatTest" name="prefixTest[67]" time="0"/>
  <testcase classname="org.zencoinj.utils.BtcFormatTest" name="suffixTest[67]" time="0"/>
  <testcase classname="org.zencoinj.utils.BtcFormatTest" name="autoDecimalTest[67]" time="0.002"/>
  <testcase classname="org.zencoinj.utils.BtcFormatTest" name="symbolCollisionTest[67]" time="0"/>
  <testcase classname="org.zencoinj.utils.BtcFormatTest" name="equalityTest[67]" time="0.002"/>
  <testcase classname="org.zencoinj.utils.BtcFormatTest" name="columnAlignmentTest[67]" time="0"/>
  <testcase classname="org.zencoinj.utils.BtcFormatTest" name="factoryTest[67]" time="0.001"/>
  <testcase classname="org.zencoinj.utils.BtcFormatTest" name="parse[67]" time="0"/>
  <testcase classname="org.zencoinj.utils.BtcFormatTest" name="btcRounding[67]" time="0.001"/>
  <testcase classname="org.zencoinj.utils.BtcFormatTest" name="negativeTest[67]" time="0"/>
  <testcase classname="org.zencoinj.utils.BtcFormatTest" name="millicoinScaleTest[67]" time="0"/>
  <testcase classname="org.zencoinj.utils.BtcFormatTest" name="toStringTest[67]" time="0.001"/>
  <testcase classname="org.zencoinj.utils.BtcFormatTest" name="testGrouping[67]" time="0"/>
  <testcase classname="org.zencoinj.utils.BtcFormatTest" name="symbolsCodesTest[67]" time="0.001"/>
  <testcase classname="org.zencoinj.utils.BtcFormatTest" name="defaultLocaleTest[67]" time="0"/>
  <testcase classname="org.zencoinj.utils.BtcFormatTest" name="parsePositionTest[67]" time="0"/>
  <testcase classname="org.zencoinj.utils.BtcFormatTest" name="argumentTypeTest[67]" time="0"/>
  <testcase classname="org.zencoinj.utils.BtcFormatTest" name="characterIteratorTest[67]" time="0.001"/>
  <testcase classname="org.zencoinj.utils.BtcFormatTest" name="repeatingPlaceTest[67]" time="0"/>
  <testcase classname="org.zencoinj.utils.BtcFormatTest" name="currencyCodeTest[67]" time="0"/>
  <testcase classname="org.zencoinj.utils.BtcFormatTest" name="patternDecimalPlaces[67]" time="0"/>
  <testcase classname="org.zencoinj.utils.BtcFormatTest" name="factoryArgumentsTest[68]" time="0.001"/>
  <testcase classname="org.zencoinj.utils.BtcFormatTest" name="parseTest[68]" time="0.001"/>
  <testcase classname="org.zencoinj.utils.BtcFormatTest" name="microcoinScaleTest[68]" time="0"/>
  <testcase classname="org.zencoinj.utils.BtcFormatTest" name="parseMetricTest[68]" time="0.001"/>
  <testcase classname="org.zencoinj.utils.BtcFormatTest" name="coinScaleTest[68]" time="0"/>
  <testcase classname="org.zencoinj.utils.BtcFormatTest" name="builderTest[68]" time="0.002"/>
  <testcase classname="org.zencoinj.utils.BtcFormatTest" name="attributeTest[68]" time="0"/>
  <testcase classname="org.zencoinj.utils.BtcFormatTest" name="prefixTest[68]" time="0"/>
  <testcase classname="org.zencoinj.utils.BtcFormatTest" name="suffixTest[68]" time="0"/>
  <testcase classname="org.zencoinj.utils.BtcFormatTest" name="autoDecimalTest[68]" time="0.002"/>
  <testcase classname="org.zencoinj.utils.BtcFormatTest" name="symbolCollisionTest[68]" time="0"/>
  <testcase classname="org.zencoinj.utils.BtcFormatTest" name="equalityTest[68]" time="0.002"/>
  <testcase classname="org.zencoinj.utils.BtcFormatTest" name="columnAlignmentTest[68]" time="0"/>
  <testcase classname="org.zencoinj.utils.BtcFormatTest" name="factoryTest[68]" time="0.001"/>
  <testcase classname="org.zencoinj.utils.BtcFormatTest" name="parse[68]" time="0"/>
  <testcase classname="org.zencoinj.utils.BtcFormatTest" name="btcRounding[68]" time="0.002"/>
  <testcase classname="org.zencoinj.utils.BtcFormatTest" name="negativeTest[68]" time="0"/>
  <testcase classname="org.zencoinj.utils.BtcFormatTest" name="millicoinScaleTest[68]" time="0"/>
  <testcase classname="org.zencoinj.utils.BtcFormatTest" name="toStringTest[68]" time="0"/>
  <testcase classname="org.zencoinj.utils.BtcFormatTest" name="testGrouping[68]" time="0"/>
  <testcase classname="org.zencoinj.utils.BtcFormatTest" name="symbolsCodesTest[68]" time="0"/>
  <testcase classname="org.zencoinj.utils.BtcFormatTest" name="defaultLocaleTest[68]" time="0"/>
  <testcase classname="org.zencoinj.utils.BtcFormatTest" name="parsePositionTest[68]" time="0"/>
  <testcase classname="org.zencoinj.utils.BtcFormatTest" name="argumentTypeTest[68]" time="0"/>
  <testcase classname="org.zencoinj.utils.BtcFormatTest" name="characterIteratorTest[68]" time="0"/>
  <testcase classname="org.zencoinj.utils.BtcFormatTest" name="repeatingPlaceTest[68]" time="0.001"/>
  <testcase classname="org.zencoinj.utils.BtcFormatTest" name="currencyCodeTest[68]" time="0"/>
  <testcase classname="org.zencoinj.utils.BtcFormatTest" name="patternDecimalPlaces[68]" time="0"/>
  <testcase classname="org.zencoinj.utils.BtcFormatTest" name="factoryArgumentsTest[69]" time="0.001"/>
  <testcase classname="org.zencoinj.utils.BtcFormatTest" name="parseTest[69]" time="0.002"/>
  <testcase classname="org.zencoinj.utils.BtcFormatTest" name="microcoinScaleTest[69]" time="0"/>
  <testcase classname="org.zencoinj.utils.BtcFormatTest" name="parseMetricTest[69]" time="0.001"/>
  <testcase classname="org.zencoinj.utils.BtcFormatTest" name="coinScaleTest[69]" time="0.001"/>
  <testcase classname="org.zencoinj.utils.BtcFormatTest" name="builderTest[69]" time="0.001"/>
  <testcase classname="org.zencoinj.utils.BtcFormatTest" name="attributeTest[69]" time="0.001"/>
  <testcase classname="org.zencoinj.utils.BtcFormatTest" name="prefixTest[69]" time="0"/>
  <testcase classname="org.zencoinj.utils.BtcFormatTest" name="suffixTest[69]" time="0"/>
  <testcase classname="org.zencoinj.utils.BtcFormatTest" name="autoDecimalTest[69]" time="0.001"/>
  <testcase classname="org.zencoinj.utils.BtcFormatTest" name="symbolCollisionTest[69]" time="0.001"/>
  <testcase classname="org.zencoinj.utils.BtcFormatTest" name="equalityTest[69]" time="0.001"/>
  <testcase classname="org.zencoinj.utils.BtcFormatTest" name="columnAlignmentTest[69]" time="0"/>
  <testcase classname="org.zencoinj.utils.BtcFormatTest" name="factoryTest[69]" time="0.001"/>
  <testcase classname="org.zencoinj.utils.BtcFormatTest" name="parse[69]" time="0"/>
  <testcase classname="org.zencoinj.utils.BtcFormatTest" name="btcRounding[69]" time="0.001"/>
  <testcase classname="org.zencoinj.utils.BtcFormatTest" name="negativeTest[69]" time="0"/>
  <testcase classname="org.zencoinj.utils.BtcFormatTest" name="millicoinScaleTest[69]" time="0"/>
  <testcase classname="org.zencoinj.utils.BtcFormatTest" name="toStringTest[69]" time="0.001"/>
  <testcase classname="org.zencoinj.utils.BtcFormatTest" name="testGrouping[69]" time="0"/>
  <testcase classname="org.zencoinj.utils.BtcFormatTest" name="symbolsCodesTest[69]" time="0.001"/>
  <testcase classname="org.zencoinj.utils.BtcFormatTest" name="defaultLocaleTest[69]" time="0"/>
  <testcase classname="org.zencoinj.utils.BtcFormatTest" name="parsePositionTest[69]" time="0"/>
  <testcase classname="org.zencoinj.utils.BtcFormatTest" name="argumentTypeTest[69]" time="0.001"/>
  <testcase classname="org.zencoinj.utils.BtcFormatTest" name="characterIteratorTest[69]" time="0"/>
  <testcase classname="org.zencoinj.utils.BtcFormatTest" name="repeatingPlaceTest[69]" time="0"/>
  <testcase classname="org.zencoinj.utils.BtcFormatTest" name="currencyCodeTest[69]" time="0.001"/>
  <testcase classname="org.zencoinj.utils.BtcFormatTest" name="patternDecimalPlaces[69]" time="0"/>
  <testcase classname="org.zencoinj.utils.BtcFormatTest" name="factoryArgumentsTest[70]" time="0.001"/>
  <testcase classname="org.zencoinj.utils.BtcFormatTest" name="parseTest[70]" time="0.002"/>
  <testcase classname="org.zencoinj.utils.BtcFormatTest" name="microcoinScaleTest[70]" time="0"/>
  <testcase classname="org.zencoinj.utils.BtcFormatTest" name="parseMetricTest[70]" time="0.001"/>
  <testcase classname="org.zencoinj.utils.BtcFormatTest" name="coinScaleTest[70]" time="0.001"/>
  <testcase classname="org.zencoinj.utils.BtcFormatTest" name="builderTest[70]" time="0.002"/>
  <testcase classname="org.zencoinj.utils.BtcFormatTest" name="attributeTest[70]" time="0"/>
  <testcase classname="org.zencoinj.utils.BtcFormatTest" name="prefixTest[70]" time="0"/>
  <testcase classname="org.zencoinj.utils.BtcFormatTest" name="suffixTest[70]" time="0.001"/>
  <testcase classname="org.zencoinj.utils.BtcFormatTest" name="autoDecimalTest[70]" time="0.001"/>
  <testcase classname="org.zencoinj.utils.BtcFormatTest" name="symbolCollisionTest[70]" time="0.001"/>
  <testcase classname="org.zencoinj.utils.BtcFormatTest" name="equalityTest[70]" time="0.002"/>
  <testcase classname="org.zencoinj.utils.BtcFormatTest" name="columnAlignmentTest[70]" time="0"/>
  <testcase classname="org.zencoinj.utils.BtcFormatTest" name="factoryTest[70]" time="0"/>
  <testcase classname="org.zencoinj.utils.BtcFormatTest" name="parse[70]" time="0.001"/>
  <testcase classname="org.zencoinj.utils.BtcFormatTest" name="btcRounding[70]" time="0"/>
  <testcase classname="org.zencoinj.utils.BtcFormatTest" name="negativeTest[70]" time="0"/>
  <testcase classname="org.zencoinj.utils.BtcFormatTest" name="millicoinScaleTest[70]" time="0"/>
  <testcase classname="org.zencoinj.utils.BtcFormatTest" name="toStringTest[70]" time="0.001"/>
  <testcase classname="org.zencoinj.utils.BtcFormatTest" name="testGrouping[70]" time="0"/>
  <testcase classname="org.zencoinj.utils.BtcFormatTest" name="symbolsCodesTest[70]" time="0"/>
  <testcase classname="org.zencoinj.utils.BtcFormatTest" name="defaultLocaleTest[70]" time="0"/>
  <testcase classname="org.zencoinj.utils.BtcFormatTest" name="parsePositionTest[70]" time="0"/>
  <testcase classname="org.zencoinj.utils.BtcFormatTest" name="argumentTypeTest[70]" time="0"/>
  <testcase classname="org.zencoinj.utils.BtcFormatTest" name="characterIteratorTest[70]" time="0.001"/>
  <testcase classname="org.zencoinj.utils.BtcFormatTest" name="repeatingPlaceTest[70]" time="0"/>
  <testcase classname="org.zencoinj.utils.BtcFormatTest" name="currencyCodeTest[70]" time="0"/>
  <testcase classname="org.zencoinj.utils.BtcFormatTest" name="patternDecimalPlaces[70]" time="0"/>
  <testcase classname="org.zencoinj.utils.BtcFormatTest" name="factoryArgumentsTest[71]" time="0.001"/>
  <testcase classname="org.zencoinj.utils.BtcFormatTest" name="parseTest[71]" time="0.001"/>
  <testcase classname="org.zencoinj.utils.BtcFormatTest" name="microcoinScaleTest[71]" time="0"/>
  <testcase classname="org.zencoinj.utils.BtcFormatTest" name="parseMetricTest[71]" time="0.001"/>
  <testcase classname="org.zencoinj.utils.BtcFormatTest" name="coinScaleTest[71]" time="0"/>
  <testcase classname="org.zencoinj.utils.BtcFormatTest" name="builderTest[71]" time="0.001"/>
  <testcase classname="org.zencoinj.utils.BtcFormatTest" name="attributeTest[71]" time="0"/>
  <testcase classname="org.zencoinj.utils.BtcFormatTest" name="prefixTest[71]" time="0"/>
  <testcase classname="org.zencoinj.utils.BtcFormatTest" name="suffixTest[71]" time="0"/>
  <testcase classname="org.zencoinj.utils.BtcFormatTest" name="autoDecimalTest[71]" time="0.001"/>
  <testcase classname="org.zencoinj.utils.BtcFormatTest" name="symbolCollisionTest[71]" time="0.001"/>
  <testcase classname="org.zencoinj.utils.BtcFormatTest" name="equalityTest[71]" time="0.001"/>
  <testcase classname="org.zencoinj.utils.BtcFormatTest" name="columnAlignmentTest[71]" time="0"/>
  <testcase classname="org.zencoinj.utils.BtcFormatTest" name="factoryTest[71]" time="0.001"/>
  <testcase classname="org.zencoinj.utils.BtcFormatTest" name="parse[71]" time="0"/>
  <testcase classname="org.zencoinj.utils.BtcFormatTest" name="btcRounding[71]" time="0.001"/>
  <testcase classname="org.zencoinj.utils.BtcFormatTest" name="negativeTest[71]" time="0.001"/>
  <testcase classname="org.zencoinj.utils.BtcFormatTest" name="millicoinScaleTest[71]" time="0"/>
  <testcase classname="org.zencoinj.utils.BtcFormatTest" name="toStringTest[71]" time="0.001"/>
  <testcase classname="org.zencoinj.utils.BtcFormatTest" name="testGrouping[71]" time="0"/>
  <testcase classname="org.zencoinj.utils.BtcFormatTest" name="symbolsCodesTest[71]" time="0.001"/>
  <testcase classname="org.zencoinj.utils.BtcFormatTest" name="defaultLocaleTest[71]" time="0"/>
  <testcase classname="org.zencoinj.utils.BtcFormatTest" name="parsePositionTest[71]" time="0"/>
  <testcase classname="org.zencoinj.utils.BtcFormatTest" name="argumentTypeTest[71]" time="0.001"/>
  <testcase classname="org.zencoinj.utils.BtcFormatTest" name="characterIteratorTest[71]" time="0"/>
  <testcase classname="org.zencoinj.utils.BtcFormatTest" name="repeatingPlaceTest[71]" time="0"/>
  <testcase classname="org.zencoinj.utils.BtcFormatTest" name="currencyCodeTest[71]" time="0"/>
  <testcase classname="org.zencoinj.utils.BtcFormatTest" name="patternDecimalPlaces[71]" time="0"/>
  <testcase classname="org.zencoinj.utils.BtcFormatTest" name="factoryArgumentsTest[72]" time="0"/>
  <testcase classname="org.zencoinj.utils.BtcFormatTest" name="parseTest[72]" time="0.002"/>
  <testcase classname="org.zencoinj.utils.BtcFormatTest" name="microcoinScaleTest[72]" time="0"/>
  <testcase classname="org.zencoinj.utils.BtcFormatTest" name="parseMetricTest[72]" time="0.001"/>
  <testcase classname="org.zencoinj.utils.BtcFormatTest" name="coinScaleTest[72]" time="0"/>
  <testcase classname="org.zencoinj.utils.BtcFormatTest" name="builderTest[72]" time="0.001"/>
  <testcase classname="org.zencoinj.utils.BtcFormatTest" name="attributeTest[72]" time="0"/>
  <testcase classname="org.zencoinj.utils.BtcFormatTest" name="prefixTest[72]" time="0"/>
  <testcase classname="org.zencoinj.utils.BtcFormatTest" name="suffixTest[72]" time="0"/>
  <testcase classname="org.zencoinj.utils.BtcFormatTest" name="autoDecimalTest[72]" time="0"/>
  <testcase classname="org.zencoinj.utils.BtcFormatTest" name="symbolCollisionTest[72]" time="0.001"/>
  <testcase classname="org.zencoinj.utils.BtcFormatTest" name="equalityTest[72]" time="0.001"/>
  <testcase classname="org.zencoinj.utils.BtcFormatTest" name="columnAlignmentTest[72]" time="0"/>
  <testcase classname="org.zencoinj.utils.BtcFormatTest" name="factoryTest[72]" time="0"/>
  <testcase classname="org.zencoinj.utils.BtcFormatTest" name="parse[72]" time="0"/>
  <testcase classname="org.zencoinj.utils.BtcFormatTest" name="btcRounding[72]" time="0.002"/>
  <testcase classname="org.zencoinj.utils.BtcFormatTest" name="negativeTest[72]" time="0"/>
  <testcase classname="org.zencoinj.utils.BtcFormatTest" name="millicoinScaleTest[72]" time="0"/>
  <testcase classname="org.zencoinj.utils.BtcFormatTest" name="toStringTest[72]" time="0.001"/>
  <testcase classname="org.zencoinj.utils.BtcFormatTest" name="testGrouping[72]" time="0"/>
  <testcase classname="org.zencoinj.utils.BtcFormatTest" name="symbolsCodesTest[72]" time="0.001"/>
  <testcase classname="org.zencoinj.utils.BtcFormatTest" name="defaultLocaleTest[72]" time="0"/>
  <testcase classname="org.zencoinj.utils.BtcFormatTest" name="parsePositionTest[72]" time="0"/>
  <testcase classname="org.zencoinj.utils.BtcFormatTest" name="argumentTypeTest[72]" time="0.001"/>
  <testcase classname="org.zencoinj.utils.BtcFormatTest" name="characterIteratorTest[72]" time="0"/>
  <testcase classname="org.zencoinj.utils.BtcFormatTest" name="repeatingPlaceTest[72]" time="0.001"/>
  <testcase classname="org.zencoinj.utils.BtcFormatTest" name="currencyCodeTest[72]" time="0"/>
  <testcase classname="org.zencoinj.utils.BtcFormatTest" name="patternDecimalPlaces[72]" time="0"/>
  <testcase classname="org.zencoinj.utils.BtcFormatTest" name="factoryArgumentsTest[73]" time="0.001"/>
  <testcase classname="org.zencoinj.utils.BtcFormatTest" name="parseTest[73]" time="0.002"/>
  <testcase classname="org.zencoinj.utils.BtcFormatTest" name="microcoinScaleTest[73]" time="0"/>
  <testcase classname="org.zencoinj.utils.BtcFormatTest" name="parseMetricTest[73]" time="0.002"/>
  <testcase classname="org.zencoinj.utils.BtcFormatTest" name="coinScaleTest[73]" time="0"/>
  <testcase classname="org.zencoinj.utils.BtcFormatTest" name="builderTest[73]" time="0.002"/>
  <testcase classname="org.zencoinj.utils.BtcFormatTest" name="attributeTest[73]" time="0"/>
  <testcase classname="org.zencoinj.utils.BtcFormatTest" name="prefixTest[73]" time="0.001"/>
  <testcase classname="org.zencoinj.utils.BtcFormatTest" name="suffixTest[73]" time="0"/>
  <testcase classname="org.zencoinj.utils.BtcFormatTest" name="autoDecimalTest[73]" time="0.001"/>
  <testcase classname="org.zencoinj.utils.BtcFormatTest" name="symbolCollisionTest[73]" time="0.001"/>
  <testcase classname="org.zencoinj.utils.BtcFormatTest" name="equalityTest[73]" time="0.002"/>
  <testcase classname="org.zencoinj.utils.BtcFormatTest" name="columnAlignmentTest[73]" time="0"/>
  <testcase classname="org.zencoinj.utils.BtcFormatTest" name="factoryTest[73]" time="0"/>
  <testcase classname="org.zencoinj.utils.BtcFormatTest" name="parse[73]" time="0.001"/>
  <testcase classname="org.zencoinj.utils.BtcFormatTest" name="btcRounding[73]" time="0.001"/>
  <testcase classname="org.zencoinj.utils.BtcFormatTest" name="negativeTest[73]" time="0"/>
  <testcase classname="org.zencoinj.utils.BtcFormatTest" name="millicoinScaleTest[73]" time="0"/>
  <testcase classname="org.zencoinj.utils.BtcFormatTest" name="toStringTest[73]" time="0.001"/>
  <testcase classname="org.zencoinj.utils.BtcFormatTest" name="testGrouping[73]" time="0"/>
  <testcase classname="org.zencoinj.utils.BtcFormatTest" name="symbolsCodesTest[73]" time="0.001"/>
  <testcase classname="org.zencoinj.utils.BtcFormatTest" name="defaultLocaleTest[73]" time="0"/>
  <testcase classname="org.zencoinj.utils.BtcFormatTest" name="parsePositionTest[73]" time="0"/>
  <testcase classname="org.zencoinj.utils.BtcFormatTest" name="argumentTypeTest[73]" time="0.001"/>
  <testcase classname="org.zencoinj.utils.BtcFormatTest" name="characterIteratorTest[73]" time="0"/>
  <testcase classname="org.zencoinj.utils.BtcFormatTest" name="repeatingPlaceTest[73]" time="0.001"/>
  <testcase classname="org.zencoinj.utils.BtcFormatTest" name="currencyCodeTest[73]" time="0"/>
  <testcase classname="org.zencoinj.utils.BtcFormatTest" name="patternDecimalPlaces[73]" time="0"/>
  <testcase classname="org.zencoinj.utils.BtcFormatTest" name="factoryArgumentsTest[74]" time="0.005"/>
  <testcase classname="org.zencoinj.utils.BtcFormatTest" name="parseTest[74]" time="0.001"/>
  <testcase classname="org.zencoinj.utils.BtcFormatTest" name="microcoinScaleTest[74]" time="0"/>
  <testcase classname="org.zencoinj.utils.BtcFormatTest" name="parseMetricTest[74]" time="0.001"/>
  <testcase classname="org.zencoinj.utils.BtcFormatTest" name="coinScaleTest[74]" time="0"/>
  <testcase classname="org.zencoinj.utils.BtcFormatTest" name="builderTest[74]" time="0.001"/>
  <testcase classname="org.zencoinj.utils.BtcFormatTest" name="attributeTest[74]" time="0"/>
  <testcase classname="org.zencoinj.utils.BtcFormatTest" name="prefixTest[74]" time="0"/>
  <testcase classname="org.zencoinj.utils.BtcFormatTest" name="suffixTest[74]" time="0"/>
  <testcase classname="org.zencoinj.utils.BtcFormatTest" name="autoDecimalTest[74]" time="0.001"/>
  <testcase classname="org.zencoinj.utils.BtcFormatTest" name="symbolCollisionTest[74]" time="0"/>
  <testcase classname="org.zencoinj.utils.BtcFormatTest" name="equalityTest[74]" time="0.001"/>
  <testcase classname="org.zencoinj.utils.BtcFormatTest" name="columnAlignmentTest[74]" time="0.001"/>
  <testcase classname="org.zencoinj.utils.BtcFormatTest" name="factoryTest[74]" time="0"/>
  <testcase classname="org.zencoinj.utils.BtcFormatTest" name="parse[74]" time="0"/>
  <testcase classname="org.zencoinj.utils.BtcFormatTest" name="btcRounding[74]" time="0.001"/>
  <testcase classname="org.zencoinj.utils.BtcFormatTest" name="negativeTest[74]" time="0"/>
  <testcase classname="org.zencoinj.utils.BtcFormatTest" name="millicoinScaleTest[74]" time="0"/>
  <testcase classname="org.zencoinj.utils.BtcFormatTest" name="toStringTest[74]" time="0.001"/>
  <testcase classname="org.zencoinj.utils.BtcFormatTest" name="testGrouping[74]" time="0"/>
  <testcase classname="org.zencoinj.utils.BtcFormatTest" name="symbolsCodesTest[74]" time="0.001"/>
  <testcase classname="org.zencoinj.utils.BtcFormatTest" name="defaultLocaleTest[74]" time="0"/>
  <testcase classname="org.zencoinj.utils.BtcFormatTest" name="parsePositionTest[74]" time="0"/>
  <testcase classname="org.zencoinj.utils.BtcFormatTest" name="argumentTypeTest[74]" time="0"/>
  <testcase classname="org.zencoinj.utils.BtcFormatTest" name="characterIteratorTest[74]" time="0.001"/>
  <testcase classname="org.zencoinj.utils.BtcFormatTest" name="repeatingPlaceTest[74]" time="0"/>
  <testcase classname="org.zencoinj.utils.BtcFormatTest" name="currencyCodeTest[74]" time="0"/>
  <testcase classname="org.zencoinj.utils.BtcFormatTest" name="patternDecimalPlaces[74]" time="0"/>
  <testcase classname="org.zencoinj.utils.BtcFormatTest" name="factoryArgumentsTest[75]" time="0.001"/>
  <testcase classname="org.zencoinj.utils.BtcFormatTest" name="parseTest[75]" time="0.001"/>
  <testcase classname="org.zencoinj.utils.BtcFormatTest" name="microcoinScaleTest[75]" time="0"/>
  <testcase classname="org.zencoinj.utils.BtcFormatTest" name="parseMetricTest[75]" time="0.001"/>
  <testcase classname="org.zencoinj.utils.BtcFormatTest" name="coinScaleTest[75]" time="0"/>
  <testcase classname="org.zencoinj.utils.BtcFormatTest" name="builderTest[75]" time="0.001"/>
  <testcase classname="org.zencoinj.utils.BtcFormatTest" name="attributeTest[75]" time="0"/>
  <testcase classname="org.zencoinj.utils.BtcFormatTest" name="prefixTest[75]" time="0.001"/>
  <testcase classname="org.zencoinj.utils.BtcFormatTest" name="suffixTest[75]" time="0"/>
  <testcase classname="org.zencoinj.utils.BtcFormatTest" name="autoDecimalTest[75]" time="0.001"/>
  <testcase classname="org.zencoinj.utils.BtcFormatTest" name="symbolCollisionTest[75]" time="0.001"/>
  <testcase classname="org.zencoinj.utils.BtcFormatTest" name="equalityTest[75]" time="0.001"/>
  <testcase classname="org.zencoinj.utils.BtcFormatTest" name="columnAlignmentTest[75]" time="0"/>
  <testcase classname="org.zencoinj.utils.BtcFormatTest" name="factoryTest[75]" time="0"/>
  <testcase classname="org.zencoinj.utils.BtcFormatTest" name="parse[75]" time="0"/>
  <testcase classname="org.zencoinj.utils.BtcFormatTest" name="btcRounding[75]" time="0.001"/>
  <testcase classname="org.zencoinj.utils.BtcFormatTest" name="negativeTest[75]" time="0.001"/>
  <testcase classname="org.zencoinj.utils.BtcFormatTest" name="millicoinScaleTest[75]" time="0"/>
  <testcase classname="org.zencoinj.utils.BtcFormatTest" name="toStringTest[75]" time="0"/>
  <testcase classname="org.zencoinj.utils.BtcFormatTest" name="testGrouping[75]" time="0"/>
  <testcase classname="org.zencoinj.utils.BtcFormatTest" name="symbolsCodesTest[75]" time="0"/>
  <testcase classname="org.zencoinj.utils.BtcFormatTest" name="defaultLocaleTest[75]" time="0"/>
  <testcase classname="org.zencoinj.utils.BtcFormatTest" name="parsePositionTest[75]" time="0"/>
  <testcase classname="org.zencoinj.utils.BtcFormatTest" name="argumentTypeTest[75]" time="0.001"/>
  <testcase classname="org.zencoinj.utils.BtcFormatTest" name="characterIteratorTest[75]" time="0"/>
  <testcase classname="org.zencoinj.utils.BtcFormatTest" name="repeatingPlaceTest[75]" time="0"/>
  <testcase classname="org.zencoinj.utils.BtcFormatTest" name="currencyCodeTest[75]" time="0"/>
  <testcase classname="org.zencoinj.utils.BtcFormatTest" name="patternDecimalPlaces[75]" time="0.001"/>
  <testcase classname="org.zencoinj.utils.BtcFormatTest" name="factoryArgumentsTest[76]" time="0.001"/>
  <testcase classname="org.zencoinj.utils.BtcFormatTest" name="parseTest[76]" time="0.001"/>
  <testcase classname="org.zencoinj.utils.BtcFormatTest" name="microcoinScaleTest[76]" time="0"/>
  <testcase classname="org.zencoinj.utils.BtcFormatTest" name="parseMetricTest[76]" time="0.001"/>
  <testcase classname="org.zencoinj.utils.BtcFormatTest" name="coinScaleTest[76]" time="0"/>
  <testcase classname="org.zencoinj.utils.BtcFormatTest" name="builderTest[76]" time="0.001"/>
  <testcase classname="org.zencoinj.utils.BtcFormatTest" name="attributeTest[76]" time="0.001"/>
  <testcase classname="org.zencoinj.utils.BtcFormatTest" name="prefixTest[76]" time="0"/>
  <testcase classname="org.zencoinj.utils.BtcFormatTest" name="suffixTest[76]" time="0"/>
  <testcase classname="org.zencoinj.utils.BtcFormatTest" name="autoDecimalTest[76]" time="0.001"/>
  <testcase classname="org.zencoinj.utils.BtcFormatTest" name="symbolCollisionTest[76]" time="0.001"/>
  <testcase classname="org.zencoinj.utils.BtcFormatTest" name="equalityTest[76]" time="0.002"/>
  <testcase classname="org.zencoinj.utils.BtcFormatTest" name="columnAlignmentTest[76]" time="0"/>
  <testcase classname="org.zencoinj.utils.BtcFormatTest" name="factoryTest[76]" time="0.001"/>
  <testcase classname="org.zencoinj.utils.BtcFormatTest" name="parse[76]" time="0"/>
  <testcase classname="org.zencoinj.utils.BtcFormatTest" name="btcRounding[76]" time="0.001"/>
  <testcase classname="org.zencoinj.utils.BtcFormatTest" name="negativeTest[76]" time="0.001"/>
  <testcase classname="org.zencoinj.utils.BtcFormatTest" name="millicoinScaleTest[76]" time="0"/>
  <testcase classname="org.zencoinj.utils.BtcFormatTest" name="toStringTest[76]" time="0.001"/>
  <testcase classname="org.zencoinj.utils.BtcFormatTest" name="testGrouping[76]" time="0"/>
  <testcase classname="org.zencoinj.utils.BtcFormatTest" name="symbolsCodesTest[76]" time="0"/>
  <testcase classname="org.zencoinj.utils.BtcFormatTest" name="defaultLocaleTest[76]" time="0"/>
  <testcase classname="org.zencoinj.utils.BtcFormatTest" name="parsePositionTest[76]" time="0"/>
  <testcase classname="org.zencoinj.utils.BtcFormatTest" name="argumentTypeTest[76]" time="0"/>
  <testcase classname="org.zencoinj.utils.BtcFormatTest" name="characterIteratorTest[76]" time="0.001"/>
  <testcase classname="org.zencoinj.utils.BtcFormatTest" name="repeatingPlaceTest[76]" time="0"/>
  <testcase classname="org.zencoinj.utils.BtcFormatTest" name="currencyCodeTest[76]" time="0"/>
  <testcase classname="org.zencoinj.utils.BtcFormatTest" name="patternDecimalPlaces[76]" time="0"/>
  <testcase classname="org.zencoinj.utils.BtcFormatTest" name="factoryArgumentsTest[77]" time="0.001"/>
  <testcase classname="org.zencoinj.utils.BtcFormatTest" name="parseTest[77]" time="0.002"/>
  <testcase classname="org.zencoinj.utils.BtcFormatTest" name="microcoinScaleTest[77]" time="0"/>
  <testcase classname="org.zencoinj.utils.BtcFormatTest" name="parseMetricTest[77]" time="0.001"/>
  <testcase classname="org.zencoinj.utils.BtcFormatTest" name="coinScaleTest[77]" time="0"/>
  <testcase classname="org.zencoinj.utils.BtcFormatTest" name="builderTest[77]" time="0.002"/>
  <testcase classname="org.zencoinj.utils.BtcFormatTest" name="attributeTest[77]" time="0"/>
  <testcase classname="org.zencoinj.utils.BtcFormatTest" name="prefixTest[77]" time="0"/>
  <testcase classname="org.zencoinj.utils.BtcFormatTest" name="suffixTest[77]" time="0"/>
  <testcase classname="org.zencoinj.utils.BtcFormatTest" name="autoDecimalTest[77]" time="0.001"/>
  <testcase classname="org.zencoinj.utils.BtcFormatTest" name="symbolCollisionTest[77]" time="0.001"/>
  <testcase classname="org.zencoinj.utils.BtcFormatTest" name="equalityTest[77]" time="0.002"/>
  <testcase classname="org.zencoinj.utils.BtcFormatTest" name="columnAlignmentTest[77]" time="0"/>
  <testcase classname="org.zencoinj.utils.BtcFormatTest" name="factoryTest[77]" time="0"/>
  <testcase classname="org.zencoinj.utils.BtcFormatTest" name="parse[77]" time="0"/>
  <testcase classname="org.zencoinj.utils.BtcFormatTest" name="btcRounding[77]" time="0.002"/>
  <testcase classname="org.zencoinj.utils.BtcFormatTest" name="negativeTest[77]" time="0"/>
  <testcase classname="org.zencoinj.utils.BtcFormatTest" name="millicoinScaleTest[77]" time="0"/>
  <testcase classname="org.zencoinj.utils.BtcFormatTest" name="toStringTest[77]" time="0.001"/>
  <testcase classname="org.zencoinj.utils.BtcFormatTest" name="testGrouping[77]" time="0"/>
  <testcase classname="org.zencoinj.utils.BtcFormatTest" name="symbolsCodesTest[77]" time="0"/>
  <testcase classname="org.zencoinj.utils.BtcFormatTest" name="defaultLocaleTest[77]" time="0.001"/>
  <testcase classname="org.zencoinj.utils.BtcFormatTest" name="parsePositionTest[77]" time="0"/>
  <testcase classname="org.zencoinj.utils.BtcFormatTest" name="argumentTypeTest[77]" time="0"/>
  <testcase classname="org.zencoinj.utils.BtcFormatTest" name="characterIteratorTest[77]" time="0.003"/>
  <testcase classname="org.zencoinj.utils.BtcFormatTest" name="repeatingPlaceTest[77]" time="0"/>
  <testcase classname="org.zencoinj.utils.BtcFormatTest" name="currencyCodeTest[77]" time="0.001"/>
  <testcase classname="org.zencoinj.utils.BtcFormatTest" name="patternDecimalPlaces[77]" time="0"/>
  <testcase classname="org.zencoinj.utils.BtcFormatTest" name="factoryArgumentsTest[78]" time="0.001"/>
  <testcase classname="org.zencoinj.utils.BtcFormatTest" name="parseTest[78]" time="0.002"/>
  <testcase classname="org.zencoinj.utils.BtcFormatTest" name="microcoinScaleTest[78]" time="0"/>
  <testcase classname="org.zencoinj.utils.BtcFormatTest" name="parseMetricTest[78]" time="0.001"/>
  <testcase classname="org.zencoinj.utils.BtcFormatTest" name="coinScaleTest[78]" time="0"/>
  <testcase classname="org.zencoinj.utils.BtcFormatTest" name="builderTest[78]" time="0.002"/>
  <testcase classname="org.zencoinj.utils.BtcFormatTest" name="attributeTest[78]" time="0"/>
  <testcase classname="org.zencoinj.utils.BtcFormatTest" name="prefixTest[78]" time="0"/>
  <testcase classname="org.zencoinj.utils.BtcFormatTest" name="suffixTest[78]" time="0"/>
  <testcase classname="org.zencoinj.utils.BtcFormatTest" name="autoDecimalTest[78]" time="0.001"/>
  <testcase classname="org.zencoinj.utils.BtcFormatTest" name="symbolCollisionTest[78]" time="0"/>
  <testcase classname="org.zencoinj.utils.BtcFormatTest" name="equalityTest[78]" time="0.001"/>
  <testcase classname="org.zencoinj.utils.BtcFormatTest" name="columnAlignmentTest[78]" time="0"/>
  <testcase classname="org.zencoinj.utils.BtcFormatTest" name="factoryTest[78]" time="0"/>
  <testcase classname="org.zencoinj.utils.BtcFormatTest" name="parse[78]" time="0"/>
  <testcase classname="org.zencoinj.utils.BtcFormatTest" name="btcRounding[78]" time="0.001"/>
  <testcase classname="org.zencoinj.utils.BtcFormatTest" name="negativeTest[78]" time="0"/>
  <testcase classname="org.zencoinj.utils.BtcFormatTest" name="millicoinScaleTest[78]" time="0"/>
  <testcase classname="org.zencoinj.utils.BtcFormatTest" name="toStringTest[78]" time="0.001"/>
  <testcase classname="org.zencoinj.utils.BtcFormatTest" name="testGrouping[78]" time="0"/>
  <testcase classname="org.zencoinj.utils.BtcFormatTest" name="symbolsCodesTest[78]" time="0"/>
  <testcase classname="org.zencoinj.utils.BtcFormatTest" name="defaultLocaleTest[78]" time="0"/>
  <testcase classname="org.zencoinj.utils.BtcFormatTest" name="parsePositionTest[78]" time="0.001"/>
  <testcase classname="org.zencoinj.utils.BtcFormatTest" name="argumentTypeTest[78]" time="0"/>
  <testcase classname="org.zencoinj.utils.BtcFormatTest" name="characterIteratorTest[78]" time="0"/>
  <testcase classname="org.zencoinj.utils.BtcFormatTest" name="repeatingPlaceTest[78]" time="0"/>
  <testcase classname="org.zencoinj.utils.BtcFormatTest" name="currencyCodeTest[78]" time="0"/>
  <testcase classname="org.zencoinj.utils.BtcFormatTest" name="patternDecimalPlaces[78]" time="0.001"/>
  <testcase classname="org.zencoinj.utils.BtcFormatTest" name="factoryArgumentsTest[79]" time="0"/>
  <testcase classname="org.zencoinj.utils.BtcFormatTest" name="parseTest[79]" time="0.002"/>
  <testcase classname="org.zencoinj.utils.BtcFormatTest" name="microcoinScaleTest[79]" time="0"/>
  <testcase classname="org.zencoinj.utils.BtcFormatTest" name="parseMetricTest[79]" time="0.001"/>
  <testcase classname="org.zencoinj.utils.BtcFormatTest" name="coinScaleTest[79]" time="0"/>
  <testcase classname="org.zencoinj.utils.BtcFormatTest" name="builderTest[79]" time="0.001"/>
  <testcase classname="org.zencoinj.utils.BtcFormatTest" name="attributeTest[79]" time="0.001"/>
  <testcase classname="org.zencoinj.utils.BtcFormatTest" name="prefixTest[79]" time="0"/>
  <testcase classname="org.zencoinj.utils.BtcFormatTest" name="suffixTest[79]" time="0"/>
  <testcase classname="org.zencoinj.utils.BtcFormatTest" name="autoDecimalTest[79]" time="0.001"/>
  <testcase classname="org.zencoinj.utils.BtcFormatTest" name="symbolCollisionTest[79]" time="0.001"/>
  <testcase classname="org.zencoinj.utils.BtcFormatTest" name="equalityTest[79]" time="0.002"/>
  <testcase classname="org.zencoinj.utils.BtcFormatTest" name="columnAlignmentTest[79]" time="0"/>
  <testcase classname="org.zencoinj.utils.BtcFormatTest" name="factoryTest[79]" time="0"/>
  <testcase classname="org.zencoinj.utils.BtcFormatTest" name="parse[79]" time="0"/>
  <testcase classname="org.zencoinj.utils.BtcFormatTest" name="btcRounding[79]" time="0.002"/>
  <testcase classname="org.zencoinj.utils.BtcFormatTest" name="negativeTest[79]" time="0"/>
  <testcase classname="org.zencoinj.utils.BtcFormatTest" name="millicoinScaleTest[79]" time="0"/>
  <testcase classname="org.zencoinj.utils.BtcFormatTest" name="toStringTest[79]" time="0.001"/>
  <testcase classname="org.zencoinj.utils.BtcFormatTest" name="testGrouping[79]" time="0"/>
  <testcase classname="org.zencoinj.utils.BtcFormatTest" name="symbolsCodesTest[79]" time="0.001"/>
  <testcase classname="org.zencoinj.utils.BtcFormatTest" name="defaultLocaleTest[79]" time="0"/>
  <testcase classname="org.zencoinj.utils.BtcFormatTest" name="parsePositionTest[79]" time="0"/>
  <testcase classname="org.zencoinj.utils.BtcFormatTest" name="argumentTypeTest[79]" time="0.001"/>
  <testcase classname="org.zencoinj.utils.BtcFormatTest" name="characterIteratorTest[79]" time="0"/>
  <testcase classname="org.zencoinj.utils.BtcFormatTest" name="repeatingPlaceTest[79]" time="0"/>
  <testcase classname="org.zencoinj.utils.BtcFormatTest" name="currencyCodeTest[79]" time="0"/>
  <testcase classname="org.zencoinj.utils.BtcFormatTest" name="patternDecimalPlaces[79]" time="0"/>
  <testcase classname="org.zencoinj.utils.BtcFormatTest" name="factoryArgumentsTest[80]" time="0.002"/>
  <testcase classname="org.zencoinj.utils.BtcFormatTest" name="parseTest[80]" time="0.002"/>
  <testcase classname="org.zencoinj.utils.BtcFormatTest" name="microcoinScaleTest[80]" time="0"/>
  <testcase classname="org.zencoinj.utils.BtcFormatTest" name="parseMetricTest[80]" time="0.001"/>
  <testcase classname="org.zencoinj.utils.BtcFormatTest" name="coinScaleTest[80]" time="0"/>
  <testcase classname="org.zencoinj.utils.BtcFormatTest" name="builderTest[80]" time="0.003"/>
  <testcase classname="org.zencoinj.utils.BtcFormatTest" name="attributeTest[80]" time="0"/>
  <testcase classname="org.zencoinj.utils.BtcFormatTest" name="prefixTest[80]" time="0"/>
  <testcase classname="org.zencoinj.utils.BtcFormatTest" name="suffixTest[80]" time="0"/>
  <testcase classname="org.zencoinj.utils.BtcFormatTest" name="autoDecimalTest[80]" time="0.001"/>
  <testcase classname="org.zencoinj.utils.BtcFormatTest" name="symbolCollisionTest[80]" time="0.001"/>
  <testcase classname="org.zencoinj.utils.BtcFormatTest" name="equalityTest[80]" time="0.002"/>
  <testcase classname="org.zencoinj.utils.BtcFormatTest" name="columnAlignmentTest[80]" time="0"/>
  <testcase classname="org.zencoinj.utils.BtcFormatTest" name="factoryTest[80]" time="0"/>
  <testcase classname="org.zencoinj.utils.BtcFormatTest" name="parse[80]" time="0"/>
  <testcase classname="org.zencoinj.utils.BtcFormatTest" name="btcRounding[80]" time="0.002"/>
  <testcase classname="org.zencoinj.utils.BtcFormatTest" name="negativeTest[80]" time="0"/>
  <testcase classname="org.zencoinj.utils.BtcFormatTest" name="millicoinScaleTest[80]" time="0"/>
  <testcase classname="org.zencoinj.utils.BtcFormatTest" name="toStringTest[80]" time="0.001"/>
  <testcase classname="org.zencoinj.utils.BtcFormatTest" name="testGrouping[80]" time="0"/>
  <testcase classname="org.zencoinj.utils.BtcFormatTest" name="symbolsCodesTest[80]" time="0"/>
  <testcase classname="org.zencoinj.utils.BtcFormatTest" name="defaultLocaleTest[80]" time="0"/>
  <testcase classname="org.zencoinj.utils.BtcFormatTest" name="parsePositionTest[80]" time="0"/>
  <testcase classname="org.zencoinj.utils.BtcFormatTest" name="argumentTypeTest[80]" time="0"/>
  <testcase classname="org.zencoinj.utils.BtcFormatTest" name="characterIteratorTest[80]" time="0"/>
  <testcase classname="org.zencoinj.utils.BtcFormatTest" name="repeatingPlaceTest[80]" time="0.001"/>
  <testcase classname="org.zencoinj.utils.BtcFormatTest" name="currencyCodeTest[80]" time="0"/>
  <testcase classname="org.zencoinj.utils.BtcFormatTest" name="patternDecimalPlaces[80]" time="0"/>
  <testcase classname="org.zencoinj.utils.BtcFormatTest" name="factoryArgumentsTest[81]" time="0.001"/>
  <testcase classname="org.zencoinj.utils.BtcFormatTest" name="parseTest[81]" time="0.001"/>
  <testcase classname="org.zencoinj.utils.BtcFormatTest" name="microcoinScaleTest[81]" time="0"/>
  <testcase classname="org.zencoinj.utils.BtcFormatTest" name="parseMetricTest[81]" time="0.001"/>
  <testcase classname="org.zencoinj.utils.BtcFormatTest" name="coinScaleTest[81]" time="0"/>
  <testcase classname="org.zencoinj.utils.BtcFormatTest" name="builderTest[81]" time="0.001"/>
  <testcase classname="org.zencoinj.utils.BtcFormatTest" name="attributeTest[81]" time="0"/>
  <testcase classname="org.zencoinj.utils.BtcFormatTest" name="prefixTest[81]" time="0"/>
  <testcase classname="org.zencoinj.utils.BtcFormatTest" name="suffixTest[81]" time="0"/>
  <testcase classname="org.zencoinj.utils.BtcFormatTest" name="autoDecimalTest[81]" time="0.001"/>
  <testcase classname="org.zencoinj.utils.BtcFormatTest" name="symbolCollisionTest[81]" time="0.001"/>
  <testcase classname="org.zencoinj.utils.BtcFormatTest" name="equalityTest[81]" time="0.001"/>
  <testcase classname="org.zencoinj.utils.BtcFormatTest" name="columnAlignmentTest[81]" time="0"/>
  <testcase classname="org.zencoinj.utils.BtcFormatTest" name="factoryTest[81]" time="0"/>
  <testcase classname="org.zencoinj.utils.BtcFormatTest" name="parse[81]" time="0"/>
  <testcase classname="org.zencoinj.utils.BtcFormatTest" name="btcRounding[81]" time="0.001"/>
  <testcase classname="org.zencoinj.utils.BtcFormatTest" name="negativeTest[81]" time="0"/>
  <testcase classname="org.zencoinj.utils.BtcFormatTest" name="millicoinScaleTest[81]" time="0"/>
  <testcase classname="org.zencoinj.utils.BtcFormatTest" name="toStringTest[81]" time="0"/>
  <testcase classname="org.zencoinj.utils.BtcFormatTest" name="testGrouping[81]" time="0"/>
  <testcase classname="org.zencoinj.utils.BtcFormatTest" name="symbolsCodesTest[81]" time="0"/>
  <testcase classname="org.zencoinj.utils.BtcFormatTest" name="defaultLocaleTest[81]" time="0"/>
  <testcase classname="org.zencoinj.utils.BtcFormatTest" name="parsePositionTest[81]" time="0"/>
  <testcase classname="org.zencoinj.utils.BtcFormatTest" name="argumentTypeTest[81]" time="0"/>
  <testcase classname="org.zencoinj.utils.BtcFormatTest" name="characterIteratorTest[81]" time="0.001"/>
  <testcase classname="org.zencoinj.utils.BtcFormatTest" name="repeatingPlaceTest[81]" time="0"/>
  <testcase classname="org.zencoinj.utils.BtcFormatTest" name="currencyCodeTest[81]" time="0"/>
  <testcase classname="org.zencoinj.utils.BtcFormatTest" name="patternDecimalPlaces[81]" time="0"/>
  <testcase classname="org.zencoinj.utils.BtcFormatTest" name="factoryArgumentsTest[82]" time="0.001"/>
  <testcase classname="org.zencoinj.utils.BtcFormatTest" name="parseTest[82]" time="0.002"/>
  <testcase classname="org.zencoinj.utils.BtcFormatTest" name="microcoinScaleTest[82]" time="0"/>
  <testcase classname="org.zencoinj.utils.BtcFormatTest" name="parseMetricTest[82]" time="0.002"/>
  <testcase classname="org.zencoinj.utils.BtcFormatTest" name="coinScaleTest[82]" time="0"/>
  <testcase classname="org.zencoinj.utils.BtcFormatTest" name="builderTest[82]" time="0.002"/>
  <testcase classname="org.zencoinj.utils.BtcFormatTest" name="attributeTest[82]" time="0"/>
  <testcase classname="org.zencoinj.utils.BtcFormatTest" name="prefixTest[82]" time="0"/>
  <testcase classname="org.zencoinj.utils.BtcFormatTest" name="suffixTest[82]" time="0"/>
  <testcase classname="org.zencoinj.utils.BtcFormatTest" name="autoDecimalTest[82]" time="0.001"/>
  <testcase classname="org.zencoinj.utils.BtcFormatTest" name="symbolCollisionTest[82]" time="0.001"/>
  <testcase classname="org.zencoinj.utils.BtcFormatTest" name="equalityTest[82]" time="0.002"/>
  <testcase classname="org.zencoinj.utils.BtcFormatTest" name="columnAlignmentTest[82]" time="0"/>
  <testcase classname="org.zencoinj.utils.BtcFormatTest" name="factoryTest[82]" time="0.001"/>
  <testcase classname="org.zencoinj.utils.BtcFormatTest" name="parse[82]" time="0"/>
  <testcase classname="org.zencoinj.utils.BtcFormatTest" name="btcRounding[82]" time="0.001"/>
  <testcase classname="org.zencoinj.utils.BtcFormatTest" name="negativeTest[82]" time="0.001"/>
  <testcase classname="org.zencoinj.utils.BtcFormatTest" name="millicoinScaleTest[82]" time="0"/>
  <testcase classname="org.zencoinj.utils.BtcFormatTest" name="toStringTest[82]" time="0"/>
  <testcase classname="org.zencoinj.utils.BtcFormatTest" name="testGrouping[82]" time="0.001"/>
  <testcase classname="org.zencoinj.utils.BtcFormatTest" name="symbolsCodesTest[82]" time="0"/>
  <testcase classname="org.zencoinj.utils.BtcFormatTest" name="defaultLocaleTest[82]" time="0"/>
  <testcase classname="org.zencoinj.utils.BtcFormatTest" name="parsePositionTest[82]" time="0.001"/>
  <testcase classname="org.zencoinj.utils.BtcFormatTest" name="argumentTypeTest[82]" time="0"/>
  <testcase classname="org.zencoinj.utils.BtcFormatTest" name="characterIteratorTest[82]" time="0"/>
  <testcase classname="org.zencoinj.utils.BtcFormatTest" name="repeatingPlaceTest[82]" time="0.001"/>
  <testcase classname="org.zencoinj.utils.BtcFormatTest" name="currencyCodeTest[82]" time="0"/>
  <testcase classname="org.zencoinj.utils.BtcFormatTest" name="patternDecimalPlaces[82]" time="0"/>
  <testcase classname="org.zencoinj.utils.BtcFormatTest" name="factoryArgumentsTest[83]" time="0.001"/>
  <testcase classname="org.zencoinj.utils.BtcFormatTest" name="parseTest[83]" time="0.002"/>
  <testcase classname="org.zencoinj.utils.BtcFormatTest" name="microcoinScaleTest[83]" time="0"/>
  <testcase classname="org.zencoinj.utils.BtcFormatTest" name="parseMetricTest[83]" time="0.001"/>
  <testcase classname="org.zencoinj.utils.BtcFormatTest" name="coinScaleTest[83]" time="0.001"/>
  <testcase classname="org.zencoinj.utils.BtcFormatTest" name="builderTest[83]" time="0.001"/>
  <testcase classname="org.zencoinj.utils.BtcFormatTest" name="attributeTest[83]" time="0.001"/>
  <testcase classname="org.zencoinj.utils.BtcFormatTest" name="prefixTest[83]" time="0"/>
  <testcase classname="org.zencoinj.utils.BtcFormatTest" name="suffixTest[83]" time="0"/>
  <testcase classname="org.zencoinj.utils.BtcFormatTest" name="autoDecimalTest[83]" time="0.001"/>
  <testcase classname="org.zencoinj.utils.BtcFormatTest" name="symbolCollisionTest[83]" time="0.001"/>
  <testcase classname="org.zencoinj.utils.BtcFormatTest" name="equalityTest[83]" time="0.002"/>
  <testcase classname="org.zencoinj.utils.BtcFormatTest" name="columnAlignmentTest[83]" time="0"/>
  <testcase classname="org.zencoinj.utils.BtcFormatTest" name="factoryTest[83]" time="0"/>
  <testcase classname="org.zencoinj.utils.BtcFormatTest" name="parse[83]" time="0"/>
  <testcase classname="org.zencoinj.utils.BtcFormatTest" name="btcRounding[83]" time="0.001"/>
  <testcase classname="org.zencoinj.utils.BtcFormatTest" name="negativeTest[83]" time="0.001"/>
  <testcase classname="org.zencoinj.utils.BtcFormatTest" name="millicoinScaleTest[83]" time="0"/>
  <testcase classname="org.zencoinj.utils.BtcFormatTest" name="toStringTest[83]" time="0.001"/>
  <testcase classname="org.zencoinj.utils.BtcFormatTest" name="testGrouping[83]" time="0"/>
  <testcase classname="org.zencoinj.utils.BtcFormatTest" name="symbolsCodesTest[83]" time="0"/>
  <testcase classname="org.zencoinj.utils.BtcFormatTest" name="defaultLocaleTest[83]" time="0.001"/>
  <testcase classname="org.zencoinj.utils.BtcFormatTest" name="parsePositionTest[83]" time="0"/>
  <testcase classname="org.zencoinj.utils.BtcFormatTest" name="argumentTypeTest[83]" time="0"/>
  <testcase classname="org.zencoinj.utils.BtcFormatTest" name="characterIteratorTest[83]" time="0.001"/>
  <testcase classname="org.zencoinj.utils.BtcFormatTest" name="repeatingPlaceTest[83]" time="0"/>
  <testcase classname="org.zencoinj.utils.BtcFormatTest" name="currencyCodeTest[83]" time="0"/>
  <testcase classname="org.zencoinj.utils.BtcFormatTest" name="patternDecimalPlaces[83]" time="0"/>
  <testcase classname="org.zencoinj.utils.BtcFormatTest" name="factoryArgumentsTest[84]" time="0.001"/>
  <testcase classname="org.zencoinj.utils.BtcFormatTest" name="parseTest[84]" time="0.002"/>
  <testcase classname="org.zencoinj.utils.BtcFormatTest" name="microcoinScaleTest[84]" time="0"/>
  <testcase classname="org.zencoinj.utils.BtcFormatTest" name="parseMetricTest[84]" time="0.001"/>
  <testcase classname="org.zencoinj.utils.BtcFormatTest" name="coinScaleTest[84]" time="0"/>
  <testcase classname="org.zencoinj.utils.BtcFormatTest" name="builderTest[84]" time="0.001"/>
  <testcase classname="org.zencoinj.utils.BtcFormatTest" name="attributeTest[84]" time="0"/>
  <testcase classname="org.zencoinj.utils.BtcFormatTest" name="prefixTest[84]" time="0"/>
  <testcase classname="org.zencoinj.utils.BtcFormatTest" name="suffixTest[84]" time="0"/>
  <testcase classname="org.zencoinj.utils.BtcFormatTest" name="autoDecimalTest[84]" time="0.002"/>
  <testcase classname="org.zencoinj.utils.BtcFormatTest" name="symbolCollisionTest[84]" time="0"/>
  <testcase classname="org.zencoinj.utils.BtcFormatTest" name="equalityTest[84]" time="0.002"/>
  <testcase classname="org.zencoinj.utils.BtcFormatTest" name="columnAlignmentTest[84]" time="0"/>
  <testcase classname="org.zencoinj.utils.BtcFormatTest" name="factoryTest[84]" time="0"/>
  <testcase classname="org.zencoinj.utils.BtcFormatTest" name="parse[84]" time="0"/>
  <testcase classname="org.zencoinj.utils.BtcFormatTest" name="btcRounding[84]" time="0.001"/>
  <testcase classname="org.zencoinj.utils.BtcFormatTest" name="negativeTest[84]" time="0"/>
  <testcase classname="org.zencoinj.utils.BtcFormatTest" name="millicoinScaleTest[84]" time="0"/>
  <testcase classname="org.zencoinj.utils.BtcFormatTest" name="toStringTest[84]" time="0"/>
  <testcase classname="org.zencoinj.utils.BtcFormatTest" name="testGrouping[84]" time="0"/>
  <testcase classname="org.zencoinj.utils.BtcFormatTest" name="symbolsCodesTest[84]" time="0.001"/>
  <testcase classname="org.zencoinj.utils.BtcFormatTest" name="defaultLocaleTest[84]" time="0"/>
  <testcase classname="org.zencoinj.utils.BtcFormatTest" name="parsePositionTest[84]" time="0"/>
  <testcase classname="org.zencoinj.utils.BtcFormatTest" name="argumentTypeTest[84]" time="0.001"/>
  <testcase classname="org.zencoinj.utils.BtcFormatTest" name="characterIteratorTest[84]" time="0.001"/>
  <testcase classname="org.zencoinj.utils.BtcFormatTest" name="repeatingPlaceTest[84]" time="0"/>
  <testcase classname="org.zencoinj.utils.BtcFormatTest" name="currencyCodeTest[84]" time="0"/>
  <testcase classname="org.zencoinj.utils.BtcFormatTest" name="patternDecimalPlaces[84]" time="0"/>
  <testcase classname="org.zencoinj.utils.BtcFormatTest" name="factoryArgumentsTest[85]" time="0.001"/>
  <testcase classname="org.zencoinj.utils.BtcFormatTest" name="parseTest[85]" time="0.002"/>
  <testcase classname="org.zencoinj.utils.BtcFormatTest" name="microcoinScaleTest[85]" time="0"/>
  <testcase classname="org.zencoinj.utils.BtcFormatTest" name="parseMetricTest[85]" time="0"/>
  <testcase classname="org.zencoinj.utils.BtcFormatTest" name="coinScaleTest[85]" time="0.001"/>
  <testcase classname="org.zencoinj.utils.BtcFormatTest" name="builderTest[85]" time="0.001"/>
  <testcase classname="org.zencoinj.utils.BtcFormatTest" name="attributeTest[85]" time="0"/>
  <testcase classname="org.zencoinj.utils.BtcFormatTest" name="prefixTest[85]" time="0"/>
  <testcase classname="org.zencoinj.utils.BtcFormatTest" name="suffixTest[85]" time="0.001"/>
  <testcase classname="org.zencoinj.utils.BtcFormatTest" name="autoDecimalTest[85]" time="0.001"/>
  <testcase classname="org.zencoinj.utils.BtcFormatTest" name="symbolCollisionTest[85]" time="0"/>
  <testcase classname="org.zencoinj.utils.BtcFormatTest" name="equalityTest[85]" time="0.002"/>
  <testcase classname="org.zencoinj.utils.BtcFormatTest" name="columnAlignmentTest[85]" time="0"/>
  <testcase classname="org.zencoinj.utils.BtcFormatTest" name="factoryTest[85]" time="0"/>
  <testcase classname="org.zencoinj.utils.BtcFormatTest" name="parse[85]" time="0"/>
  <testcase classname="org.zencoinj.utils.BtcFormatTest" name="btcRounding[85]" time="0.002"/>
  <testcase classname="org.zencoinj.utils.BtcFormatTest" name="negativeTest[85]" time="0"/>
  <testcase classname="org.zencoinj.utils.BtcFormatTest" name="millicoinScaleTest[85]" time="0"/>
  <testcase classname="org.zencoinj.utils.BtcFormatTest" name="toStringTest[85]" time="0.001"/>
  <testcase classname="org.zencoinj.utils.BtcFormatTest" name="testGrouping[85]" time="0"/>
  <testcase classname="org.zencoinj.utils.BtcFormatTest" name="symbolsCodesTest[85]" time="0.001"/>
  <testcase classname="org.zencoinj.utils.BtcFormatTest" name="defaultLocaleTest[85]" time="0"/>
  <testcase classname="org.zencoinj.utils.BtcFormatTest" name="parsePositionTest[85]" time="0"/>
  <testcase classname="org.zencoinj.utils.BtcFormatTest" name="argumentTypeTest[85]" time="0.001"/>
  <testcase classname="org.zencoinj.utils.BtcFormatTest" name="characterIteratorTest[85]" time="0"/>
  <testcase classname="org.zencoinj.utils.BtcFormatTest" name="repeatingPlaceTest[85]" time="0"/>
  <testcase classname="org.zencoinj.utils.BtcFormatTest" name="currencyCodeTest[85]" time="0"/>
  <testcase classname="org.zencoinj.utils.BtcFormatTest" name="patternDecimalPlaces[85]" time="0"/>
  <testcase classname="org.zencoinj.utils.BtcFormatTest" name="factoryArgumentsTest[86]" time="0"/>
  <testcase classname="org.zencoinj.utils.BtcFormatTest" name="parseTest[86]" time="0.003"/>
  <testcase classname="org.zencoinj.utils.BtcFormatTest" name="microcoinScaleTest[86]" time="0"/>
  <testcase classname="org.zencoinj.utils.BtcFormatTest" name="parseMetricTest[86]" time="0.001"/>
  <testcase classname="org.zencoinj.utils.BtcFormatTest" name="coinScaleTest[86]" time="0"/>
  <testcase classname="org.zencoinj.utils.BtcFormatTest" name="builderTest[86]" time="0.002"/>
  <testcase classname="org.zencoinj.utils.BtcFormatTest" name="attributeTest[86]" time="0.001"/>
  <testcase classname="org.zencoinj.utils.BtcFormatTest" name="prefixTest[86]" time="0"/>
  <testcase classname="org.zencoinj.utils.BtcFormatTest" name="suffixTest[86]" time="0"/>
  <testcase classname="org.zencoinj.utils.BtcFormatTest" name="autoDecimalTest[86]" time="0.001"/>
  <testcase classname="org.zencoinj.utils.BtcFormatTest" name="symbolCollisionTest[86]" time="0.001"/>
  <testcase classname="org.zencoinj.utils.BtcFormatTest" name="equalityTest[86]" time="0.001"/>
  <testcase classname="org.zencoinj.utils.BtcFormatTest" name="columnAlignmentTest[86]" time="0.001"/>
  <testcase classname="org.zencoinj.utils.BtcFormatTest" name="factoryTest[86]" time="0"/>
  <testcase classname="org.zencoinj.utils.BtcFormatTest" name="parse[86]" time="0"/>
  <testcase classname="org.zencoinj.utils.BtcFormatTest" name="btcRounding[86]" time="0.001"/>
  <testcase classname="org.zencoinj.utils.BtcFormatTest" name="negativeTest[86]" time="0.001"/>
  <testcase classname="org.zencoinj.utils.BtcFormatTest" name="millicoinScaleTest[86]" time="0"/>
  <testcase classname="org.zencoinj.utils.BtcFormatTest" name="toStringTest[86]" time="0"/>
  <testcase classname="org.zencoinj.utils.BtcFormatTest" name="testGrouping[86]" time="0.001"/>
  <testcase classname="org.zencoinj.utils.BtcFormatTest" name="symbolsCodesTest[86]" time="0"/>
  <testcase classname="org.zencoinj.utils.BtcFormatTest" name="defaultLocaleTest[86]" time="0"/>
  <testcase classname="org.zencoinj.utils.BtcFormatTest" name="parsePositionTest[86]" time="0.001"/>
  <testcase classname="org.zencoinj.utils.BtcFormatTest" name="argumentTypeTest[86]" time="0"/>
  <testcase classname="org.zencoinj.utils.BtcFormatTest" name="characterIteratorTest[86]" time="0.001"/>
  <testcase classname="org.zencoinj.utils.BtcFormatTest" name="repeatingPlaceTest[86]" time="0"/>
  <testcase classname="org.zencoinj.utils.BtcFormatTest" name="currencyCodeTest[86]" time="0"/>
  <testcase classname="org.zencoinj.utils.BtcFormatTest" name="patternDecimalPlaces[86]" time="0"/>
  <testcase classname="org.zencoinj.utils.BtcFormatTest" name="factoryArgumentsTest[87]" time="0.001"/>
  <testcase classname="org.zencoinj.utils.BtcFormatTest" name="parseTest[87]" time="0.001"/>
  <testcase classname="org.zencoinj.utils.BtcFormatTest" name="microcoinScaleTest[87]" time="0"/>
  <testcase classname="org.zencoinj.utils.BtcFormatTest" name="parseMetricTest[87]" time="0.001"/>
  <testcase classname="org.zencoinj.utils.BtcFormatTest" name="coinScaleTest[87]" time="0"/>
  <testcase classname="org.zencoinj.utils.BtcFormatTest" name="builderTest[87]" time="0.002"/>
  <testcase classname="org.zencoinj.utils.BtcFormatTest" name="attributeTest[87]" time="0"/>
  <testcase classname="org.zencoinj.utils.BtcFormatTest" name="prefixTest[87]" time="0.001"/>
  <testcase classname="org.zencoinj.utils.BtcFormatTest" name="suffixTest[87]" time="0"/>
  <testcase classname="org.zencoinj.utils.BtcFormatTest" name="autoDecimalTest[87]" time="0.001"/>
  <testcase classname="org.zencoinj.utils.BtcFormatTest" name="symbolCollisionTest[87]" time="0"/>
  <testcase classname="org.zencoinj.utils.BtcFormatTest" name="equalityTest[87]" time="0.002"/>
  <testcase classname="org.zencoinj.utils.BtcFormatTest" name="columnAlignmentTest[87]" time="0"/>
  <testcase classname="org.zencoinj.utils.BtcFormatTest" name="factoryTest[87]" time="0.001"/>
  <testcase classname="org.zencoinj.utils.BtcFormatTest" name="parse[87]" time="0"/>
  <testcase classname="org.zencoinj.utils.BtcFormatTest" name="btcRounding[87]" time="0.001"/>
  <testcase classname="org.zencoinj.utils.BtcFormatTest" name="negativeTest[87]" time="0"/>
  <testcase classname="org.zencoinj.utils.BtcFormatTest" name="millicoinScaleTest[87]" time="0"/>
  <testcase classname="org.zencoinj.utils.BtcFormatTest" name="toStringTest[87]" time="0.001"/>
  <testcase classname="org.zencoinj.utils.BtcFormatTest" name="testGrouping[87]" time="0"/>
  <testcase classname="org.zencoinj.utils.BtcFormatTest" name="symbolsCodesTest[87]" time="0"/>
  <testcase classname="org.zencoinj.utils.BtcFormatTest" name="defaultLocaleTest[87]" time="0.001"/>
  <testcase classname="org.zencoinj.utils.BtcFormatTest" name="parsePositionTest[87]" time="0"/>
  <testcase classname="org.zencoinj.utils.BtcFormatTest" name="argumentTypeTest[87]" time="0"/>
  <testcase classname="org.zencoinj.utils.BtcFormatTest" name="characterIteratorTest[87]" time="0.001"/>
  <testcase classname="org.zencoinj.utils.BtcFormatTest" name="repeatingPlaceTest[87]" time="0"/>
  <testcase classname="org.zencoinj.utils.BtcFormatTest" name="currencyCodeTest[87]" time="0"/>
  <testcase classname="org.zencoinj.utils.BtcFormatTest" name="patternDecimalPlaces[87]" time="0"/>
  <testcase classname="org.zencoinj.utils.BtcFormatTest" name="factoryArgumentsTest[88]" time="0.001"/>
  <testcase classname="org.zencoinj.utils.BtcFormatTest" name="parseTest[88]" time="0.002"/>
  <testcase classname="org.zencoinj.utils.BtcFormatTest" name="microcoinScaleTest[88]" time="0"/>
  <testcase classname="org.zencoinj.utils.BtcFormatTest" name="parseMetricTest[88]" time="0.002"/>
  <testcase classname="org.zencoinj.utils.BtcFormatTest" name="coinScaleTest[88]" time="0"/>
  <testcase classname="org.zencoinj.utils.BtcFormatTest" name="builderTest[88]" time="0.002"/>
  <testcase classname="org.zencoinj.utils.BtcFormatTest" name="attributeTest[88]" time="0"/>
  <testcase classname="org.zencoinj.utils.BtcFormatTest" name="prefixTest[88]" time="0.001"/>
  <testcase classname="org.zencoinj.utils.BtcFormatTest" name="suffixTest[88]" time="0"/>
  <testcase classname="org.zencoinj.utils.BtcFormatTest" name="autoDecimalTest[88]" time="0.001"/>
  <testcase classname="org.zencoinj.utils.BtcFormatTest" name="symbolCollisionTest[88]" time="0.001"/>
  <testcase classname="org.zencoinj.utils.BtcFormatTest" name="equalityTest[88]" time="0.002"/>
  <testcase classname="org.zencoinj.utils.BtcFormatTest" name="columnAlignmentTest[88]" time="0"/>
  <testcase classname="org.zencoinj.utils.BtcFormatTest" name="factoryTest[88]" time="0"/>
  <testcase classname="org.zencoinj.utils.BtcFormatTest" name="parse[88]" time="0"/>
  <testcase classname="org.zencoinj.utils.BtcFormatTest" name="btcRounding[88]" time="0.002"/>
  <testcase classname="org.zencoinj.utils.BtcFormatTest" name="negativeTest[88]" time="0"/>
  <testcase classname="org.zencoinj.utils.BtcFormatTest" name="millicoinScaleTest[88]" time="0"/>
  <testcase classname="org.zencoinj.utils.BtcFormatTest" name="toStringTest[88]" time="0.001"/>
  <testcase classname="org.zencoinj.utils.BtcFormatTest" name="testGrouping[88]" time="0"/>
  <testcase classname="org.zencoinj.utils.BtcFormatTest" name="symbolsCodesTest[88]" time="0"/>
  <testcase classname="org.zencoinj.utils.BtcFormatTest" name="defaultLocaleTest[88]" time="0.001"/>
  <testcase classname="org.zencoinj.utils.BtcFormatTest" name="parsePositionTest[88]" time="0"/>
  <testcase classname="org.zencoinj.utils.BtcFormatTest" name="argumentTypeTest[88]" time="0"/>
  <testcase classname="org.zencoinj.utils.BtcFormatTest" name="characterIteratorTest[88]" time="0.001"/>
  <testcase classname="org.zencoinj.utils.BtcFormatTest" name="repeatingPlaceTest[88]" time="0"/>
  <testcase classname="org.zencoinj.utils.BtcFormatTest" name="currencyCodeTest[88]" time="0"/>
  <testcase classname="org.zencoinj.utils.BtcFormatTest" name="patternDecimalPlaces[88]" time="0"/>
  <testcase classname="org.zencoinj.utils.BtcFormatTest" name="factoryArgumentsTest[89]" time="0.002"/>
  <testcase classname="org.zencoinj.utils.BtcFormatTest" name="parseTest[89]" time="0.002"/>
  <testcase classname="org.zencoinj.utils.BtcFormatTest" name="microcoinScaleTest[89]" time="0"/>
  <testcase classname="org.zencoinj.utils.BtcFormatTest" name="parseMetricTest[89]" time="0.001"/>
  <testcase classname="org.zencoinj.utils.BtcFormatTest" name="coinScaleTest[89]" time="0"/>
  <testcase classname="org.zencoinj.utils.BtcFormatTest" name="builderTest[89]" time="0.002"/>
  <testcase classname="org.zencoinj.utils.BtcFormatTest" name="attributeTest[89]" time="0"/>
  <testcase classname="org.zencoinj.utils.BtcFormatTest" name="prefixTest[89]" time="0"/>
  <testcase classname="org.zencoinj.utils.BtcFormatTest" name="suffixTest[89]" time="0"/>
  <testcase classname="org.zencoinj.utils.BtcFormatTest" name="autoDecimalTest[89]" time="0.001"/>
  <testcase classname="org.zencoinj.utils.BtcFormatTest" name="symbolCollisionTest[89]" time="0.001"/>
  <testcase classname="org.zencoinj.utils.BtcFormatTest" name="equalityTest[89]" time="0.002"/>
  <testcase classname="org.zencoinj.utils.BtcFormatTest" name="columnAlignmentTest[89]" time="0"/>
  <testcase classname="org.zencoinj.utils.BtcFormatTest" name="factoryTest[89]" time="0"/>
  <testcase classname="org.zencoinj.utils.BtcFormatTest" name="parse[89]" time="0"/>
  <testcase classname="org.zencoinj.utils.BtcFormatTest" name="btcRounding[89]" time="0.002"/>
  <testcase classname="org.zencoinj.utils.BtcFormatTest" name="negativeTest[89]" time="0"/>
  <testcase classname="org.zencoinj.utils.BtcFormatTest" name="millicoinScaleTest[89]" time="0"/>
  <testcase classname="org.zencoinj.utils.BtcFormatTest" name="toStringTest[89]" time="0.001"/>
  <testcase classname="org.zencoinj.utils.BtcFormatTest" name="testGrouping[89]" time="0"/>
  <testcase classname="org.zencoinj.utils.BtcFormatTest" name="symbolsCodesTest[89]" time="0.001"/>
  <testcase classname="org.zencoinj.utils.BtcFormatTest" name="defaultLocaleTest[89]" time="0"/>
  <testcase classname="org.zencoinj.utils.BtcFormatTest" name="parsePositionTest[89]" time="0"/>
  <testcase classname="org.zencoinj.utils.BtcFormatTest" name="argumentTypeTest[89]" time="0"/>
  <testcase classname="org.zencoinj.utils.BtcFormatTest" name="characterIteratorTest[89]" time="0.001"/>
  <testcase classname="org.zencoinj.utils.BtcFormatTest" name="repeatingPlaceTest[89]" time="0"/>
  <testcase classname="org.zencoinj.utils.BtcFormatTest" name="currencyCodeTest[89]" time="0"/>
  <testcase classname="org.zencoinj.utils.BtcFormatTest" name="patternDecimalPlaces[89]" time="0"/>
  <testcase classname="org.zencoinj.utils.BtcFormatTest" name="factoryArgumentsTest[90]" time="0.001"/>
  <testcase classname="org.zencoinj.utils.BtcFormatTest" name="parseTest[90]" time="0.003"/>
  <testcase classname="org.zencoinj.utils.BtcFormatTest" name="microcoinScaleTest[90]" time="0"/>
  <testcase classname="org.zencoinj.utils.BtcFormatTest" name="parseMetricTest[90]" time="0.001"/>
  <testcase classname="org.zencoinj.utils.BtcFormatTest" name="coinScaleTest[90]" time="0"/>
  <testcase classname="org.zencoinj.utils.BtcFormatTest" name="builderTest[90]" time="0.002"/>
  <testcase classname="org.zencoinj.utils.BtcFormatTest" name="attributeTest[90]" time="0"/>
  <testcase classname="org.zencoinj.utils.BtcFormatTest" name="prefixTest[90]" time="0"/>
  <testcase classname="org.zencoinj.utils.BtcFormatTest" name="suffixTest[90]" time="0"/>
  <testcase classname="org.zencoinj.utils.BtcFormatTest" name="autoDecimalTest[90]" time="0.001"/>
  <testcase classname="org.zencoinj.utils.BtcFormatTest" name="symbolCollisionTest[90]" time="0.001"/>
  <testcase classname="org.zencoinj.utils.BtcFormatTest" name="equalityTest[90]" time="0.001"/>
  <testcase classname="org.zencoinj.utils.BtcFormatTest" name="columnAlignmentTest[90]" time="0"/>
  <testcase classname="org.zencoinj.utils.BtcFormatTest" name="factoryTest[90]" time="0"/>
  <testcase classname="org.zencoinj.utils.BtcFormatTest" name="parse[90]" time="0"/>
  <testcase classname="org.zencoinj.utils.BtcFormatTest" name="btcRounding[90]" time="0.001"/>
  <testcase classname="org.zencoinj.utils.BtcFormatTest" name="negativeTest[90]" time="0"/>
  <testcase classname="org.zencoinj.utils.BtcFormatTest" name="millicoinScaleTest[90]" time="0.001"/>
  <testcase classname="org.zencoinj.utils.BtcFormatTest" name="toStringTest[90]" time="0"/>
  <testcase classname="org.zencoinj.utils.BtcFormatTest" name="testGrouping[90]" time="0"/>
  <testcase classname="org.zencoinj.utils.BtcFormatTest" name="symbolsCodesTest[90]" time="0.001"/>
  <testcase classname="org.zencoinj.utils.BtcFormatTest" name="defaultLocaleTest[90]" time="0"/>
  <testcase classname="org.zencoinj.utils.BtcFormatTest" name="parsePositionTest[90]" time="0"/>
  <testcase classname="org.zencoinj.utils.BtcFormatTest" name="argumentTypeTest[90]" time="0.001"/>
  <testcase classname="org.zencoinj.utils.BtcFormatTest" name="characterIteratorTest[90]" time="0"/>
  <testcase classname="org.zencoinj.utils.BtcFormatTest" name="repeatingPlaceTest[90]" time="0"/>
  <testcase classname="org.zencoinj.utils.BtcFormatTest" name="currencyCodeTest[90]" time="0"/>
  <testcase classname="org.zencoinj.utils.BtcFormatTest" name="patternDecimalPlaces[90]" time="0"/>
  <testcase classname="org.zencoinj.utils.BtcFormatTest" name="factoryArgumentsTest[91]" time="0.001"/>
  <testcase classname="org.zencoinj.utils.BtcFormatTest" name="parseTest[91]" time="0.003"/>
  <testcase classname="org.zencoinj.utils.BtcFormatTest" name="microcoinScaleTest[91]" time="0"/>
  <testcase classname="org.zencoinj.utils.BtcFormatTest" name="parseMetricTest[91]" time="0.001"/>
  <testcase classname="org.zencoinj.utils.BtcFormatTest" name="coinScaleTest[91]" time="0"/>
  <testcase classname="org.zencoinj.utils.BtcFormatTest" name="builderTest[91]" time="0.002"/>
  <testcase classname="org.zencoinj.utils.BtcFormatTest" name="attributeTest[91]" time="0"/>
  <testcase classname="org.zencoinj.utils.BtcFormatTest" name="prefixTest[91]" time="0"/>
  <testcase classname="org.zencoinj.utils.BtcFormatTest" name="suffixTest[91]" time="0"/>
  <testcase classname="org.zencoinj.utils.BtcFormatTest" name="autoDecimalTest[91]" time="0.001"/>
  <testcase classname="org.zencoinj.utils.BtcFormatTest" name="symbolCollisionTest[91]" time="0"/>
  <testcase classname="org.zencoinj.utils.BtcFormatTest" name="equalityTest[91]" time="0.001"/>
  <testcase classname="org.zencoinj.utils.BtcFormatTest" name="columnAlignmentTest[91]" time="0.001"/>
  <testcase classname="org.zencoinj.utils.BtcFormatTest" name="factoryTest[91]" time="0"/>
  <testcase classname="org.zencoinj.utils.BtcFormatTest" name="parse[91]" time="0"/>
  <testcase classname="org.zencoinj.utils.BtcFormatTest" name="btcRounding[91]" time="0.001"/>
  <testcase classname="org.zencoinj.utils.BtcFormatTest" name="negativeTest[91]" time="0"/>
  <testcase classname="org.zencoinj.utils.BtcFormatTest" name="millicoinScaleTest[91]" time="0"/>
  <testcase classname="org.zencoinj.utils.BtcFormatTest" name="toStringTest[91]" time="0.001"/>
  <testcase classname="org.zencoinj.utils.BtcFormatTest" name="testGrouping[91]" time="0"/>
  <testcase classname="org.zencoinj.utils.BtcFormatTest" name="symbolsCodesTest[91]" time="0"/>
  <testcase classname="org.zencoinj.utils.BtcFormatTest" name="defaultLocaleTest[91]" time="0.001"/>
  <testcase classname="org.zencoinj.utils.BtcFormatTest" name="parsePositionTest[91]" time="0"/>
  <testcase classname="org.zencoinj.utils.BtcFormatTest" name="argumentTypeTest[91]" time="0"/>
  <testcase classname="org.zencoinj.utils.BtcFormatTest" name="characterIteratorTest[91]" time="0"/>
  <testcase classname="org.zencoinj.utils.BtcFormatTest" name="repeatingPlaceTest[91]" time="0.001"/>
  <testcase classname="org.zencoinj.utils.BtcFormatTest" name="currencyCodeTest[91]" time="0"/>
  <testcase classname="org.zencoinj.utils.BtcFormatTest" name="patternDecimalPlaces[91]" time="0"/>
  <testcase classname="org.zencoinj.utils.BtcFormatTest" name="factoryArgumentsTest[92]" time="0.001"/>
  <testcase classname="org.zencoinj.utils.BtcFormatTest" name="parseTest[92]" time="0.002"/>
  <testcase classname="org.zencoinj.utils.BtcFormatTest" name="microcoinScaleTest[92]" time="0"/>
  <testcase classname="org.zencoinj.utils.BtcFormatTest" name="parseMetricTest[92]" time="0.002"/>
  <testcase classname="org.zencoinj.utils.BtcFormatTest" name="coinScaleTest[92]" time="0"/>
  <testcase classname="org.zencoinj.utils.BtcFormatTest" name="builderTest[92]" time="0.001"/>
  <testcase classname="org.zencoinj.utils.BtcFormatTest" name="attributeTest[92]" time="0"/>
  <testcase classname="org.zencoinj.utils.BtcFormatTest" name="prefixTest[92]" time="0.001"/>
  <testcase classname="org.zencoinj.utils.BtcFormatTest" name="suffixTest[92]" time="0"/>
  <testcase classname="org.zencoinj.utils.BtcFormatTest" name="autoDecimalTest[92]" time="0.001"/>
  <testcase classname="org.zencoinj.utils.BtcFormatTest" name="symbolCollisionTest[92]" time="0"/>
  <testcase classname="org.zencoinj.utils.BtcFormatTest" name="equalityTest[92]" time="0.002"/>
  <testcase classname="org.zencoinj.utils.BtcFormatTest" name="columnAlignmentTest[92]" time="0"/>
  <testcase classname="org.zencoinj.utils.BtcFormatTest" name="factoryTest[92]" time="0.001"/>
  <testcase classname="org.zencoinj.utils.BtcFormatTest" name="parse[92]" time="0"/>
  <testcase classname="org.zencoinj.utils.BtcFormatTest" name="btcRounding[92]" time="0.001"/>
  <testcase classname="org.zencoinj.utils.BtcFormatTest" name="negativeTest[92]" time="0.001"/>
  <testcase classname="org.zencoinj.utils.BtcFormatTest" name="millicoinScaleTest[92]" time="0"/>
  <testcase classname="org.zencoinj.utils.BtcFormatTest" name="toStringTest[92]" time="0"/>
  <testcase classname="org.zencoinj.utils.BtcFormatTest" name="testGrouping[92]" time="0.001"/>
  <testcase classname="org.zencoinj.utils.BtcFormatTest" name="symbolsCodesTest[92]" time="0"/>
  <testcase classname="org.zencoinj.utils.BtcFormatTest" name="defaultLocaleTest[92]" time="0.001"/>
  <testcase classname="org.zencoinj.utils.BtcFormatTest" name="parsePositionTest[92]" time="0"/>
  <testcase classname="org.zencoinj.utils.BtcFormatTest" name="argumentTypeTest[92]" time="0"/>
  <testcase classname="org.zencoinj.utils.BtcFormatTest" name="characterIteratorTest[92]" time="0.001"/>
  <testcase classname="org.zencoinj.utils.BtcFormatTest" name="repeatingPlaceTest[92]" time="0"/>
  <testcase classname="org.zencoinj.utils.BtcFormatTest" name="currencyCodeTest[92]" time="0"/>
  <testcase classname="org.zencoinj.utils.BtcFormatTest" name="patternDecimalPlaces[92]" time="0"/>
  <testcase classname="org.zencoinj.utils.BtcFormatTest" name="factoryArgumentsTest[93]" time="0.001"/>
  <testcase classname="org.zencoinj.utils.BtcFormatTest" name="parseTest[93]" time="0.003"/>
  <testcase classname="org.zencoinj.utils.BtcFormatTest" name="microcoinScaleTest[93]" time="0"/>
  <testcase classname="org.zencoinj.utils.BtcFormatTest" name="parseMetricTest[93]" time="0.002"/>
  <testcase classname="org.zencoinj.utils.BtcFormatTest" name="coinScaleTest[93]" time="0"/>
  <testcase classname="org.zencoinj.utils.BtcFormatTest" name="builderTest[93]" time="0.001"/>
  <testcase classname="org.zencoinj.utils.BtcFormatTest" name="attributeTest[93]" time="0"/>
  <testcase classname="org.zencoinj.utils.BtcFormatTest" name="prefixTest[93]" time="0"/>
  <testcase classname="org.zencoinj.utils.BtcFormatTest" name="suffixTest[93]" time="0"/>
  <testcase classname="org.zencoinj.utils.BtcFormatTest" name="autoDecimalTest[93]" time="0.001"/>
  <testcase classname="org.zencoinj.utils.BtcFormatTest" name="symbolCollisionTest[93]" time="0.001"/>
  <testcase classname="org.zencoinj.utils.BtcFormatTest" name="equalityTest[93]" time="0.001"/>
  <testcase classname="org.zencoinj.utils.BtcFormatTest" name="columnAlignmentTest[93]" time="0"/>
  <testcase classname="org.zencoinj.utils.BtcFormatTest" name="factoryTest[93]" time="0"/>
  <testcase classname="org.zencoinj.utils.BtcFormatTest" name="parse[93]" time="0"/>
  <testcase classname="org.zencoinj.utils.BtcFormatTest" name="btcRounding[93]" time="0.001"/>
  <testcase classname="org.zencoinj.utils.BtcFormatTest" name="negativeTest[93]" time="0.001"/>
  <testcase classname="org.zencoinj.utils.BtcFormatTest" name="millicoinScaleTest[93]" time="0"/>
  <testcase classname="org.zencoinj.utils.BtcFormatTest" name="toStringTest[93]" time="0.001"/>
  <testcase classname="org.zencoinj.utils.BtcFormatTest" name="testGrouping[93]" time="0"/>
  <testcase classname="org.zencoinj.utils.BtcFormatTest" name="symbolsCodesTest[93]" time="0"/>
  <testcase classname="org.zencoinj.utils.BtcFormatTest" name="defaultLocaleTest[93]" time="0"/>
  <testcase classname="org.zencoinj.utils.BtcFormatTest" name="parsePositionTest[93]" time="0"/>
  <testcase classname="org.zencoinj.utils.BtcFormatTest" name="argumentTypeTest[93]" time="0"/>
  <testcase classname="org.zencoinj.utils.BtcFormatTest" name="characterIteratorTest[93]" time="0.001"/>
  <testcase classname="org.zencoinj.utils.BtcFormatTest" name="repeatingPlaceTest[93]" time="0"/>
  <testcase classname="org.zencoinj.utils.BtcFormatTest" name="currencyCodeTest[93]" time="0"/>
  <testcase classname="org.zencoinj.utils.BtcFormatTest" name="patternDecimalPlaces[93]" time="0"/>
  <testcase classname="org.zencoinj.utils.BtcFormatTest" name="factoryArgumentsTest[94]" time="0.001"/>
  <testcase classname="org.zencoinj.utils.BtcFormatTest" name="parseTest[94]" time="0.002"/>
  <testcase classname="org.zencoinj.utils.BtcFormatTest" name="microcoinScaleTest[94]" time="0"/>
  <testcase classname="org.zencoinj.utils.BtcFormatTest" name="parseMetricTest[94]" time="0.001"/>
  <testcase classname="org.zencoinj.utils.BtcFormatTest" name="coinScaleTest[94]" time="0"/>
  <testcase classname="org.zencoinj.utils.BtcFormatTest" name="builderTest[94]" time="0.001"/>
  <testcase classname="org.zencoinj.utils.BtcFormatTest" name="attributeTest[94]" time="0.001"/>
  <testcase classname="org.zencoinj.utils.BtcFormatTest" name="prefixTest[94]" time="0"/>
  <testcase classname="org.zencoinj.utils.BtcFormatTest" name="suffixTest[94]" time="0.001"/>
  <testcase classname="org.zencoinj.utils.BtcFormatTest" name="autoDecimalTest[94]" time="0.001"/>
  <testcase classname="org.zencoinj.utils.BtcFormatTest" name="symbolCollisionTest[94]" time="0"/>
  <testcase classname="org.zencoinj.utils.BtcFormatTest" name="equalityTest[94]" time="0.001"/>
  <testcase classname="org.zencoinj.utils.BtcFormatTest" name="columnAlignmentTest[94]" time="0"/>
  <testcase classname="org.zencoinj.utils.BtcFormatTest" name="factoryTest[94]" time="0.001"/>
  <testcase classname="org.zencoinj.utils.BtcFormatTest" name="parse[94]" time="0"/>
  <testcase classname="org.zencoinj.utils.BtcFormatTest" name="btcRounding[94]" time="0"/>
  <testcase classname="org.zencoinj.utils.BtcFormatTest" name="negativeTest[94]" time="0"/>
  <testcase classname="org.zencoinj.utils.BtcFormatTest" name="millicoinScaleTest[94]" time="0"/>
  <testcase classname="org.zencoinj.utils.BtcFormatTest" name="toStringTest[94]" time="0.001"/>
  <testcase classname="org.zencoinj.utils.BtcFormatTest" name="testGrouping[94]" time="0"/>
  <testcase classname="org.zencoinj.utils.BtcFormatTest" name="symbolsCodesTest[94]" time="0.001"/>
  <testcase classname="org.zencoinj.utils.BtcFormatTest" name="defaultLocaleTest[94]" time="0"/>
  <testcase classname="org.zencoinj.utils.BtcFormatTest" name="parsePositionTest[94]" time="0"/>
  <testcase classname="org.zencoinj.utils.BtcFormatTest" name="argumentTypeTest[94]" time="0.001"/>
  <testcase classname="org.zencoinj.utils.BtcFormatTest" name="characterIteratorTest[94]" time="0"/>
  <testcase classname="org.zencoinj.utils.BtcFormatTest" name="repeatingPlaceTest[94]" time="0"/>
  <testcase classname="org.zencoinj.utils.BtcFormatTest" name="currencyCodeTest[94]" time="0"/>
  <testcase classname="org.zencoinj.utils.BtcFormatTest" name="patternDecimalPlaces[94]" time="0"/>
  <testcase classname="org.zencoinj.utils.BtcFormatTest" name="factoryArgumentsTest[95]" time="0.001"/>
  <testcase classname="org.zencoinj.utils.BtcFormatTest" name="parseTest[95]" time="0.002"/>
  <testcase classname="org.zencoinj.utils.BtcFormatTest" name="microcoinScaleTest[95]" time="0"/>
  <testcase classname="org.zencoinj.utils.BtcFormatTest" name="parseMetricTest[95]" time="0.002"/>
  <testcase classname="org.zencoinj.utils.BtcFormatTest" name="coinScaleTest[95]" time="0"/>
  <testcase classname="org.zencoinj.utils.BtcFormatTest" name="builderTest[95]" time="0.001"/>
  <testcase classname="org.zencoinj.utils.BtcFormatTest" name="attributeTest[95]" time="0"/>
  <testcase classname="org.zencoinj.utils.BtcFormatTest" name="prefixTest[95]" time="0"/>
  <testcase classname="org.zencoinj.utils.BtcFormatTest" name="suffixTest[95]" time="0.001"/>
  <testcase classname="org.zencoinj.utils.BtcFormatTest" name="autoDecimalTest[95]" time="0"/>
  <testcase classname="org.zencoinj.utils.BtcFormatTest" name="symbolCollisionTest[95]" time="0.001"/>
  <testcase classname="org.zencoinj.utils.BtcFormatTest" name="equalityTest[95]" time="0.002"/>
  <testcase classname="org.zencoinj.utils.BtcFormatTest" name="columnAlignmentTest[95]" time="0"/>
  <testcase classname="org.zencoinj.utils.BtcFormatTest" name="factoryTest[95]" time="0"/>
  <testcase classname="org.zencoinj.utils.BtcFormatTest" name="parse[95]" time="0"/>
  <testcase classname="org.zencoinj.utils.BtcFormatTest" name="btcRounding[95]" time="0.002"/>
  <testcase classname="org.zencoinj.utils.BtcFormatTest" name="negativeTest[95]" time="0"/>
  <testcase classname="org.zencoinj.utils.BtcFormatTest" name="millicoinScaleTest[95]" time="0"/>
  <testcase classname="org.zencoinj.utils.BtcFormatTest" name="toStringTest[95]" time="0.001"/>
  <testcase classname="org.zencoinj.utils.BtcFormatTest" name="testGrouping[95]" time="0"/>
  <testcase classname="org.zencoinj.utils.BtcFormatTest" name="symbolsCodesTest[95]" time="0.001"/>
  <testcase classname="org.zencoinj.utils.BtcFormatTest" name="defaultLocaleTest[95]" time="0"/>
  <testcase classname="org.zencoinj.utils.BtcFormatTest" name="parsePositionTest[95]" time="0"/>
  <testcase classname="org.zencoinj.utils.BtcFormatTest" name="argumentTypeTest[95]" time="0.001"/>
  <testcase classname="org.zencoinj.utils.BtcFormatTest" name="characterIteratorTest[95]" time="0"/>
  <testcase classname="org.zencoinj.utils.BtcFormatTest" name="repeatingPlaceTest[95]" time="0.001"/>
  <testcase classname="org.zencoinj.utils.BtcFormatTest" name="currencyCodeTest[95]" time="0"/>
  <testcase classname="org.zencoinj.utils.BtcFormatTest" name="patternDecimalPlaces[95]" time="0"/>
  <testcase classname="org.zencoinj.utils.BtcFormatTest" name="factoryArgumentsTest[96]" time="0.001"/>
  <testcase classname="org.zencoinj.utils.BtcFormatTest" name="parseTest[96]" time="0.002"/>
  <testcase classname="org.zencoinj.utils.BtcFormatTest" name="microcoinScaleTest[96]" time="0"/>
  <testcase classname="org.zencoinj.utils.BtcFormatTest" name="parseMetricTest[96]" time="0.002"/>
  <testcase classname="org.zencoinj.utils.BtcFormatTest" name="coinScaleTest[96]" time="0"/>
  <testcase classname="org.zencoinj.utils.BtcFormatTest" name="builderTest[96]" time="0.002"/>
  <testcase classname="org.zencoinj.utils.BtcFormatTest" name="attributeTest[96]" time="0"/>
  <testcase classname="org.zencoinj.utils.BtcFormatTest" name="prefixTest[96]" time="0"/>
  <testcase classname="org.zencoinj.utils.BtcFormatTest" name="suffixTest[96]" time="0"/>
  <testcase classname="org.zencoinj.utils.BtcFormatTest" name="autoDecimalTest[96]" time="0.001"/>
  <testcase classname="org.zencoinj.utils.BtcFormatTest" name="symbolCollisionTest[96]" time="0.001"/>
  <testcase classname="org.zencoinj.utils.BtcFormatTest" name="equalityTest[96]" time="0.002"/>
  <testcase classname="org.zencoinj.utils.BtcFormatTest" name="columnAlignmentTest[96]" time="0"/>
  <testcase classname="org.zencoinj.utils.BtcFormatTest" name="factoryTest[96]" time="0"/>
  <testcase classname="org.zencoinj.utils.BtcFormatTest" name="parse[96]" time="0"/>
  <testcase classname="org.zencoinj.utils.BtcFormatTest" name="btcRounding[96]" time="0.002"/>
  <testcase classname="org.zencoinj.utils.BtcFormatTest" name="negativeTest[96]" time="0"/>
  <testcase classname="org.zencoinj.utils.BtcFormatTest" name="millicoinScaleTest[96]" time="0"/>
  <testcase classname="org.zencoinj.utils.BtcFormatTest" name="toStringTest[96]" time="0.001"/>
  <testcase classname="org.zencoinj.utils.BtcFormatTest" name="testGrouping[96]" time="0"/>
  <testcase classname="org.zencoinj.utils.BtcFormatTest" name="symbolsCodesTest[96]" time="0.001"/>
  <testcase classname="org.zencoinj.utils.BtcFormatTest" name="defaultLocaleTest[96]" time="0"/>
  <testcase classname="org.zencoinj.utils.BtcFormatTest" name="parsePositionTest[96]" time="0"/>
  <testcase classname="org.zencoinj.utils.BtcFormatTest" name="argumentTypeTest[96]" time="0"/>
  <testcase classname="org.zencoinj.utils.BtcFormatTest" name="characterIteratorTest[96]" time="0"/>
  <testcase classname="org.zencoinj.utils.BtcFormatTest" name="repeatingPlaceTest[96]" time="0.001"/>
  <testcase classname="org.zencoinj.utils.BtcFormatTest" name="currencyCodeTest[96]" time="0"/>
  <testcase classname="org.zencoinj.utils.BtcFormatTest" name="patternDecimalPlaces[96]" time="0"/>
  <testcase classname="org.zencoinj.utils.BtcFormatTest" name="factoryArgumentsTest[97]" time="0.001"/>
  <testcase classname="org.zencoinj.utils.BtcFormatTest" name="parseTest[97]" time="0.002"/>
  <testcase classname="org.zencoinj.utils.BtcFormatTest" name="microcoinScaleTest[97]" time="0"/>
  <testcase classname="org.zencoinj.utils.BtcFormatTest" name="parseMetricTest[97]" time="0.001"/>
  <testcase classname="org.zencoinj.utils.BtcFormatTest" name="coinScaleTest[97]" time="0"/>
  <testcase classname="org.zencoinj.utils.BtcFormatTest" name="builderTest[97]" time="0.002"/>
  <testcase classname="org.zencoinj.utils.BtcFormatTest" name="attributeTest[97]" time="0"/>
  <testcase classname="org.zencoinj.utils.BtcFormatTest" name="prefixTest[97]" time="0.001"/>
  <testcase classname="org.zencoinj.utils.BtcFormatTest" name="suffixTest[97]" time="0"/>
  <testcase classname="org.zencoinj.utils.BtcFormatTest" name="autoDecimalTest[97]" time="0.001"/>
  <testcase classname="org.zencoinj.utils.BtcFormatTest" name="symbolCollisionTest[97]" time="0"/>
  <testcase classname="org.zencoinj.utils.BtcFormatTest" name="equalityTest[97]" time="0.002"/>
  <testcase classname="org.zencoinj.utils.BtcFormatTest" name="columnAlignmentTest[97]" time="0"/>
  <testcase classname="org.zencoinj.utils.BtcFormatTest" name="factoryTest[97]" time="0"/>
  <testcase classname="org.zencoinj.utils.BtcFormatTest" name="parse[97]" time="0"/>
  <testcase classname="org.zencoinj.utils.BtcFormatTest" name="btcRounding[97]" time="0.001"/>
  <testcase classname="org.zencoinj.utils.BtcFormatTest" name="negativeTest[97]" time="0"/>
  <testcase classname="org.zencoinj.utils.BtcFormatTest" name="millicoinScaleTest[97]" time="0"/>
  <testcase classname="org.zencoinj.utils.BtcFormatTest" name="toStringTest[97]" time="0.001"/>
  <testcase classname="org.zencoinj.utils.BtcFormatTest" name="testGrouping[97]" time="0"/>
  <testcase classname="org.zencoinj.utils.BtcFormatTest" name="symbolsCodesTest[97]" time="0.001"/>
  <testcase classname="org.zencoinj.utils.BtcFormatTest" name="defaultLocaleTest[97]" time="0"/>
  <testcase classname="org.zencoinj.utils.BtcFormatTest" name="parsePositionTest[97]" time="0"/>
  <testcase classname="org.zencoinj.utils.BtcFormatTest" name="argumentTypeTest[97]" time="0"/>
  <testcase classname="org.zencoinj.utils.BtcFormatTest" name="characterIteratorTest[97]" time="0"/>
  <testcase classname="org.zencoinj.utils.BtcFormatTest" name="repeatingPlaceTest[97]" time="0"/>
  <testcase classname="org.zencoinj.utils.BtcFormatTest" name="currencyCodeTest[97]" time="0"/>
  <testcase classname="org.zencoinj.utils.BtcFormatTest" name="patternDecimalPlaces[97]" time="0"/>
  <testcase classname="org.zencoinj.utils.BtcFormatTest" name="factoryArgumentsTest[98]" time="0"/>
  <testcase classname="org.zencoinj.utils.BtcFormatTest" name="parseTest[98]" time="0.003"/>
  <testcase classname="org.zencoinj.utils.BtcFormatTest" name="microcoinScaleTest[98]" time="0"/>
  <testcase classname="org.zencoinj.utils.BtcFormatTest" name="parseMetricTest[98]" time="0.001"/>
  <testcase classname="org.zencoinj.utils.BtcFormatTest" name="coinScaleTest[98]" time="0"/>
  <testcase classname="org.zencoinj.utils.BtcFormatTest" name="builderTest[98]" time="0.001"/>
  <testcase classname="org.zencoinj.utils.BtcFormatTest" name="attributeTest[98]" time="0"/>
  <testcase classname="org.zencoinj.utils.BtcFormatTest" name="prefixTest[98]" time="0.001"/>
  <testcase classname="org.zencoinj.utils.BtcFormatTest" name="suffixTest[98]" time="0"/>
  <testcase classname="org.zencoinj.utils.BtcFormatTest" name="autoDecimalTest[98]" time="0.001"/>
  <testcase classname="org.zencoinj.utils.BtcFormatTest" name="symbolCollisionTest[98]" time="0"/>
  <testcase classname="org.zencoinj.utils.BtcFormatTest" name="equalityTest[98]" time="0.002"/>
  <testcase classname="org.zencoinj.utils.BtcFormatTest" name="columnAlignmentTest[98]" time="0"/>
  <testcase classname="org.zencoinj.utils.BtcFormatTest" name="factoryTest[98]" time="0.001"/>
  <testcase classname="org.zencoinj.utils.BtcFormatTest" name="parse[98]" time="0"/>
  <testcase classname="org.zencoinj.utils.BtcFormatTest" name="btcRounding[98]" time="0.001"/>
  <testcase classname="org.zencoinj.utils.BtcFormatTest" name="negativeTest[98]" time="0"/>
  <testcase classname="org.zencoinj.utils.BtcFormatTest" name="millicoinScaleTest[98]" time="0"/>
  <testcase classname="org.zencoinj.utils.BtcFormatTest" name="toStringTest[98]" time="0.001"/>
  <testcase classname="org.zencoinj.utils.BtcFormatTest" name="testGrouping[98]" time="0"/>
  <testcase classname="org.zencoinj.utils.BtcFormatTest" name="symbolsCodesTest[98]" time="0.001"/>
  <testcase classname="org.zencoinj.utils.BtcFormatTest" name="defaultLocaleTest[98]" time="0"/>
  <testcase classname="org.zencoinj.utils.BtcFormatTest" name="parsePositionTest[98]" time="0"/>
  <testcase classname="org.zencoinj.utils.BtcFormatTest" name="argumentTypeTest[98]" time="0.001"/>
  <testcase classname="org.zencoinj.utils.BtcFormatTest" name="characterIteratorTest[98]" time="0"/>
  <testcase classname="org.zencoinj.utils.BtcFormatTest" name="repeatingPlaceTest[98]" time="0.001"/>
  <testcase classname="org.zencoinj.utils.BtcFormatTest" name="currencyCodeTest[98]" time="0"/>
  <testcase classname="org.zencoinj.utils.BtcFormatTest" name="patternDecimalPlaces[98]" time="0"/>
  <testcase classname="org.zencoinj.utils.BtcFormatTest" name="factoryArgumentsTest[99]" time="0.001"/>
  <testcase classname="org.zencoinj.utils.BtcFormatTest" name="parseTest[99]" time="0.002"/>
  <testcase classname="org.zencoinj.utils.BtcFormatTest" name="microcoinScaleTest[99]" time="0"/>
  <testcase classname="org.zencoinj.utils.BtcFormatTest" name="parseMetricTest[99]" time="0.002"/>
  <testcase classname="org.zencoinj.utils.BtcFormatTest" name="coinScaleTest[99]" time="0"/>
  <testcase classname="org.zencoinj.utils.BtcFormatTest" name="builderTest[99]" time="0.002"/>
  <testcase classname="org.zencoinj.utils.BtcFormatTest" name="attributeTest[99]" time="0"/>
  <testcase classname="org.zencoinj.utils.BtcFormatTest" name="prefixTest[99]" time="0"/>
  <testcase classname="org.zencoinj.utils.BtcFormatTest" name="suffixTest[99]" time="0"/>
  <testcase classname="org.zencoinj.utils.BtcFormatTest" name="autoDecimalTest[99]" time="0.001"/>
  <testcase classname="org.zencoinj.utils.BtcFormatTest" name="symbolCollisionTest[99]" time="0.001"/>
  <testcase classname="org.zencoinj.utils.BtcFormatTest" name="equalityTest[99]" time="0.002"/>
  <testcase classname="org.zencoinj.utils.BtcFormatTest" name="columnAlignmentTest[99]" time="0"/>
  <testcase classname="org.zencoinj.utils.BtcFormatTest" name="factoryTest[99]" time="0"/>
  <testcase classname="org.zencoinj.utils.BtcFormatTest" name="parse[99]" time="0"/>
  <testcase classname="org.zencoinj.utils.BtcFormatTest" name="btcRounding[99]" time="0.002"/>
  <testcase classname="org.zencoinj.utils.BtcFormatTest" name="negativeTest[99]" time="0"/>
  <testcase classname="org.zencoinj.utils.BtcFormatTest" name="millicoinScaleTest[99]" time="0"/>
  <testcase classname="org.zencoinj.utils.BtcFormatTest" name="toStringTest[99]" time="0.001"/>
  <testcase classname="org.zencoinj.utils.BtcFormatTest" name="testGrouping[99]" time="0"/>
  <testcase classname="org.zencoinj.utils.BtcFormatTest" name="symbolsCodesTest[99]" time="0.001"/>
  <testcase classname="org.zencoinj.utils.BtcFormatTest" name="defaultLocaleTest[99]" time="0"/>
  <testcase classname="org.zencoinj.utils.BtcFormatTest" name="parsePositionTest[99]" time="0"/>
  <testcase classname="org.zencoinj.utils.BtcFormatTest" name="argumentTypeTest[99]" time="0.001"/>
  <testcase classname="org.zencoinj.utils.BtcFormatTest" name="characterIteratorTest[99]" time="0"/>
  <testcase classname="org.zencoinj.utils.BtcFormatTest" name="repeatingPlaceTest[99]" time="0"/>
  <testcase classname="org.zencoinj.utils.BtcFormatTest" name="currencyCodeTest[99]" time="0"/>
  <testcase classname="org.zencoinj.utils.BtcFormatTest" name="patternDecimalPlaces[99]" time="0.001"/>
  <testcase classname="org.zencoinj.utils.BtcFormatTest" name="factoryArgumentsTest[100]" time="0.001"/>
  <testcase classname="org.zencoinj.utils.BtcFormatTest" name="parseTest[100]" time="0.001"/>
  <testcase classname="org.zencoinj.utils.BtcFormatTest" name="microcoinScaleTest[100]" time="0"/>
  <testcase classname="org.zencoinj.utils.BtcFormatTest" name="parseMetricTest[100]" time="0.001"/>
  <testcase classname="org.zencoinj.utils.BtcFormatTest" name="coinScaleTest[100]" time="0"/>
  <testcase classname="org.zencoinj.utils.BtcFormatTest" name="builderTest[100]" time="0.001"/>
  <testcase classname="org.zencoinj.utils.BtcFormatTest" name="attributeTest[100]" time="0"/>
  <testcase classname="org.zencoinj.utils.BtcFormatTest" name="prefixTest[100]" time="0"/>
  <testcase classname="org.zencoinj.utils.BtcFormatTest" name="suffixTest[100]" time="0"/>
  <testcase classname="org.zencoinj.utils.BtcFormatTest" name="autoDecimalTest[100]" time="0.001"/>
  <testcase classname="org.zencoinj.utils.BtcFormatTest" name="symbolCollisionTest[100]" time="0.001"/>
  <testcase classname="org.zencoinj.utils.BtcFormatTest" name="equalityTest[100]" time="0.002"/>
  <testcase classname="org.zencoinj.utils.BtcFormatTest" name="columnAlignmentTest[100]" time="0"/>
  <testcase classname="org.zencoinj.utils.BtcFormatTest" name="factoryTest[100]" time="0"/>
  <testcase classname="org.zencoinj.utils.BtcFormatTest" name="parse[100]" time="0"/>
  <testcase classname="org.zencoinj.utils.BtcFormatTest" name="btcRounding[100]" time="0.001"/>
  <testcase classname="org.zencoinj.utils.BtcFormatTest" name="negativeTest[100]" time="0"/>
  <testcase classname="org.zencoinj.utils.BtcFormatTest" name="millicoinScaleTest[100]" time="0"/>
  <testcase classname="org.zencoinj.utils.BtcFormatTest" name="toStringTest[100]" time="0.001"/>
  <testcase classname="org.zencoinj.utils.BtcFormatTest" name="testGrouping[100]" time="0"/>
  <testcase classname="org.zencoinj.utils.BtcFormatTest" name="symbolsCodesTest[100]" time="0.001"/>
  <testcase classname="org.zencoinj.utils.BtcFormatTest" name="defaultLocaleTest[100]" time="0"/>
  <testcase classname="org.zencoinj.utils.BtcFormatTest" name="parsePositionTest[100]" time="0"/>
  <testcase classname="org.zencoinj.utils.BtcFormatTest" name="argumentTypeTest[100]" time="0.001"/>
  <testcase classname="org.zencoinj.utils.BtcFormatTest" name="characterIteratorTest[100]" time="0"/>
  <testcase classname="org.zencoinj.utils.BtcFormatTest" name="repeatingPlaceTest[100]" time="0"/>
  <testcase classname="org.zencoinj.utils.BtcFormatTest" name="currencyCodeTest[100]" time="0.001"/>
  <testcase classname="org.zencoinj.utils.BtcFormatTest" name="patternDecimalPlaces[100]" time="0"/>
  <testcase classname="org.zencoinj.utils.BtcFormatTest" name="factoryArgumentsTest[101]" time="0.001"/>
  <testcase classname="org.zencoinj.utils.BtcFormatTest" name="parseTest[101]" time="0.001"/>
  <testcase classname="org.zencoinj.utils.BtcFormatTest" name="microcoinScaleTest[101]" time="0"/>
  <testcase classname="org.zencoinj.utils.BtcFormatTest" name="parseMetricTest[101]" time="0.001"/>
  <testcase classname="org.zencoinj.utils.BtcFormatTest" name="coinScaleTest[101]" time="0"/>
  <testcase classname="org.zencoinj.utils.BtcFormatTest" name="builderTest[101]" time="0.001"/>
  <testcase classname="org.zencoinj.utils.BtcFormatTest" name="attributeTest[101]" time="0"/>
  <testcase classname="org.zencoinj.utils.BtcFormatTest" name="prefixTest[101]" time="0"/>
  <testcase classname="org.zencoinj.utils.BtcFormatTest" name="suffixTest[101]" time="0"/>
  <testcase classname="org.zencoinj.utils.BtcFormatTest" name="autoDecimalTest[101]" time="0.002"/>
  <testcase classname="org.zencoinj.utils.BtcFormatTest" name="symbolCollisionTest[101]" time="0"/>
  <testcase classname="org.zencoinj.utils.BtcFormatTest" name="equalityTest[101]" time="0.001"/>
  <testcase classname="org.zencoinj.utils.BtcFormatTest" name="columnAlignmentTest[101]" time="0"/>
  <testcase classname="org.zencoinj.utils.BtcFormatTest" name="factoryTest[101]" time="0.001"/>
  <testcase classname="org.zencoinj.utils.BtcFormatTest" name="parse[101]" time="0"/>
  <testcase classname="org.zencoinj.utils.BtcFormatTest" name="btcRounding[101]" time="0.001"/>
  <testcase classname="org.zencoinj.utils.BtcFormatTest" name="negativeTest[101]" time="0.001"/>
  <testcase classname="org.zencoinj.utils.BtcFormatTest" name="millicoinScaleTest[101]" time="0"/>
  <testcase classname="org.zencoinj.utils.BtcFormatTest" name="toStringTest[101]" time="0"/>
  <testcase classname="org.zencoinj.utils.BtcFormatTest" name="testGrouping[101]" time="0"/>
  <testcase classname="org.zencoinj.utils.BtcFormatTest" name="symbolsCodesTest[101]" time="0"/>
  <testcase classname="org.zencoinj.utils.BtcFormatTest" name="defaultLocaleTest[101]" time="0"/>
  <testcase classname="org.zencoinj.utils.BtcFormatTest" name="parsePositionTest[101]" time="0.001"/>
  <testcase classname="org.zencoinj.utils.BtcFormatTest" name="argumentTypeTest[101]" time="0"/>
  <testcase classname="org.zencoinj.utils.BtcFormatTest" name="characterIteratorTest[101]" time="0"/>
  <testcase classname="org.zencoinj.utils.BtcFormatTest" name="repeatingPlaceTest[101]" time="0.001"/>
  <testcase classname="org.zencoinj.utils.BtcFormatTest" name="currencyCodeTest[101]" time="0"/>
  <testcase classname="org.zencoinj.utils.BtcFormatTest" name="patternDecimalPlaces[101]" time="0"/>
  <testcase classname="org.zencoinj.utils.BtcFormatTest" name="factoryArgumentsTest[102]" time="0.001"/>
  <testcase classname="org.zencoinj.utils.BtcFormatTest" name="parseTest[102]" time="0.001"/>
  <testcase classname="org.zencoinj.utils.BtcFormatTest" name="microcoinScaleTest[102]" time="0.001"/>
  <testcase classname="org.zencoinj.utils.BtcFormatTest" name="parseMetricTest[102]" time="0.001"/>
  <testcase classname="org.zencoinj.utils.BtcFormatTest" name="coinScaleTest[102]" time="0"/>
  <testcase classname="org.zencoinj.utils.BtcFormatTest" name="builderTest[102]" time="0.002"/>
  <testcase classname="org.zencoinj.utils.BtcFormatTest" name="attributeTest[102]" time="0"/>
  <testcase classname="org.zencoinj.utils.BtcFormatTest" name="prefixTest[102]" time="0"/>
  <testcase classname="org.zencoinj.utils.BtcFormatTest" name="suffixTest[102]" time="0"/>
  <testcase classname="org.zencoinj.utils.BtcFormatTest" name="autoDecimalTest[102]" time="0.001"/>
  <testcase classname="org.zencoinj.utils.BtcFormatTest" name="symbolCollisionTest[102]" time="0.001"/>
  <testcase classname="org.zencoinj.utils.BtcFormatTest" name="equalityTest[102]" time="0.002"/>
  <testcase classname="org.zencoinj.utils.BtcFormatTest" name="columnAlignmentTest[102]" time="0"/>
  <testcase classname="org.zencoinj.utils.BtcFormatTest" name="factoryTest[102]" time="0.001"/>
  <testcase classname="org.zencoinj.utils.BtcFormatTest" name="parse[102]" time="0"/>
  <testcase classname="org.zencoinj.utils.BtcFormatTest" name="btcRounding[102]" time="0.002"/>
  <testcase classname="org.zencoinj.utils.BtcFormatTest" name="negativeTest[102]" time="0"/>
  <testcase classname="org.zencoinj.utils.BtcFormatTest" name="millicoinScaleTest[102]" time="0"/>
  <testcase classname="org.zencoinj.utils.BtcFormatTest" name="toStringTest[102]" time="0.001"/>
  <testcase classname="org.zencoinj.utils.BtcFormatTest" name="testGrouping[102]" time="0"/>
  <testcase classname="org.zencoinj.utils.BtcFormatTest" name="symbolsCodesTest[102]" time="0.001"/>
  <testcase classname="org.zencoinj.utils.BtcFormatTest" name="defaultLocaleTest[102]" time="0"/>
  <testcase classname="org.zencoinj.utils.BtcFormatTest" name="parsePositionTest[102]" time="0"/>
  <testcase classname="org.zencoinj.utils.BtcFormatTest" name="argumentTypeTest[102]" time="0.001"/>
  <testcase classname="org.zencoinj.utils.BtcFormatTest" name="characterIteratorTest[102]" time="0"/>
  <testcase classname="org.zencoinj.utils.BtcFormatTest" name="repeatingPlaceTest[102]" time="0"/>
  <testcase classname="org.zencoinj.utils.BtcFormatTest" name="currencyCodeTest[102]" time="0.001"/>
  <testcase classname="org.zencoinj.utils.BtcFormatTest" name="patternDecimalPlaces[102]" time="0"/>
  <testcase classname="org.zencoinj.utils.BtcFormatTest" name="factoryArgumentsTest[103]" time="0.001"/>
  <testcase classname="org.zencoinj.utils.BtcFormatTest" name="parseTest[103]" time="0.002"/>
  <testcase classname="org.zencoinj.utils.BtcFormatTest" name="microcoinScaleTest[103]" time="0"/>
  <testcase classname="org.zencoinj.utils.BtcFormatTest" name="parseMetricTest[103]" time="0.001"/>
  <testcase classname="org.zencoinj.utils.BtcFormatTest" name="coinScaleTest[103]" time="0"/>
  <testcase classname="org.zencoinj.utils.BtcFormatTest" name="builderTest[103]" time="0.001"/>
  <testcase classname="org.zencoinj.utils.BtcFormatTest" name="attributeTest[103]" time="0"/>
  <testcase classname="org.zencoinj.utils.BtcFormatTest" name="prefixTest[103]" time="0"/>
  <testcase classname="org.zencoinj.utils.BtcFormatTest" name="suffixTest[103]" time="0.001"/>
  <testcase classname="org.zencoinj.utils.BtcFormatTest" name="autoDecimalTest[103]" time="0.001"/>
  <testcase classname="org.zencoinj.utils.BtcFormatTest" name="symbolCollisionTest[103]" time="0"/>
  <testcase classname="org.zencoinj.utils.BtcFormatTest" name="equalityTest[103]" time="0.002"/>
  <testcase classname="org.zencoinj.utils.BtcFormatTest" name="columnAlignmentTest[103]" time="0"/>
  <testcase classname="org.zencoinj.utils.BtcFormatTest" name="factoryTest[103]" time="0"/>
  <testcase classname="org.zencoinj.utils.BtcFormatTest" name="parse[103]" time="0"/>
  <testcase classname="org.zencoinj.utils.BtcFormatTest" name="btcRounding[103]" time="0.002"/>
  <testcase classname="org.zencoinj.utils.BtcFormatTest" name="negativeTest[103]" time="0"/>
  <testcase classname="org.zencoinj.utils.BtcFormatTest" name="millicoinScaleTest[103]" time="0"/>
  <testcase classname="org.zencoinj.utils.BtcFormatTest" name="toStringTest[103]" time="0"/>
  <testcase classname="org.zencoinj.utils.BtcFormatTest" name="testGrouping[103]" time="0.001"/>
  <testcase classname="org.zencoinj.utils.BtcFormatTest" name="symbolsCodesTest[103]" time="0"/>
  <testcase classname="org.zencoinj.utils.BtcFormatTest" name="defaultLocaleTest[103]" time="0"/>
  <testcase classname="org.zencoinj.utils.BtcFormatTest" name="parsePositionTest[103]" time="0.001"/>
  <testcase classname="org.zencoinj.utils.BtcFormatTest" name="argumentTypeTest[103]" time="0"/>
  <testcase classname="org.zencoinj.utils.BtcFormatTest" name="characterIteratorTest[103]" time="0"/>
  <testcase classname="org.zencoinj.utils.BtcFormatTest" name="repeatingPlaceTest[103]" time="0"/>
  <testcase classname="org.zencoinj.utils.BtcFormatTest" name="currencyCodeTest[103]" time="0.001"/>
  <testcase classname="org.zencoinj.utils.BtcFormatTest" name="patternDecimalPlaces[103]" time="0"/>
  <testcase classname="org.zencoinj.utils.BtcFormatTest" name="factoryArgumentsTest[104]" time="0.001"/>
  <testcase classname="org.zencoinj.utils.BtcFormatTest" name="parseTest[104]" time="0.001"/>
  <testcase classname="org.zencoinj.utils.BtcFormatTest" name="microcoinScaleTest[104]" time="0"/>
  <testcase classname="org.zencoinj.utils.BtcFormatTest" name="parseMetricTest[104]" time="0.001"/>
  <testcase classname="org.zencoinj.utils.BtcFormatTest" name="coinScaleTest[104]" time="0"/>
  <testcase classname="org.zencoinj.utils.BtcFormatTest" name="builderTest[104]" time="0.002"/>
  <testcase classname="org.zencoinj.utils.BtcFormatTest" name="attributeTest[104]" time="0"/>
  <testcase classname="org.zencoinj.utils.BtcFormatTest" name="prefixTest[104]" time="0"/>
  <testcase classname="org.zencoinj.utils.BtcFormatTest" name="suffixTest[104]" time="0"/>
  <testcase classname="org.zencoinj.utils.BtcFormatTest" name="autoDecimalTest[104]" time="0.001"/>
  <testcase classname="org.zencoinj.utils.BtcFormatTest" name="symbolCollisionTest[104]" time="0"/>
  <testcase classname="org.zencoinj.utils.BtcFormatTest" name="equalityTest[104]" time="0.001"/>
  <testcase classname="org.zencoinj.utils.BtcFormatTest" name="columnAlignmentTest[104]" time="0.001"/>
  <testcase classname="org.zencoinj.utils.BtcFormatTest" name="factoryTest[104]" time="0"/>
  <testcase classname="org.zencoinj.utils.BtcFormatTest" name="parse[104]" time="0"/>
  <testcase classname="org.zencoinj.utils.BtcFormatTest" name="btcRounding[104]" time="0.001"/>
  <testcase classname="org.zencoinj.utils.BtcFormatTest" name="negativeTest[104]" time="0.001"/>
  <testcase classname="org.zencoinj.utils.BtcFormatTest" name="millicoinScaleTest[104]" time="0"/>
  <testcase classname="org.zencoinj.utils.BtcFormatTest" name="toStringTest[104]" time="0"/>
  <testcase classname="org.zencoinj.utils.BtcFormatTest" name="testGrouping[104]" time="0"/>
  <testcase classname="org.zencoinj.utils.BtcFormatTest" name="symbolsCodesTest[104]" time="0.001"/>
  <testcase classname="org.zencoinj.utils.BtcFormatTest" name="defaultLocaleTest[104]" time="0"/>
  <testcase classname="org.zencoinj.utils.BtcFormatTest" name="parsePositionTest[104]" time="0"/>
  <testcase classname="org.zencoinj.utils.BtcFormatTest" name="argumentTypeTest[104]" time="0"/>
  <testcase classname="org.zencoinj.utils.BtcFormatTest" name="characterIteratorTest[104]" time="0"/>
  <testcase classname="org.zencoinj.utils.BtcFormatTest" name="repeatingPlaceTest[104]" time="0"/>
  <testcase classname="org.zencoinj.utils.BtcFormatTest" name="currencyCodeTest[104]" time="0"/>
  <testcase classname="org.zencoinj.utils.BtcFormatTest" name="patternDecimalPlaces[104]" time="0"/>
  <testcase classname="org.zencoinj.utils.BtcFormatTest" name="factoryArgumentsTest[105]" time="0.001"/>
  <testcase classname="org.zencoinj.utils.BtcFormatTest" name="parseTest[105]" time="0.002"/>
  <testcase classname="org.zencoinj.utils.BtcFormatTest" name="microcoinScaleTest[105]" time="0"/>
  <testcase classname="org.zencoinj.utils.BtcFormatTest" name="parseMetricTest[105]" time="0.001"/>
  <testcase classname="org.zencoinj.utils.BtcFormatTest" name="coinScaleTest[105]" time="0"/>
  <testcase classname="org.zencoinj.utils.BtcFormatTest" name="builderTest[105]" time="0.002"/>
  <testcase classname="org.zencoinj.utils.BtcFormatTest" name="attributeTest[105]" time="0"/>
  <testcase classname="org.zencoinj.utils.BtcFormatTest" name="prefixTest[105]" time="0"/>
  <testcase classname="org.zencoinj.utils.BtcFormatTest" name="suffixTest[105]" time="0.001"/>
  <testcase classname="org.zencoinj.utils.BtcFormatTest" name="autoDecimalTest[105]" time="0.001"/>
  <testcase classname="org.zencoinj.utils.BtcFormatTest" name="symbolCollisionTest[105]" time="0"/>
  <testcase classname="org.zencoinj.utils.BtcFormatTest" name="equalityTest[105]" time="0.002"/>
  <testcase classname="org.zencoinj.utils.BtcFormatTest" name="columnAlignmentTest[105]" time="0"/>
  <testcase classname="org.zencoinj.utils.BtcFormatTest" name="factoryTest[105]" time="0.001"/>
  <testcase classname="org.zencoinj.utils.BtcFormatTest" name="parse[105]" time="0"/>
  <testcase classname="org.zencoinj.utils.BtcFormatTest" name="btcRounding[105]" time="0.001"/>
  <testcase classname="org.zencoinj.utils.BtcFormatTest" name="negativeTest[105]" time="0.001"/>
  <testcase classname="org.zencoinj.utils.BtcFormatTest" name="millicoinScaleTest[105]" time="0"/>
  <testcase classname="org.zencoinj.utils.BtcFormatTest" name="toStringTest[105]" time="0"/>
  <testcase classname="org.zencoinj.utils.BtcFormatTest" name="testGrouping[105]" time="0.001"/>
  <testcase classname="org.zencoinj.utils.BtcFormatTest" name="symbolsCodesTest[105]" time="0"/>
  <testcase classname="org.zencoinj.utils.BtcFormatTest" name="defaultLocaleTest[105]" time="0"/>
  <testcase classname="org.zencoinj.utils.BtcFormatTest" name="parsePositionTest[105]" time="0.001"/>
  <testcase classname="org.zencoinj.utils.BtcFormatTest" name="argumentTypeTest[105]" time="0"/>
  <testcase classname="org.zencoinj.utils.BtcFormatTest" name="characterIteratorTest[105]" time="0.001"/>
  <testcase classname="org.zencoinj.utils.BtcFormatTest" name="repeatingPlaceTest[105]" time="0"/>
  <testcase classname="org.zencoinj.utils.BtcFormatTest" name="currencyCodeTest[105]" time="0"/>
  <testcase classname="org.zencoinj.utils.BtcFormatTest" name="patternDecimalPlaces[105]" time="0"/>
  <testcase classname="org.zencoinj.utils.BtcFormatTest" name="factoryArgumentsTest[106]" time="0.002"/>
  <testcase classname="org.zencoinj.utils.BtcFormatTest" name="parseTest[106]" time="0.002"/>
  <testcase classname="org.zencoinj.utils.BtcFormatTest" name="microcoinScaleTest[106]" time="0"/>
  <testcase classname="org.zencoinj.utils.BtcFormatTest" name="parseMetricTest[106]" time="0.001"/>
  <testcase classname="org.zencoinj.utils.BtcFormatTest" name="coinScaleTest[106]" time="0"/>
  <testcase classname="org.zencoinj.utils.BtcFormatTest" name="builderTest[106]" time="0.002"/>
  <testcase classname="org.zencoinj.utils.BtcFormatTest" name="attributeTest[106]" time="0.001"/>
  <testcase classname="org.zencoinj.utils.BtcFormatTest" name="prefixTest[106]" time="0"/>
  <testcase classname="org.zencoinj.utils.BtcFormatTest" name="suffixTest[106]" time="0"/>
  <testcase classname="org.zencoinj.utils.BtcFormatTest" name="autoDecimalTest[106]" time="0.001"/>
  <testcase classname="org.zencoinj.utils.BtcFormatTest" name="symbolCollisionTest[106]" time="0.001"/>
  <testcase classname="org.zencoinj.utils.BtcFormatTest" name="equalityTest[106]" time="0.002"/>
  <testcase classname="org.zencoinj.utils.BtcFormatTest" name="columnAlignmentTest[106]" time="0"/>
  <testcase classname="org.zencoinj.utils.BtcFormatTest" name="factoryTest[106]" time="0"/>
  <testcase classname="org.zencoinj.utils.BtcFormatTest" name="parse[106]" time="0"/>
  <testcase classname="org.zencoinj.utils.BtcFormatTest" name="btcRounding[106]" time="0.001"/>
  <testcase classname="org.zencoinj.utils.BtcFormatTest" name="negativeTest[106]" time="0.001"/>
  <testcase classname="org.zencoinj.utils.BtcFormatTest" name="millicoinScaleTest[106]" time="0"/>
  <testcase classname="org.zencoinj.utils.BtcFormatTest" name="toStringTest[106]" time="0"/>
  <testcase classname="org.zencoinj.utils.BtcFormatTest" name="testGrouping[106]" time="0"/>
  <testcase classname="org.zencoinj.utils.BtcFormatTest" name="symbolsCodesTest[106]" time="0"/>
  <testcase classname="org.zencoinj.utils.BtcFormatTest" name="defaultLocaleTest[106]" time="0"/>
  <testcase classname="org.zencoinj.utils.BtcFormatTest" name="parsePositionTest[106]" time="0"/>
  <testcase classname="org.zencoinj.utils.BtcFormatTest" name="argumentTypeTest[106]" time="0"/>
  <testcase classname="org.zencoinj.utils.BtcFormatTest" name="characterIteratorTest[106]" time="0.001"/>
  <testcase classname="org.zencoinj.utils.BtcFormatTest" name="repeatingPlaceTest[106]" time="0"/>
  <testcase classname="org.zencoinj.utils.BtcFormatTest" name="currencyCodeTest[106]" time="0"/>
  <testcase classname="org.zencoinj.utils.BtcFormatTest" name="patternDecimalPlaces[106]" time="0"/>
  <testcase classname="org.zencoinj.utils.BtcFormatTest" name="factoryArgumentsTest[107]" time="0.002"/>
  <testcase classname="org.zencoinj.utils.BtcFormatTest" name="parseTest[107]" time="0.002"/>
  <testcase classname="org.zencoinj.utils.BtcFormatTest" name="microcoinScaleTest[107]" time="0"/>
  <testcase classname="org.zencoinj.utils.BtcFormatTest" name="parseMetricTest[107]" time="0.001"/>
  <testcase classname="org.zencoinj.utils.BtcFormatTest" name="coinScaleTest[107]" time="0"/>
  <testcase classname="org.zencoinj.utils.BtcFormatTest" name="builderTest[107]" time="0.002"/>
  <testcase classname="org.zencoinj.utils.BtcFormatTest" name="attributeTest[107]" time="0"/>
  <testcase classname="org.zencoinj.utils.BtcFormatTest" name="prefixTest[107]" time="0"/>
  <testcase classname="org.zencoinj.utils.BtcFormatTest" name="suffixTest[107]" time="0"/>
  <testcase classname="org.zencoinj.utils.BtcFormatTest" name="autoDecimalTest[107]" time="0"/>
  <testcase classname="org.zencoinj.utils.BtcFormatTest" name="symbolCollisionTest[107]" time="0.001"/>
  <testcase classname="org.zencoinj.utils.BtcFormatTest" name="equalityTest[107]" time="0.002"/>
  <testcase classname="org.zencoinj.utils.BtcFormatTest" name="columnAlignmentTest[107]" time="0"/>
  <testcase classname="org.zencoinj.utils.BtcFormatTest" name="factoryTest[107]" time="0"/>
  <testcase classname="org.zencoinj.utils.BtcFormatTest" name="parse[107]" time="0.001"/>
  <testcase classname="org.zencoinj.utils.BtcFormatTest" name="btcRounding[107]" time="0.001"/>
  <testcase classname="org.zencoinj.utils.BtcFormatTest" name="negativeTest[107]" time="0"/>
  <testcase classname="org.zencoinj.utils.BtcFormatTest" name="millicoinScaleTest[107]" time="0"/>
  <testcase classname="org.zencoinj.utils.BtcFormatTest" name="toStringTest[107]" time="0.001"/>
  <testcase classname="org.zencoinj.utils.BtcFormatTest" name="testGrouping[107]" time="0"/>
  <testcase classname="org.zencoinj.utils.BtcFormatTest" name="symbolsCodesTest[107]" time="0.001"/>
  <testcase classname="org.zencoinj.utils.BtcFormatTest" name="defaultLocaleTest[107]" time="0"/>
  <testcase classname="org.zencoinj.utils.BtcFormatTest" name="parsePositionTest[107]" time="0"/>
  <testcase classname="org.zencoinj.utils.BtcFormatTest" name="argumentTypeTest[107]" time="0.001"/>
  <testcase classname="org.zencoinj.utils.BtcFormatTest" name="characterIteratorTest[107]" time="0"/>
  <testcase classname="org.zencoinj.utils.BtcFormatTest" name="repeatingPlaceTest[107]" time="0"/>
  <testcase classname="org.zencoinj.utils.BtcFormatTest" name="currencyCodeTest[107]" time="0"/>
  <testcase classname="org.zencoinj.utils.BtcFormatTest" name="patternDecimalPlaces[107]" time="0"/>
  <testcase classname="org.zencoinj.utils.BtcFormatTest" name="factoryArgumentsTest[108]" time="0.001"/>
  <testcase classname="org.zencoinj.utils.BtcFormatTest" name="parseTest[108]" time="0.002"/>
  <testcase classname="org.zencoinj.utils.BtcFormatTest" name="microcoinScaleTest[108]" time="0"/>
  <testcase classname="org.zencoinj.utils.BtcFormatTest" name="parseMetricTest[108]" time="0.001"/>
  <testcase classname="org.zencoinj.utils.BtcFormatTest" name="coinScaleTest[108]" time="0"/>
  <testcase classname="org.zencoinj.utils.BtcFormatTest" name="builderTest[108]" time="0.002"/>
  <testcase classname="org.zencoinj.utils.BtcFormatTest" name="attributeTest[108]" time="0"/>
  <testcase classname="org.zencoinj.utils.BtcFormatTest" name="prefixTest[108]" time="0"/>
  <testcase classname="org.zencoinj.utils.BtcFormatTest" name="suffixTest[108]" time="0.001"/>
  <testcase classname="org.zencoinj.utils.BtcFormatTest" name="autoDecimalTest[108]" time="0"/>
  <testcase classname="org.zencoinj.utils.BtcFormatTest" name="symbolCollisionTest[108]" time="0.001"/>
  <testcase classname="org.zencoinj.utils.BtcFormatTest" name="equalityTest[108]" time="0.001"/>
  <testcase classname="org.zencoinj.utils.BtcFormatTest" name="columnAlignmentTest[108]" time="0.001"/>
  <testcase classname="org.zencoinj.utils.BtcFormatTest" name="factoryTest[108]" time="0"/>
  <testcase classname="org.zencoinj.utils.BtcFormatTest" name="parse[108]" time="0"/>
  <testcase classname="org.zencoinj.utils.BtcFormatTest" name="btcRounding[108]" time="0.001"/>
  <testcase classname="org.zencoinj.utils.BtcFormatTest" name="negativeTest[108]" time="0.001"/>
  <testcase classname="org.zencoinj.utils.BtcFormatTest" name="millicoinScaleTest[108]" time="0"/>
  <testcase classname="org.zencoinj.utils.BtcFormatTest" name="toStringTest[108]" time="0.001"/>
  <testcase classname="org.zencoinj.utils.BtcFormatTest" name="testGrouping[108]" time="0"/>
  <testcase classname="org.zencoinj.utils.BtcFormatTest" name="symbolsCodesTest[108]" time="0"/>
  <testcase classname="org.zencoinj.utils.BtcFormatTest" name="defaultLocaleTest[108]" time="0.001"/>
  <testcase classname="org.zencoinj.utils.BtcFormatTest" name="parsePositionTest[108]" time="0"/>
  <testcase classname="org.zencoinj.utils.BtcFormatTest" name="argumentTypeTest[108]" time="0"/>
  <testcase classname="org.zencoinj.utils.BtcFormatTest" name="characterIteratorTest[108]" time="0.001"/>
  <testcase classname="org.zencoinj.utils.BtcFormatTest" name="repeatingPlaceTest[108]" time="0"/>
  <testcase classname="org.zencoinj.utils.BtcFormatTest" name="currencyCodeTest[108]" time="0"/>
  <testcase classname="org.zencoinj.utils.BtcFormatTest" name="patternDecimalPlaces[108]" time="0"/>
  <testcase classname="org.zencoinj.utils.BtcFormatTest" name="factoryArgumentsTest[109]" time="0.001"/>
  <testcase classname="org.zencoinj.utils.BtcFormatTest" name="parseTest[109]" time="0.003"/>
  <testcase classname="org.zencoinj.utils.BtcFormatTest" name="microcoinScaleTest[109]" time="0"/>
  <testcase classname="org.zencoinj.utils.BtcFormatTest" name="parseMetricTest[109]" time="0.001"/>
  <testcase classname="org.zencoinj.utils.BtcFormatTest" name="coinScaleTest[109]" time="0"/>
  <testcase classname="org.zencoinj.utils.BtcFormatTest" name="builderTest[109]" time="0.002"/>
  <testcase classname="org.zencoinj.utils.BtcFormatTest" name="attributeTest[109]" time="0"/>
  <testcase classname="org.zencoinj.utils.BtcFormatTest" name="prefixTest[109]" time="0"/>
  <testcase classname="org.zencoinj.utils.BtcFormatTest" name="suffixTest[109]" time="0"/>
  <testcase classname="org.zencoinj.utils.BtcFormatTest" name="autoDecimalTest[109]" time="0.001"/>
  <testcase classname="org.zencoinj.utils.BtcFormatTest" name="symbolCollisionTest[109]" time="0"/>
  <testcase classname="org.zencoinj.utils.BtcFormatTest" name="equalityTest[109]" time="0.002"/>
  <testcase classname="org.zencoinj.utils.BtcFormatTest" name="columnAlignmentTest[109]" time="0"/>
  <testcase classname="org.zencoinj.utils.BtcFormatTest" name="factoryTest[109]" time="0.001"/>
  <testcase classname="org.zencoinj.utils.BtcFormatTest" name="parse[109]" time="0"/>
  <testcase classname="org.zencoinj.utils.BtcFormatTest" name="btcRounding[109]" time="0.001"/>
  <testcase classname="org.zencoinj.utils.BtcFormatTest" name="negativeTest[109]" time="0"/>
  <testcase classname="org.zencoinj.utils.BtcFormatTest" name="millicoinScaleTest[109]" time="0"/>
  <testcase classname="org.zencoinj.utils.BtcFormatTest" name="toStringTest[109]" time="0.001"/>
  <testcase classname="org.zencoinj.utils.BtcFormatTest" name="testGrouping[109]" time="0"/>
  <testcase classname="org.zencoinj.utils.BtcFormatTest" name="symbolsCodesTest[109]" time="0.001"/>
  <testcase classname="org.zencoinj.utils.BtcFormatTest" name="defaultLocaleTest[109]" time="0"/>
  <testcase classname="org.zencoinj.utils.BtcFormatTest" name="parsePositionTest[109]" time="0"/>
  <testcase classname="org.zencoinj.utils.BtcFormatTest" name="argumentTypeTest[109]" time="0.001"/>
  <testcase classname="org.zencoinj.utils.BtcFormatTest" name="characterIteratorTest[109]" time="0"/>
  <testcase classname="org.zencoinj.utils.BtcFormatTest" name="repeatingPlaceTest[109]" time="0"/>
  <testcase classname="org.zencoinj.utils.BtcFormatTest" name="currencyCodeTest[109]" time="0.001"/>
  <testcase classname="org.zencoinj.utils.BtcFormatTest" name="patternDecimalPlaces[109]" time="0"/>
  <testcase classname="org.zencoinj.utils.BtcFormatTest" name="factoryArgumentsTest[110]" time="0.001"/>
  <testcase classname="org.zencoinj.utils.BtcFormatTest" name="parseTest[110]" time="0.001"/>
  <testcase classname="org.zencoinj.utils.BtcFormatTest" name="microcoinScaleTest[110]" time="0"/>
  <testcase classname="org.zencoinj.utils.BtcFormatTest" name="parseMetricTest[110]" time="0.001"/>
  <testcase classname="org.zencoinj.utils.BtcFormatTest" name="coinScaleTest[110]" time="0"/>
  <testcase classname="org.zencoinj.utils.BtcFormatTest" name="builderTest[110]" time="0.001"/>
  <testcase classname="org.zencoinj.utils.BtcFormatTest" name="attributeTest[110]" time="0"/>
  <testcase classname="org.zencoinj.utils.BtcFormatTest" name="prefixTest[110]" time="0"/>
  <testcase classname="org.zencoinj.utils.BtcFormatTest" name="suffixTest[110]" time="0"/>
  <testcase classname="org.zencoinj.utils.BtcFormatTest" name="autoDecimalTest[110]" time="0.001"/>
  <testcase classname="org.zencoinj.utils.BtcFormatTest" name="symbolCollisionTest[110]" time="0.001"/>
  <testcase classname="org.zencoinj.utils.BtcFormatTest" name="equalityTest[110]" time="0.003"/>
  <testcase classname="org.zencoinj.utils.BtcFormatTest" name="columnAlignmentTest[110]" time="0"/>
  <testcase classname="org.zencoinj.utils.BtcFormatTest" name="factoryTest[110]" time="0"/>
  <testcase classname="org.zencoinj.utils.BtcFormatTest" name="parse[110]" time="0"/>
  <testcase classname="org.zencoinj.utils.BtcFormatTest" name="btcRounding[110]" time="0.002"/>
  <testcase classname="org.zencoinj.utils.BtcFormatTest" name="negativeTest[110]" time="0"/>
  <testcase classname="org.zencoinj.utils.BtcFormatTest" name="millicoinScaleTest[110]" time="0"/>
  <testcase classname="org.zencoinj.utils.BtcFormatTest" name="toStringTest[110]" time="0.001"/>
  <testcase classname="org.zencoinj.utils.BtcFormatTest" name="testGrouping[110]" time="0"/>
  <testcase classname="org.zencoinj.utils.BtcFormatTest" name="symbolsCodesTest[110]" time="0"/>
  <testcase classname="org.zencoinj.utils.BtcFormatTest" name="defaultLocaleTest[110]" time="0"/>
  <testcase classname="org.zencoinj.utils.BtcFormatTest" name="parsePositionTest[110]" time="0"/>
  <testcase classname="org.zencoinj.utils.BtcFormatTest" name="argumentTypeTest[110]" time="0"/>
  <testcase classname="org.zencoinj.utils.BtcFormatTest" name="characterIteratorTest[110]" time="0"/>
  <testcase classname="org.zencoinj.utils.BtcFormatTest" name="repeatingPlaceTest[110]" time="0.001"/>
  <testcase classname="org.zencoinj.utils.BtcFormatTest" name="currencyCodeTest[110]" time="0"/>
  <testcase classname="org.zencoinj.utils.BtcFormatTest" name="patternDecimalPlaces[110]" time="0"/>
  <testcase classname="org.zencoinj.utils.BtcFormatTest" name="factoryArgumentsTest[111]" time="0.001"/>
  <testcase classname="org.zencoinj.utils.BtcFormatTest" name="parseTest[111]" time="0.002"/>
  <testcase classname="org.zencoinj.utils.BtcFormatTest" name="microcoinScaleTest[111]" time="0"/>
  <testcase classname="org.zencoinj.utils.BtcFormatTest" name="parseMetricTest[111]" time="0.002"/>
  <testcase classname="org.zencoinj.utils.BtcFormatTest" name="coinScaleTest[111]" time="0"/>
  <testcase classname="org.zencoinj.utils.BtcFormatTest" name="builderTest[111]" time="0.001"/>
  <testcase classname="org.zencoinj.utils.BtcFormatTest" name="attributeTest[111]" time="0"/>
  <testcase classname="org.zencoinj.utils.BtcFormatTest" name="prefixTest[111]" time="0"/>
  <testcase classname="org.zencoinj.utils.BtcFormatTest" name="suffixTest[111]" time="0"/>
  <testcase classname="org.zencoinj.utils.BtcFormatTest" name="autoDecimalTest[111]" time="0.001"/>
  <testcase classname="org.zencoinj.utils.BtcFormatTest" name="symbolCollisionTest[111]" time="0"/>
  <testcase classname="org.zencoinj.utils.BtcFormatTest" name="equalityTest[111]" time="0.001"/>
  <testcase classname="org.zencoinj.utils.BtcFormatTest" name="columnAlignmentTest[111]" time="0"/>
  <testcase classname="org.zencoinj.utils.BtcFormatTest" name="factoryTest[111]" time="0"/>
  <testcase classname="org.zencoinj.utils.BtcFormatTest" name="parse[111]" time="0"/>
  <testcase classname="org.zencoinj.utils.BtcFormatTest" name="btcRounding[111]" time="0.001"/>
  <testcase classname="org.zencoinj.utils.BtcFormatTest" name="negativeTest[111]" time="0.001"/>
  <testcase classname="org.zencoinj.utils.BtcFormatTest" name="millicoinScaleTest[111]" time="0"/>
  <testcase classname="org.zencoinj.utils.BtcFormatTest" name="toStringTest[111]" time="0"/>
  <testcase classname="org.zencoinj.utils.BtcFormatTest" name="testGrouping[111]" time="0.001"/>
  <testcase classname="org.zencoinj.utils.BtcFormatTest" name="symbolsCodesTest[111]" time="0"/>
  <testcase classname="org.zencoinj.utils.BtcFormatTest" name="defaultLocaleTest[111]" time="0"/>
  <testcase classname="org.zencoinj.utils.BtcFormatTest" name="parsePositionTest[111]" time="0"/>
  <testcase classname="org.zencoinj.utils.BtcFormatTest" name="argumentTypeTest[111]" time="0"/>
  <testcase classname="org.zencoinj.utils.BtcFormatTest" name="characterIteratorTest[111]" time="0"/>
  <testcase classname="org.zencoinj.utils.BtcFormatTest" name="repeatingPlaceTest[111]" time="0"/>
  <testcase classname="org.zencoinj.utils.BtcFormatTest" name="currencyCodeTest[111]" time="0"/>
  <testcase classname="org.zencoinj.utils.BtcFormatTest" name="patternDecimalPlaces[111]" time="0"/>
  <testcase classname="org.zencoinj.utils.BtcFormatTest" name="factoryArgumentsTest[112]" time="0.001"/>
  <testcase classname="org.zencoinj.utils.BtcFormatTest" name="parseTest[112]" time="0.002"/>
  <testcase classname="org.zencoinj.utils.BtcFormatTest" name="microcoinScaleTest[112]" time="0"/>
  <testcase classname="org.zencoinj.utils.BtcFormatTest" name="parseMetricTest[112]" time="0.001"/>
  <testcase classname="org.zencoinj.utils.BtcFormatTest" name="coinScaleTest[112]" time="0"/>
  <testcase classname="org.zencoinj.utils.BtcFormatTest" name="builderTest[112]" time="0.001"/>
  <testcase classname="org.zencoinj.utils.BtcFormatTest" name="attributeTest[112]" time="0.001"/>
  <testcase classname="org.zencoinj.utils.BtcFormatTest" name="prefixTest[112]" time="0"/>
  <testcase classname="org.zencoinj.utils.BtcFormatTest" name="suffixTest[112]" time="0"/>
  <testcase classname="org.zencoinj.utils.BtcFormatTest" name="autoDecimalTest[112]" time="0.001"/>
  <testcase classname="org.zencoinj.utils.BtcFormatTest" name="symbolCollisionTest[112]" time="0.001"/>
  <testcase classname="org.zencoinj.utils.BtcFormatTest" name="equalityTest[112]" time="0.002"/>
  <testcase classname="org.zencoinj.utils.BtcFormatTest" name="columnAlignmentTest[112]" time="0.001"/>
  <testcase classname="org.zencoinj.utils.BtcFormatTest" name="factoryTest[112]" time="0"/>
  <testcase classname="org.zencoinj.utils.BtcFormatTest" name="parse[112]" time="0"/>
  <testcase classname="org.zencoinj.utils.BtcFormatTest" name="btcRounding[112]" time="0.001"/>
  <testcase classname="org.zencoinj.utils.BtcFormatTest" name="negativeTest[112]" time="0.001"/>
  <testcase classname="org.zencoinj.utils.BtcFormatTest" name="millicoinScaleTest[112]" time="0"/>
  <testcase classname="org.zencoinj.utils.BtcFormatTest" name="toStringTest[112]" time="0"/>
  <testcase classname="org.zencoinj.utils.BtcFormatTest" name="testGrouping[112]" time="0.001"/>
  <testcase classname="org.zencoinj.utils.BtcFormatTest" name="symbolsCodesTest[112]" time="0"/>
  <testcase classname="org.zencoinj.utils.BtcFormatTest" name="defaultLocaleTest[112]" time="0"/>
  <testcase classname="org.zencoinj.utils.BtcFormatTest" name="parsePositionTest[112]" time="0.001"/>
  <testcase classname="org.zencoinj.utils.BtcFormatTest" name="argumentTypeTest[112]" time="0"/>
  <testcase classname="org.zencoinj.utils.BtcFormatTest" name="characterIteratorTest[112]" time="0"/>
  <testcase classname="org.zencoinj.utils.BtcFormatTest" name="repeatingPlaceTest[112]" time="0.001"/>
  <testcase classname="org.zencoinj.utils.BtcFormatTest" name="currencyCodeTest[112]" time="0"/>
  <testcase classname="org.zencoinj.utils.BtcFormatTest" name="patternDecimalPlaces[112]" time="0"/>
  <testcase classname="org.zencoinj.utils.BtcFormatTest" name="factoryArgumentsTest[113]" time="0.001"/>
  <testcase classname="org.zencoinj.utils.BtcFormatTest" name="parseTest[113]" time="0.002"/>
  <testcase classname="org.zencoinj.utils.BtcFormatTest" name="microcoinScaleTest[113]" time="0"/>
  <testcase classname="org.zencoinj.utils.BtcFormatTest" name="parseMetricTest[113]" time="0.001"/>
  <testcase classname="org.zencoinj.utils.BtcFormatTest" name="coinScaleTest[113]" time="0"/>
  <testcase classname="org.zencoinj.utils.BtcFormatTest" name="builderTest[113]" time="0.001"/>
  <testcase classname="org.zencoinj.utils.BtcFormatTest" name="attributeTest[113]" time="0"/>
  <testcase classname="org.zencoinj.utils.BtcFormatTest" name="prefixTest[113]" time="0"/>
  <testcase classname="org.zencoinj.utils.BtcFormatTest" name="suffixTest[113]" time="0"/>
  <testcase classname="org.zencoinj.utils.BtcFormatTest" name="autoDecimalTest[113]" time="0.001"/>
  <testcase classname="org.zencoinj.utils.BtcFormatTest" name="symbolCollisionTest[113]" time="0"/>
  <testcase classname="org.zencoinj.utils.BtcFormatTest" name="equalityTest[113]" time="0.001"/>
  <testcase classname="org.zencoinj.utils.BtcFormatTest" name="columnAlignmentTest[113]" time="0"/>
  <testcase classname="org.zencoinj.utils.BtcFormatTest" name="factoryTest[113]" time="0.001"/>
  <testcase classname="org.zencoinj.utils.BtcFormatTest" name="parse[113]" time="0"/>
  <testcase classname="org.zencoinj.utils.BtcFormatTest" name="btcRounding[113]" time="0.001"/>
  <testcase classname="org.zencoinj.utils.BtcFormatTest" name="negativeTest[113]" time="0.001"/>
  <testcase classname="org.zencoinj.utils.BtcFormatTest" name="millicoinScaleTest[113]" time="0"/>
  <testcase classname="org.zencoinj.utils.BtcFormatTest" name="toStringTest[113]" time="0"/>
  <testcase classname="org.zencoinj.utils.BtcFormatTest" name="testGrouping[113]" time="0.001"/>
  <testcase classname="org.zencoinj.utils.BtcFormatTest" name="symbolsCodesTest[113]" time="0"/>
  <testcase classname="org.zencoinj.utils.BtcFormatTest" name="defaultLocaleTest[113]" time="0"/>
  <testcase classname="org.zencoinj.utils.BtcFormatTest" name="parsePositionTest[113]" time="0"/>
  <testcase classname="org.zencoinj.utils.BtcFormatTest" name="argumentTypeTest[113]" time="0"/>
  <testcase classname="org.zencoinj.utils.BtcFormatTest" name="characterIteratorTest[113]" time="0"/>
  <testcase classname="org.zencoinj.utils.BtcFormatTest" name="repeatingPlaceTest[113]" time="0"/>
  <testcase classname="org.zencoinj.utils.BtcFormatTest" name="currencyCodeTest[113]" time="0.001"/>
  <testcase classname="org.zencoinj.utils.BtcFormatTest" name="patternDecimalPlaces[113]" time="0"/>
  <testcase classname="org.zencoinj.utils.BtcFormatTest" name="factoryArgumentsTest[114]" time="0.001"/>
  <testcase classname="org.zencoinj.utils.BtcFormatTest" name="parseTest[114]" time="0.001"/>
  <testcase classname="org.zencoinj.utils.BtcFormatTest" name="microcoinScaleTest[114]" time="0"/>
  <testcase classname="org.zencoinj.utils.BtcFormatTest" name="parseMetricTest[114]" time="0.001"/>
  <testcase classname="org.zencoinj.utils.BtcFormatTest" name="coinScaleTest[114]" time="0"/>
  <testcase classname="org.zencoinj.utils.BtcFormatTest" name="builderTest[114]" time="0.001"/>
  <testcase classname="org.zencoinj.utils.BtcFormatTest" name="attributeTest[114]" time="0"/>
  <testcase classname="org.zencoinj.utils.BtcFormatTest" name="prefixTest[114]" time="0.001"/>
  <testcase classname="org.zencoinj.utils.BtcFormatTest" name="suffixTest[114]" time="0"/>
  <testcase classname="org.zencoinj.utils.BtcFormatTest" name="autoDecimalTest[114]" time="0.001"/>
  <testcase classname="org.zencoinj.utils.BtcFormatTest" name="symbolCollisionTest[114]" time="0"/>
  <testcase classname="org.zencoinj.utils.BtcFormatTest" name="equalityTest[114]" time="0.002"/>
  <testcase classname="org.zencoinj.utils.BtcFormatTest" name="columnAlignmentTest[114]" time="0"/>
  <testcase classname="org.zencoinj.utils.BtcFormatTest" name="factoryTest[114]" time="0"/>
  <testcase classname="org.zencoinj.utils.BtcFormatTest" name="parse[114]" time="0.001"/>
  <testcase classname="org.zencoinj.utils.BtcFormatTest" name="btcRounding[114]" time="0"/>
  <testcase classname="org.zencoinj.utils.BtcFormatTest" name="negativeTest[114]" time="0.001"/>
  <testcase classname="org.zencoinj.utils.BtcFormatTest" name="millicoinScaleTest[114]" time="0"/>
  <testcase classname="org.zencoinj.utils.BtcFormatTest" name="toStringTest[114]" time="0"/>
  <testcase classname="org.zencoinj.utils.BtcFormatTest" name="testGrouping[114]" time="0"/>
  <testcase classname="org.zencoinj.utils.BtcFormatTest" name="symbolsCodesTest[114]" time="0"/>
  <testcase classname="org.zencoinj.utils.BtcFormatTest" name="defaultLocaleTest[114]" time="0"/>
  <testcase classname="org.zencoinj.utils.BtcFormatTest" name="parsePositionTest[114]" time="0.001"/>
  <testcase classname="org.zencoinj.utils.BtcFormatTest" name="argumentTypeTest[114]" time="0"/>
  <testcase classname="org.zencoinj.utils.BtcFormatTest" name="characterIteratorTest[114]" time="0.001"/>
  <testcase classname="org.zencoinj.utils.BtcFormatTest" name="repeatingPlaceTest[114]" time="0"/>
  <testcase classname="org.zencoinj.utils.BtcFormatTest" name="currencyCodeTest[114]" time="0"/>
  <testcase classname="org.zencoinj.utils.BtcFormatTest" name="patternDecimalPlaces[114]" time="0"/>
  <testcase classname="org.zencoinj.utils.BtcFormatTest" name="factoryArgumentsTest[115]" time="0.001"/>
  <testcase classname="org.zencoinj.utils.BtcFormatTest" name="parseTest[115]" time="0.002"/>
  <testcase classname="org.zencoinj.utils.BtcFormatTest" name="microcoinScaleTest[115]" time="0"/>
  <testcase classname="org.zencoinj.utils.BtcFormatTest" name="parseMetricTest[115]" time="0.001"/>
  <testcase classname="org.zencoinj.utils.BtcFormatTest" name="coinScaleTest[115]" time="0"/>
  <testcase classname="org.zencoinj.utils.BtcFormatTest" name="builderTest[115]" time="0.002"/>
  <testcase classname="org.zencoinj.utils.BtcFormatTest" name="attributeTest[115]" time="0"/>
  <testcase classname="org.zencoinj.utils.BtcFormatTest" name="prefixTest[115]" time="0"/>
  <testcase classname="org.zencoinj.utils.BtcFormatTest" name="suffixTest[115]" time="0.001"/>
  <testcase classname="org.zencoinj.utils.BtcFormatTest" name="autoDecimalTest[115]" time="0.001"/>
  <testcase classname="org.zencoinj.utils.BtcFormatTest" name="symbolCollisionTest[115]" time="0.001"/>
  <testcase classname="org.zencoinj.utils.BtcFormatTest" name="equalityTest[115]" time="0.001"/>
  <testcase classname="org.zencoinj.utils.BtcFormatTest" name="columnAlignmentTest[115]" time="0.001"/>
  <testcase classname="org.zencoinj.utils.BtcFormatTest" name="factoryTest[115]" time="0"/>
  <testcase classname="org.zencoinj.utils.BtcFormatTest" name="parse[115]" time="0"/>
  <testcase classname="org.zencoinj.utils.BtcFormatTest" name="btcRounding[115]" time="0.001"/>
  <testcase classname="org.zencoinj.utils.BtcFormatTest" name="negativeTest[115]" time="0.001"/>
  <testcase classname="org.zencoinj.utils.BtcFormatTest" name="millicoinScaleTest[115]" time="0"/>
  <testcase classname="org.zencoinj.utils.BtcFormatTest" name="toStringTest[115]" time="0.001"/>
  <testcase classname="org.zencoinj.utils.BtcFormatTest" name="testGrouping[115]" time="0"/>
  <testcase classname="org.zencoinj.utils.BtcFormatTest" name="symbolsCodesTest[115]" time="0"/>
  <testcase classname="org.zencoinj.utils.BtcFormatTest" name="defaultLocaleTest[115]" time="0.001"/>
  <testcase classname="org.zencoinj.utils.BtcFormatTest" name="parsePositionTest[115]" time="0"/>
  <testcase classname="org.zencoinj.utils.BtcFormatTest" name="argumentTypeTest[115]" time="0"/>
  <testcase classname="org.zencoinj.utils.BtcFormatTest" name="characterIteratorTest[115]" time="0.001"/>
  <testcase classname="org.zencoinj.utils.BtcFormatTest" name="repeatingPlaceTest[115]" time="0"/>
  <testcase classname="org.zencoinj.utils.BtcFormatTest" name="currencyCodeTest[115]" time="0"/>
  <testcase classname="org.zencoinj.utils.BtcFormatTest" name="patternDecimalPlaces[115]" time="0"/>
  <testcase classname="org.zencoinj.utils.BtcFormatTest" name="factoryArgumentsTest[116]" time="0.001"/>
  <testcase classname="org.zencoinj.utils.BtcFormatTest" name="parseTest[116]" time="0.003"/>
  <testcase classname="org.zencoinj.utils.BtcFormatTest" name="microcoinScaleTest[116]" time="0"/>
  <testcase classname="org.zencoinj.utils.BtcFormatTest" name="parseMetricTest[116]" time="0.001"/>
  <testcase classname="org.zencoinj.utils.BtcFormatTest" name="coinScaleTest[116]" time="0"/>
  <testcase classname="org.zencoinj.utils.BtcFormatTest" name="builderTest[116]" time="0.002"/>
  <testcase classname="org.zencoinj.utils.BtcFormatTest" name="attributeTest[116]" time="0"/>
  <testcase classname="org.zencoinj.utils.BtcFormatTest" name="prefixTest[116]" time="0"/>
  <testcase classname="org.zencoinj.utils.BtcFormatTest" name="suffixTest[116]" time="0.001"/>
  <testcase classname="org.zencoinj.utils.BtcFormatTest" name="autoDecimalTest[116]" time="0.001"/>
  <testcase classname="org.zencoinj.utils.BtcFormatTest" name="symbolCollisionTest[116]" time="0"/>
  <testcase classname="org.zencoinj.utils.BtcFormatTest" name="equalityTest[116]" time="0.001"/>
  <testcase classname="org.zencoinj.utils.BtcFormatTest" name="columnAlignmentTest[116]" time="0.001"/>
  <testcase classname="org.zencoinj.utils.BtcFormatTest" name="factoryTest[116]" time="0"/>
  <testcase classname="org.zencoinj.utils.BtcFormatTest" name="parse[116]" time="0"/>
  <testcase classname="org.zencoinj.utils.BtcFormatTest" name="btcRounding[116]" time="0.001"/>
  <testcase classname="org.zencoinj.utils.BtcFormatTest" name="negativeTest[116]" time="0.001"/>
  <testcase classname="org.zencoinj.utils.BtcFormatTest" name="millicoinScaleTest[116]" time="0"/>
  <testcase classname="org.zencoinj.utils.BtcFormatTest" name="toStringTest[116]" time="0"/>
  <testcase classname="org.zencoinj.utils.BtcFormatTest" name="testGrouping[116]" time="0.001"/>
  <testcase classname="org.zencoinj.utils.BtcFormatTest" name="symbolsCodesTest[116]" time="0"/>
  <testcase classname="org.zencoinj.utils.BtcFormatTest" name="defaultLocaleTest[116]" time="0.001"/>
  <testcase classname="org.zencoinj.utils.BtcFormatTest" name="parsePositionTest[116]" time="0"/>
  <testcase classname="org.zencoinj.utils.BtcFormatTest" name="argumentTypeTest[116]" time="0.001"/>
  <testcase classname="org.zencoinj.utils.BtcFormatTest" name="characterIteratorTest[116]" time="0"/>
  <testcase classname="org.zencoinj.utils.BtcFormatTest" name="repeatingPlaceTest[116]" time="0"/>
  <testcase classname="org.zencoinj.utils.BtcFormatTest" name="currencyCodeTest[116]" time="0"/>
  <testcase classname="org.zencoinj.utils.BtcFormatTest" name="patternDecimalPlaces[116]" time="0.001"/>
  <testcase classname="org.zencoinj.utils.BtcFormatTest" name="factoryArgumentsTest[117]" time="0"/>
  <testcase classname="org.zencoinj.utils.BtcFormatTest" name="parseTest[117]" time="0.002"/>
  <testcase classname="org.zencoinj.utils.BtcFormatTest" name="microcoinScaleTest[117]" time="0.001"/>
  <testcase classname="org.zencoinj.utils.BtcFormatTest" name="parseMetricTest[117]" time="0"/>
  <testcase classname="org.zencoinj.utils.BtcFormatTest" name="coinScaleTest[117]" time="0"/>
  <testcase classname="org.zencoinj.utils.BtcFormatTest" name="builderTest[117]" time="0.002"/>
  <testcase classname="org.zencoinj.utils.BtcFormatTest" name="attributeTest[117]" time="0"/>
  <testcase classname="org.zencoinj.utils.BtcFormatTest" name="prefixTest[117]" time="0.001"/>
  <testcase classname="org.zencoinj.utils.BtcFormatTest" name="suffixTest[117]" time="0"/>
  <testcase classname="org.zencoinj.utils.BtcFormatTest" name="autoDecimalTest[117]" time="0.001"/>
  <testcase classname="org.zencoinj.utils.BtcFormatTest" name="symbolCollisionTest[117]" time="0.001"/>
  <testcase classname="org.zencoinj.utils.BtcFormatTest" name="equalityTest[117]" time="0.001"/>
  <testcase classname="org.zencoinj.utils.BtcFormatTest" name="columnAlignmentTest[117]" time="0"/>
  <testcase classname="org.zencoinj.utils.BtcFormatTest" name="factoryTest[117]" time="0"/>
  <testcase classname="org.zencoinj.utils.BtcFormatTest" name="parse[117]" time="0"/>
  <testcase classname="org.zencoinj.utils.BtcFormatTest" name="btcRounding[117]" time="0.001"/>
  <testcase classname="org.zencoinj.utils.BtcFormatTest" name="negativeTest[117]" time="0.001"/>
  <testcase classname="org.zencoinj.utils.BtcFormatTest" name="millicoinScaleTest[117]" time="0"/>
  <testcase classname="org.zencoinj.utils.BtcFormatTest" name="toStringTest[117]" time="0"/>
  <testcase classname="org.zencoinj.utils.BtcFormatTest" name="testGrouping[117]" time="0.001"/>
  <testcase classname="org.zencoinj.utils.BtcFormatTest" name="symbolsCodesTest[117]" time="0"/>
  <testcase classname="org.zencoinj.utils.BtcFormatTest" name="defaultLocaleTest[117]" time="0"/>
  <testcase classname="org.zencoinj.utils.BtcFormatTest" name="parsePositionTest[117]" time="0"/>
  <testcase classname="org.zencoinj.utils.BtcFormatTest" name="argumentTypeTest[117]" time="0.001"/>
  <testcase classname="org.zencoinj.utils.BtcFormatTest" name="characterIteratorTest[117]" time="0"/>
  <testcase classname="org.zencoinj.utils.BtcFormatTest" name="repeatingPlaceTest[117]" time="0"/>
  <testcase classname="org.zencoinj.utils.BtcFormatTest" name="currencyCodeTest[117]" time="0"/>
  <testcase classname="org.zencoinj.utils.BtcFormatTest" name="patternDecimalPlaces[117]" time="0"/>
  <testcase classname="org.zencoinj.utils.BtcFormatTest" name="factoryArgumentsTest[118]" time="0.002"/>
  <testcase classname="org.zencoinj.utils.BtcFormatTest" name="parseTest[118]" time="0.002"/>
  <testcase classname="org.zencoinj.utils.BtcFormatTest" name="microcoinScaleTest[118]" time="0"/>
  <testcase classname="org.zencoinj.utils.BtcFormatTest" name="parseMetricTest[118]" time="0.001"/>
  <testcase classname="org.zencoinj.utils.BtcFormatTest" name="coinScaleTest[118]" time="0"/>
  <testcase classname="org.zencoinj.utils.BtcFormatTest" name="builderTest[118]" time="0.001"/>
  <testcase classname="org.zencoinj.utils.BtcFormatTest" name="attributeTest[118]" time="0"/>
  <testcase classname="org.zencoinj.utils.BtcFormatTest" name="prefixTest[118]" time="0.001"/>
  <testcase classname="org.zencoinj.utils.BtcFormatTest" name="suffixTest[118]" time="0"/>
  <testcase classname="org.zencoinj.utils.BtcFormatTest" name="autoDecimalTest[118]" time="0.001"/>
  <testcase classname="org.zencoinj.utils.BtcFormatTest" name="symbolCollisionTest[118]" time="0"/>
  <testcase classname="org.zencoinj.utils.BtcFormatTest" name="equalityTest[118]" time="0.002"/>
  <testcase classname="org.zencoinj.utils.BtcFormatTest" name="columnAlignmentTest[118]" time="0"/>
  <testcase classname="org.zencoinj.utils.BtcFormatTest" name="factoryTest[118]" time="0"/>
  <testcase classname="org.zencoinj.utils.BtcFormatTest" name="parse[118]" time="0"/>
  <testcase classname="org.zencoinj.utils.BtcFormatTest" name="btcRounding[118]" time="0.001"/>
  <testcase classname="org.zencoinj.utils.BtcFormatTest" name="negativeTest[118]" time="0"/>
  <testcase classname="org.zencoinj.utils.BtcFormatTest" name="millicoinScaleTest[118]" time="0"/>
  <testcase classname="org.zencoinj.utils.BtcFormatTest" name="toStringTest[118]" time="0.001"/>
  <testcase classname="org.zencoinj.utils.BtcFormatTest" name="testGrouping[118]" time="0"/>
  <testcase classname="org.zencoinj.utils.BtcFormatTest" name="symbolsCodesTest[118]" time="0.001"/>
  <testcase classname="org.zencoinj.utils.BtcFormatTest" name="defaultLocaleTest[118]" time="0"/>
  <testcase classname="org.zencoinj.utils.BtcFormatTest" name="parsePositionTest[118]" time="0"/>
  <testcase classname="org.zencoinj.utils.BtcFormatTest" name="argumentTypeTest[118]" time="0.001"/>
  <testcase classname="org.zencoinj.utils.BtcFormatTest" name="characterIteratorTest[118]" time="0"/>
  <testcase classname="org.zencoinj.utils.BtcFormatTest" name="repeatingPlaceTest[118]" time="0.001"/>
  <testcase classname="org.zencoinj.utils.BtcFormatTest" name="currencyCodeTest[118]" time="0"/>
  <testcase classname="org.zencoinj.utils.BtcFormatTest" name="patternDecimalPlaces[118]" time="0"/>
  <testcase classname="org.zencoinj.utils.BtcFormatTest" name="factoryArgumentsTest[119]" time="0.001"/>
  <testcase classname="org.zencoinj.utils.BtcFormatTest" name="parseTest[119]" time="0.002"/>
  <testcase classname="org.zencoinj.utils.BtcFormatTest" name="microcoinScaleTest[119]" time="0.001"/>
  <testcase classname="org.zencoinj.utils.BtcFormatTest" name="parseMetricTest[119]" time="0.001"/>
  <testcase classname="org.zencoinj.utils.BtcFormatTest" name="coinScaleTest[119]" time="0"/>
  <testcase classname="org.zencoinj.utils.BtcFormatTest" name="builderTest[119]" time="0.002"/>
  <testcase classname="org.zencoinj.utils.BtcFormatTest" name="attributeTest[119]" time="0"/>
  <testcase classname="org.zencoinj.utils.BtcFormatTest" name="prefixTest[119]" time="0"/>
  <testcase classname="org.zencoinj.utils.BtcFormatTest" name="suffixTest[119]" time="0"/>
  <testcase classname="org.zencoinj.utils.BtcFormatTest" name="autoDecimalTest[119]" time="0.001"/>
  <testcase classname="org.zencoinj.utils.BtcFormatTest" name="symbolCollisionTest[119]" time="0.001"/>
  <testcase classname="org.zencoinj.utils.BtcFormatTest" name="equalityTest[119]" time="0.001"/>
  <testcase classname="org.zencoinj.utils.BtcFormatTest" name="columnAlignmentTest[119]" time="0"/>
  <testcase classname="org.zencoinj.utils.BtcFormatTest" name="factoryTest[119]" time="0"/>
  <testcase classname="org.zencoinj.utils.BtcFormatTest" name="parse[119]" time="0"/>
  <testcase classname="org.zencoinj.utils.BtcFormatTest" name="btcRounding[119]" time="0.001"/>
  <testcase classname="org.zencoinj.utils.BtcFormatTest" name="negativeTest[119]" time="0"/>
  <testcase classname="org.zencoinj.utils.BtcFormatTest" name="millicoinScaleTest[119]" time="0"/>
  <testcase classname="org.zencoinj.utils.BtcFormatTest" name="toStringTest[119]" time="0.001"/>
  <testcase classname="org.zencoinj.utils.BtcFormatTest" name="testGrouping[119]" time="0"/>
  <testcase classname="org.zencoinj.utils.BtcFormatTest" name="symbolsCodesTest[119]" time="0"/>
  <testcase classname="org.zencoinj.utils.BtcFormatTest" name="defaultLocaleTest[119]" time="0"/>
  <testcase classname="org.zencoinj.utils.BtcFormatTest" name="parsePositionTest[119]" time="0"/>
  <testcase classname="org.zencoinj.utils.BtcFormatTest" name="argumentTypeTest[119]" time="0"/>
  <testcase classname="org.zencoinj.utils.BtcFormatTest" name="characterIteratorTest[119]" time="0.001"/>
  <testcase classname="org.zencoinj.utils.BtcFormatTest" name="repeatingPlaceTest[119]" time="0"/>
  <testcase classname="org.zencoinj.utils.BtcFormatTest" name="currencyCodeTest[119]" time="0"/>
  <testcase classname="org.zencoinj.utils.BtcFormatTest" name="patternDecimalPlaces[119]" time="0"/>
  <testcase classname="org.zencoinj.utils.BtcFormatTest" name="factoryArgumentsTest[120]" time="0.001"/>
  <testcase classname="org.zencoinj.utils.BtcFormatTest" name="parseTest[120]" time="0.003"/>
  <testcase classname="org.zencoinj.utils.BtcFormatTest" name="microcoinScaleTest[120]" time="0"/>
  <testcase classname="org.zencoinj.utils.BtcFormatTest" name="parseMetricTest[120]" time="0.001"/>
  <testcase classname="org.zencoinj.utils.BtcFormatTest" name="coinScaleTest[120]" time="0"/>
  <testcase classname="org.zencoinj.utils.BtcFormatTest" name="builderTest[120]" time="0.001"/>
  <testcase classname="org.zencoinj.utils.BtcFormatTest" name="attributeTest[120]" time="0"/>
  <testcase classname="org.zencoinj.utils.BtcFormatTest" name="prefixTest[120]" time="0"/>
  <testcase classname="org.zencoinj.utils.BtcFormatTest" name="suffixTest[120]" time="0"/>
  <testcase classname="org.zencoinj.utils.BtcFormatTest" name="autoDecimalTest[120]" time="0.001"/>
  <testcase classname="org.zencoinj.utils.BtcFormatTest" name="symbolCollisionTest[120]" time="0.001"/>
  <testcase classname="org.zencoinj.utils.BtcFormatTest" name="equalityTest[120]" time="0.001"/>
  <testcase classname="org.zencoinj.utils.BtcFormatTest" name="columnAlignmentTest[120]" time="0"/>
  <testcase classname="org.zencoinj.utils.BtcFormatTest" name="factoryTest[120]" time="0.001"/>
  <testcase classname="org.zencoinj.utils.BtcFormatTest" name="parse[120]" time="0"/>
  <testcase classname="org.zencoinj.utils.BtcFormatTest" name="btcRounding[120]" time="0.001"/>
  <testcase classname="org.zencoinj.utils.BtcFormatTest" name="negativeTest[120]" time="0.001"/>
  <testcase classname="org.zencoinj.utils.BtcFormatTest" name="millicoinScaleTest[120]" time="0"/>
  <testcase classname="org.zencoinj.utils.BtcFormatTest" name="toStringTest[120]" time="0"/>
  <testcase classname="org.zencoinj.utils.BtcFormatTest" name="testGrouping[120]" time="0"/>
  <testcase classname="org.zencoinj.utils.BtcFormatTest" name="symbolsCodesTest[120]" time="0.001"/>
  <testcase classname="org.zencoinj.utils.BtcFormatTest" name="defaultLocaleTest[120]" time="0"/>
  <testcase classname="org.zencoinj.utils.BtcFormatTest" name="parsePositionTest[120]" time="0"/>
  <testcase classname="org.zencoinj.utils.BtcFormatTest" name="argumentTypeTest[120]" time="0"/>
  <testcase classname="org.zencoinj.utils.BtcFormatTest" name="characterIteratorTest[120]" time="0.001"/>
  <testcase classname="org.zencoinj.utils.BtcFormatTest" name="repeatingPlaceTest[120]" time="0"/>
  <testcase classname="org.zencoinj.utils.BtcFormatTest" name="currencyCodeTest[120]" time="0"/>
  <testcase classname="org.zencoinj.utils.BtcFormatTest" name="patternDecimalPlaces[120]" time="0"/>
  <testcase classname="org.zencoinj.utils.BtcFormatTest" name="factoryArgumentsTest[121]" time="0.002"/>
  <testcase classname="org.zencoinj.utils.BtcFormatTest" name="parseTest[121]" time="0.003"/>
  <testcase classname="org.zencoinj.utils.BtcFormatTest" name="microcoinScaleTest[121]" time="0"/>
  <testcase classname="org.zencoinj.utils.BtcFormatTest" name="parseMetricTest[121]" time="0.001"/>
  <testcase classname="org.zencoinj.utils.BtcFormatTest" name="coinScaleTest[121]" time="0"/>
  <testcase classname="org.zencoinj.utils.BtcFormatTest" name="builderTest[121]" time="0.002"/>
  <testcase classname="org.zencoinj.utils.BtcFormatTest" name="attributeTest[121]" time="0"/>
  <testcase classname="org.zencoinj.utils.BtcFormatTest" name="prefixTest[121]" time="0"/>
  <testcase classname="org.zencoinj.utils.BtcFormatTest" name="suffixTest[121]" time="0"/>
  <testcase classname="org.zencoinj.utils.BtcFormatTest" name="autoDecimalTest[121]" time="0.001"/>
  <testcase classname="org.zencoinj.utils.BtcFormatTest" name="symbolCollisionTest[121]" time="0"/>
  <testcase classname="org.zencoinj.utils.BtcFormatTest" name="equalityTest[121]" time="0.001"/>
  <testcase classname="org.zencoinj.utils.BtcFormatTest" name="columnAlignmentTest[121]" time="0.001"/>
  <testcase classname="org.zencoinj.utils.BtcFormatTest" name="factoryTest[121]" time="0"/>
  <testcase classname="org.zencoinj.utils.BtcFormatTest" name="parse[121]" time="0"/>
  <testcase classname="org.zencoinj.utils.BtcFormatTest" name="btcRounding[121]" time="0.002"/>
  <testcase classname="org.zencoinj.utils.BtcFormatTest" name="negativeTest[121]" time="0.001"/>
  <testcase classname="org.zencoinj.utils.BtcFormatTest" name="millicoinScaleTest[121]" time="0"/>
  <testcase classname="org.zencoinj.utils.BtcFormatTest" name="toStringTest[121]" time="0.001"/>
  <testcase classname="org.zencoinj.utils.BtcFormatTest" name="testGrouping[121]" time="0.001"/>
  <testcase classname="org.zencoinj.utils.BtcFormatTest" name="symbolsCodesTest[121]" time="0"/>
  <testcase classname="org.zencoinj.utils.BtcFormatTest" name="defaultLocaleTest[121]" time="0"/>
  <testcase classname="org.zencoinj.utils.BtcFormatTest" name="parsePositionTest[121]" time="0.001"/>
  <testcase classname="org.zencoinj.utils.BtcFormatTest" name="argumentTypeTest[121]" time="0"/>
  <testcase classname="org.zencoinj.utils.BtcFormatTest" name="characterIteratorTest[121]" time="0"/>
  <testcase classname="org.zencoinj.utils.BtcFormatTest" name="repeatingPlaceTest[121]" time="0.001"/>
  <testcase classname="org.zencoinj.utils.BtcFormatTest" name="currencyCodeTest[121]" time="0"/>
  <testcase classname="org.zencoinj.utils.BtcFormatTest" name="patternDecimalPlaces[121]" time="0"/>
  <testcase classname="org.zencoinj.utils.BtcFormatTest" name="factoryArgumentsTest[122]" time="0.001"/>
  <testcase classname="org.zencoinj.utils.BtcFormatTest" name="parseTest[122]" time="0.002"/>
  <testcase classname="org.zencoinj.utils.BtcFormatTest" name="microcoinScaleTest[122]" time="0.001"/>
  <testcase classname="org.zencoinj.utils.BtcFormatTest" name="parseMetricTest[122]" time="0.001"/>
  <testcase classname="org.zencoinj.utils.BtcFormatTest" name="coinScaleTest[122]" time="0"/>
  <testcase classname="org.zencoinj.utils.BtcFormatTest" name="builderTest[122]" time="0.001"/>
  <testcase classname="org.zencoinj.utils.BtcFormatTest" name="attributeTest[122]" time="0.001"/>
  <testcase classname="org.zencoinj.utils.BtcFormatTest" name="prefixTest[122]" time="0"/>
  <testcase classname="org.zencoinj.utils.BtcFormatTest" name="suffixTest[122]" time="0"/>
  <testcase classname="org.zencoinj.utils.BtcFormatTest" name="autoDecimalTest[122]" time="0.001"/>
  <testcase classname="org.zencoinj.utils.BtcFormatTest" name="symbolCollisionTest[122]" time="0.001"/>
  <testcase classname="org.zencoinj.utils.BtcFormatTest" name="equalityTest[122]" time="0.002"/>
  <testcase classname="org.zencoinj.utils.BtcFormatTest" name="columnAlignmentTest[122]" time="0"/>
  <testcase classname="org.zencoinj.utils.BtcFormatTest" name="factoryTest[122]" time="0"/>
  <testcase classname="org.zencoinj.utils.BtcFormatTest" name="parse[122]" time="0.001"/>
  <testcase classname="org.zencoinj.utils.BtcFormatTest" name="btcRounding[122]" time="0.001"/>
  <testcase classname="org.zencoinj.utils.BtcFormatTest" name="negativeTest[122]" time="0"/>
  <testcase classname="org.zencoinj.utils.BtcFormatTest" name="millicoinScaleTest[122]" time="0"/>
  <testcase classname="org.zencoinj.utils.BtcFormatTest" name="toStringTest[122]" time="0.001"/>
  <testcase classname="org.zencoinj.utils.BtcFormatTest" name="testGrouping[122]" time="0"/>
  <testcase classname="org.zencoinj.utils.BtcFormatTest" name="symbolsCodesTest[122]" time="0.001"/>
  <testcase classname="org.zencoinj.utils.BtcFormatTest" name="defaultLocaleTest[122]" time="0"/>
  <testcase classname="org.zencoinj.utils.BtcFormatTest" name="parsePositionTest[122]" time="0"/>
  <testcase classname="org.zencoinj.utils.BtcFormatTest" name="argumentTypeTest[122]" time="0"/>
  <testcase classname="org.zencoinj.utils.BtcFormatTest" name="characterIteratorTest[122]" time="0.001"/>
  <testcase classname="org.zencoinj.utils.BtcFormatTest" name="repeatingPlaceTest[122]" time="0"/>
  <testcase classname="org.zencoinj.utils.BtcFormatTest" name="currencyCodeTest[122]" time="0"/>
  <testcase classname="org.zencoinj.utils.BtcFormatTest" name="patternDecimalPlaces[122]" time="0"/>
  <testcase classname="org.zencoinj.utils.BtcFormatTest" name="factoryArgumentsTest[123]" time="0.001"/>
  <testcase classname="org.zencoinj.utils.BtcFormatTest" name="parseTest[123]" time="0.002"/>
  <testcase classname="org.zencoinj.utils.BtcFormatTest" name="microcoinScaleTest[123]" time="0"/>
  <testcase classname="org.zencoinj.utils.BtcFormatTest" name="parseMetricTest[123]" time="0.001"/>
  <testcase classname="org.zencoinj.utils.BtcFormatTest" name="coinScaleTest[123]" time="0.001"/>
  <testcase classname="org.zencoinj.utils.BtcFormatTest" name="builderTest[123]" time="0.001"/>
  <testcase classname="org.zencoinj.utils.BtcFormatTest" name="attributeTest[123]" time="0"/>
  <testcase classname="org.zencoinj.utils.BtcFormatTest" name="prefixTest[123]" time="0"/>
  <testcase classname="org.zencoinj.utils.BtcFormatTest" name="suffixTest[123]" time="0"/>
  <testcase classname="org.zencoinj.utils.BtcFormatTest" name="autoDecimalTest[123]" time="0.001"/>
  <testcase classname="org.zencoinj.utils.BtcFormatTest" name="symbolCollisionTest[123]" time="0"/>
  <testcase classname="org.zencoinj.utils.BtcFormatTest" name="equalityTest[123]" time="0.002"/>
  <testcase classname="org.zencoinj.utils.BtcFormatTest" name="columnAlignmentTest[123]" time="0"/>
  <testcase classname="org.zencoinj.utils.BtcFormatTest" name="factoryTest[123]" time="0.001"/>
  <testcase classname="org.zencoinj.utils.BtcFormatTest" name="parse[123]" time="0"/>
  <testcase classname="org.zencoinj.utils.BtcFormatTest" name="btcRounding[123]" time="0.001"/>
  <testcase classname="org.zencoinj.utils.BtcFormatTest" name="negativeTest[123]" time="0"/>
  <testcase classname="org.zencoinj.utils.BtcFormatTest" name="millicoinScaleTest[123]" time="0"/>
  <testcase classname="org.zencoinj.utils.BtcFormatTest" name="toStringTest[123]" time="0.001"/>
  <testcase classname="org.zencoinj.utils.BtcFormatTest" name="testGrouping[123]" time="0"/>
  <testcase classname="org.zencoinj.utils.BtcFormatTest" name="symbolsCodesTest[123]" time="0.001"/>
  <testcase classname="org.zencoinj.utils.BtcFormatTest" name="defaultLocaleTest[123]" time="0"/>
  <testcase classname="org.zencoinj.utils.BtcFormatTest" name="parsePositionTest[123]" time="0"/>
  <testcase classname="org.zencoinj.utils.BtcFormatTest" name="argumentTypeTest[123]" time="0"/>
  <testcase classname="org.zencoinj.utils.BtcFormatTest" name="characterIteratorTest[123]" time="0"/>
  <testcase classname="org.zencoinj.utils.BtcFormatTest" name="repeatingPlaceTest[123]" time="0"/>
  <testcase classname="org.zencoinj.utils.BtcFormatTest" name="currencyCodeTest[123]" time="0"/>
  <testcase classname="org.zencoinj.utils.BtcFormatTest" name="patternDecimalPlaces[123]" time="0"/>
  <testcase classname="org.zencoinj.utils.BtcFormatTest" name="factoryArgumentsTest[124]" time="0.001"/>
  <testcase classname="org.zencoinj.utils.BtcFormatTest" name="parseTest[124]" time="0.001"/>
  <testcase classname="org.zencoinj.utils.BtcFormatTest" name="microcoinScaleTest[124]" time="0"/>
  <testcase classname="org.zencoinj.utils.BtcFormatTest" name="parseMetricTest[124]" time="0.002"/>
  <testcase classname="org.zencoinj.utils.BtcFormatTest" name="coinScaleTest[124]" time="0"/>
  <testcase classname="org.zencoinj.utils.BtcFormatTest" name="builderTest[124]" time="0.001"/>
  <testcase classname="org.zencoinj.utils.BtcFormatTest" name="attributeTest[124]" time="0"/>
  <testcase classname="org.zencoinj.utils.BtcFormatTest" name="prefixTest[124]" time="0"/>
  <testcase classname="org.zencoinj.utils.BtcFormatTest" name="suffixTest[124]" time="0"/>
  <testcase classname="org.zencoinj.utils.BtcFormatTest" name="autoDecimalTest[124]" time="0.001"/>
  <testcase classname="org.zencoinj.utils.BtcFormatTest" name="symbolCollisionTest[124]" time="0.001"/>
  <testcase classname="org.zencoinj.utils.BtcFormatTest" name="equalityTest[124]" time="0.001"/>
  <testcase classname="org.zencoinj.utils.BtcFormatTest" name="columnAlignmentTest[124]" time="0.001"/>
  <testcase classname="org.zencoinj.utils.BtcFormatTest" name="factoryTest[124]" time="0"/>
  <testcase classname="org.zencoinj.utils.BtcFormatTest" name="parse[124]" time="0"/>
  <testcase classname="org.zencoinj.utils.BtcFormatTest" name="btcRounding[124]" time="0.001"/>
  <testcase classname="org.zencoinj.utils.BtcFormatTest" name="negativeTest[124]" time="0.001"/>
  <testcase classname="org.zencoinj.utils.BtcFormatTest" name="millicoinScaleTest[124]" time="0"/>
  <testcase classname="org.zencoinj.utils.BtcFormatTest" name="toStringTest[124]" time="0.001"/>
  <testcase classname="org.zencoinj.utils.BtcFormatTest" name="testGrouping[124]" time="0"/>
  <testcase classname="org.zencoinj.utils.BtcFormatTest" name="symbolsCodesTest[124]" time="0"/>
  <testcase classname="org.zencoinj.utils.BtcFormatTest" name="defaultLocaleTest[124]" time="0.001"/>
  <testcase classname="org.zencoinj.utils.BtcFormatTest" name="parsePositionTest[124]" time="0"/>
  <testcase classname="org.zencoinj.utils.BtcFormatTest" name="argumentTypeTest[124]" time="0"/>
  <testcase classname="org.zencoinj.utils.BtcFormatTest" name="characterIteratorTest[124]" time="0.001"/>
  <testcase classname="org.zencoinj.utils.BtcFormatTest" name="repeatingPlaceTest[124]" time="0"/>
  <testcase classname="org.zencoinj.utils.BtcFormatTest" name="currencyCodeTest[124]" time="0"/>
  <testcase classname="org.zencoinj.utils.BtcFormatTest" name="patternDecimalPlaces[124]" time="0"/>
  <testcase classname="org.zencoinj.utils.BtcFormatTest" name="factoryArgumentsTest[125]" time="0.001"/>
  <testcase classname="org.zencoinj.utils.BtcFormatTest" name="parseTest[125]" time="0.002"/>
  <testcase classname="org.zencoinj.utils.BtcFormatTest" name="microcoinScaleTest[125]" time="0"/>
  <testcase classname="org.zencoinj.utils.BtcFormatTest" name="parseMetricTest[125]" time="0.001"/>
  <testcase classname="org.zencoinj.utils.BtcFormatTest" name="coinScaleTest[125]" time="0"/>
  <testcase classname="org.zencoinj.utils.BtcFormatTest" name="builderTest[125]" time="0.002"/>
  <testcase classname="org.zencoinj.utils.BtcFormatTest" name="attributeTest[125]" time="0.001"/>
  <testcase classname="org.zencoinj.utils.BtcFormatTest" name="prefixTest[125]" time="0"/>
  <testcase classname="org.zencoinj.utils.BtcFormatTest" name="suffixTest[125]" time="0"/>
  <testcase classname="org.zencoinj.utils.BtcFormatTest" name="autoDecimalTest[125]" time="0.001"/>
  <testcase classname="org.zencoinj.utils.BtcFormatTest" name="symbolCollisionTest[125]" time="0.001"/>
  <testcase classname="org.zencoinj.utils.BtcFormatTest" name="equalityTest[125]" time="0.002"/>
  <testcase classname="org.zencoinj.utils.BtcFormatTest" name="columnAlignmentTest[125]" time="0"/>
  <testcase classname="org.zencoinj.utils.BtcFormatTest" name="factoryTest[125]" time="0"/>
  <testcase classname="org.zencoinj.utils.BtcFormatTest" name="parse[125]" time="0"/>
  <testcase classname="org.zencoinj.utils.BtcFormatTest" name="btcRounding[125]" time="0.002"/>
  <testcase classname="org.zencoinj.utils.BtcFormatTest" name="negativeTest[125]" time="0"/>
  <testcase classname="org.zencoinj.utils.BtcFormatTest" name="millicoinScaleTest[125]" time="0"/>
  <testcase classname="org.zencoinj.utils.BtcFormatTest" name="toStringTest[125]" time="0.001"/>
  <testcase classname="org.zencoinj.utils.BtcFormatTest" name="testGrouping[125]" time="0"/>
  <testcase classname="org.zencoinj.utils.BtcFormatTest" name="symbolsCodesTest[125]" time="0.001"/>
  <testcase classname="org.zencoinj.utils.BtcFormatTest" name="defaultLocaleTest[125]" time="0"/>
  <testcase classname="org.zencoinj.utils.BtcFormatTest" name="parsePositionTest[125]" time="0"/>
  <testcase classname="org.zencoinj.utils.BtcFormatTest" name="argumentTypeTest[125]" time="0.001"/>
  <testcase classname="org.zencoinj.utils.BtcFormatTest" name="characterIteratorTest[125]" time="0"/>
  <testcase classname="org.zencoinj.utils.BtcFormatTest" name="repeatingPlaceTest[125]" time="0"/>
  <testcase classname="org.zencoinj.utils.BtcFormatTest" name="currencyCodeTest[125]" time="0.001"/>
  <testcase classname="org.zencoinj.utils.BtcFormatTest" name="patternDecimalPlaces[125]" time="0"/>
  <testcase classname="org.zencoinj.utils.BtcFormatTest" name="factoryArgumentsTest[126]" time="0.001"/>
  <testcase classname="org.zencoinj.utils.BtcFormatTest" name="parseTest[126]" time="0.002"/>
  <testcase classname="org.zencoinj.utils.BtcFormatTest" name="microcoinScaleTest[126]" time="0"/>
  <testcase classname="org.zencoinj.utils.BtcFormatTest" name="parseMetricTest[126]" time="0.001"/>
  <testcase classname="org.zencoinj.utils.BtcFormatTest" name="coinScaleTest[126]" time="0"/>
  <testcase classname="org.zencoinj.utils.BtcFormatTest" name="builderTest[126]" time="0.001"/>
  <testcase classname="org.zencoinj.utils.BtcFormatTest" name="attributeTest[126]" time="0"/>
  <testcase classname="org.zencoinj.utils.BtcFormatTest" name="prefixTest[126]" time="0.001"/>
  <testcase classname="org.zencoinj.utils.BtcFormatTest" name="suffixTest[126]" time="0"/>
  <testcase classname="org.zencoinj.utils.BtcFormatTest" name="autoDecimalTest[126]" time="0.001"/>
  <testcase classname="org.zencoinj.utils.BtcFormatTest" name="symbolCollisionTest[126]" time="0"/>
  <testcase classname="org.zencoinj.utils.BtcFormatTest" name="equalityTest[126]" time="0.002"/>
  <testcase classname="org.zencoinj.utils.BtcFormatTest" name="columnAlignmentTest[126]" time="0"/>
  <testcase classname="org.zencoinj.utils.BtcFormatTest" name="factoryTest[126]" time="0"/>
  <testcase classname="org.zencoinj.utils.BtcFormatTest" name="parse[126]" time="0"/>
  <testcase classname="org.zencoinj.utils.BtcFormatTest" name="btcRounding[126]" time="0.001"/>
  <testcase classname="org.zencoinj.utils.BtcFormatTest" name="negativeTest[126]" time="0.001"/>
  <testcase classname="org.zencoinj.utils.BtcFormatTest" name="millicoinScaleTest[126]" time="0"/>
  <testcase classname="org.zencoinj.utils.BtcFormatTest" name="toStringTest[126]" time="0.001"/>
  <testcase classname="org.zencoinj.utils.BtcFormatTest" name="testGrouping[126]" time="0"/>
  <testcase classname="org.zencoinj.utils.BtcFormatTest" name="symbolsCodesTest[126]" time="0"/>
  <testcase classname="org.zencoinj.utils.BtcFormatTest" name="defaultLocaleTest[126]" time="0.001"/>
  <testcase classname="org.zencoinj.utils.BtcFormatTest" name="parsePositionTest[126]" time="0.004"/>
  <testcase classname="org.zencoinj.utils.BtcFormatTest" name="argumentTypeTest[126]" time="0.001"/>
  <testcase classname="org.zencoinj.utils.BtcFormatTest" name="characterIteratorTest[126]" time="0"/>
  <testcase classname="org.zencoinj.utils.BtcFormatTest" name="repeatingPlaceTest[126]" time="0"/>
  <testcase classname="org.zencoinj.utils.BtcFormatTest" name="currencyCodeTest[126]" time="0.001"/>
  <testcase classname="org.zencoinj.utils.BtcFormatTest" name="patternDecimalPlaces[126]" time="0"/>
  <testcase classname="org.zencoinj.utils.BtcFormatTest" name="factoryArgumentsTest[127]" time="0"/>
  <testcase classname="org.zencoinj.utils.BtcFormatTest" name="parseTest[127]" time="0.002"/>
  <testcase classname="org.zencoinj.utils.BtcFormatTest" name="microcoinScaleTest[127]" time="0"/>
  <testcase classname="org.zencoinj.utils.BtcFormatTest" name="parseMetricTest[127]" time="0.001"/>
  <testcase classname="org.zencoinj.utils.BtcFormatTest" name="coinScaleTest[127]" time="0"/>
  <testcase classname="org.zencoinj.utils.BtcFormatTest" name="builderTest[127]" time="0.003"/>
  <testcase classname="org.zencoinj.utils.BtcFormatTest" name="attributeTest[127]" time="0"/>
  <testcase classname="org.zencoinj.utils.BtcFormatTest" name="prefixTest[127]" time="0"/>
  <testcase classname="org.zencoinj.utils.BtcFormatTest" name="suffixTest[127]" time="0"/>
  <testcase classname="org.zencoinj.utils.BtcFormatTest" name="autoDecimalTest[127]" time="0.001"/>
  <testcase classname="org.zencoinj.utils.BtcFormatTest" name="symbolCollisionTest[127]" time="0.001"/>
  <testcase classname="org.zencoinj.utils.BtcFormatTest" name="equalityTest[127]" time="0.001"/>
  <testcase classname="org.zencoinj.utils.BtcFormatTest" name="columnAlignmentTest[127]" time="0"/>
  <testcase classname="org.zencoinj.utils.BtcFormatTest" name="factoryTest[127]" time="0"/>
  <testcase classname="org.zencoinj.utils.BtcFormatTest" name="parse[127]" time="0.001"/>
  <testcase classname="org.zencoinj.utils.BtcFormatTest" name="btcRounding[127]" time="0.001"/>
  <testcase classname="org.zencoinj.utils.BtcFormatTest" name="negativeTest[127]" time="0"/>
  <testcase classname="org.zencoinj.utils.BtcFormatTest" name="millicoinScaleTest[127]" time="0"/>
  <testcase classname="org.zencoinj.utils.BtcFormatTest" name="toStringTest[127]" time="0.001"/>
  <testcase classname="org.zencoinj.utils.BtcFormatTest" name="testGrouping[127]" time="0"/>
  <testcase classname="org.zencoinj.utils.BtcFormatTest" name="symbolsCodesTest[127]" time="0.001"/>
  <testcase classname="org.zencoinj.utils.BtcFormatTest" name="defaultLocaleTest[127]" time="0"/>
  <testcase classname="org.zencoinj.utils.BtcFormatTest" name="parsePositionTest[127]" time="0"/>
  <testcase classname="org.zencoinj.utils.BtcFormatTest" name="argumentTypeTest[127]" time="0.001"/>
  <testcase classname="org.zencoinj.utils.BtcFormatTest" name="characterIteratorTest[127]" time="0"/>
  <testcase classname="org.zencoinj.utils.BtcFormatTest" name="repeatingPlaceTest[127]" time="0.001"/>
  <testcase classname="org.zencoinj.utils.BtcFormatTest" name="currencyCodeTest[127]" time="0"/>
  <testcase classname="org.zencoinj.utils.BtcFormatTest" name="patternDecimalPlaces[127]" time="0"/>
  <testcase classname="org.zencoinj.utils.BtcFormatTest" name="factoryArgumentsTest[128]" time="0.001"/>
  <testcase classname="org.zencoinj.utils.BtcFormatTest" name="parseTest[128]" time="0.002"/>
  <testcase classname="org.zencoinj.utils.BtcFormatTest" name="microcoinScaleTest[128]" time="0"/>
  <testcase classname="org.zencoinj.utils.BtcFormatTest" name="parseMetricTest[128]" time="0.001"/>
  <testcase classname="org.zencoinj.utils.BtcFormatTest" name="coinScaleTest[128]" time="0"/>
  <testcase classname="org.zencoinj.utils.BtcFormatTest" name="builderTest[128]" time="0.002"/>
  <testcase classname="org.zencoinj.utils.BtcFormatTest" name="attributeTest[128]" time="0"/>
  <testcase classname="org.zencoinj.utils.BtcFormatTest" name="prefixTest[128]" time="0.001"/>
  <testcase classname="org.zencoinj.utils.BtcFormatTest" name="suffixTest[128]" time="0"/>
  <testcase classname="org.zencoinj.utils.BtcFormatTest" name="autoDecimalTest[128]" time="0.001"/>
  <testcase classname="org.zencoinj.utils.BtcFormatTest" name="symbolCollisionTest[128]" time="0"/>
  <testcase classname="org.zencoinj.utils.BtcFormatTest" name="equalityTest[128]" time="0.002"/>
  <testcase classname="org.zencoinj.utils.BtcFormatTest" name="columnAlignmentTest[128]" time="0"/>
  <testcase classname="org.zencoinj.utils.BtcFormatTest" name="factoryTest[128]" time="0.001"/>
  <testcase classname="org.zencoinj.utils.BtcFormatTest" name="parse[128]" time="0"/>
  <testcase classname="org.zencoinj.utils.BtcFormatTest" name="btcRounding[128]" time="0.001"/>
  <testcase classname="org.zencoinj.utils.BtcFormatTest" name="negativeTest[128]" time="0.001"/>
  <testcase classname="org.zencoinj.utils.BtcFormatTest" name="millicoinScaleTest[128]" time="0"/>
  <testcase classname="org.zencoinj.utils.BtcFormatTest" name="toStringTest[128]" time="0"/>
  <testcase classname="org.zencoinj.utils.BtcFormatTest" name="testGrouping[128]" time="0.001"/>
  <testcase classname="org.zencoinj.utils.BtcFormatTest" name="symbolsCodesTest[128]" time="0"/>
  <testcase classname="org.zencoinj.utils.BtcFormatTest" name="defaultLocaleTest[128]" time="0"/>
  <testcase classname="org.zencoinj.utils.BtcFormatTest" name="parsePositionTest[128]" time="0.001"/>
  <testcase classname="org.zencoinj.utils.BtcFormatTest" name="argumentTypeTest[128]" time="0.001"/>
  <testcase classname="org.zencoinj.utils.BtcFormatTest" name="characterIteratorTest[128]" time="0.001"/>
  <testcase classname="org.zencoinj.utils.BtcFormatTest" name="repeatingPlaceTest[128]" time="0"/>
  <testcase classname="org.zencoinj.utils.BtcFormatTest" name="currencyCodeTest[128]" time="0"/>
  <testcase classname="org.zencoinj.utils.BtcFormatTest" name="patternDecimalPlaces[128]" time="0"/>
  <testcase classname="org.zencoinj.utils.BtcFormatTest" name="factoryArgumentsTest[129]" time="0.001"/>
  <testcase classname="org.zencoinj.utils.BtcFormatTest" name="parseTest[129]" time="0.002"/>
  <testcase classname="org.zencoinj.utils.BtcFormatTest" name="microcoinScaleTest[129]" time="0"/>
  <testcase classname="org.zencoinj.utils.BtcFormatTest" name="parseMetricTest[129]" time="0.001"/>
  <testcase classname="org.zencoinj.utils.BtcFormatTest" name="coinScaleTest[129]" time="0"/>
  <testcase classname="org.zencoinj.utils.BtcFormatTest" name="builderTest[129]" time="0.003"/>
  <testcase classname="org.zencoinj.utils.BtcFormatTest" name="attributeTest[129]" time="0"/>
  <testcase classname="org.zencoinj.utils.BtcFormatTest" name="prefixTest[129]" time="0"/>
  <testcase classname="org.zencoinj.utils.BtcFormatTest" name="suffixTest[129]" time="0"/>
  <testcase classname="org.zencoinj.utils.BtcFormatTest" name="autoDecimalTest[129]" time="0.001"/>
  <testcase classname="org.zencoinj.utils.BtcFormatTest" name="symbolCollisionTest[129]" time="0.001"/>
  <testcase classname="org.zencoinj.utils.BtcFormatTest" name="equalityTest[129]" time="0.002"/>
  <testcase classname="org.zencoinj.utils.BtcFormatTest" name="columnAlignmentTest[129]" time="0"/>
  <testcase classname="org.zencoinj.utils.BtcFormatTest" name="factoryTest[129]" time="0"/>
  <testcase classname="org.zencoinj.utils.BtcFormatTest" name="parse[129]" time="0.001"/>
  <testcase classname="org.zencoinj.utils.BtcFormatTest" name="btcRounding[129]" time="0.001"/>
  <testcase classname="org.zencoinj.utils.BtcFormatTest" name="negativeTest[129]" time="0"/>
  <testcase classname="org.zencoinj.utils.BtcFormatTest" name="millicoinScaleTest[129]" time="0.001"/>
  <testcase classname="org.zencoinj.utils.BtcFormatTest" name="toStringTest[129]" time="0.001"/>
  <testcase classname="org.zencoinj.utils.BtcFormatTest" name="testGrouping[129]" time="0"/>
  <testcase classname="org.zencoinj.utils.BtcFormatTest" name="symbolsCodesTest[129]" time="0.001"/>
  <testcase classname="org.zencoinj.utils.BtcFormatTest" name="defaultLocaleTest[129]" time="0"/>
  <testcase classname="org.zencoinj.utils.BtcFormatTest" name="parsePositionTest[129]" time="0"/>
  <testcase classname="org.zencoinj.utils.BtcFormatTest" name="argumentTypeTest[129]" time="0"/>
  <testcase classname="org.zencoinj.utils.BtcFormatTest" name="characterIteratorTest[129]" time="0.001"/>
  <testcase classname="org.zencoinj.utils.BtcFormatTest" name="repeatingPlaceTest[129]" time="0"/>
  <testcase classname="org.zencoinj.utils.BtcFormatTest" name="currencyCodeTest[129]" time="0"/>
  <testcase classname="org.zencoinj.utils.BtcFormatTest" name="patternDecimalPlaces[129]" time="0.001"/>
  <testcase classname="org.zencoinj.utils.BtcFormatTest" name="factoryArgumentsTest[130]" time="0.001"/>
  <testcase classname="org.zencoinj.utils.BtcFormatTest" name="parseTest[130]" time="0.002"/>
  <testcase classname="org.zencoinj.utils.BtcFormatTest" name="microcoinScaleTest[130]" time="0"/>
  <testcase classname="org.zencoinj.utils.BtcFormatTest" name="parseMetricTest[130]" time="0.002"/>
  <testcase classname="org.zencoinj.utils.BtcFormatTest" name="coinScaleTest[130]" time="0"/>
  <testcase classname="org.zencoinj.utils.BtcFormatTest" name="builderTest[130]" time="0.002"/>
  <testcase classname="org.zencoinj.utils.BtcFormatTest" name="attributeTest[130]" time="0"/>
  <testcase classname="org.zencoinj.utils.BtcFormatTest" name="prefixTest[130]" time="0.001"/>
  <testcase classname="org.zencoinj.utils.BtcFormatTest" name="suffixTest[130]" time="0"/>
  <testcase classname="org.zencoinj.utils.BtcFormatTest" name="autoDecimalTest[130]" time="0.001"/>
  <testcase classname="org.zencoinj.utils.BtcFormatTest" name="symbolCollisionTest[130]" time="0"/>
  <testcase classname="org.zencoinj.utils.BtcFormatTest" name="equalityTest[130]" time="0.002"/>
  <testcase classname="org.zencoinj.utils.BtcFormatTest" name="columnAlignmentTest[130]" time="0.001"/>
  <testcase classname="org.zencoinj.utils.BtcFormatTest" name="factoryTest[130]" time="0.004"/>
  <testcase classname="org.zencoinj.utils.BtcFormatTest" name="parse[130]" time="0"/>
  <testcase classname="org.zencoinj.utils.BtcFormatTest" name="btcRounding[130]" time="0.001"/>
  <testcase classname="org.zencoinj.utils.BtcFormatTest" name="negativeTest[130]" time="0.001"/>
  <testcase classname="org.zencoinj.utils.BtcFormatTest" name="millicoinScaleTest[130]" time="0"/>
  <testcase classname="org.zencoinj.utils.BtcFormatTest" name="toStringTest[130]" time="0"/>
  <testcase classname="org.zencoinj.utils.BtcFormatTest" name="testGrouping[130]" time="0"/>
  <testcase classname="org.zencoinj.utils.BtcFormatTest" name="symbolsCodesTest[130]" time="0.001"/>
  <testcase classname="org.zencoinj.utils.BtcFormatTest" name="defaultLocaleTest[130]" time="0"/>
  <testcase classname="org.zencoinj.utils.BtcFormatTest" name="parsePositionTest[130]" time="0.001"/>
  <testcase classname="org.zencoinj.utils.BtcFormatTest" name="argumentTypeTest[130]" time="0"/>
  <testcase classname="org.zencoinj.utils.BtcFormatTest" name="characterIteratorTest[130]" time="0"/>
  <testcase classname="org.zencoinj.utils.BtcFormatTest" name="repeatingPlaceTest[130]" time="0.001"/>
  <testcase classname="org.zencoinj.utils.BtcFormatTest" name="currencyCodeTest[130]" time="0"/>
  <testcase classname="org.zencoinj.utils.BtcFormatTest" name="patternDecimalPlaces[130]" time="0"/>
  <testcase classname="org.zencoinj.utils.BtcFormatTest" name="factoryArgumentsTest[131]" time="0.001"/>
  <testcase classname="org.zencoinj.utils.BtcFormatTest" name="parseTest[131]" time="0.003"/>
  <testcase classname="org.zencoinj.utils.BtcFormatTest" name="microcoinScaleTest[131]" time="0"/>
  <testcase classname="org.zencoinj.utils.BtcFormatTest" name="parseMetricTest[131]" time="0.001"/>
  <testcase classname="org.zencoinj.utils.BtcFormatTest" name="coinScaleTest[131]" time="0"/>
  <testcase classname="org.zencoinj.utils.BtcFormatTest" name="builderTest[131]" time="0.002"/>
  <testcase classname="org.zencoinj.utils.BtcFormatTest" name="attributeTest[131]" time="0"/>
  <testcase classname="org.zencoinj.utils.BtcFormatTest" name="prefixTest[131]" time="0"/>
  <testcase classname="org.zencoinj.utils.BtcFormatTest" name="suffixTest[131]" time="0.001"/>
  <testcase classname="org.zencoinj.utils.BtcFormatTest" name="autoDecimalTest[131]" time="0.001"/>
  <testcase classname="org.zencoinj.utils.BtcFormatTest" name="symbolCollisionTest[131]" time="0"/>
  <testcase classname="org.zencoinj.utils.BtcFormatTest" name="equalityTest[131]" time="0.002"/>
  <testcase classname="org.zencoinj.utils.BtcFormatTest" name="columnAlignmentTest[131]" time="0"/>
  <testcase classname="org.zencoinj.utils.BtcFormatTest" name="factoryTest[131]" time="0.001"/>
  <testcase classname="org.zencoinj.utils.BtcFormatTest" name="parse[131]" time="0"/>
  <testcase classname="org.zencoinj.utils.BtcFormatTest" name="btcRounding[131]" time="0.001"/>
  <testcase classname="org.zencoinj.utils.BtcFormatTest" name="negativeTest[131]" time="0.001"/>
  <testcase classname="org.zencoinj.utils.BtcFormatTest" name="millicoinScaleTest[131]" time="0"/>
  <testcase classname="org.zencoinj.utils.BtcFormatTest" name="toStringTest[131]" time="0"/>
  <testcase classname="org.zencoinj.utils.BtcFormatTest" name="testGrouping[131]" time="0.001"/>
  <testcase classname="org.zencoinj.utils.BtcFormatTest" name="symbolsCodesTest[131]" time="0"/>
  <testcase classname="org.zencoinj.utils.BtcFormatTest" name="defaultLocaleTest[131]" time="0.001"/>
  <testcase classname="org.zencoinj.utils.BtcFormatTest" name="parsePositionTest[131]" time="0"/>
  <testcase classname="org.zencoinj.utils.BtcFormatTest" name="argumentTypeTest[131]" time="0"/>
  <testcase classname="org.zencoinj.utils.BtcFormatTest" name="characterIteratorTest[131]" time="0.001"/>
  <testcase classname="org.zencoinj.utils.BtcFormatTest" name="repeatingPlaceTest[131]" time="0"/>
  <testcase classname="org.zencoinj.utils.BtcFormatTest" name="currencyCodeTest[131]" time="0"/>
  <testcase classname="org.zencoinj.utils.BtcFormatTest" name="patternDecimalPlaces[131]" time="0"/>
  <testcase classname="org.zencoinj.utils.BtcFormatTest" name="factoryArgumentsTest[132]" time="0.001"/>
  <testcase classname="org.zencoinj.utils.BtcFormatTest" name="parseTest[132]" time="0.002"/>
  <testcase classname="org.zencoinj.utils.BtcFormatTest" name="microcoinScaleTest[132]" time="0"/>
  <testcase classname="org.zencoinj.utils.BtcFormatTest" name="parseMetricTest[132]" time="0.002"/>
  <testcase classname="org.zencoinj.utils.BtcFormatTest" name="coinScaleTest[132]" time="0"/>
  <testcase classname="org.zencoinj.utils.BtcFormatTest" name="builderTest[132]" time="0.002"/>
  <testcase classname="org.zencoinj.utils.BtcFormatTest" name="attributeTest[132]" time="0"/>
  <testcase classname="org.zencoinj.utils.BtcFormatTest" name="prefixTest[132]" time="0"/>
  <testcase classname="org.zencoinj.utils.BtcFormatTest" name="suffixTest[132]" time="0"/>
  <testcase classname="org.zencoinj.utils.BtcFormatTest" name="autoDecimalTest[132]" time="0.001"/>
  <testcase classname="org.zencoinj.utils.BtcFormatTest" name="symbolCollisionTest[132]" time="0.001"/>
  <testcase classname="org.zencoinj.utils.BtcFormatTest" name="equalityTest[132]" time="0.001"/>
  <testcase classname="org.zencoinj.utils.BtcFormatTest" name="columnAlignmentTest[132]" time="0"/>
  <testcase classname="org.zencoinj.utils.BtcFormatTest" name="factoryTest[132]" time="0.001"/>
  <testcase classname="org.zencoinj.utils.BtcFormatTest" name="parse[132]" time="0"/>
  <testcase classname="org.zencoinj.utils.BtcFormatTest" name="btcRounding[132]" time="0.001"/>
  <testcase classname="org.zencoinj.utils.BtcFormatTest" name="negativeTest[132]" time="0"/>
  <testcase classname="org.zencoinj.utils.BtcFormatTest" name="millicoinScaleTest[132]" time="0"/>
  <testcase classname="org.zencoinj.utils.BtcFormatTest" name="toStringTest[132]" time="0.001"/>
  <testcase classname="org.zencoinj.utils.BtcFormatTest" name="testGrouping[132]" time="0.001"/>
  <testcase classname="org.zencoinj.utils.BtcFormatTest" name="symbolsCodesTest[132]" time="0"/>
  <testcase classname="org.zencoinj.utils.BtcFormatTest" name="defaultLocaleTest[132]" time="0.001"/>
  <testcase classname="org.zencoinj.utils.BtcFormatTest" name="parsePositionTest[132]" time="0"/>
  <testcase classname="org.zencoinj.utils.BtcFormatTest" name="argumentTypeTest[132]" time="0"/>
  <testcase classname="org.zencoinj.utils.BtcFormatTest" name="characterIteratorTest[132]" time="0.001"/>
  <testcase classname="org.zencoinj.utils.BtcFormatTest" name="repeatingPlaceTest[132]" time="0"/>
  <testcase classname="org.zencoinj.utils.BtcFormatTest" name="currencyCodeTest[132]" time="0"/>
  <testcase classname="org.zencoinj.utils.BtcFormatTest" name="patternDecimalPlaces[132]" time="0"/>
  <testcase classname="org.zencoinj.utils.BtcFormatTest" name="factoryArgumentsTest[133]" time="0.001"/>
  <testcase classname="org.zencoinj.utils.BtcFormatTest" name="parseTest[133]" time="0.002"/>
  <testcase classname="org.zencoinj.utils.BtcFormatTest" name="microcoinScaleTest[133]" time="0"/>
  <testcase classname="org.zencoinj.utils.BtcFormatTest" name="parseMetricTest[133]" time="0.001"/>
  <testcase classname="org.zencoinj.utils.BtcFormatTest" name="coinScaleTest[133]" time="0"/>
  <testcase classname="org.zencoinj.utils.BtcFormatTest" name="builderTest[133]" time="0.002"/>
  <testcase classname="org.zencoinj.utils.BtcFormatTest" name="attributeTest[133]" time="0"/>
  <testcase classname="org.zencoinj.utils.BtcFormatTest" name="prefixTest[133]" time="0"/>
  <testcase classname="org.zencoinj.utils.BtcFormatTest" name="suffixTest[133]" time="0"/>
  <testcase classname="org.zencoinj.utils.BtcFormatTest" name="autoDecimalTest[133]" time="0.001"/>
  <testcase classname="org.zencoinj.utils.BtcFormatTest" name="symbolCollisionTest[133]" time="0.001"/>
  <testcase classname="org.zencoinj.utils.BtcFormatTest" name="equalityTest[133]" time="0.002"/>
  <testcase classname="org.zencoinj.utils.BtcFormatTest" name="columnAlignmentTest[133]" time="0"/>
  <testcase classname="org.zencoinj.utils.BtcFormatTest" name="factoryTest[133]" time="0"/>
  <testcase classname="org.zencoinj.utils.BtcFormatTest" name="parse[133]" time="0"/>
  <testcase classname="org.zencoinj.utils.BtcFormatTest" name="btcRounding[133]" time="0.002"/>
  <testcase classname="org.zencoinj.utils.BtcFormatTest" name="negativeTest[133]" time="0"/>
  <testcase classname="org.zencoinj.utils.BtcFormatTest" name="millicoinScaleTest[133]" time="0"/>
  <testcase classname="org.zencoinj.utils.BtcFormatTest" name="toStringTest[133]" time="0.001"/>
  <testcase classname="org.zencoinj.utils.BtcFormatTest" name="testGrouping[133]" time="0"/>
  <testcase classname="org.zencoinj.utils.BtcFormatTest" name="symbolsCodesTest[133]" time="0.001"/>
  <testcase classname="org.zencoinj.utils.BtcFormatTest" name="defaultLocaleTest[133]" time="0"/>
  <testcase classname="org.zencoinj.utils.BtcFormatTest" name="parsePositionTest[133]" time="0.001"/>
  <testcase classname="org.zencoinj.utils.BtcFormatTest" name="argumentTypeTest[133]" time="0"/>
  <testcase classname="org.zencoinj.utils.BtcFormatTest" name="characterIteratorTest[133]" time="0"/>
  <testcase classname="org.zencoinj.utils.BtcFormatTest" name="repeatingPlaceTest[133]" time="0"/>
  <testcase classname="org.zencoinj.utils.BtcFormatTest" name="currencyCodeTest[133]" time="0.001"/>
  <testcase classname="org.zencoinj.utils.BtcFormatTest" name="patternDecimalPlaces[133]" time="0"/>
  <testcase classname="org.zencoinj.utils.BtcFormatTest" name="factoryArgumentsTest[134]" time="0"/>
  <testcase classname="org.zencoinj.utils.BtcFormatTest" name="parseTest[134]" time="0.002"/>
  <testcase classname="org.zencoinj.utils.BtcFormatTest" name="microcoinScaleTest[134]" time="0"/>
  <testcase classname="org.zencoinj.utils.BtcFormatTest" name="parseMetricTest[134]" time="0.001"/>
  <testcase classname="org.zencoinj.utils.BtcFormatTest" name="coinScaleTest[134]" time="0"/>
  <testcase classname="org.zencoinj.utils.BtcFormatTest" name="builderTest[134]" time="0.001"/>
  <testcase classname="org.zencoinj.utils.BtcFormatTest" name="attributeTest[134]" time="0"/>
  <testcase classname="org.zencoinj.utils.BtcFormatTest" name="prefixTest[134]" time="0"/>
  <testcase classname="org.zencoinj.utils.BtcFormatTest" name="suffixTest[134]" time="0"/>
  <testcase classname="org.zencoinj.utils.BtcFormatTest" name="autoDecimalTest[134]" time="0.001"/>
  <testcase classname="org.zencoinj.utils.BtcFormatTest" name="symbolCollisionTest[134]" time="0"/>
  <testcase classname="org.zencoinj.utils.BtcFormatTest" name="equalityTest[134]" time="0.002"/>
  <testcase classname="org.zencoinj.utils.BtcFormatTest" name="columnAlignmentTest[134]" time="0"/>
  <testcase classname="org.zencoinj.utils.BtcFormatTest" name="factoryTest[134]" time="0.001"/>
  <testcase classname="org.zencoinj.utils.BtcFormatTest" name="parse[134]" time="0"/>
  <testcase classname="org.zencoinj.utils.BtcFormatTest" name="btcRounding[134]" time="0"/>
  <testcase classname="org.zencoinj.utils.BtcFormatTest" name="negativeTest[134]" time="0.001"/>
  <testcase classname="org.zencoinj.utils.BtcFormatTest" name="millicoinScaleTest[134]" time="0"/>
  <testcase classname="org.zencoinj.utils.BtcFormatTest" name="toStringTest[134]" time="0"/>
  <testcase classname="org.zencoinj.utils.BtcFormatTest" name="testGrouping[134]" time="0"/>
  <testcase classname="org.zencoinj.utils.BtcFormatTest" name="symbolsCodesTest[134]" time="0.001"/>
  <testcase classname="org.zencoinj.utils.BtcFormatTest" name="defaultLocaleTest[134]" time="0"/>
  <testcase classname="org.zencoinj.utils.BtcFormatTest" name="parsePositionTest[134]" time="0"/>
  <testcase classname="org.zencoinj.utils.BtcFormatTest" name="argumentTypeTest[134]" time="0.001"/>
  <testcase classname="org.zencoinj.utils.BtcFormatTest" name="characterIteratorTest[134]" time="0"/>
  <testcase classname="org.zencoinj.utils.BtcFormatTest" name="repeatingPlaceTest[134]" time="0"/>
  <testcase classname="org.zencoinj.utils.BtcFormatTest" name="currencyCodeTest[134]" time="0"/>
  <testcase classname="org.zencoinj.utils.BtcFormatTest" name="patternDecimalPlaces[134]" time="0"/>
  <testcase classname="org.zencoinj.utils.BtcFormatTest" name="factoryArgumentsTest[135]" time="0.001"/>
  <testcase classname="org.zencoinj.utils.BtcFormatTest" name="parseTest[135]" time="0.001"/>
  <testcase classname="org.zencoinj.utils.BtcFormatTest" name="microcoinScaleTest[135]" time="0"/>
  <testcase classname="org.zencoinj.utils.BtcFormatTest" name="parseMetricTest[135]" time="0.001"/>
  <testcase classname="org.zencoinj.utils.BtcFormatTest" name="coinScaleTest[135]" time="0"/>
  <testcase classname="org.zencoinj.utils.BtcFormatTest" name="builderTest[135]" time="0.001"/>
  <testcase classname="org.zencoinj.utils.BtcFormatTest" name="attributeTest[135]" time="0.001"/>
  <testcase classname="org.zencoinj.utils.BtcFormatTest" name="prefixTest[135]" time="0"/>
  <testcase classname="org.zencoinj.utils.BtcFormatTest" name="suffixTest[135]" time="0"/>
  <testcase classname="org.zencoinj.utils.BtcFormatTest" name="autoDecimalTest[135]" time="0"/>
  <testcase classname="org.zencoinj.utils.BtcFormatTest" name="symbolCollisionTest[135]" time="0.001"/>
  <testcase classname="org.zencoinj.utils.BtcFormatTest" name="equalityTest[135]" time="0.001"/>
  <testcase classname="org.zencoinj.utils.BtcFormatTest" name="columnAlignmentTest[135]" time="0"/>
  <testcase classname="org.zencoinj.utils.BtcFormatTest" name="factoryTest[135]" time="0.001"/>
  <testcase classname="org.zencoinj.utils.BtcFormatTest" name="parse[135]" time="0"/>
  <testcase classname="org.zencoinj.utils.BtcFormatTest" name="btcRounding[135]" time="0.001"/>
  <testcase classname="org.zencoinj.utils.BtcFormatTest" name="negativeTest[135]" time="0"/>
  <testcase classname="org.zencoinj.utils.BtcFormatTest" name="millicoinScaleTest[135]" time="0"/>
  <testcase classname="org.zencoinj.utils.BtcFormatTest" name="toStringTest[135]" time="0"/>
  <testcase classname="org.zencoinj.utils.BtcFormatTest" name="testGrouping[135]" time="0.001"/>
  <testcase classname="org.zencoinj.utils.BtcFormatTest" name="symbolsCodesTest[135]" time="0"/>
  <testcase classname="org.zencoinj.utils.BtcFormatTest" name="defaultLocaleTest[135]" time="0"/>
  <testcase classname="org.zencoinj.utils.BtcFormatTest" name="parsePositionTest[135]" time="0"/>
  <testcase classname="org.zencoinj.utils.BtcFormatTest" name="argumentTypeTest[135]" time="0.001"/>
  <testcase classname="org.zencoinj.utils.BtcFormatTest" name="characterIteratorTest[135]" time="0"/>
  <testcase classname="org.zencoinj.utils.BtcFormatTest" name="repeatingPlaceTest[135]" time="0"/>
  <testcase classname="org.zencoinj.utils.BtcFormatTest" name="currencyCodeTest[135]" time="0"/>
  <testcase classname="org.zencoinj.utils.BtcFormatTest" name="patternDecimalPlaces[135]" time="0"/>
  <testcase classname="org.zencoinj.utils.BtcFormatTest" name="factoryArgumentsTest[136]" time="0.001"/>
  <testcase classname="org.zencoinj.utils.BtcFormatTest" name="parseTest[136]" time="0.001"/>
  <testcase classname="org.zencoinj.utils.BtcFormatTest" name="microcoinScaleTest[136]" time="0"/>
  <testcase classname="org.zencoinj.utils.BtcFormatTest" name="parseMetricTest[136]" time="0.001"/>
  <testcase classname="org.zencoinj.utils.BtcFormatTest" name="coinScaleTest[136]" time="0"/>
  <testcase classname="org.zencoinj.utils.BtcFormatTest" name="builderTest[136]" time="0.002"/>
  <testcase classname="org.zencoinj.utils.BtcFormatTest" name="attributeTest[136]" time="0"/>
  <testcase classname="org.zencoinj.utils.BtcFormatTest" name="prefixTest[136]" time="0"/>
  <testcase classname="org.zencoinj.utils.BtcFormatTest" name="suffixTest[136]" time="0.001"/>
  <testcase classname="org.zencoinj.utils.BtcFormatTest" name="autoDecimalTest[136]" time="0"/>
  <testcase classname="org.zencoinj.utils.BtcFormatTest" name="symbolCollisionTest[136]" time="0"/>
  <testcase classname="org.zencoinj.utils.BtcFormatTest" name="equalityTest[136]" time="0.002"/>
  <testcase classname="org.zencoinj.utils.BtcFormatTest" name="columnAlignmentTest[136]" time="0"/>
  <testcase classname="org.zencoinj.utils.BtcFormatTest" name="factoryTest[136]" time="0"/>
  <testcase classname="org.zencoinj.utils.BtcFormatTest" name="parse[136]" time="0.001"/>
  <testcase classname="org.zencoinj.utils.BtcFormatTest" name="btcRounding[136]" time="0.001"/>
  <testcase classname="org.zencoinj.utils.BtcFormatTest" name="negativeTest[136]" time="0"/>
  <testcase classname="org.zencoinj.utils.BtcFormatTest" name="millicoinScaleTest[136]" time="0"/>
  <testcase classname="org.zencoinj.utils.BtcFormatTest" name="toStringTest[136]" time="0.002"/>
  <testcase classname="org.zencoinj.utils.BtcFormatTest" name="testGrouping[136]" time="0"/>
  <testcase classname="org.zencoinj.utils.BtcFormatTest" name="symbolsCodesTest[136]" time="0"/>
  <testcase classname="org.zencoinj.utils.BtcFormatTest" name="defaultLocaleTest[136]" time="0"/>
  <testcase classname="org.zencoinj.utils.BtcFormatTest" name="parsePositionTest[136]" time="0.001"/>
  <testcase classname="org.zencoinj.utils.BtcFormatTest" name="argumentTypeTest[136]" time="0"/>
  <testcase classname="org.zencoinj.utils.BtcFormatTest" name="characterIteratorTest[136]" time="0"/>
  <testcase classname="org.zencoinj.utils.BtcFormatTest" name="repeatingPlaceTest[136]" time="0.001"/>
  <testcase classname="org.zencoinj.utils.BtcFormatTest" name="currencyCodeTest[136]" time="0"/>
  <testcase classname="org.zencoinj.utils.BtcFormatTest" name="patternDecimalPlaces[136]" time="0"/>
  <testcase classname="org.zencoinj.utils.BtcFormatTest" name="factoryArgumentsTest[137]" time="0.001"/>
  <testcase classname="org.zencoinj.utils.BtcFormatTest" name="parseTest[137]" time="0.002"/>
  <testcase classname="org.zencoinj.utils.BtcFormatTest" name="microcoinScaleTest[137]" time="0"/>
  <testcase classname="org.zencoinj.utils.BtcFormatTest" name="parseMetricTest[137]" time="0.001"/>
  <testcase classname="org.zencoinj.utils.BtcFormatTest" name="coinScaleTest[137]" time="0.001"/>
  <testcase classname="org.zencoinj.utils.BtcFormatTest" name="builderTest[137]" time="0.001"/>
  <testcase classname="org.zencoinj.utils.BtcFormatTest" name="attributeTest[137]" time="0.001"/>
  <testcase classname="org.zencoinj.utils.BtcFormatTest" name="prefixTest[137]" time="0"/>
  <testcase classname="org.zencoinj.utils.BtcFormatTest" name="suffixTest[137]" time="0"/>
  <testcase classname="org.zencoinj.utils.BtcFormatTest" name="autoDecimalTest[137]" time="0.001"/>
  <testcase classname="org.zencoinj.utils.BtcFormatTest" name="symbolCollisionTest[137]" time="0.001"/>
  <testcase classname="org.zencoinj.utils.BtcFormatTest" name="equalityTest[137]" time="0.001"/>
  <testcase classname="org.zencoinj.utils.BtcFormatTest" name="columnAlignmentTest[137]" time="0"/>
  <testcase classname="org.zencoinj.utils.BtcFormatTest" name="factoryTest[137]" time="0.001"/>
  <testcase classname="org.zencoinj.utils.BtcFormatTest" name="parse[137]" time="0"/>
  <testcase classname="org.zencoinj.utils.BtcFormatTest" name="btcRounding[137]" time="0.001"/>
  <testcase classname="org.zencoinj.utils.BtcFormatTest" name="negativeTest[137]" time="0"/>
  <testcase classname="org.zencoinj.utils.BtcFormatTest" name="millicoinScaleTest[137]" time="0"/>
  <testcase classname="org.zencoinj.utils.BtcFormatTest" name="toStringTest[137]" time="0.001"/>
  <testcase classname="org.zencoinj.utils.BtcFormatTest" name="testGrouping[137]" time="0"/>
  <testcase classname="org.zencoinj.utils.BtcFormatTest" name="symbolsCodesTest[137]" time="0.001"/>
  <testcase classname="org.zencoinj.utils.BtcFormatTest" name="defaultLocaleTest[137]" time="0"/>
  <testcase classname="org.zencoinj.utils.BtcFormatTest" name="parsePositionTest[137]" time="0"/>
  <testcase classname="org.zencoinj.utils.BtcFormatTest" name="argumentTypeTest[137]" time="0.001"/>
  <testcase classname="org.zencoinj.utils.BtcFormatTest" name="characterIteratorTest[137]" time="0"/>
  <testcase classname="org.zencoinj.utils.BtcFormatTest" name="repeatingPlaceTest[137]" time="0"/>
  <testcase classname="org.zencoinj.utils.BtcFormatTest" name="currencyCodeTest[137]" time="0"/>
  <testcase classname="org.zencoinj.utils.BtcFormatTest" name="patternDecimalPlaces[137]" time="0"/>
  <testcase classname="org.zencoinj.utils.BtcFormatTest" name="factoryArgumentsTest[138]" time="0.001"/>
  <testcase classname="org.zencoinj.utils.BtcFormatTest" name="parseTest[138]" time="0.002"/>
  <testcase classname="org.zencoinj.utils.BtcFormatTest" name="microcoinScaleTest[138]" time="0"/>
  <testcase classname="org.zencoinj.utils.BtcFormatTest" name="parseMetricTest[138]" time="0.001"/>
  <testcase classname="org.zencoinj.utils.BtcFormatTest" name="coinScaleTest[138]" time="0"/>
  <testcase classname="org.zencoinj.utils.BtcFormatTest" name="builderTest[138]" time="0.002"/>
  <testcase classname="org.zencoinj.utils.BtcFormatTest" name="attributeTest[138]" time="0"/>
  <testcase classname="org.zencoinj.utils.BtcFormatTest" name="prefixTest[138]" time="0"/>
  <testcase classname="org.zencoinj.utils.BtcFormatTest" name="suffixTest[138]" time="0"/>
  <testcase classname="org.zencoinj.utils.BtcFormatTest" name="autoDecimalTest[138]" time="0.001"/>
  <testcase classname="org.zencoinj.utils.BtcFormatTest" name="symbolCollisionTest[138]" time="0.001"/>
  <testcase classname="org.zencoinj.utils.BtcFormatTest" name="equalityTest[138]" time="0.001"/>
  <testcase classname="org.zencoinj.utils.BtcFormatTest" name="columnAlignmentTest[138]" time="0"/>
  <testcase classname="org.zencoinj.utils.BtcFormatTest" name="factoryTest[138]" time="0.001"/>
  <testcase classname="org.zencoinj.utils.BtcFormatTest" name="parse[138]" time="0"/>
  <testcase classname="org.zencoinj.utils.BtcFormatTest" name="btcRounding[138]" time="0.001"/>
  <testcase classname="org.zencoinj.utils.BtcFormatTest" name="negativeTest[138]" time="0.001"/>
  <testcase classname="org.zencoinj.utils.BtcFormatTest" name="millicoinScaleTest[138]" time="0"/>
  <testcase classname="org.zencoinj.utils.BtcFormatTest" name="toStringTest[138]" time="0"/>
  <testcase classname="org.zencoinj.utils.BtcFormatTest" name="testGrouping[138]" time="0.001"/>
  <testcase classname="org.zencoinj.utils.BtcFormatTest" name="symbolsCodesTest[138]" time="0"/>
  <testcase classname="org.zencoinj.utils.BtcFormatTest" name="defaultLocaleTest[138]" time="0"/>
  <testcase classname="org.zencoinj.utils.BtcFormatTest" name="parsePositionTest[138]" time="0.001"/>
  <testcase classname="org.zencoinj.utils.BtcFormatTest" name="argumentTypeTest[138]" time="0"/>
  <testcase classname="org.zencoinj.utils.BtcFormatTest" name="characterIteratorTest[138]" time="0.001"/>
  <testcase classname="org.zencoinj.utils.BtcFormatTest" name="repeatingPlaceTest[138]" time="0"/>
  <testcase classname="org.zencoinj.utils.BtcFormatTest" name="currencyCodeTest[138]" time="0"/>
  <testcase classname="org.zencoinj.utils.BtcFormatTest" name="patternDecimalPlaces[138]" time="0"/>
  <testcase classname="org.zencoinj.utils.BtcFormatTest" name="factoryArgumentsTest[139]" time="0"/>
  <testcase classname="org.zencoinj.utils.BtcFormatTest" name="parseTest[139]" time="0.002"/>
  <testcase classname="org.zencoinj.utils.BtcFormatTest" name="microcoinScaleTest[139]" time="0"/>
  <testcase classname="org.zencoinj.utils.BtcFormatTest" name="parseMetricTest[139]" time="0.001"/>
  <testcase classname="org.zencoinj.utils.BtcFormatTest" name="coinScaleTest[139]" time="0"/>
  <testcase classname="org.zencoinj.utils.BtcFormatTest" name="builderTest[139]" time="0.001"/>
  <testcase classname="org.zencoinj.utils.BtcFormatTest" name="attributeTest[139]" time="0"/>
  <testcase classname="org.zencoinj.utils.BtcFormatTest" name="prefixTest[139]" time="0"/>
  <testcase classname="org.zencoinj.utils.BtcFormatTest" name="suffixTest[139]" time="0"/>
  <testcase classname="org.zencoinj.utils.BtcFormatTest" name="autoDecimalTest[139]" time="0.001"/>
  <testcase classname="org.zencoinj.utils.BtcFormatTest" name="symbolCollisionTest[139]" time="0"/>
  <testcase classname="org.zencoinj.utils.BtcFormatTest" name="equalityTest[139]" time="0.002"/>
  <testcase classname="org.zencoinj.utils.BtcFormatTest" name="columnAlignmentTest[139]" time="0"/>
  <testcase classname="org.zencoinj.utils.BtcFormatTest" name="factoryTest[139]" time="0"/>
  <testcase classname="org.zencoinj.utils.BtcFormatTest" name="parse[139]" time="0"/>
  <testcase classname="org.zencoinj.utils.BtcFormatTest" name="btcRounding[139]" time="0"/>
  <testcase classname="org.zencoinj.utils.BtcFormatTest" name="negativeTest[139]" time="0"/>
  <testcase classname="org.zencoinj.utils.BtcFormatTest" name="millicoinScaleTest[139]" time="0"/>
  <testcase classname="org.zencoinj.utils.BtcFormatTest" name="toStringTest[139]" time="0.001"/>
  <testcase classname="org.zencoinj.utils.BtcFormatTest" name="testGrouping[139]" time="0"/>
  <testcase classname="org.zencoinj.utils.BtcFormatTest" name="symbolsCodesTest[139]" time="0.001"/>
  <testcase classname="org.zencoinj.utils.BtcFormatTest" name="defaultLocaleTest[139]" time="0"/>
  <testcase classname="org.zencoinj.utils.BtcFormatTest" name="parsePositionTest[139]" time="0"/>
  <testcase classname="org.zencoinj.utils.BtcFormatTest" name="argumentTypeTest[139]" time="0"/>
  <testcase classname="org.zencoinj.utils.BtcFormatTest" name="characterIteratorTest[139]" time="0.001"/>
  <testcase classname="org.zencoinj.utils.BtcFormatTest" name="repeatingPlaceTest[139]" time="0"/>
  <testcase classname="org.zencoinj.utils.BtcFormatTest" name="currencyCodeTest[139]" time="0"/>
  <testcase classname="org.zencoinj.utils.BtcFormatTest" name="patternDecimalPlaces[139]" time="0"/>
  <testcase classname="org.zencoinj.utils.BtcFormatTest" name="factoryArgumentsTest[140]" time="0.001"/>
  <testcase classname="org.zencoinj.utils.BtcFormatTest" name="parseTest[140]" time="0.002"/>
  <testcase classname="org.zencoinj.utils.BtcFormatTest" name="microcoinScaleTest[140]" time="0"/>
  <testcase classname="org.zencoinj.utils.BtcFormatTest" name="parseMetricTest[140]" time="0.002"/>
  <testcase classname="org.zencoinj.utils.BtcFormatTest" name="coinScaleTest[140]" time="0"/>
  <testcase classname="org.zencoinj.utils.BtcFormatTest" name="builderTest[140]" time="0.002"/>
  <testcase classname="org.zencoinj.utils.BtcFormatTest" name="attributeTest[140]" time="0"/>
  <testcase classname="org.zencoinj.utils.BtcFormatTest" name="prefixTest[140]" time="0"/>
  <testcase classname="org.zencoinj.utils.BtcFormatTest" name="suffixTest[140]" time="0"/>
  <testcase classname="org.zencoinj.utils.BtcFormatTest" name="autoDecimalTest[140]" time="0.001"/>
  <testcase classname="org.zencoinj.utils.BtcFormatTest" name="symbolCollisionTest[140]" time="0.001"/>
  <testcase classname="org.zencoinj.utils.BtcFormatTest" name="equalityTest[140]" time="0.002"/>
  <testcase classname="org.zencoinj.utils.BtcFormatTest" name="columnAlignmentTest[140]" time="0"/>
  <testcase classname="org.zencoinj.utils.BtcFormatTest" name="factoryTest[140]" time="0"/>
  <testcase classname="org.zencoinj.utils.BtcFormatTest" name="parse[140]" time="0.001"/>
  <testcase classname="org.zencoinj.utils.BtcFormatTest" name="btcRounding[140]" time="0.001"/>
  <testcase classname="org.zencoinj.utils.BtcFormatTest" name="negativeTest[140]" time="0"/>
  <testcase classname="org.zencoinj.utils.BtcFormatTest" name="millicoinScaleTest[140]" time="0.001"/>
  <testcase classname="org.zencoinj.utils.BtcFormatTest" name="toStringTest[140]" time="0"/>
  <testcase classname="org.zencoinj.utils.BtcFormatTest" name="testGrouping[140]" time="0"/>
  <testcase classname="org.zencoinj.utils.BtcFormatTest" name="symbolsCodesTest[140]" time="0.001"/>
  <testcase classname="org.zencoinj.utils.BtcFormatTest" name="defaultLocaleTest[140]" time="0"/>
  <testcase classname="org.zencoinj.utils.BtcFormatTest" name="parsePositionTest[140]" time="0.001"/>
  <testcase classname="org.zencoinj.utils.BtcFormatTest" name="argumentTypeTest[140]" time="0"/>
  <testcase classname="org.zencoinj.utils.BtcFormatTest" name="characterIteratorTest[140]" time="0"/>
  <testcase classname="org.zencoinj.utils.BtcFormatTest" name="repeatingPlaceTest[140]" time="0.001"/>
  <testcase classname="org.zencoinj.utils.BtcFormatTest" name="currencyCodeTest[140]" time="0"/>
  <testcase classname="org.zencoinj.utils.BtcFormatTest" name="patternDecimalPlaces[140]" time="0"/>
  <testcase classname="org.zencoinj.utils.BtcFormatTest" name="factoryArgumentsTest[141]" time="0.001"/>
  <testcase classname="org.zencoinj.utils.BtcFormatTest" name="parseTest[141]" time="0.002"/>
  <testcase classname="org.zencoinj.utils.BtcFormatTest" name="microcoinScaleTest[141]" time="0"/>
  <testcase classname="org.zencoinj.utils.BtcFormatTest" name="parseMetricTest[141]" time="0.002"/>
  <testcase classname="org.zencoinj.utils.BtcFormatTest" name="coinScaleTest[141]" time="0"/>
  <testcase classname="org.zencoinj.utils.BtcFormatTest" name="builderTest[141]" time="0.001"/>
  <testcase classname="org.zencoinj.utils.BtcFormatTest" name="attributeTest[141]" time="0"/>
  <testcase classname="org.zencoinj.utils.BtcFormatTest" name="prefixTest[141]" time="0"/>
  <testcase classname="org.zencoinj.utils.BtcFormatTest" name="suffixTest[141]" time="0"/>
  <testcase classname="org.zencoinj.utils.BtcFormatTest" name="autoDecimalTest[141]" time="0.001"/>
  <testcase classname="org.zencoinj.utils.BtcFormatTest" name="symbolCollisionTest[141]" time="0.001"/>
  <testcase classname="org.zencoinj.utils.BtcFormatTest" name="equalityTest[141]" time="0.001"/>
  <testcase classname="org.zencoinj.utils.BtcFormatTest" name="columnAlignmentTest[141]" time="0.001"/>
  <testcase classname="org.zencoinj.utils.BtcFormatTest" name="factoryTest[141]" time="0"/>
  <testcase classname="org.zencoinj.utils.BtcFormatTest" name="parse[141]" time="0"/>
  <testcase classname="org.zencoinj.utils.BtcFormatTest" name="btcRounding[141]" time="0.001"/>
  <testcase classname="org.zencoinj.utils.BtcFormatTest" name="negativeTest[141]" time="0.001"/>
  <testcase classname="org.zencoinj.utils.BtcFormatTest" name="millicoinScaleTest[141]" time="0"/>
  <testcase classname="org.zencoinj.utils.BtcFormatTest" name="toStringTest[141]" time="0"/>
  <testcase classname="org.zencoinj.utils.BtcFormatTest" name="testGrouping[141]" time="0.001"/>
  <testcase classname="org.zencoinj.utils.BtcFormatTest" name="symbolsCodesTest[141]" time="0"/>
  <testcase classname="org.zencoinj.utils.BtcFormatTest" name="defaultLocaleTest[141]" time="0"/>
  <testcase classname="org.zencoinj.utils.BtcFormatTest" name="parsePositionTest[141]" time="0"/>
  <testcase classname="org.zencoinj.utils.BtcFormatTest" name="argumentTypeTest[141]" time="0.001"/>
  <testcase classname="org.zencoinj.utils.BtcFormatTest" name="characterIteratorTest[141]" time="0"/>
  <testcase classname="org.zencoinj.utils.BtcFormatTest" name="repeatingPlaceTest[141]" time="0"/>
  <testcase classname="org.zencoinj.utils.BtcFormatTest" name="currencyCodeTest[141]" time="0.001"/>
  <testcase classname="org.zencoinj.utils.BtcFormatTest" name="patternDecimalPlaces[141]" time="0"/>
  <testcase classname="org.zencoinj.utils.BtcFormatTest" name="factoryArgumentsTest[142]" time="0.001"/>
  <testcase classname="org.zencoinj.utils.BtcFormatTest" name="parseTest[142]" time="0.002"/>
  <testcase classname="org.zencoinj.utils.BtcFormatTest" name="microcoinScaleTest[142]" time="0"/>
  <testcase classname="org.zencoinj.utils.BtcFormatTest" name="parseMetricTest[142]" time="0.001"/>
  <testcase classname="org.zencoinj.utils.BtcFormatTest" name="coinScaleTest[142]" time="0"/>
  <testcase classname="org.zencoinj.utils.BtcFormatTest" name="builderTest[142]" time="0.002"/>
  <testcase classname="org.zencoinj.utils.BtcFormatTest" name="attributeTest[142]" time="0"/>
  <testcase classname="org.zencoinj.utils.BtcFormatTest" name="prefixTest[142]" time="0.001"/>
  <testcase classname="org.zencoinj.utils.BtcFormatTest" name="suffixTest[142]" time="0"/>
  <testcase classname="org.zencoinj.utils.BtcFormatTest" name="autoDecimalTest[142]" time="0.001"/>
  <testcase classname="org.zencoinj.utils.BtcFormatTest" name="symbolCollisionTest[142]" time="0"/>
  <testcase classname="org.zencoinj.utils.BtcFormatTest" name="equalityTest[142]" time="0.002"/>
  <testcase classname="org.zencoinj.utils.BtcFormatTest" name="columnAlignmentTest[142]" time="0"/>
  <testcase classname="org.zencoinj.utils.BtcFormatTest" name="factoryTest[142]" time="0.001"/>
  <testcase classname="org.zencoinj.utils.BtcFormatTest" name="parse[142]" time="0"/>
  <testcase classname="org.zencoinj.utils.BtcFormatTest" name="btcRounding[142]" time="0.001"/>
  <testcase classname="org.zencoinj.utils.BtcFormatTest" name="negativeTest[142]" time="0"/>
  <testcase classname="org.zencoinj.utils.BtcFormatTest" name="millicoinScaleTest[142]" time="0"/>
  <testcase classname="org.zencoinj.utils.BtcFormatTest" name="toStringTest[142]" time="0.001"/>
  <testcase classname="org.zencoinj.utils.BtcFormatTest" name="testGrouping[142]" time="0"/>
  <testcase classname="org.zencoinj.utils.BtcFormatTest" name="symbolsCodesTest[142]" time="0.001"/>
  <testcase classname="org.zencoinj.utils.BtcFormatTest" name="defaultLocaleTest[142]" time="0"/>
  <testcase classname="org.zencoinj.utils.BtcFormatTest" name="parsePositionTest[142]" time="0"/>
  <testcase classname="org.zencoinj.utils.BtcFormatTest" name="argumentTypeTest[142]" time="0"/>
  <testcase classname="org.zencoinj.utils.BtcFormatTest" name="characterIteratorTest[142]" time="0.001"/>
  <testcase classname="org.zencoinj.utils.BtcFormatTest" name="repeatingPlaceTest[142]" time="0"/>
  <testcase classname="org.zencoinj.utils.BtcFormatTest" name="currencyCodeTest[142]" time="0"/>
  <testcase classname="org.zencoinj.utils.BtcFormatTest" name="patternDecimalPlaces[142]" time="0"/>
  <testcase classname="org.zencoinj.utils.BtcFormatTest" name="factoryArgumentsTest[143]" time="0.001"/>
  <testcase classname="org.zencoinj.utils.BtcFormatTest" name="parseTest[143]" time="0.002"/>
  <testcase classname="org.zencoinj.utils.BtcFormatTest" name="microcoinScaleTest[143]" time="0"/>
  <testcase classname="org.zencoinj.utils.BtcFormatTest" name="parseMetricTest[143]" time="0.001"/>
  <testcase classname="org.zencoinj.utils.BtcFormatTest" name="coinScaleTest[143]" time="0.001"/>
  <testcase classname="org.zencoinj.utils.BtcFormatTest" name="builderTest[143]" time="0.001"/>
  <testcase classname="org.zencoinj.utils.BtcFormatTest" name="attributeTest[143]" time="0.001"/>
  <testcase classname="org.zencoinj.utils.BtcFormatTest" name="prefixTest[143]" time="0"/>
  <testcase classname="org.zencoinj.utils.BtcFormatTest" name="suffixTest[143]" time="0"/>
  <testcase classname="org.zencoinj.utils.BtcFormatTest" name="autoDecimalTest[143]" time="0.001"/>
  <testcase classname="org.zencoinj.utils.BtcFormatTest" name="symbolCollisionTest[143]" time="0.001"/>
  <testcase classname="org.zencoinj.utils.BtcFormatTest" name="equalityTest[143]" time="0.002"/>
  <testcase classname="org.zencoinj.utils.BtcFormatTest" name="columnAlignmentTest[143]" time="0"/>
  <testcase classname="org.zencoinj.utils.BtcFormatTest" name="factoryTest[143]" time="0"/>
  <testcase classname="org.zencoinj.utils.BtcFormatTest" name="parse[143]" time="0"/>
  <testcase classname="org.zencoinj.utils.BtcFormatTest" name="btcRounding[143]" time="0.002"/>
  <testcase classname="org.zencoinj.utils.BtcFormatTest" name="negativeTest[143]" time="0"/>
  <testcase classname="org.zencoinj.utils.BtcFormatTest" name="millicoinScaleTest[143]" time="0"/>
  <testcase classname="org.zencoinj.utils.BtcFormatTest" name="toStringTest[143]" time="0.001"/>
  <testcase classname="org.zencoinj.utils.BtcFormatTest" name="testGrouping[143]" time="0"/>
  <testcase classname="org.zencoinj.utils.BtcFormatTest" name="symbolsCodesTest[143]" time="0.001"/>
  <testcase classname="org.zencoinj.utils.BtcFormatTest" name="defaultLocaleTest[143]" time="0"/>
  <testcase classname="org.zencoinj.utils.BtcFormatTest" name="parsePositionTest[143]" time="0"/>
  <testcase classname="org.zencoinj.utils.BtcFormatTest" name="argumentTypeTest[143]" time="0.001"/>
  <testcase classname="org.zencoinj.utils.BtcFormatTest" name="characterIteratorTest[143]" time="0"/>
  <testcase classname="org.zencoinj.utils.BtcFormatTest" name="repeatingPlaceTest[143]" time="0"/>
  <testcase classname="org.zencoinj.utils.BtcFormatTest" name="currencyCodeTest[143]" time="0"/>
  <testcase classname="org.zencoinj.utils.BtcFormatTest" name="patternDecimalPlaces[143]" time="0.001"/>
  <testcase classname="org.zencoinj.utils.BtcFormatTest" name="factoryArgumentsTest[144]" time="0.001"/>
  <testcase classname="org.zencoinj.utils.BtcFormatTest" name="parseTest[144]" time="0.002"/>
  <testcase classname="org.zencoinj.utils.BtcFormatTest" name="microcoinScaleTest[144]" time="0"/>
  <testcase classname="org.zencoinj.utils.BtcFormatTest" name="parseMetricTest[144]" time="0"/>
  <testcase classname="org.zencoinj.utils.BtcFormatTest" name="coinScaleTest[144]" time="0.001"/>
  <testcase classname="org.zencoinj.utils.BtcFormatTest" name="builderTest[144]" time="0.001"/>
  <testcase classname="org.zencoinj.utils.BtcFormatTest" name="attributeTest[144]" time="0"/>
  <testcase classname="org.zencoinj.utils.BtcFormatTest" name="prefixTest[144]" time="0"/>
  <testcase classname="org.zencoinj.utils.BtcFormatTest" name="suffixTest[144]" time="0"/>
  <testcase classname="org.zencoinj.utils.BtcFormatTest" name="autoDecimalTest[144]" time="0.001"/>
  <testcase classname="org.zencoinj.utils.BtcFormatTest" name="symbolCollisionTest[144]" time="0.001"/>
  <testcase classname="org.zencoinj.utils.BtcFormatTest" name="equalityTest[144]" time="0.001"/>
  <testcase classname="org.zencoinj.utils.BtcFormatTest" name="columnAlignmentTest[144]" time="0.001"/>
  <testcase classname="org.zencoinj.utils.BtcFormatTest" name="factoryTest[144]" time="0"/>
  <testcase classname="org.zencoinj.utils.BtcFormatTest" name="parse[144]" time="0"/>
  <testcase classname="org.zencoinj.utils.BtcFormatTest" name="btcRounding[144]" time="0.001"/>
  <testcase classname="org.zencoinj.utils.BtcFormatTest" name="negativeTest[144]" time="0"/>
  <testcase classname="org.zencoinj.utils.BtcFormatTest" name="millicoinScaleTest[144]" time="0.001"/>
  <testcase classname="org.zencoinj.utils.BtcFormatTest" name="toStringTest[144]" time="0"/>
  <testcase classname="org.zencoinj.utils.BtcFormatTest" name="testGrouping[144]" time="0"/>
  <testcase classname="org.zencoinj.utils.BtcFormatTest" name="symbolsCodesTest[144]" time="0.001"/>
  <testcase classname="org.zencoinj.utils.BtcFormatTest" name="defaultLocaleTest[144]" time="0"/>
  <testcase classname="org.zencoinj.utils.BtcFormatTest" name="parsePositionTest[144]" time="0"/>
  <testcase classname="org.zencoinj.utils.BtcFormatTest" name="argumentTypeTest[144]" time="0"/>
  <testcase classname="org.zencoinj.utils.BtcFormatTest" name="characterIteratorTest[144]" time="0.001"/>
  <testcase classname="org.zencoinj.utils.BtcFormatTest" name="repeatingPlaceTest[144]" time="0"/>
  <testcase classname="org.zencoinj.utils.BtcFormatTest" name="currencyCodeTest[144]" time="0"/>
  <testcase classname="org.zencoinj.utils.BtcFormatTest" name="patternDecimalPlaces[144]" time="0"/>
  <testcase classname="org.zencoinj.utils.BtcFormatTest" name="factoryArgumentsTest[145]" time="0.001"/>
  <testcase classname="org.zencoinj.utils.BtcFormatTest" name="parseTest[145]" time="0.003"/>
  <testcase classname="org.zencoinj.utils.BtcFormatTest" name="microcoinScaleTest[145]" time="0"/>
  <testcase classname="org.zencoinj.utils.BtcFormatTest" name="parseMetricTest[145]" time="0.001"/>
  <testcase classname="org.zencoinj.utils.BtcFormatTest" name="coinScaleTest[145]" time="0"/>
  <testcase classname="org.zencoinj.utils.BtcFormatTest" name="builderTest[145]" time="0.002"/>
  <testcase classname="org.zencoinj.utils.BtcFormatTest" name="attributeTest[145]" time="0"/>
  <testcase classname="org.zencoinj.utils.BtcFormatTest" name="prefixTest[145]" time="0"/>
  <testcase classname="org.zencoinj.utils.BtcFormatTest" name="suffixTest[145]" time="0"/>
  <testcase classname="org.zencoinj.utils.BtcFormatTest" name="autoDecimalTest[145]" time="0.001"/>
  <testcase classname="org.zencoinj.utils.BtcFormatTest" name="symbolCollisionTest[145]" time="0.001"/>
  <testcase classname="org.zencoinj.utils.BtcFormatTest" name="equalityTest[145]" time="0.001"/>
  <testcase classname="org.zencoinj.utils.BtcFormatTest" name="columnAlignmentTest[145]" time="0.001"/>
  <testcase classname="org.zencoinj.utils.BtcFormatTest" name="factoryTest[145]" time="0"/>
  <testcase classname="org.zencoinj.utils.BtcFormatTest" name="parse[145]" time="0"/>
  <testcase classname="org.zencoinj.utils.BtcFormatTest" name="btcRounding[145]" time="0.001"/>
  <testcase classname="org.zencoinj.utils.BtcFormatTest" name="negativeTest[145]" time="0"/>
  <testcase classname="org.zencoinj.utils.BtcFormatTest" name="millicoinScaleTest[145]" time="0"/>
  <testcase classname="org.zencoinj.utils.BtcFormatTest" name="toStringTest[145]" time="0"/>
  <testcase classname="org.zencoinj.utils.BtcFormatTest" name="testGrouping[145]" time="0.001"/>
  <testcase classname="org.zencoinj.utils.BtcFormatTest" name="symbolsCodesTest[145]" time="0"/>
  <testcase classname="org.zencoinj.utils.BtcFormatTest" name="defaultLocaleTest[145]" time="0"/>
  <testcase classname="org.zencoinj.utils.BtcFormatTest" name="parsePositionTest[145]" time="0"/>
  <testcase classname="org.zencoinj.utils.BtcFormatTest" name="argumentTypeTest[145]" time="0"/>
  <testcase classname="org.zencoinj.utils.BtcFormatTest" name="characterIteratorTest[145]" time="0"/>
  <testcase classname="org.zencoinj.utils.BtcFormatTest" name="repeatingPlaceTest[145]" time="0"/>
  <testcase classname="org.zencoinj.utils.BtcFormatTest" name="currencyCodeTest[145]" time="0"/>
  <testcase classname="org.zencoinj.utils.BtcFormatTest" name="patternDecimalPlaces[145]" time="0"/>
  <testcase classname="org.zencoinj.utils.BtcFormatTest" name="factoryArgumentsTest[146]" time="0.001"/>
  <testcase classname="org.zencoinj.utils.BtcFormatTest" name="parseTest[146]" time="0.002"/>
  <testcase classname="org.zencoinj.utils.BtcFormatTest" name="microcoinScaleTest[146]" time="0"/>
  <testcase classname="org.zencoinj.utils.BtcFormatTest" name="parseMetricTest[146]" time="0.002"/>
  <testcase classname="org.zencoinj.utils.BtcFormatTest" name="coinScaleTest[146]" time="0"/>
  <testcase classname="org.zencoinj.utils.BtcFormatTest" name="builderTest[146]" time="0.001"/>
  <testcase classname="org.zencoinj.utils.BtcFormatTest" name="attributeTest[146]" time="0"/>
  <testcase classname="org.zencoinj.utils.BtcFormatTest" name="prefixTest[146]" time="0"/>
  <testcase classname="org.zencoinj.utils.BtcFormatTest" name="suffixTest[146]" time="0"/>
  <testcase classname="org.zencoinj.utils.BtcFormatTest" name="autoDecimalTest[146]" time="0.001"/>
  <testcase classname="org.zencoinj.utils.BtcFormatTest" name="symbolCollisionTest[146]" time="0.001"/>
  <testcase classname="org.zencoinj.utils.BtcFormatTest" name="equalityTest[146]" time="0.001"/>
  <testcase classname="org.zencoinj.utils.BtcFormatTest" name="columnAlignmentTest[146]" time="0.001"/>
  <testcase classname="org.zencoinj.utils.BtcFormatTest" name="factoryTest[146]" time="0"/>
  <testcase classname="org.zencoinj.utils.BtcFormatTest" name="parse[146]" time="0"/>
  <testcase classname="org.zencoinj.utils.BtcFormatTest" name="btcRounding[146]" time="0.001"/>
  <testcase classname="org.zencoinj.utils.BtcFormatTest" name="negativeTest[146]" time="0.001"/>
  <testcase classname="org.zencoinj.utils.BtcFormatTest" name="millicoinScaleTest[146]" time="0"/>
  <testcase classname="org.zencoinj.utils.BtcFormatTest" name="toStringTest[146]" time="0.001"/>
  <testcase classname="org.zencoinj.utils.BtcFormatTest" name="testGrouping[146]" time="0"/>
  <testcase classname="org.zencoinj.utils.BtcFormatTest" name="symbolsCodesTest[146]" time="0"/>
  <testcase classname="org.zencoinj.utils.BtcFormatTest" name="defaultLocaleTest[146]" time="0.001"/>
  <testcase classname="org.zencoinj.utils.BtcFormatTest" name="parsePositionTest[146]" time="0"/>
  <testcase classname="org.zencoinj.utils.BtcFormatTest" name="argumentTypeTest[146]" time="0"/>
  <testcase classname="org.zencoinj.utils.BtcFormatTest" name="characterIteratorTest[146]" time="0.001"/>
  <testcase classname="org.zencoinj.utils.BtcFormatTest" name="repeatingPlaceTest[146]" time="0"/>
  <testcase classname="org.zencoinj.utils.BtcFormatTest" name="currencyCodeTest[146]" time="0"/>
  <testcase classname="org.zencoinj.utils.BtcFormatTest" name="patternDecimalPlaces[146]" time="0"/>
  <testcase classname="org.zencoinj.utils.BtcFormatTest" name="factoryArgumentsTest[147]" time="0.001"/>
  <testcase classname="org.zencoinj.utils.BtcFormatTest" name="parseTest[147]" time="0.002"/>
  <testcase classname="org.zencoinj.utils.BtcFormatTest" name="microcoinScaleTest[147]" time="0"/>
  <testcase classname="org.zencoinj.utils.BtcFormatTest" name="parseMetricTest[147]" time="0.002"/>
  <testcase classname="org.zencoinj.utils.BtcFormatTest" name="coinScaleTest[147]" time="0"/>
  <testcase classname="org.zencoinj.utils.BtcFormatTest" name="builderTest[147]" time="0.002"/>
  <testcase classname="org.zencoinj.utils.BtcFormatTest" name="attributeTest[147]" time="0"/>
  <testcase classname="org.zencoinj.utils.BtcFormatTest" name="prefixTest[147]" time="0"/>
  <testcase classname="org.zencoinj.utils.BtcFormatTest" name="suffixTest[147]" time="0"/>
  <testcase classname="org.zencoinj.utils.BtcFormatTest" name="autoDecimalTest[147]" time="0.001"/>
  <testcase classname="org.zencoinj.utils.BtcFormatTest" name="symbolCollisionTest[147]" time="0.001"/>
  <testcase classname="org.zencoinj.utils.BtcFormatTest" name="equalityTest[147]" time="0.001"/>
  <testcase classname="org.zencoinj.utils.BtcFormatTest" name="columnAlignmentTest[147]" time="0"/>
  <testcase classname="org.zencoinj.utils.BtcFormatTest" name="factoryTest[147]" time="0"/>
  <testcase classname="org.zencoinj.utils.BtcFormatTest" name="parse[147]" time="0.001"/>
  <testcase classname="org.zencoinj.utils.BtcFormatTest" name="btcRounding[147]" time="0.001"/>
  <testcase classname="org.zencoinj.utils.BtcFormatTest" name="negativeTest[147]" time="0"/>
  <testcase classname="org.zencoinj.utils.BtcFormatTest" name="millicoinScaleTest[147]" time="0"/>
  <testcase classname="org.zencoinj.utils.BtcFormatTest" name="toStringTest[147]" time="0.001"/>
  <testcase classname="org.zencoinj.utils.BtcFormatTest" name="testGrouping[147]" time="0"/>
  <testcase classname="org.zencoinj.utils.BtcFormatTest" name="symbolsCodesTest[147]" time="0"/>
  <testcase classname="org.zencoinj.utils.BtcFormatTest" name="defaultLocaleTest[147]" time="0"/>
  <testcase classname="org.zencoinj.utils.BtcFormatTest" name="parsePositionTest[147]" time="0.001"/>
  <testcase classname="org.zencoinj.utils.BtcFormatTest" name="argumentTypeTest[147]" time="0"/>
  <testcase classname="org.zencoinj.utils.BtcFormatTest" name="characterIteratorTest[147]" time="0"/>
  <testcase classname="org.zencoinj.utils.BtcFormatTest" name="repeatingPlaceTest[147]" time="0"/>
  <testcase classname="org.zencoinj.utils.BtcFormatTest" name="currencyCodeTest[147]" time="0"/>
  <testcase classname="org.zencoinj.utils.BtcFormatTest" name="patternDecimalPlaces[147]" time="0"/>
  <testcase classname="org.zencoinj.utils.BtcFormatTest" name="factoryArgumentsTest[148]" time="0"/>
  <testcase classname="org.zencoinj.utils.BtcFormatTest" name="parseTest[148]" time="0.002"/>
  <testcase classname="org.zencoinj.utils.BtcFormatTest" name="microcoinScaleTest[148]" time="0"/>
  <testcase classname="org.zencoinj.utils.BtcFormatTest" name="parseMetricTest[148]" time="0.001"/>
  <testcase classname="org.zencoinj.utils.BtcFormatTest" name="coinScaleTest[148]" time="0"/>
  <testcase classname="org.zencoinj.utils.BtcFormatTest" name="builderTest[148]" time="0.002"/>
  <testcase classname="org.zencoinj.utils.BtcFormatTest" name="attributeTest[148]" time="0"/>
  <testcase classname="org.zencoinj.utils.BtcFormatTest" name="prefixTest[148]" time="0"/>
  <testcase classname="org.zencoinj.utils.BtcFormatTest" name="suffixTest[148]" time="0"/>
  <testcase classname="org.zencoinj.utils.BtcFormatTest" name="autoDecimalTest[148]" time="0.001"/>
  <testcase classname="org.zencoinj.utils.BtcFormatTest" name="symbolCollisionTest[148]" time="0"/>
  <testcase classname="org.zencoinj.utils.BtcFormatTest" name="equalityTest[148]" time="0.002"/>
  <testcase classname="org.zencoinj.utils.BtcFormatTest" name="columnAlignmentTest[148]" time="0"/>
  <testcase classname="org.zencoinj.utils.BtcFormatTest" name="factoryTest[148]" time="0"/>
  <testcase classname="org.zencoinj.utils.BtcFormatTest" name="parse[148]" time="0"/>
  <testcase classname="org.zencoinj.utils.BtcFormatTest" name="btcRounding[148]" time="0.001"/>
  <testcase classname="org.zencoinj.utils.BtcFormatTest" name="negativeTest[148]" time="0"/>
  <testcase classname="org.zencoinj.utils.BtcFormatTest" name="millicoinScaleTest[148]" time="0"/>
  <testcase classname="org.zencoinj.utils.BtcFormatTest" name="toStringTest[148]" time="0"/>
  <testcase classname="org.zencoinj.utils.BtcFormatTest" name="testGrouping[148]" time="0"/>
  <testcase classname="org.zencoinj.utils.BtcFormatTest" name="symbolsCodesTest[148]" time="0"/>
  <testcase classname="org.zencoinj.utils.BtcFormatTest" name="defaultLocaleTest[148]" time="0.001"/>
  <testcase classname="org.zencoinj.utils.BtcFormatTest" name="parsePositionTest[148]" time="0"/>
  <testcase classname="org.zencoinj.utils.BtcFormatTest" name="argumentTypeTest[148]" time="0"/>
  <testcase classname="org.zencoinj.utils.BtcFormatTest" name="characterIteratorTest[148]" time="0"/>
  <testcase classname="org.zencoinj.utils.BtcFormatTest" name="repeatingPlaceTest[148]" time="0"/>
  <testcase classname="org.zencoinj.utils.BtcFormatTest" name="currencyCodeTest[148]" time="0.001"/>
  <testcase classname="org.zencoinj.utils.BtcFormatTest" name="patternDecimalPlaces[148]" time="0"/>
  <testcase classname="org.zencoinj.utils.BtcFormatTest" name="factoryArgumentsTest[149]" time="0"/>
  <testcase classname="org.zencoinj.utils.BtcFormatTest" name="parseTest[149]" time="0.001"/>
  <testcase classname="org.zencoinj.utils.BtcFormatTest" name="microcoinScaleTest[149]" time="0"/>
  <testcase classname="org.zencoinj.utils.BtcFormatTest" name="parseMetricTest[149]" time="0"/>
  <testcase classname="org.zencoinj.utils.BtcFormatTest" name="coinScaleTest[149]" time="0"/>
  <testcase classname="org.zencoinj.utils.BtcFormatTest" name="builderTest[149]" time="0.001"/>
  <testcase classname="org.zencoinj.utils.BtcFormatTest" name="attributeTest[149]" time="0"/>
  <testcase classname="org.zencoinj.utils.BtcFormatTest" name="prefixTest[149]" time="0.001"/>
  <testcase classname="org.zencoinj.utils.BtcFormatTest" name="suffixTest[149]" time="0"/>
  <testcase classname="org.zencoinj.utils.BtcFormatTest" name="autoDecimalTest[149]" time="0"/>
  <testcase classname="org.zencoinj.utils.BtcFormatTest" name="symbolCollisionTest[149]" time="0.001"/>
  <testcase classname="org.zencoinj.utils.BtcFormatTest" name="equalityTest[149]" time="0.001"/>
  <testcase classname="org.zencoinj.utils.BtcFormatTest" name="columnAlignmentTest[149]" time="0"/>
  <testcase classname="org.zencoinj.utils.BtcFormatTest" name="factoryTest[149]" time="0"/>
  <testcase classname="org.zencoinj.utils.BtcFormatTest" name="parse[149]" time="0"/>
  <testcase classname="org.zencoinj.utils.BtcFormatTest" name="btcRounding[149]" time="0.002"/>
  <testcase classname="org.zencoinj.utils.BtcFormatTest" name="negativeTest[149]" time="0"/>
  <testcase classname="org.zencoinj.utils.BtcFormatTest" name="millicoinScaleTest[149]" time="0"/>
  <testcase classname="org.zencoinj.utils.BtcFormatTest" name="toStringTest[149]" time="0.001"/>
  <testcase classname="org.zencoinj.utils.BtcFormatTest" name="testGrouping[149]" time="0"/>
  <testcase classname="org.zencoinj.utils.BtcFormatTest" name="symbolsCodesTest[149]" time="0"/>
  <testcase classname="org.zencoinj.utils.BtcFormatTest" name="defaultLocaleTest[149]" time="0"/>
  <testcase classname="org.zencoinj.utils.BtcFormatTest" name="parsePositionTest[149]" time="0"/>
  <testcase classname="org.zencoinj.utils.BtcFormatTest" name="argumentTypeTest[149]" time="0"/>
  <testcase classname="org.zencoinj.utils.BtcFormatTest" name="characterIteratorTest[149]" time="0"/>
  <testcase classname="org.zencoinj.utils.BtcFormatTest" name="repeatingPlaceTest[149]" time="0"/>
  <testcase classname="org.zencoinj.utils.BtcFormatTest" name="currencyCodeTest[149]" time="0.001"/>
  <testcase classname="org.zencoinj.utils.BtcFormatTest" name="patternDecimalPlaces[149]" time="0"/>
  <testcase classname="org.zencoinj.utils.BtcFormatTest" name="factoryArgumentsTest[150]" time="0"/>
  <testcase classname="org.zencoinj.utils.BtcFormatTest" name="parseTest[150]" time="0.002"/>
  <testcase classname="org.zencoinj.utils.BtcFormatTest" name="microcoinScaleTest[150]" time="0"/>
  <testcase classname="org.zencoinj.utils.BtcFormatTest" name="parseMetricTest[150]" time="0.001"/>
  <testcase classname="org.zencoinj.utils.BtcFormatTest" name="coinScaleTest[150]" time="0"/>
  <testcase classname="org.zencoinj.utils.BtcFormatTest" name="builderTest[150]" time="0.002"/>
  <testcase classname="org.zencoinj.utils.BtcFormatTest" name="attributeTest[150]" time="0"/>
  <testcase classname="org.zencoinj.utils.BtcFormatTest" name="prefixTest[150]" time="0"/>
  <testcase classname="org.zencoinj.utils.BtcFormatTest" name="suffixTest[150]" time="0"/>
  <testcase classname="org.zencoinj.utils.BtcFormatTest" name="autoDecimalTest[150]" time="0.001"/>
  <testcase classname="org.zencoinj.utils.BtcFormatTest" name="symbolCollisionTest[150]" time="0.001"/>
  <testcase classname="org.zencoinj.utils.BtcFormatTest" name="equalityTest[150]" time="0.001"/>
  <testcase classname="org.zencoinj.utils.BtcFormatTest" name="columnAlignmentTest[150]" time="0"/>
  <testcase classname="org.zencoinj.utils.BtcFormatTest" name="factoryTest[150]" time="0.001"/>
  <testcase classname="org.zencoinj.utils.BtcFormatTest" name="parse[150]" time="0"/>
  <testcase classname="org.zencoinj.utils.BtcFormatTest" name="btcRounding[150]" time="0.001"/>
  <testcase classname="org.zencoinj.utils.BtcFormatTest" name="negativeTest[150]" time="0.001"/>
  <testcase classname="org.zencoinj.utils.BtcFormatTest" name="millicoinScaleTest[150]" time="0"/>
  <testcase classname="org.zencoinj.utils.BtcFormatTest" name="toStringTest[150]" time="0"/>
  <testcase classname="org.zencoinj.utils.BtcFormatTest" name="testGrouping[150]" time="0"/>
  <testcase classname="org.zencoinj.utils.BtcFormatTest" name="symbolsCodesTest[150]" time="0.001"/>
  <testcase classname="org.zencoinj.utils.BtcFormatTest" name="defaultLocaleTest[150]" time="0"/>
  <testcase classname="org.zencoinj.utils.BtcFormatTest" name="parsePositionTest[150]" time="0"/>
  <testcase classname="org.zencoinj.utils.BtcFormatTest" name="argumentTypeTest[150]" time="0.001"/>
  <testcase classname="org.zencoinj.utils.BtcFormatTest" name="characterIteratorTest[150]" time="0"/>
  <testcase classname="org.zencoinj.utils.BtcFormatTest" name="repeatingPlaceTest[150]" time="0"/>
  <testcase classname="org.zencoinj.utils.BtcFormatTest" name="currencyCodeTest[150]" time="0.001"/>
  <testcase classname="org.zencoinj.utils.BtcFormatTest" name="patternDecimalPlaces[150]" time="0"/>
  <testcase classname="org.zencoinj.utils.BtcFormatTest" name="factoryArgumentsTest[151]" time="0.001"/>
  <testcase classname="org.zencoinj.utils.BtcFormatTest" name="parseTest[151]" time="0.002"/>
  <testcase classname="org.zencoinj.utils.BtcFormatTest" name="microcoinScaleTest[151]" time="0"/>
  <testcase classname="org.zencoinj.utils.BtcFormatTest" name="parseMetricTest[151]" time="0.001"/>
  <testcase classname="org.zencoinj.utils.BtcFormatTest" name="coinScaleTest[151]" time="0"/>
  <testcase classname="org.zencoinj.utils.BtcFormatTest" name="builderTest[151]" time="0.002"/>
  <testcase classname="org.zencoinj.utils.BtcFormatTest" name="attributeTest[151]" time="0"/>
  <testcase classname="org.zencoinj.utils.BtcFormatTest" name="prefixTest[151]" time="0"/>
  <testcase classname="org.zencoinj.utils.BtcFormatTest" name="suffixTest[151]" time="0"/>
  <testcase classname="org.zencoinj.utils.BtcFormatTest" name="autoDecimalTest[151]" time="0.001"/>
  <testcase classname="org.zencoinj.utils.BtcFormatTest" name="symbolCollisionTest[151]" time="0.001"/>
  <testcase classname="org.zencoinj.utils.BtcFormatTest" name="equalityTest[151]" time="0.002"/>
  <testcase classname="org.zencoinj.utils.BtcFormatTest" name="columnAlignmentTest[151]" time="0"/>
  <testcase classname="org.zencoinj.utils.BtcFormatTest" name="factoryTest[151]" time="0"/>
  <testcase classname="org.zencoinj.utils.BtcFormatTest" name="parse[151]" time="0"/>
  <testcase classname="org.zencoinj.utils.BtcFormatTest" name="btcRounding[151]" time="0.001"/>
  <testcase classname="org.zencoinj.utils.BtcFormatTest" name="negativeTest[151]" time="0"/>
  <testcase classname="org.zencoinj.utils.BtcFormatTest" name="millicoinScaleTest[151]" time="0"/>
  <testcase classname="org.zencoinj.utils.BtcFormatTest" name="toStringTest[151]" time="0.001"/>
  <testcase classname="org.zencoinj.utils.BtcFormatTest" name="testGrouping[151]" time="0"/>
  <testcase classname="org.zencoinj.utils.BtcFormatTest" name="symbolsCodesTest[151]" time="0"/>
  <testcase classname="org.zencoinj.utils.BtcFormatTest" name="defaultLocaleTest[151]" time="0"/>
  <testcase classname="org.zencoinj.utils.BtcFormatTest" name="parsePositionTest[151]" time="0"/>
  <testcase classname="org.zencoinj.utils.BtcFormatTest" name="argumentTypeTest[151]" time="0.001"/>
  <testcase classname="org.zencoinj.utils.BtcFormatTest" name="characterIteratorTest[151]" time="0"/>
  <testcase classname="org.zencoinj.utils.BtcFormatTest" name="repeatingPlaceTest[151]" time="0"/>
  <testcase classname="org.zencoinj.utils.BtcFormatTest" name="currencyCodeTest[151]" time="0"/>
  <testcase classname="org.zencoinj.utils.BtcFormatTest" name="patternDecimalPlaces[151]" time="0"/>
  <testcase classname="org.zencoinj.utils.BtcFormatTest" name="factoryArgumentsTest[152]" time="0.001"/>
  <testcase classname="org.zencoinj.utils.BtcFormatTest" name="parseTest[152]" time="0.001"/>
  <testcase classname="org.zencoinj.utils.BtcFormatTest" name="microcoinScaleTest[152]" time="0"/>
  <testcase classname="org.zencoinj.utils.BtcFormatTest" name="parseMetricTest[152]" time="0.001"/>
  <testcase classname="org.zencoinj.utils.BtcFormatTest" name="coinScaleTest[152]" time="0"/>
  <testcase classname="org.zencoinj.utils.BtcFormatTest" name="builderTest[152]" time="0.001"/>
  <testcase classname="org.zencoinj.utils.BtcFormatTest" name="attributeTest[152]" time="0"/>
  <testcase classname="org.zencoinj.utils.BtcFormatTest" name="prefixTest[152]" time="0.001"/>
  <testcase classname="org.zencoinj.utils.BtcFormatTest" name="suffixTest[152]" time="0"/>
  <testcase classname="org.zencoinj.utils.BtcFormatTest" name="autoDecimalTest[152]" time="0"/>
  <testcase classname="org.zencoinj.utils.BtcFormatTest" name="symbolCollisionTest[152]" time="0.001"/>
  <testcase classname="org.zencoinj.utils.BtcFormatTest" name="equalityTest[152]" time="0.001"/>
  <testcase classname="org.zencoinj.utils.BtcFormatTest" name="columnAlignmentTest[152]" time="0"/>
  <testcase classname="org.zencoinj.utils.BtcFormatTest" name="factoryTest[152]" time="0"/>
  <testcase classname="org.zencoinj.utils.BtcFormatTest" name="parse[152]" time="0"/>
  <testcase classname="org.zencoinj.utils.BtcFormatTest" name="btcRounding[152]" time="0.002"/>
  <testcase classname="org.zencoinj.utils.BtcFormatTest" name="negativeTest[152]" time="0"/>
  <testcase classname="org.zencoinj.utils.BtcFormatTest" name="millicoinScaleTest[152]" time="0"/>
  <testcase classname="org.zencoinj.utils.BtcFormatTest" name="toStringTest[152]" time="0.001"/>
  <testcase classname="org.zencoinj.utils.BtcFormatTest" name="testGrouping[152]" time="0"/>
  <testcase classname="org.zencoinj.utils.BtcFormatTest" name="symbolsCodesTest[152]" time="0"/>
  <testcase classname="org.zencoinj.utils.BtcFormatTest" name="defaultLocaleTest[152]" time="0.001"/>
  <testcase classname="org.zencoinj.utils.BtcFormatTest" name="parsePositionTest[152]" time="0"/>
  <testcase classname="org.zencoinj.utils.BtcFormatTest" name="argumentTypeTest[152]" time="0"/>
  <testcase classname="org.zencoinj.utils.BtcFormatTest" name="characterIteratorTest[152]" time="0"/>
  <testcase classname="org.zencoinj.utils.BtcFormatTest" name="repeatingPlaceTest[152]" time="0.001"/>
  <testcase classname="org.zencoinj.utils.BtcFormatTest" name="currencyCodeTest[152]" time="0"/>
  <testcase classname="org.zencoinj.utils.BtcFormatTest" name="patternDecimalPlaces[152]" time="0"/>
  <testcase classname="org.zencoinj.utils.BtcFormatTest" name="factoryArgumentsTest[153]" time="0.001"/>
  <testcase classname="org.zencoinj.utils.BtcFormatTest" name="parseTest[153]" time="0.002"/>
  <testcase classname="org.zencoinj.utils.BtcFormatTest" name="microcoinScaleTest[153]" time="0"/>
  <testcase classname="org.zencoinj.utils.BtcFormatTest" name="parseMetricTest[153]" time="0.001"/>
  <testcase classname="org.zencoinj.utils.BtcFormatTest" name="coinScaleTest[153]" time="0"/>
  <testcase classname="org.zencoinj.utils.BtcFormatTest" name="builderTest[153]" time="0.001"/>
  <testcase classname="org.zencoinj.utils.BtcFormatTest" name="attributeTest[153]" time="0.001"/>
  <testcase classname="org.zencoinj.utils.BtcFormatTest" name="prefixTest[153]" time="0"/>
  <testcase classname="org.zencoinj.utils.BtcFormatTest" name="suffixTest[153]" time="0"/>
  <testcase classname="org.zencoinj.utils.BtcFormatTest" name="autoDecimalTest[153]" time="0.001"/>
  <testcase classname="org.zencoinj.utils.BtcFormatTest" name="symbolCollisionTest[153]" time="0"/>
  <testcase classname="org.zencoinj.utils.BtcFormatTest" name="equalityTest[153]" time="0.001"/>
  <testcase classname="org.zencoinj.utils.BtcFormatTest" name="columnAlignmentTest[153]" time="0"/>
  <testcase classname="org.zencoinj.utils.BtcFormatTest" name="factoryTest[153]" time="0"/>
  <testcase classname="org.zencoinj.utils.BtcFormatTest" name="parse[153]" time="0.001"/>
  <testcase classname="org.zencoinj.utils.BtcFormatTest" name="btcRounding[153]" time="0.001"/>
  <testcase classname="org.zencoinj.utils.BtcFormatTest" name="negativeTest[153]" time="0"/>
  <testcase classname="org.zencoinj.utils.BtcFormatTest" name="millicoinScaleTest[153]" time="0"/>
  <testcase classname="org.zencoinj.utils.BtcFormatTest" name="toStringTest[153]" time="0.001"/>
  <testcase classname="org.zencoinj.utils.BtcFormatTest" name="testGrouping[153]" time="0"/>
  <testcase classname="org.zencoinj.utils.BtcFormatTest" name="symbolsCodesTest[153]" time="0.001"/>
  <testcase classname="org.zencoinj.utils.BtcFormatTest" name="defaultLocaleTest[153]" time="0"/>
  <testcase classname="org.zencoinj.utils.BtcFormatTest" name="parsePositionTest[153]" time="0"/>
  <testcase classname="org.zencoinj.utils.BtcFormatTest" name="argumentTypeTest[153]" time="0"/>
  <testcase classname="org.zencoinj.utils.BtcFormatTest" name="characterIteratorTest[153]" time="0.001"/>
  <testcase classname="org.zencoinj.utils.BtcFormatTest" name="repeatingPlaceTest[153]" time="0"/>
  <testcase classname="org.zencoinj.utils.BtcFormatTest" name="currencyCodeTest[153]" time="0"/>
  <testcase classname="org.zencoinj.utils.BtcFormatTest" name="patternDecimalPlaces[153]" time="0"/>
  <testcase classname="org.zencoinj.utils.BtcFormatTest" name="factoryArgumentsTest[154]" time="0.002"/>
  <testcase classname="org.zencoinj.utils.BtcFormatTest" name="parseTest[154]" time="0.001"/>
  <testcase classname="org.zencoinj.utils.BtcFormatTest" name="microcoinScaleTest[154]" time="0"/>
  <testcase classname="org.zencoinj.utils.BtcFormatTest" name="parseMetricTest[154]" time="0.001"/>
  <testcase classname="org.zencoinj.utils.BtcFormatTest" name="coinScaleTest[154]" time="0"/>
  <testcase classname="org.zencoinj.utils.BtcFormatTest" name="builderTest[154]" time="0.002"/>
  <testcase classname="org.zencoinj.utils.BtcFormatTest" name="attributeTest[154]" time="0"/>
  <testcase classname="org.zencoinj.utils.BtcFormatTest" name="prefixTest[154]" time="0"/>
  <testcase classname="org.zencoinj.utils.BtcFormatTest" name="suffixTest[154]" time="0"/>
  <testcase classname="org.zencoinj.utils.BtcFormatTest" name="autoDecimalTest[154]" time="0.001"/>
  <testcase classname="org.zencoinj.utils.BtcFormatTest" name="symbolCollisionTest[154]" time="0.001"/>
  <testcase classname="org.zencoinj.utils.BtcFormatTest" name="equalityTest[154]" time="0.001"/>
  <testcase classname="org.zencoinj.utils.BtcFormatTest" name="columnAlignmentTest[154]" time="0.001"/>
  <testcase classname="org.zencoinj.utils.BtcFormatTest" name="factoryTest[154]" time="0.001"/>
  <testcase classname="org.zencoinj.utils.BtcFormatTest" name="parse[154]" time="0"/>
  <testcase classname="org.zencoinj.utils.BtcFormatTest" name="btcRounding[154]" time="0.001"/>
  <testcase classname="org.zencoinj.utils.BtcFormatTest" name="negativeTest[154]" time="0.001"/>
  <testcase classname="org.zencoinj.utils.BtcFormatTest" name="millicoinScaleTest[154]" time="0"/>
  <testcase classname="org.zencoinj.utils.BtcFormatTest" name="toStringTest[154]" time="0"/>
  <testcase classname="org.zencoinj.utils.BtcFormatTest" name="testGrouping[154]" time="0.001"/>
  <testcase classname="org.zencoinj.utils.BtcFormatTest" name="symbolsCodesTest[154]" time="0"/>
  <testcase classname="org.zencoinj.utils.BtcFormatTest" name="defaultLocaleTest[154]" time="0"/>
  <testcase classname="org.zencoinj.utils.BtcFormatTest" name="parsePositionTest[154]" time="0"/>
  <testcase classname="org.zencoinj.utils.BtcFormatTest" name="argumentTypeTest[154]" time="0.001"/>
  <testcase classname="org.zencoinj.utils.BtcFormatTest" name="characterIteratorTest[154]" time="0"/>
  <testcase classname="org.zencoinj.utils.BtcFormatTest" name="repeatingPlaceTest[154]" time="0"/>
  <testcase classname="org.zencoinj.utils.BtcFormatTest" name="currencyCodeTest[154]" time="0.001"/>
  <testcase classname="org.zencoinj.utils.BtcFormatTest" name="patternDecimalPlaces[154]" time="0"/>
  <testcase classname="org.zencoinj.utils.BtcFormatTest" name="factoryArgumentsTest[155]" time="0.001"/>
  <testcase classname="org.zencoinj.utils.BtcFormatTest" name="parseTest[155]" time="0.002"/>
  <testcase classname="org.zencoinj.utils.BtcFormatTest" name="microcoinScaleTest[155]" time="0"/>
  <testcase classname="org.zencoinj.utils.BtcFormatTest" name="parseMetricTest[155]" time="0.001"/>
  <testcase classname="org.zencoinj.utils.BtcFormatTest" name="coinScaleTest[155]" time="0"/>
  <testcase classname="org.zencoinj.utils.BtcFormatTest" name="builderTest[155]" time="0.001"/>
  <testcase classname="org.zencoinj.utils.BtcFormatTest" name="attributeTest[155]" time="0"/>
  <testcase classname="org.zencoinj.utils.BtcFormatTest" name="prefixTest[155]" time="0.001"/>
  <testcase classname="org.zencoinj.utils.BtcFormatTest" name="suffixTest[155]" time="0"/>
  <testcase classname="org.zencoinj.utils.BtcFormatTest" name="autoDecimalTest[155]" time="0.001"/>
  <testcase classname="org.zencoinj.utils.BtcFormatTest" name="symbolCollisionTest[155]" time="0"/>
  <testcase classname="org.zencoinj.utils.BtcFormatTest" name="equalityTest[155]" time="0.001"/>
  <testcase classname="org.zencoinj.utils.BtcFormatTest" name="columnAlignmentTest[155]" time="0"/>
  <testcase classname="org.zencoinj.utils.BtcFormatTest" name="factoryTest[155]" time="0.001"/>
  <testcase classname="org.zencoinj.utils.BtcFormatTest" name="parse[155]" time="0"/>
  <testcase classname="org.zencoinj.utils.BtcFormatTest" name="btcRounding[155]" time="0.001"/>
  <testcase classname="org.zencoinj.utils.BtcFormatTest" name="negativeTest[155]" time="0"/>
  <testcase classname="org.zencoinj.utils.BtcFormatTest" name="millicoinScaleTest[155]" time="0"/>
  <testcase classname="org.zencoinj.utils.BtcFormatTest" name="toStringTest[155]" time="0.001"/>
  <testcase classname="org.zencoinj.utils.BtcFormatTest" name="testGrouping[155]" time="0"/>
  <testcase classname="org.zencoinj.utils.BtcFormatTest" name="symbolsCodesTest[155]" time="0"/>
  <testcase classname="org.zencoinj.utils.BtcFormatTest" name="defaultLocaleTest[155]" time="0"/>
  <testcase classname="org.zencoinj.utils.BtcFormatTest" name="parsePositionTest[155]" time="0"/>
  <testcase classname="org.zencoinj.utils.BtcFormatTest" name="argumentTypeTest[155]" time="0.001"/>
  <testcase classname="org.zencoinj.utils.BtcFormatTest" name="characterIteratorTest[155]" time="0"/>
  <testcase classname="org.zencoinj.utils.BtcFormatTest" name="repeatingPlaceTest[155]" time="0"/>
  <testcase classname="org.zencoinj.utils.BtcFormatTest" name="currencyCodeTest[155]" time="0"/>
  <testcase classname="org.zencoinj.utils.BtcFormatTest" name="patternDecimalPlaces[155]" time="0"/>
  <testcase classname="org.zencoinj.utils.BtcFormatTest" name="factoryArgumentsTest[156]" time="0.001"/>
  <testcase classname="org.zencoinj.utils.BtcFormatTest" name="parseTest[156]" time="0.002"/>
  <testcase classname="org.zencoinj.utils.BtcFormatTest" name="microcoinScaleTest[156]" time="0"/>
  <testcase classname="org.zencoinj.utils.BtcFormatTest" name="parseMetricTest[156]" time="0.001"/>
  <testcase classname="org.zencoinj.utils.BtcFormatTest" name="coinScaleTest[156]" time="0"/>
  <testcase classname="org.zencoinj.utils.BtcFormatTest" name="builderTest[156]" time="0.002"/>
  <testcase classname="org.zencoinj.utils.BtcFormatTest" name="attributeTest[156]" time="0"/>
  <testcase classname="org.zencoinj.utils.BtcFormatTest" name="prefixTest[156]" time="0"/>
  <testcase classname="org.zencoinj.utils.BtcFormatTest" name="suffixTest[156]" time="0"/>
  <testcase classname="org.zencoinj.utils.BtcFormatTest" name="autoDecimalTest[156]" time="0.001"/>
  <testcase classname="org.zencoinj.utils.BtcFormatTest" name="symbolCollisionTest[156]" time="0"/>
  <testcase classname="org.zencoinj.utils.BtcFormatTest" name="equalityTest[156]" time="0.001"/>
  <testcase classname="org.zencoinj.utils.BtcFormatTest" name="columnAlignmentTest[156]" time="0"/>
  <testcase classname="org.zencoinj.utils.BtcFormatTest" name="factoryTest[156]" time="0.001"/>
  <testcase classname="org.zencoinj.utils.BtcFormatTest" name="parse[156]" time="0"/>
  <testcase classname="org.zencoinj.utils.BtcFormatTest" name="btcRounding[156]" time="0"/>
  <testcase classname="org.zencoinj.utils.BtcFormatTest" name="negativeTest[156]" time="0"/>
  <testcase classname="org.zencoinj.utils.BtcFormatTest" name="millicoinScaleTest[156]" time="0"/>
  <testcase classname="org.zencoinj.utils.BtcFormatTest" name="toStringTest[156]" time="0.001"/>
  <testcase classname="org.zencoinj.utils.BtcFormatTest" name="testGrouping[156]" time="0"/>
  <testcase classname="org.zencoinj.utils.BtcFormatTest" name="symbolsCodesTest[156]" time="0"/>
  <testcase classname="org.zencoinj.utils.BtcFormatTest" name="defaultLocaleTest[156]" time="0.001"/>
  <testcase classname="org.zencoinj.utils.BtcFormatTest" name="parsePositionTest[156]" time="0"/>
  <testcase classname="org.zencoinj.utils.BtcFormatTest" name="argumentTypeTest[156]" time="0"/>
  <testcase classname="org.zencoinj.utils.BtcFormatTest" name="characterIteratorTest[156]" time="0"/>
  <testcase classname="org.zencoinj.utils.BtcFormatTest" name="repeatingPlaceTest[156]" time="0.001"/>
  <testcase classname="org.zencoinj.utils.BtcFormatTest" name="currencyCodeTest[156]" time="0"/>
  <testcase classname="org.zencoinj.utils.BtcFormatTest" name="patternDecimalPlaces[156]" time="0"/>
  <testcase classname="org.zencoinj.utils.BtcFormatTest" name="factoryArgumentsTest[157]" time="0.001"/>
  <testcase classname="org.zencoinj.utils.BtcFormatTest" name="parseTest[157]" time="0.002"/>
  <testcase classname="org.zencoinj.utils.BtcFormatTest" name="microcoinScaleTest[157]" time="0"/>
  <testcase classname="org.zencoinj.utils.BtcFormatTest" name="parseMetricTest[157]" time="0.001"/>
  <testcase classname="org.zencoinj.utils.BtcFormatTest" name="coinScaleTest[157]" time="0"/>
  <testcase classname="org.zencoinj.utils.BtcFormatTest" name="builderTest[157]" time="0.001"/>
  <testcase classname="org.zencoinj.utils.BtcFormatTest" name="attributeTest[157]" time="0"/>
  <testcase classname="org.zencoinj.utils.BtcFormatTest" name="prefixTest[157]" time="0.001"/>
  <testcase classname="org.zencoinj.utils.BtcFormatTest" name="suffixTest[157]" time="0"/>
  <testcase classname="org.zencoinj.utils.BtcFormatTest" name="autoDecimalTest[157]" time="0.001"/>
  <testcase classname="org.zencoinj.utils.BtcFormatTest" name="symbolCollisionTest[157]" time="0"/>
  <testcase classname="org.zencoinj.utils.BtcFormatTest" name="equalityTest[157]" time="0.002"/>
  <testcase classname="org.zencoinj.utils.BtcFormatTest" name="columnAlignmentTest[157]" time="0"/>
  <testcase classname="org.zencoinj.utils.BtcFormatTest" name="factoryTest[157]" time="0"/>
  <testcase classname="org.zencoinj.utils.BtcFormatTest" name="parse[157]" time="0"/>
  <testcase classname="org.zencoinj.utils.BtcFormatTest" name="btcRounding[157]" time="0.002"/>
  <testcase classname="org.zencoinj.utils.BtcFormatTest" name="negativeTest[157]" time="0"/>
  <testcase classname="org.zencoinj.utils.BtcFormatTest" name="millicoinScaleTest[157]" time="0"/>
  <testcase classname="org.zencoinj.utils.BtcFormatTest" name="toStringTest[157]" time="0"/>
  <testcase classname="org.zencoinj.utils.BtcFormatTest" name="testGrouping[157]" time="0.001"/>
  <testcase classname="org.zencoinj.utils.BtcFormatTest" name="symbolsCodesTest[157]" time="0"/>
  <testcase classname="org.zencoinj.utils.BtcFormatTest" name="defaultLocaleTest[157]" time="0"/>
  <testcase classname="org.zencoinj.utils.BtcFormatTest" name="parsePositionTest[157]" time="0.001"/>
  <testcase classname="org.zencoinj.utils.BtcFormatTest" name="argumentTypeTest[157]" time="0"/>
  <testcase classname="org.zencoinj.utils.BtcFormatTest" name="characterIteratorTest[157]" time="0"/>
  <testcase classname="org.zencoinj.utils.BtcFormatTest" name="repeatingPlaceTest[157]" time="0"/>
  <testcase classname="org.zencoinj.utils.BtcFormatTest" name="currencyCodeTest[157]" time="0.001"/>
  <testcase classname="org.zencoinj.utils.BtcFormatTest" name="patternDecimalPlaces[157]" time="0"/>
  <testcase classname="org.zencoinj.utils.BtcFormatTest" name="factoryArgumentsTest[158]" time="0.001"/>
  <testcase classname="org.zencoinj.utils.BtcFormatTest" name="parseTest[158]" time="0.002"/>
  <testcase classname="org.zencoinj.utils.BtcFormatTest" name="microcoinScaleTest[158]" time="0"/>
  <testcase classname="org.zencoinj.utils.BtcFormatTest" name="parseMetricTest[158]" time="0.001"/>
  <testcase classname="org.zencoinj.utils.BtcFormatTest" name="coinScaleTest[158]" time="0"/>
  <testcase classname="org.zencoinj.utils.BtcFormatTest" name="builderTest[158]" time="0.001"/>
  <testcase classname="org.zencoinj.utils.BtcFormatTest" name="attributeTest[158]" time="0.001"/>
  <testcase classname="org.zencoinj.utils.BtcFormatTest" name="prefixTest[158]" time="0"/>
  <testcase classname="org.zencoinj.utils.BtcFormatTest" name="suffixTest[158]" time="0"/>
  <testcase classname="org.zencoinj.utils.BtcFormatTest" name="autoDecimalTest[158]" time="0.001"/>
  <testcase classname="org.zencoinj.utils.BtcFormatTest" name="symbolCollisionTest[158]" time="0.001"/>
  <testcase classname="org.zencoinj.utils.BtcFormatTest" name="equalityTest[158]" time="0.001"/>
  <testcase classname="org.zencoinj.utils.BtcFormatTest" name="columnAlignmentTest[158]" time="0"/>
  <testcase classname="org.zencoinj.utils.BtcFormatTest" name="factoryTest[158]" time="0.001"/>
  <testcase classname="org.zencoinj.utils.BtcFormatTest" name="parse[158]" time="0"/>
  <testcase classname="org.zencoinj.utils.BtcFormatTest" name="btcRounding[158]" time="0.001"/>
  <testcase classname="org.zencoinj.utils.BtcFormatTest" name="negativeTest[158]" time="0"/>
  <testcase classname="org.zencoinj.utils.BtcFormatTest" name="millicoinScaleTest[158]" time="0"/>
  <testcase classname="org.zencoinj.utils.BtcFormatTest" name="toStringTest[158]" time="0.001"/>
  <testcase classname="org.zencoinj.utils.BtcFormatTest" name="testGrouping[158]" time="0"/>
  <testcase classname="org.zencoinj.utils.BtcFormatTest" name="symbolsCodesTest[158]" time="0.001"/>
  <testcase classname="org.zencoinj.utils.BtcFormatTest" name="defaultLocaleTest[158]" time="0"/>
  <testcase classname="org.zencoinj.utils.BtcFormatTest" name="parsePositionTest[158]" time="0"/>
  <testcase classname="org.zencoinj.utils.BtcFormatTest" name="argumentTypeTest[158]" time="0.001"/>
  <testcase classname="org.zencoinj.utils.BtcFormatTest" name="characterIteratorTest[158]" time="0"/>
  <testcase classname="org.zencoinj.utils.BtcFormatTest" name="repeatingPlaceTest[158]" time="0"/>
  <testcase classname="org.zencoinj.utils.BtcFormatTest" name="currencyCodeTest[158]" time="0"/>
  <testcase classname="org.zencoinj.utils.BtcFormatTest" name="patternDecimalPlaces[158]" time="0"/>
  <testcase classname="org.zencoinj.utils.BtcFormatTest" name="factoryArgumentsTest[159]" time="0.001"/>
  <testcase classname="org.zencoinj.utils.BtcFormatTest" name="parseTest[159]" time="0.002"/>
  <testcase classname="org.zencoinj.utils.BtcFormatTest" name="microcoinScaleTest[159]" time="0"/>
  <testcase classname="org.zencoinj.utils.BtcFormatTest" name="parseMetricTest[159]" time="0.001"/>
  <testcase classname="org.zencoinj.utils.BtcFormatTest" name="coinScaleTest[159]" time="0"/>
  <testcase classname="org.zencoinj.utils.BtcFormatTest" name="builderTest[159]" time="0.002"/>
  <testcase classname="org.zencoinj.utils.BtcFormatTest" name="attributeTest[159]" time="0"/>
  <testcase classname="org.zencoinj.utils.BtcFormatTest" name="prefixTest[159]" time="0"/>
  <testcase classname="org.zencoinj.utils.BtcFormatTest" name="suffixTest[159]" time="0"/>
  <testcase classname="org.zencoinj.utils.BtcFormatTest" name="autoDecimalTest[159]" time="0.001"/>
  <testcase classname="org.zencoinj.utils.BtcFormatTest" name="symbolCollisionTest[159]" time="0"/>
  <testcase classname="org.zencoinj.utils.BtcFormatTest" name="equalityTest[159]" time="0.001"/>
  <testcase classname="org.zencoinj.utils.BtcFormatTest" name="columnAlignmentTest[159]" time="0"/>
  <testcase classname="org.zencoinj.utils.BtcFormatTest" name="factoryTest[159]" time="0.001"/>
  <testcase classname="org.zencoinj.utils.BtcFormatTest" name="parse[159]" time="0"/>
  <testcase classname="org.zencoinj.utils.BtcFormatTest" name="btcRounding[159]" time="0.001"/>
  <testcase classname="org.zencoinj.utils.BtcFormatTest" name="negativeTest[159]" time="0"/>
  <testcase classname="org.zencoinj.utils.BtcFormatTest" name="millicoinScaleTest[159]" time="0"/>
  <testcase classname="org.zencoinj.utils.BtcFormatTest" name="toStringTest[159]" time="0.001"/>
  <testcase classname="org.zencoinj.utils.BtcFormatTest" name="testGrouping[159]" time="0"/>
  <testcase classname="org.zencoinj.utils.BtcFormatTest" name="symbolsCodesTest[159]" time="0.001"/>
  <testcase classname="org.zencoinj.utils.BtcFormatTest" name="defaultLocaleTest[159]" time="0"/>
  <testcase classname="org.zencoinj.utils.BtcFormatTest" name="parsePositionTest[159]" time="0"/>
  <testcase classname="org.zencoinj.utils.BtcFormatTest" name="argumentTypeTest[159]" time="0"/>
  <testcase classname="org.zencoinj.utils.BtcFormatTest" name="characterIteratorTest[159]" time="0.001"/>
  <testcase classname="org.zencoinj.utils.BtcFormatTest" name="repeatingPlaceTest[159]" time="0"/>
  <testcase classname="org.zencoinj.utils.BtcFormatTest" name="currencyCodeTest[159]" time="0"/>
  <testcase classname="org.zencoinj.utils.BtcFormatTest" name="patternDecimalPlaces[159]" time="0"/>
</testsuite>