<?xml version="1.0" encoding="UTF-8" ?>
<testsuite tests="96" failures="0" name="org.zencoinj.core.PeerTest" time="3.107" errors="0" skipped="0">
  <properties>
    <property name="java.runtime.name" value="Java(TM) SE Runtime Environment"/>
    <property name="sun.boot.library.path" value="/Library/Java/JavaVirtualMachines/jdk1.8.0_171.jdk/Contents/Home/jre/lib"/>
    <property name="java.vm.version" value="25.171-b11"/>
    <property name="gopherProxySet" value="false"/>
    <property name="java.vm.vendor" value="Oracle Corporation"/>
    <property name="maven.multiModuleProjectDirectory" value="/Users/anguorui/myjar/zencoinj"/>
    <property name="java.vendor.url" value="http://java.oracle.com/"/>
    <property name="path.separator" value=":"/>
    <property name="guice.disable.misplaced.annotation.check" value="true"/>
    <property name="java.vm.name" value="Java HotSpot(TM) 64-Bit Server VM"/>
    <property name="file.encoding.pkg" value="sun.io"/>
    <property name="user.country" value="CN"/>
    <property name="sun.java.launcher" value="SUN_STANDARD"/>
    <property name="sun.os.patch.level" value="unknown"/>
    <property name="java.vm.specification.name" value="Java Virtual Machine Specification"/>
    <property name="user.dir" value="/Users/anguorui/myjar/zencoinj"/>
    <property name="java.runtime.version" value="1.8.0_171-b11"/>
    <property name="java.awt.graphicsenv" value="sun.awt.CGraphicsEnvironment"/>
    <property name="java.endorsed.dirs" value="/Library/Java/JavaVirtualMachines/jdk1.8.0_171.jdk/Contents/Home/jre/lib/endorsed"/>
    <property name="os.arch" value="x86_64"/>
    <property name="java.io.tmpdir" value="/var/folders/9w/nl_9s9j91_jfxc0vmsz24vb40000gn/T/"/>
    <property name="line.separator" value="
"/>
    <property name="java.vm.specification.vendor" value="Oracle Corporation"/>
    <property name="os.name" value="Mac OS X"/>
    <property name="classworlds.conf" value="/Users/anguorui/myapp/apache-maven-3.5.3/bin/m2.conf"/>
    <property name="sun.jnu.encoding" value="UTF-8"/>
    <property name="java.library.path" value="/Users/anguorui/Library/Java/Extensions:/Library/Java/Extensions:/Network/Library/Java/Extensions:/System/Library/Java/Extensions:/usr/lib/java:."/>
    <property name="maven.conf" value="/Users/anguorui/myapp/apache-maven-3.5.3/conf"/>
    <property name="java.specification.name" value="Java Platform API Specification"/>
    <property name="java.class.version" value="52.0"/>
    <property name="sun.management.compiler" value="HotSpot 64-Bit Tiered Compilers"/>
    <property name="os.version" value="10.13.3"/>
    <property name="library.jansi.path" value="/Users/anguorui/myapp/apache-maven-3.5.3/lib/jansi-native"/>
    <property name="user.home" value="/Users/anguorui"/>
    <property name="user.timezone" value="Asia/Shanghai"/>
    <property name="java.awt.printerjob" value="sun.lwawt.macosx.CPrinterJob"/>
    <property name="java.specification.version" value="1.8"/>
    <property name="file.encoding" value="UTF-8"/>
    <property name="user.name" value="anguorui"/>
    <property name="java.class.path" value="/Users/anguorui/myapp/apache-maven-3.5.3/boot/plexus-classworlds-2.5.2.jar"/>
    <property name="java.vm.specification.version" value="1.8"/>
    <property name="sun.arch.data.model" value="64"/>
    <property name="java.home" value="/Library/Java/JavaVirtualMachines/jdk1.8.0_171.jdk/Contents/Home/jre"/>
    <property name="sun.java.command" value="org.codehaus.plexus.classworlds.launcher.Launcher install"/>
    <property name="java.specification.vendor" value="Oracle Corporation"/>
    <property name="user.language" value="zh"/>
    <property name="awt.toolkit" value="sun.lwawt.macosx.LWCToolkit"/>
    <property name="java.vm.info" value="mixed mode"/>
    <property name="java.version" value="1.8.0_171"/>
    <property name="java.ext.dirs" value="/Users/anguorui/Library/Java/Extensions:/Library/Java/JavaVirtualMachines/jdk1.8.0_171.jdk/Contents/Home/jre/lib/ext:/Library/Java/Extensions:/Network/Library/Java/Extensions:/System/Library/Java/Extensions:/usr/lib/java"/>
    <property name="sun.boot.class.path" value="/Library/Java/JavaVirtualMachines/jdk1.8.0_171.jdk/Contents/Home/jre/lib/resources.jar:/Library/Java/JavaVirtualMachines/jdk1.8.0_171.jdk/Contents/Home/jre/lib/rt.jar:/Library/Java/JavaVirtualMachines/jdk1.8.0_171.jdk/Contents/Home/jre/lib/sunrsasign.jar:/Library/Java/JavaVirtualMachines/jdk1.8.0_171.jdk/Contents/Home/jre/lib/jsse.jar:/Library/Java/JavaVirtualMachines/jdk1.8.0_171.jdk/Contents/Home/jre/lib/jce.jar:/Library/Java/JavaVirtualMachines/jdk1.8.0_171.jdk/Contents/Home/jre/lib/charsets.jar:/Library/Java/JavaVirtualMachines/jdk1.8.0_171.jdk/Contents/Home/jre/lib/jfr.jar:/Library/Java/JavaVirtualMachines/jdk1.8.0_171.jdk/Contents/Home/jre/classes"/>
    <property name="java.vendor" value="Oracle Corporation"/>
    <property name="maven.home" value="/Users/anguorui/myapp/apache-maven-3.5.3"/>
    <property name="file.separator" value="/"/>
    <property name="java.vendor.url.bug" value="http://bugreport.sun.com/bugreport/"/>
    <property name="sun.cpu.endian" value="little"/>
    <property name="sun.io.unicode.encoding" value="UnicodeBig"/>
    <property name="sun.cpu.isalist" value=""/>
  </properties>
  <testcase classname="org.zencoinj.core.PeerTest" name="recursiveDependencyDownloadDisabled[0]" time="0.028"/>
  <testcase classname="org.zencoinj.core.PeerTest" name="testAddConnectedEventListener[0]" time="0.027"/>
  <testcase classname="org.zencoinj.core.PeerTest" name="acceptTimeLockedDependency[0]" time="0.055"/>
  <testcase classname="org.zencoinj.core.PeerTest" name="timeLockedTransactionNew[0]" time="0.054"/>
  <testcase classname="org.zencoinj.core.PeerTest" name="invDownloadTx[0]" time="0.034"/>
  <testcase classname="org.zencoinj.core.PeerTest" name="disconnectOldVersions1[0]" time="0.027"/>
  <testcase classname="org.zencoinj.core.PeerTest" name="rejectTimeLockedDependency[0]" time="0.048"/>
  <testcase classname="org.zencoinj.core.PeerTest" name="invNoDownload[0]" time="0.025"/>
  <testcase classname="org.zencoinj.core.PeerTest" name="badMessage[0]" time="0.024"/>
  <testcase classname="org.zencoinj.core.PeerTest" name="pingPong[0]" time="0.029"/>
  <testcase classname="org.zencoinj.core.PeerTest" name="shutdown[0]" time="0.021"/>
  <testcase classname="org.zencoinj.core.PeerTest" name="fastCatchup[0]" time="0.028"/>
  <testcase classname="org.zencoinj.core.PeerTest" name="chainDownloadEnd2End[0]" time="0.032"/>
  <testcase classname="org.zencoinj.core.PeerTest" name="testAddDisconnectedEventListener[0]" time="0.033"/>
  <testcase classname="org.zencoinj.core.PeerTest" name="exceptionListener[0]" time="0.032"/>
  <testcase classname="org.zencoinj.core.PeerTest" name="startBlockChainDownload[0]" time="0.026"/>
  <testcase classname="org.zencoinj.core.PeerTest" name="newBlock[0]" time="0.033"/>
  <testcase classname="org.zencoinj.core.PeerTest" name="recursiveDependencyDownload_depthLimited[0]" time="0.036"/>
  <testcase classname="org.zencoinj.core.PeerTest" name="getLargeBlock[0]" time="0.056"/>
  <testcase classname="org.zencoinj.core.PeerTest" name="recursiveDependencyDownload[0]" time="0.034"/>
  <testcase classname="org.zencoinj.core.PeerTest" name="invDownloadTxMultiPeer[0]" time="0.029"/>
  <testcase classname="org.zencoinj.core.PeerTest" name="invTickle[0]" time="0.05"/>
  <testcase classname="org.zencoinj.core.PeerTest" name="getBlock[0]" time="0.037"/>
  <testcase classname="org.zencoinj.core.PeerTest" name="getUTXOs[0]" time="0.025"/>
  <testcase classname="org.zencoinj.core.PeerTest" name="recursiveDependencyDownloadDisabled[1]" time="0.03"/>
  <testcase classname="org.zencoinj.core.PeerTest" name="testAddConnectedEventListener[1]" time="0.026"/>
  <testcase classname="org.zencoinj.core.PeerTest" name="acceptTimeLockedDependency[1]" time="0.057"/>
  <testcase classname="org.zencoinj.core.PeerTest" name="timeLockedTransactionNew[1]" time="0.052"/>
  <testcase classname="org.zencoinj.core.PeerTest" name="invDownloadTx[1]" time="0.035"/>
  <testcase classname="org.zencoinj.core.PeerTest" name="disconnectOldVersions1[1]" time="0.03"/>
  <testcase classname="org.zencoinj.core.PeerTest" name="rejectTimeLockedDependency[1]" time="0.049"/>
  <testcase classname="org.zencoinj.core.PeerTest" name="invNoDownload[1]" time="0.031"/>
  <testcase classname="org.zencoinj.core.PeerTest" name="badMessage[1]" time="0.024"/>
  <testcase classname="org.zencoinj.core.PeerTest" name="pingPong[1]" time="0.029"/>
  <testcase classname="org.zencoinj.core.PeerTest" name="shutdown[1]" time="0.02"/>
  <testcase classname="org.zencoinj.core.PeerTest" name="fastCatchup[1]" time="0.03"/>
  <testcase classname="org.zencoinj.core.PeerTest" name="chainDownloadEnd2End[1]" time="0.032"/>
  <testcase classname="org.zencoinj.core.PeerTest" name="testAddDisconnectedEventListener[1]" time="0.027"/>
  <testcase classname="org.zencoinj.core.PeerTest" name="exceptionListener[1]" time="0.029"/>
  <testcase classname="org.zencoinj.core.PeerTest" name="startBlockChainDownload[1]" time="0.026"/>
  <testcase classname="org.zencoinj.core.PeerTest" name="newBlock[1]" time="0.029"/>
  <testcase classname="org.zencoinj.core.PeerTest" name="recursiveDependencyDownload_depthLimited[1]" time="0.025"/>
  <testcase classname="org.zencoinj.core.PeerTest" name="getLargeBlock[1]" time="0.053"/>
  <testcase classname="org.zencoinj.core.PeerTest" name="recursiveDependencyDownload[1]" time="0.031"/>
  <testcase classname="org.zencoinj.core.PeerTest" name="invDownloadTxMultiPeer[1]" time="0.024"/>
  <testcase classname="org.zencoinj.core.PeerTest" name="invTickle[1]" time="0.03"/>
  <testcase classname="org.zencoinj.core.PeerTest" name="getBlock[1]" time="0.023"/>
  <testcase classname="org.zencoinj.core.PeerTest" name="getUTXOs[1]" time="0.024"/>
  <testcase classname="org.zencoinj.core.PeerTest" name="recursiveDependencyDownloadDisabled[2]" time="0.027"/>
  <testcase classname="org.zencoinj.core.PeerTest" name="testAddConnectedEventListener[2]" time="0.026"/>
  <testcase classname="org.zencoinj.core.PeerTest" name="acceptTimeLockedDependency[2]" time="0.047"/>
  <testcase classname="org.zencoinj.core.PeerTest" name="timeLockedTransactionNew[2]" time="0.049"/>
  <testcase classname="org.zencoinj.core.PeerTest" name="invDownloadTx[2]" time="0.028"/>
  <testcase classname="org.zencoinj.core.PeerTest" name="disconnectOldVersions1[2]" time="0.036"/>
  <testcase classname="org.zencoinj.core.PeerTest" name="rejectTimeLockedDependency[2]" time="0.055"/>
  <testcase classname="org.zencoinj.core.PeerTest" name="invNoDownload[2]" time="0.036"/>
  <testcase classname="org.zencoinj.core.PeerTest" name="badMessage[2]" time="0.034"/>
  <testcase classname="org.zencoinj.core.PeerTest" name="pingPong[2]" time="0.029"/>
  <testcase classname="org.zencoinj.core.PeerTest" name="shutdown[2]" time="0.023"/>
  <testcase classname="org.zencoinj.core.PeerTest" name="fastCatchup[2]" time="0.024"/>
  <testcase classname="org.zencoinj.core.PeerTest" name="chainDownloadEnd2End[2]" time="0.031"/>
  <testcase classname="org.zencoinj.core.PeerTest" name="testAddDisconnectedEventListener[2]" time="0.022"/>
  <testcase classname="org.zencoinj.core.PeerTest" name="exceptionListener[2]" time="0.033"/>
  <testcase classname="org.zencoinj.core.PeerTest" name="startBlockChainDownload[2]" time="0.029"/>
  <testcase classname="org.zencoinj.core.PeerTest" name="newBlock[2]" time="0.027"/>
  <testcase classname="org.zencoinj.core.PeerTest" name="recursiveDependencyDownload_depthLimited[2]" time="0.027"/>
  <testcase classname="org.zencoinj.core.PeerTest" name="getLargeBlock[2]" time="0.051"/>
  <testcase classname="org.zencoinj.core.PeerTest" name="recursiveDependencyDownload[2]" time="0.026"/>
  <testcase classname="org.zencoinj.core.PeerTest" name="invDownloadTxMultiPeer[2]" time="0.025"/>
  <testcase classname="org.zencoinj.core.PeerTest" name="invTickle[2]" time="0.029"/>
  <testcase classname="org.zencoinj.core.PeerTest" name="getBlock[2]" time="0.027"/>
  <testcase classname="org.zencoinj.core.PeerTest" name="getUTXOs[2]" time="0.022"/>
  <testcase classname="org.zencoinj.core.PeerTest" name="recursiveDependencyDownloadDisabled[3]" time="0.027"/>
  <testcase classname="org.zencoinj.core.PeerTest" name="testAddConnectedEventListener[3]" time="0.024"/>
  <testcase classname="org.zencoinj.core.PeerTest" name="acceptTimeLockedDependency[3]" time="0.048"/>
  <testcase classname="org.zencoinj.core.PeerTest" name="timeLockedTransactionNew[3]" time="0.051"/>
  <testcase classname="org.zencoinj.core.PeerTest" name="invDownloadTx[3]" time="0.036"/>
  <testcase classname="org.zencoinj.core.PeerTest" name="disconnectOldVersions1[3]" time="0.028"/>
  <testcase classname="org.zencoinj.core.PeerTest" name="rejectTimeLockedDependency[3]" time="0.05"/>
  <testcase classname="org.zencoinj.core.PeerTest" name="invNoDownload[3]" time="0.028"/>
  <testcase classname="org.zencoinj.core.PeerTest" name="badMessage[3]" time="0.034"/>
  <testcase classname="org.zencoinj.core.PeerTest" name="pingPong[3]" time="0.022"/>
  <testcase classname="org.zencoinj.core.PeerTest" name="shutdown[3]" time="0.026"/>
  <testcase classname="org.zencoinj.core.PeerTest" name="fastCatchup[3]" time="0.026"/>
  <testcase classname="org.zencoinj.core.PeerTest" name="chainDownloadEnd2End[3]" time="0.032"/>
  <testcase classname="org.zencoinj.core.PeerTest" name="testAddDisconnectedEventListener[3]" time="0.029"/>
  <testcase classname="org.zencoinj.core.PeerTest" name="exceptionListener[3]" time="0.035"/>
  <testcase classname="org.zencoinj.core.PeerTest" name="startBlockChainDownload[3]" time="0.025"/>
  <testcase classname="org.zencoinj.core.PeerTest" name="newBlock[3]" time="0.025"/>
  <testcase classname="org.zencoinj.core.PeerTest" name="recursiveDependencyDownload_depthLimited[3]" time="0.029"/>
  <testcase classname="org.zencoinj.core.PeerTest" name="getLargeBlock[3]" time="0.052"/>
  <testcase classname="org.zencoinj.core.PeerTest" name="recursiveDependencyDownload[3]" time="0.024"/>
  <testcase classname="org.zencoinj.core.PeerTest" name="invDownloadTxMultiPeer[3]" time="0.028"/>
  <testcase classname="org.zencoinj.core.PeerTest" name="invTickle[3]" time="0.026"/>
  <testcase classname="org.zencoinj.core.PeerTest" name="getBlock[3]" time="0.027"/>
  <testcase classname="org.zencoinj.core.PeerTest" name="getUTXOs[3]" time="0.023"/>
</testsuite>